[0.323s] Invoking command in '/home/fireowl/fireowl_ws/fireowl_sim_drive/build/pcl_recorder': AMENT_PREFIX_PATH=/home/fireowl/fireowl_ws/fireowl_sim_drive/install/carla_ros_bridge:/home/fireowl/fireowl_ws/fireowl_sim_drive/install/carla_spawn_objects:/home/fireowl/fireowl_ws/fireowl_sim_drive/install/carla_manual_control:/home/fireowl/fireowl_ws/fireowl_sim_drive/install/ros_compatibility:/home/fireowl/fireowl_ws/fireowl_sim_drive/install/carla_msgs:/home/fireowl/fireowl_ws/fireowl_sim_drive/install/carla_common:${AMENT_PREFIX_PATH} CMAKE_PREFIX_PATH=/home/fireowl/fireowl_ws/fireowl_sim_drive/install/carla_msgs:/opt/ros/humble LD_LIBRARY_PATH=/home/fireowl/fireowl_ws/fireowl_sim_drive/install/carla_msgs/lib:${LD_LIBRARY_PATH} PYTHONPATH=/home/fireowl/fireowl_ws/fireowl_sim_drive/install/carla_ros_bridge/lib/python3.10/site-packages:/home/fireowl/fireowl_ws/fireowl_sim_drive/install/carla_spawn_objects/lib/python3.10/site-packages:/home/fireowl/fireowl_ws/fireowl_sim_drive/install/carla_manual_control/lib/python3.10/site-packages:/home/fireowl/fireowl_ws/fireowl_sim_drive/install/ros_compatibility/lib/python3.10/site-packages:/home/fireowl/fireowl_ws/fireowl_sim_drive/install/carla_msgs/local/lib/python3.10/dist-packages:/home/fireowl/fireowl_ws/fireowl_sim_drive/install/carla_common/lib/python3.10/site-packages:${PYTHONPATH} /usr/bin/cmake /home/fireowl/fireowl_ws/fireowl_sim_drive/src/pcl_recorder -DCMAKE_INSTALL_PREFIX=/home/fireowl/fireowl_ws/fireowl_sim_drive/install/pcl_recorder
[0.329s] -- Found ros_environment: 3.2.2 (/opt/ros/humble/share/ros_environment/cmake)
[0.329s] -- Found ament_cmake: 1.3.12 (/opt/ros/humble/share/ament_cmake/cmake)
[0.395s] -- Override CMake install command with custom implementation using symlinks instead of copying resources
[0.399s] -- Found rclcpp: 16.0.16 (/opt/ros/humble/share/rclcpp/cmake)
[0.551s] -- Found rosidl_generator_c: 3.1.7 (/opt/ros/humble/share/rosidl_generator_c/cmake)
[0.552s] -- Found rosidl_adapter: 3.1.7 (/opt/ros/humble/share/rosidl_adapter/cmake)
[0.557s] -- Found rosidl_generator_cpp: 3.1.7 (/opt/ros/humble/share/rosidl_generator_cpp/cmake)
[0.564s] -- Using all available rosidl_typesupport_c: rosidl_typesupport_fastrtps_c;rosidl_typesupport_introspection_c
[0.571s] -- Using all available rosidl_typesupport_cpp: rosidl_typesupport_fastrtps_cpp;rosidl_typesupport_introspection_cpp
[0.593s] -- Found rmw_implementation_cmake: 6.1.2 (/opt/ros/humble/share/rmw_implementation_cmake/cmake)
[0.594s] -- Found rmw_fastrtps_cpp: 6.2.9 (/opt/ros/humble/share/rmw_fastrtps_cpp/cmake)
[5.234s] -- Using RMW implementation 'rmw_fastrtps_cpp' as default
[5.255s] -- Found rclcpp_components: 16.0.16 (/opt/ros/humble/share/rclcpp_components/cmake)
[5.263s] -- Found sensor_msgs: 4.9.0 (/opt/ros/humble/share/sensor_msgs/cmake)
[5.275s] -- Found tf2: 0.25.17 (/opt/ros/humble/share/tf2/cmake)
[5.277s] -- Found tf2_eigen: 0.25.18 (/opt/ros/humble/share/tf2_eigen/cmake)
[5.301s] -- Found tf2_geometry_msgs: 0.25.17 (/opt/ros/humble/share/tf2_geometry_msgs/cmake)
[5.303s] -- Found eigen3_cmake_module: 0.1.1 (/opt/ros/humble/share/eigen3_cmake_module/cmake)
[5.303s] -- Ensuring Eigen3 include directory is part of orocos-kdl CMake target
[5.304s] -- Found pcl_conversions: 2.4.5 (/opt/ros/humble/share/pcl_conversions/cmake)
[5.318s] -- Eigen found (include: /usr/include/eigen3, version: 3.4.0)
[6.778s] -- FLANN found (include: /usr/include, lib: /usr/lib/x86_64-linux-gnu/libflann_cpp.so)
[10.445s] -- OpenNI found (version: 1.5.4.0, include: /usr/include/ni, lib: /usr/lib/libOpenNI.so;libusb::libusb)
[10.448s] -- OpenNI2 found (version: 2.2.0.33, include: /usr/include/openni2, lib: /usr/lib/x86_64-linux-gnu/libOpenNI2.so;libusb::libusb)
[12.299s] -- Eigen found (include: /usr/include/eigen3, version: 3.4.0)
[12.302s] -- OpenNI found (version: 1.5.4.0, include: /usr/include/ni, lib: /usr/lib/libOpenNI.so;libusb::libusb)
[12.305s] -- OpenNI2 found (version: 2.2.0.33, include: /usr/include/openni2, lib: /usr/lib/x86_64-linux-gnu/libOpenNI2.so;libusb::libusb)
[14.038s] -- Found Qhull version 8.0.2
[15.999s] -- OpenNI found (version: 1.5.4.0, include: /usr/include/ni, lib: /usr/lib/libOpenNI.so;libusb::libusb)
[18.003s] -- Configuring done
[18.016s] -- Generating done
[18.081s] -- Build files have been written to: /home/fireowl/fireowl_ws/fireowl_sim_drive/build/pcl_recorder
[18.092s] Invoked command in '/home/fireowl/fireowl_ws/fireowl_sim_drive/build/pcl_recorder' returned '0': AMENT_PREFIX_PATH=/home/fireowl/fireowl_ws/fireowl_sim_drive/install/carla_ros_bridge:/home/fireowl/fireowl_ws/fireowl_sim_drive/install/carla_spawn_objects:/home/fireowl/fireowl_ws/fireowl_sim_drive/install/carla_manual_control:/home/fireowl/fireowl_ws/fireowl_sim_drive/install/ros_compatibility:/home/fireowl/fireowl_ws/fireowl_sim_drive/install/carla_msgs:/home/fireowl/fireowl_ws/fireowl_sim_drive/install/carla_common:${AMENT_PREFIX_PATH} CMAKE_PREFIX_PATH=/home/fireowl/fireowl_ws/fireowl_sim_drive/install/carla_msgs:/opt/ros/humble LD_LIBRARY_PATH=/home/fireowl/fireowl_ws/fireowl_sim_drive/install/carla_msgs/lib:${LD_LIBRARY_PATH} PYTHONPATH=/home/fireowl/fireowl_ws/fireowl_sim_drive/install/carla_ros_bridge/lib/python3.10/site-packages:/home/fireowl/fireowl_ws/fireowl_sim_drive/install/carla_spawn_objects/lib/python3.10/site-packages:/home/fireowl/fireowl_ws/fireowl_sim_drive/install/carla_manual_control/lib/python3.10/site-packages:/home/fireowl/fireowl_ws/fireowl_sim_drive/install/ros_compatibility/lib/python3.10/site-packages:/home/fireowl/fireowl_ws/fireowl_sim_drive/install/carla_msgs/local/lib/python3.10/dist-packages:/home/fireowl/fireowl_ws/fireowl_sim_drive/install/carla_common/lib/python3.10/site-packages:${PYTHONPATH} /usr/bin/cmake /home/fireowl/fireowl_ws/fireowl_sim_drive/src/pcl_recorder -DCMAKE_INSTALL_PREFIX=/home/fireowl/fireowl_ws/fireowl_sim_drive/install/pcl_recorder
[18.093s] Invoking command in '/home/fireowl/fireowl_ws/fireowl_sim_drive/build/pcl_recorder': AMENT_PREFIX_PATH=/home/fireowl/fireowl_ws/fireowl_sim_drive/install/carla_ros_bridge:/home/fireowl/fireowl_ws/fireowl_sim_drive/install/carla_spawn_objects:/home/fireowl/fireowl_ws/fireowl_sim_drive/install/carla_manual_control:/home/fireowl/fireowl_ws/fireowl_sim_drive/install/ros_compatibility:/home/fireowl/fireowl_ws/fireowl_sim_drive/install/carla_msgs:/home/fireowl/fireowl_ws/fireowl_sim_drive/install/carla_common:${AMENT_PREFIX_PATH} CMAKE_PREFIX_PATH=/home/fireowl/fireowl_ws/fireowl_sim_drive/install/carla_msgs:/opt/ros/humble LD_LIBRARY_PATH=/home/fireowl/fireowl_ws/fireowl_sim_drive/install/carla_msgs/lib:${LD_LIBRARY_PATH} PYTHONPATH=/home/fireowl/fireowl_ws/fireowl_sim_drive/install/carla_ros_bridge/lib/python3.10/site-packages:/home/fireowl/fireowl_ws/fireowl_sim_drive/install/carla_spawn_objects/lib/python3.10/site-packages:/home/fireowl/fireowl_ws/fireowl_sim_drive/install/carla_manual_control/lib/python3.10/site-packages:/home/fireowl/fireowl_ws/fireowl_sim_drive/install/ros_compatibility/lib/python3.10/site-packages:/home/fireowl/fireowl_ws/fireowl_sim_drive/install/carla_msgs/local/lib/python3.10/dist-packages:/home/fireowl/fireowl_ws/fireowl_sim_drive/install/carla_common/lib/python3.10/site-packages:${PYTHONPATH} /usr/bin/cmake --build /home/fireowl/fireowl_ws/fireowl_sim_drive/build/pcl_recorder -- -j12 -l12
[18.114s] [35m[1mConsolidate compiler generated dependencies of target pcl_recorder_node[0m
[18.130s] [100%] Built target pcl_recorder_node
[18.136s] Invoked command in '/home/fireowl/fireowl_ws/fireowl_sim_drive/build/pcl_recorder' returned '0': AMENT_PREFIX_PATH=/home/fireowl/fireowl_ws/fireowl_sim_drive/install/carla_ros_bridge:/home/fireowl/fireowl_ws/fireowl_sim_drive/install/carla_spawn_objects:/home/fireowl/fireowl_ws/fireowl_sim_drive/install/carla_manual_control:/home/fireowl/fireowl_ws/fireowl_sim_drive/install/ros_compatibility:/home/fireowl/fireowl_ws/fireowl_sim_drive/install/carla_msgs:/home/fireowl/fireowl_ws/fireowl_sim_drive/install/carla_common:${AMENT_PREFIX_PATH} CMAKE_PREFIX_PATH=/home/fireowl/fireowl_ws/fireowl_sim_drive/install/carla_msgs:/opt/ros/humble LD_LIBRARY_PATH=/home/fireowl/fireowl_ws/fireowl_sim_drive/install/carla_msgs/lib:${LD_LIBRARY_PATH} PYTHONPATH=/home/fireowl/fireowl_ws/fireowl_sim_drive/install/carla_ros_bridge/lib/python3.10/site-packages:/home/fireowl/fireowl_ws/fireowl_sim_drive/install/carla_spawn_objects/lib/python3.10/site-packages:/home/fireowl/fireowl_ws/fireowl_sim_drive/install/carla_manual_control/lib/python3.10/site-packages:/home/fireowl/fireowl_ws/fireowl_sim_drive/install/ros_compatibility/lib/python3.10/site-packages:/home/fireowl/fireowl_ws/fireowl_sim_drive/install/carla_msgs/local/lib/python3.10/dist-packages:/home/fireowl/fireowl_ws/fireowl_sim_drive/install/carla_common/lib/python3.10/site-packages:${PYTHONPATH} /usr/bin/cmake --build /home/fireowl/fireowl_ws/fireowl_sim_drive/build/pcl_recorder -- -j12 -l12
[18.137s] Invoking command in '/home/fireowl/fireowl_ws/fireowl_sim_drive/build/pcl_recorder': AMENT_PREFIX_PATH=/home/fireowl/fireowl_ws/fireowl_sim_drive/install/carla_ros_bridge:/home/fireowl/fireowl_ws/fireowl_sim_drive/install/carla_spawn_objects:/home/fireowl/fireowl_ws/fireowl_sim_drive/install/carla_manual_control:/home/fireowl/fireowl_ws/fireowl_sim_drive/install/ros_compatibility:/home/fireowl/fireowl_ws/fireowl_sim_drive/install/carla_msgs:/home/fireowl/fireowl_ws/fireowl_sim_drive/install/carla_common:${AMENT_PREFIX_PATH} CMAKE_PREFIX_PATH=/home/fireowl/fireowl_ws/fireowl_sim_drive/install/carla_msgs:/opt/ros/humble LD_LIBRARY_PATH=/home/fireowl/fireowl_ws/fireowl_sim_drive/install/carla_msgs/lib:${LD_LIBRARY_PATH} PYTHONPATH=/home/fireowl/fireowl_ws/fireowl_sim_drive/install/carla_ros_bridge/lib/python3.10/site-packages:/home/fireowl/fireowl_ws/fireowl_sim_drive/install/carla_spawn_objects/lib/python3.10/site-packages:/home/fireowl/fireowl_ws/fireowl_sim_drive/install/carla_manual_control/lib/python3.10/site-packages:/home/fireowl/fireowl_ws/fireowl_sim_drive/install/ros_compatibility/lib/python3.10/site-packages:/home/fireowl/fireowl_ws/fireowl_sim_drive/install/carla_msgs/local/lib/python3.10/dist-packages:/home/fireowl/fireowl_ws/fireowl_sim_drive/install/carla_common/lib/python3.10/site-packages:${PYTHONPATH} /usr/bin/cmake --install /home/fireowl/fireowl_ws/fireowl_sim_drive/build/pcl_recorder
[18.140s] -- Install configuration: ""
[18.141s] -- Execute custom install script
[18.141s] -- Up-to-date symlink: /home/fireowl/fireowl_ws/fireowl_sim_drive/install/pcl_recorder/lib/pcl_recorder/pcl_recorder_node
[18.141s] -- Up-to-date symlink: /home/fireowl/fireowl_ws/fireowl_sim_drive/install/pcl_recorder/share/pcl_recorder//pcl_recorder.launch
[18.141s] -- Up-to-date symlink: /home/fireowl/fireowl_ws/fireowl_sim_drive/install/pcl_recorder/share/pcl_recorder//pcl_recorder.launch.py
[18.141s] -- Up-to-date symlink: /home/fireowl/fireowl_ws/fireowl_sim_drive/install/pcl_recorder/share/ament_index/resource_index/package_run_dependencies/pcl_recorder
[18.141s] -- Up-to-date symlink: /home/fireowl/fireowl_ws/fireowl_sim_drive/install/pcl_recorder/share/ament_index/resource_index/parent_prefix_path/pcl_recorder
[18.142s] -- Up-to-date symlink: /home/fireowl/fireowl_ws/fireowl_sim_drive/install/pcl_recorder/share/pcl_recorder/environment/ament_prefix_path.sh
[18.142s] -- Up-to-date symlink: /home/fireowl/fireowl_ws/fireowl_sim_drive/install/pcl_recorder/share/pcl_recorder/environment/ament_prefix_path.dsv
[18.142s] -- Up-to-date symlink: /home/fireowl/fireowl_ws/fireowl_sim_drive/install/pcl_recorder/share/pcl_recorder/environment/path.sh
[18.142s] -- Up-to-date symlink: /home/fireowl/fireowl_ws/fireowl_sim_drive/install/pcl_recorder/share/pcl_recorder/environment/path.dsv
[18.142s] -- Up-to-date symlink: /home/fireowl/fireowl_ws/fireowl_sim_drive/install/pcl_recorder/share/pcl_recorder/local_setup.bash
[18.142s] -- Up-to-date symlink: /home/fireowl/fireowl_ws/fireowl_sim_drive/install/pcl_recorder/share/pcl_recorder/local_setup.sh
[18.142s] -- Up-to-date symlink: /home/fireowl/fireowl_ws/fireowl_sim_drive/install/pcl_recorder/share/pcl_recorder/local_setup.zsh
[18.143s] -- Up-to-date symlink: /home/fireowl/fireowl_ws/fireowl_sim_drive/install/pcl_recorder/share/pcl_recorder/local_setup.dsv
[18.143s] -- Symlinking: /home/fireowl/fireowl_ws/fireowl_sim_drive/install/pcl_recorder/share/pcl_recorder/package.dsv
[18.147s] -- Up-to-date symlink: /home/fireowl/fireowl_ws/fireowl_sim_drive/install/pcl_recorder/share/ament_index/resource_index/packages/pcl_recorder
[18.147s] -- Up-to-date symlink: /home/fireowl/fireowl_ws/fireowl_sim_drive/install/pcl_recorder/share/pcl_recorder/cmake/pcl_recorderConfig.cmake
[18.147s] -- Up-to-date symlink: /home/fireowl/fireowl_ws/fireowl_sim_drive/install/pcl_recorder/share/pcl_recorder/cmake/pcl_recorderConfig-version.cmake
[18.147s] -- Up-to-date symlink: /home/fireowl/fireowl_ws/fireowl_sim_drive/install/pcl_recorder/share/pcl_recorder/package.xml
[18.149s] Invoked command in '/home/fireowl/fireowl_ws/fireowl_sim_drive/build/pcl_recorder' returned '0': AMENT_PREFIX_PATH=/home/fireowl/fireowl_ws/fireowl_sim_drive/install/carla_ros_bridge:/home/fireowl/fireowl_ws/fireowl_sim_drive/install/carla_spawn_objects:/home/fireowl/fireowl_ws/fireowl_sim_drive/install/carla_manual_control:/home/fireowl/fireowl_ws/fireowl_sim_drive/install/ros_compatibility:/home/fireowl/fireowl_ws/fireowl_sim_drive/install/carla_msgs:/home/fireowl/fireowl_ws/fireowl_sim_drive/install/carla_common:${AMENT_PREFIX_PATH} CMAKE_PREFIX_PATH=/home/fireowl/fireowl_ws/fireowl_sim_drive/install/carla_msgs:/opt/ros/humble LD_LIBRARY_PATH=/home/fireowl/fireowl_ws/fireowl_sim_drive/install/carla_msgs/lib:${LD_LIBRARY_PATH} PYTHONPATH=/home/fireowl/fireowl_ws/fireowl_sim_drive/install/carla_ros_bridge/lib/python3.10/site-packages:/home/fireowl/fireowl_ws/fireowl_sim_drive/install/carla_spawn_objects/lib/python3.10/site-packages:/home/fireowl/fireowl_ws/fireowl_sim_drive/install/carla_manual_control/lib/python3.10/site-packages:/home/fireowl/fireowl_ws/fireowl_sim_drive/install/ros_compatibility/lib/python3.10/site-packages:/home/fireowl/fireowl_ws/fireowl_sim_drive/install/carla_msgs/local/lib/python3.10/dist-packages:/home/fireowl/fireowl_ws/fireowl_sim_drive/install/carla_common/lib/python3.10/site-packages:${PYTHONPATH} /usr/bin/cmake --install /home/fireowl/fireowl_ws/fireowl_sim_drive/build/pcl_recorder
