[0.025s] Invoking command in '/home/fireowl/fireowl_ws/fireowl_sim_drive/build/carla_msgs': CMAKE_PREFIX_PATH=/opt/ros/humble /usr/bin/cmake /home/fireowl/fireowl_ws/fireowl_sim_drive/src/carla_msgs -DCMAKE_INSTALL_PREFIX=/home/fireowl/fireowl_ws/fireowl_sim_drive/install/carla_msgs
[0.364s] -- Found ros_environment: 3.2.2 (/opt/ros/humble/share/ros_environment/cmake)
[0.365s] -- Found ament_cmake: 1.3.12 (/opt/ros/humble/share/ament_cmake/cmake)
[0.365s] -- Override CMake install command with custom implementation using symlinks instead of copying resources
[0.365s] -- Found builtin_interfaces: 1.2.2 (/opt/ros/humble/share/builtin_interfaces/cmake)
[0.365s] -- Found rosidl_generator_c: 3.1.7 (/opt/ros/humble/share/rosidl_generator_c/cmake)
[0.365s] -- Found rosidl_adapter: 3.1.7 (/opt/ros/humble/share/rosidl_adapter/cmake)
[0.365s] -- Found rosidl_generator_cpp: 3.1.7 (/opt/ros/humble/share/rosidl_generator_cpp/cmake)
[0.365s] -- Using all available rosidl_typesupport_c: rosidl_typesupport_fastrtps_c;rosidl_typesupport_introspection_c
[0.365s] -- Using all available rosidl_typesupport_cpp: rosidl_typesupport_fastrtps_cpp;rosidl_typesupport_introspection_cpp
[0.365s] -- Found std_msgs: 4.9.0 (/opt/ros/humble/share/std_msgs/cmake)
[0.365s] -- Found geometry_msgs: 4.9.0 (/opt/ros/humble/share/geometry_msgs/cmake)
[0.365s] -- Found diagnostic_msgs: 4.9.0 (/opt/ros/humble/share/diagnostic_msgs/cmake)
[0.366s] -- Found rosidl_default_generators: 1.2.0 (/opt/ros/humble/share/rosidl_default_generators/cmake)
[0.425s] -- Found ament_cmake_cppcheck: 0.12.14 (/opt/ros/humble/share/ament_cmake_cppcheck/cmake)
[0.425s] -- Found ament_cmake_cpplint: 0.12.14 (/opt/ros/humble/share/ament_cmake_cpplint/cmake)
[0.426s] -- Found ament_cmake_uncrustify: 0.12.14 (/opt/ros/humble/share/ament_cmake_uncrustify/cmake)
[0.426s] -- Found ament_cmake_ros: 0.10.0 (/opt/ros/humble/share/ament_cmake_ros/cmake)
[0.698s] -- Using all available rosidl_typesupport_c: rosidl_typesupport_fastrtps_c;rosidl_typesupport_introspection_c
[0.825s] -- Using all available rosidl_typesupport_cpp: rosidl_typesupport_fastrtps_cpp;rosidl_typesupport_introspection_cpp
[0.843s] -- Found python_cmake_module: 0.10.0 (/opt/ros/humble/share/python_cmake_module/cmake)
[0.860s] -- Using PYTHON_EXECUTABLE: /usr/bin/python3
[0.860s] -- Using PYTHON_INCLUDE_DIRS: /usr/include/python3.10
[0.860s] -- Using PYTHON_LIBRARIES: /usr/lib/x86_64-linux-gnu/libpython3.10.so
[0.894s] -- Found ament_cmake_flake8: 0.12.14 (/opt/ros/humble/share/ament_cmake_flake8/cmake)
[0.894s] -- Found ament_cmake_pep257: 0.12.14 (/opt/ros/humble/share/ament_cmake_pep257/cmake)
[0.901s] -- Found ament_lint_auto: 0.12.14 (/opt/ros/humble/share/ament_lint_auto/cmake)
[0.911s] -- Added test 'copyright' to check source files copyright and LICENSE
[0.912s] -- Added test 'lint_cmake' to check CMake code style
[0.912s] -- Added test 'xmllint' to check XML markup files
[0.914s] -- Configuring done
[0.968s] -- Generating done
[0.981s] -- Build files have been written to: /home/fireowl/fireowl_ws/fireowl_sim_drive/build/carla_msgs
[0.991s] Invoked command in '/home/fireowl/fireowl_ws/fireowl_sim_drive/build/carla_msgs' returned '0': CMAKE_PREFIX_PATH=/opt/ros/humble /usr/bin/cmake /home/fireowl/fireowl_ws/fireowl_sim_drive/src/carla_msgs -DCMAKE_INSTALL_PREFIX=/home/fireowl/fireowl_ws/fireowl_sim_drive/install/carla_msgs
[0.994s] Invoking command in '/home/fireowl/fireowl_ws/fireowl_sim_drive/build/carla_msgs': CMAKE_PREFIX_PATH=/opt/ros/humble /usr/bin/cmake --build /home/fireowl/fireowl_ws/fireowl_sim_drive/build/carla_msgs -- -j12 -l12
[1.034s] [  0%] Built target carla_msgs__cpp
[1.038s] [35m[1mConsolidate compiler generated dependencies of target carla_msgs__rosidl_generator_c[0m
[1.052s] [35m[1mConsolidate compiler generated dependencies of target carla_msgs__rosidl_typesupport_cpp[0m
[1.054s] [  0%] Built target ament_cmake_python_symlink_carla_msgs
[1.057s] [35m[1mConsolidate compiler generated dependencies of target carla_msgs__rosidl_typesupport_fastrtps_cpp[0m
[1.071s] [35m[1mConsolidate compiler generated dependencies of target carla_msgs__rosidl_typesupport_introspection_cpp[0m
[1.078s] [ 12%] Built target carla_msgs__rosidl_generator_c
[1.087s] [ 24%] Built target carla_msgs__rosidl_typesupport_cpp
[1.087s] [ 36%] Built target carla_msgs__rosidl_typesupport_fastrtps_cpp
[1.088s] [35m[1mConsolidate compiler generated dependencies of target carla_msgs__rosidl_typesupport_introspection_c[0m
[1.089s] [35m[1mConsolidate compiler generated dependencies of target carla_msgs__rosidl_typesupport_c[0m
[1.095s] [35m[1mConsolidate compiler generated dependencies of target carla_msgs__rosidl_typesupport_fastrtps_c[0m
[1.095s] [ 49%] Built target carla_msgs__rosidl_typesupport_introspection_cpp
[1.108s] [ 61%] Built target carla_msgs__rosidl_typesupport_introspection_c
[1.109s] [ 73%] Built target carla_msgs__rosidl_typesupport_c
[1.117s] [ 85%] Built target carla_msgs__rosidl_typesupport_fastrtps_c
[1.130s] [ 85%] Built target carla_msgs
[1.143s] [ 86%] Built target carla_msgs__py
[1.151s] [35m[1mConsolidate compiler generated dependencies of target carla_msgs__rosidl_generator_py[0m
[1.165s] [ 97%] Built target carla_msgs__rosidl_generator_py
[1.172s] [35m[1mConsolidate compiler generated dependencies of target carla_msgs__rosidl_typesupport_fastrtps_c__pyext[0m
[1.173s] [35m[1mConsolidate compiler generated dependencies of target carla_msgs__rosidl_typesupport_introspection_c__pyext[0m
[1.173s] [35m[1mConsolidate compiler generated dependencies of target carla_msgs__rosidl_typesupport_c__pyext[0m
[1.181s] [ 98%] Built target carla_msgs__rosidl_typesupport_fastrtps_c__pyext
[1.181s] [ 99%] Built target carla_msgs__rosidl_typesupport_c__pyext
[1.181s] [100%] Built target carla_msgs__rosidl_typesupport_introspection_c__pyext
[1.221s] running egg_info
[1.222s] writing carla_msgs.egg-info/PKG-INFO
[1.222s] writing dependency_links to carla_msgs.egg-info/dependency_links.txt
[1.222s] writing top-level names to carla_msgs.egg-info/top_level.txt
[1.223s] reading manifest file 'carla_msgs.egg-info/SOURCES.txt'
[1.224s] writing manifest file 'carla_msgs.egg-info/SOURCES.txt'
[1.242s] [100%] Built target ament_cmake_python_build_carla_msgs_egg
[1.250s] Invoked command in '/home/fireowl/fireowl_ws/fireowl_sim_drive/build/carla_msgs' returned '0': CMAKE_PREFIX_PATH=/opt/ros/humble /usr/bin/cmake --build /home/fireowl/fireowl_ws/fireowl_sim_drive/build/carla_msgs -- -j12 -l12
[1.257s] Invoking command in '/home/fireowl/fireowl_ws/fireowl_sim_drive/build/carla_msgs': CMAKE_PREFIX_PATH=/opt/ros/humble /usr/bin/cmake --install /home/fireowl/fireowl_ws/fireowl_sim_drive/build/carla_msgs
[1.263s] -- Install configuration: ""
[1.263s] -- Execute custom install script
[1.264s] -- Up-to-date symlink: /home/fireowl/fireowl_ws/fireowl_sim_drive/install/carla_msgs/share/ament_index/resource_index/rosidl_interfaces/carla_msgs
[1.267s] -- Up-to-date symlink: /home/fireowl/fireowl_ws/fireowl_sim_drive/install/carla_msgs/include/carla_msgs/carla_msgs/msg/carla_actor_info.h
[1.267s] -- Up-to-date symlink: /home/fireowl/fireowl_ws/fireowl_sim_drive/install/carla_msgs/include/carla_msgs/carla_msgs/msg/carla_actor_list.h
[1.267s] -- Up-to-date symlink: /home/fireowl/fireowl_ws/fireowl_sim_drive/install/carla_msgs/include/carla_msgs/carla_msgs/msg/carla_bounding_box.h
[1.267s] -- Up-to-date symlink: /home/fireowl/fireowl_ws/fireowl_sim_drive/install/carla_msgs/include/carla_msgs/carla_msgs/msg/carla_collision_event.h
[1.267s] -- Up-to-date symlink: /home/fireowl/fireowl_ws/fireowl_sim_drive/install/carla_msgs/include/carla_msgs/carla_msgs/msg/carla_control.h
[1.267s] -- Up-to-date symlink: /home/fireowl/fireowl_ws/fireowl_sim_drive/install/carla_msgs/include/carla_msgs/carla_msgs/msg/carla_ego_vehicle_control.h
[1.268s] -- Up-to-date symlink: /home/fireowl/fireowl_ws/fireowl_sim_drive/install/carla_msgs/include/carla_msgs/carla_msgs/msg/carla_ego_vehicle_info.h
[1.268s] -- Up-to-date symlink: /home/fireowl/fireowl_ws/fireowl_sim_drive/install/carla_msgs/include/carla_msgs/carla_msgs/msg/carla_ego_vehicle_info_wheel.h
[1.268s] -- Up-to-date symlink: /home/fireowl/fireowl_ws/fireowl_sim_drive/install/carla_msgs/include/carla_msgs/carla_msgs/msg/carla_ego_vehicle_status.h
[1.269s] -- Up-to-date symlink: /home/fireowl/fireowl_ws/fireowl_sim_drive/install/carla_msgs/include/carla_msgs/carla_msgs/msg/carla_lane_invasion_event.h
[1.269s] -- Up-to-date symlink: /home/fireowl/fireowl_ws/fireowl_sim_drive/install/carla_msgs/include/carla_msgs/carla_msgs/msg/carla_status.h
[1.269s] -- Up-to-date symlink: /home/fireowl/fireowl_ws/fireowl_sim_drive/install/carla_msgs/include/carla_msgs/carla_msgs/msg/carla_traffic_light_info.h
[1.269s] -- Up-to-date symlink: /home/fireowl/fireowl_ws/fireowl_sim_drive/install/carla_msgs/include/carla_msgs/carla_msgs/msg/carla_traffic_light_info_list.h
[1.269s] -- Up-to-date symlink: /home/fireowl/fireowl_ws/fireowl_sim_drive/install/carla_msgs/include/carla_msgs/carla_msgs/msg/carla_traffic_light_status.h
[1.269s] -- Up-to-date symlink: /home/fireowl/fireowl_ws/fireowl_sim_drive/install/carla_msgs/include/carla_msgs/carla_msgs/msg/carla_traffic_light_status_list.h
[1.269s] -- Up-to-date symlink: /home/fireowl/fireowl_ws/fireowl_sim_drive/install/carla_msgs/include/carla_msgs/carla_msgs/msg/carla_walker_control.h
[1.269s] -- Up-to-date symlink: /home/fireowl/fireowl_ws/fireowl_sim_drive/install/carla_msgs/include/carla_msgs/carla_msgs/msg/carla_weather_parameters.h
[1.269s] -- Up-to-date symlink: /home/fireowl/fireowl_ws/fireowl_sim_drive/install/carla_msgs/include/carla_msgs/carla_msgs/msg/carla_world_info.h
[1.269s] -- Up-to-date symlink: /home/fireowl/fireowl_ws/fireowl_sim_drive/install/carla_msgs/include/carla_msgs/carla_msgs/msg/detail/carla_actor_info__functions.h
[1.269s] -- Up-to-date symlink: /home/fireowl/fireowl_ws/fireowl_sim_drive/install/carla_msgs/include/carla_msgs/carla_msgs/msg/detail/carla_actor_info__struct.h
[1.269s] -- Up-to-date symlink: /home/fireowl/fireowl_ws/fireowl_sim_drive/install/carla_msgs/include/carla_msgs/carla_msgs/msg/detail/carla_actor_info__type_support.h
[1.270s] -- Up-to-date symlink: /home/fireowl/fireowl_ws/fireowl_sim_drive/install/carla_msgs/include/carla_msgs/carla_msgs/msg/detail/carla_actor_list__functions.h
[1.270s] -- Up-to-date symlink: /home/fireowl/fireowl_ws/fireowl_sim_drive/install/carla_msgs/include/carla_msgs/carla_msgs/msg/detail/carla_actor_list__struct.h
[1.270s] -- Up-to-date symlink: /home/fireowl/fireowl_ws/fireowl_sim_drive/install/carla_msgs/include/carla_msgs/carla_msgs/msg/detail/carla_actor_list__type_support.h
[1.270s] -- Up-to-date symlink: /home/fireowl/fireowl_ws/fireowl_sim_drive/install/carla_msgs/include/carla_msgs/carla_msgs/msg/detail/carla_bounding_box__functions.h
[1.270s] -- Up-to-date symlink: /home/fireowl/fireowl_ws/fireowl_sim_drive/install/carla_msgs/include/carla_msgs/carla_msgs/msg/detail/carla_bounding_box__struct.h
[1.270s] -- Up-to-date symlink: /home/fireowl/fireowl_ws/fireowl_sim_drive/install/carla_msgs/include/carla_msgs/carla_msgs/msg/detail/carla_bounding_box__type_support.h
[1.270s] -- Up-to-date symlink: /home/fireowl/fireowl_ws/fireowl_sim_drive/install/carla_msgs/include/carla_msgs/carla_msgs/msg/detail/carla_collision_event__functions.h
[1.270s] -- Up-to-date symlink: /home/fireowl/fireowl_ws/fireowl_sim_drive/install/carla_msgs/include/carla_msgs/carla_msgs/msg/detail/carla_collision_event__struct.h
[1.270s] -- Up-to-date symlink: /home/fireowl/fireowl_ws/fireowl_sim_drive/install/carla_msgs/include/carla_msgs/carla_msgs/msg/detail/carla_collision_event__type_support.h
[1.270s] -- Up-to-date symlink: /home/fireowl/fireowl_ws/fireowl_sim_drive/install/carla_msgs/include/carla_msgs/carla_msgs/msg/detail/carla_control__functions.h
[1.270s] -- Up-to-date symlink: /home/fireowl/fireowl_ws/fireowl_sim_drive/install/carla_msgs/include/carla_msgs/carla_msgs/msg/detail/carla_control__struct.h
[1.270s] -- Up-to-date symlink: /home/fireowl/fireowl_ws/fireowl_sim_drive/install/carla_msgs/include/carla_msgs/carla_msgs/msg/detail/carla_control__type_support.h
[1.270s] -- Up-to-date symlink: /home/fireowl/fireowl_ws/fireowl_sim_drive/install/carla_msgs/include/carla_msgs/carla_msgs/msg/detail/carla_ego_vehicle_control__functions.h
[1.270s] -- Up-to-date symlink: /home/fireowl/fireowl_ws/fireowl_sim_drive/install/carla_msgs/include/carla_msgs/carla_msgs/msg/detail/carla_ego_vehicle_control__struct.h
[1.270s] -- Up-to-date symlink: /home/fireowl/fireowl_ws/fireowl_sim_drive/install/carla_msgs/include/carla_msgs/carla_msgs/msg/detail/carla_ego_vehicle_control__type_support.h
[1.270s] -- Up-to-date symlink: /home/fireowl/fireowl_ws/fireowl_sim_drive/install/carla_msgs/include/carla_msgs/carla_msgs/msg/detail/carla_ego_vehicle_info__functions.h
[1.270s] -- Up-to-date symlink: /home/fireowl/fireowl_ws/fireowl_sim_drive/install/carla_msgs/include/carla_msgs/carla_msgs/msg/detail/carla_ego_vehicle_info__struct.h
[1.270s] -- Up-to-date symlink: /home/fireowl/fireowl_ws/fireowl_sim_drive/install/carla_msgs/include/carla_msgs/carla_msgs/msg/detail/carla_ego_vehicle_info__type_support.h
[1.270s] -- Up-to-date symlink: /home/fireowl/fireowl_ws/fireowl_sim_drive/install/carla_msgs/include/carla_msgs/carla_msgs/msg/detail/carla_ego_vehicle_info_wheel__functions.h
[1.270s] -- Up-to-date symlink: /home/fireowl/fireowl_ws/fireowl_sim_drive/install/carla_msgs/include/carla_msgs/carla_msgs/msg/detail/carla_ego_vehicle_info_wheel__struct.h
[1.270s] -- Up-to-date symlink: /home/fireowl/fireowl_ws/fireowl_sim_drive/install/carla_msgs/include/carla_msgs/carla_msgs/msg/detail/carla_ego_vehicle_info_wheel__type_support.h
[1.270s] -- Up-to-date symlink: /home/fireowl/fireowl_ws/fireowl_sim_drive/install/carla_msgs/include/carla_msgs/carla_msgs/msg/detail/carla_ego_vehicle_status__functions.h
[1.270s] -- Up-to-date symlink: /home/fireowl/fireowl_ws/fireowl_sim_drive/install/carla_msgs/include/carla_msgs/carla_msgs/msg/detail/carla_ego_vehicle_status__struct.h
[1.270s] -- Up-to-date symlink: /home/fireowl/fireowl_ws/fireowl_sim_drive/install/carla_msgs/include/carla_msgs/carla_msgs/msg/detail/carla_ego_vehicle_status__type_support.h
[1.270s] -- Up-to-date symlink: /home/fireowl/fireowl_ws/fireowl_sim_drive/install/carla_msgs/include/carla_msgs/carla_msgs/msg/detail/carla_lane_invasion_event__functions.h
[1.270s] -- Up-to-date symlink: /home/fireowl/fireowl_ws/fireowl_sim_drive/install/carla_msgs/include/carla_msgs/carla_msgs/msg/detail/carla_lane_invasion_event__struct.h
[1.270s] -- Up-to-date symlink: /home/fireowl/fireowl_ws/fireowl_sim_drive/install/carla_msgs/include/carla_msgs/carla_msgs/msg/detail/carla_lane_invasion_event__type_support.h
[1.270s] -- Up-to-date symlink: /home/fireowl/fireowl_ws/fireowl_sim_drive/install/carla_msgs/include/carla_msgs/carla_msgs/msg/detail/carla_status__functions.h
[1.271s] -- Up-to-date symlink: /home/fireowl/fireowl_ws/fireowl_sim_drive/install/carla_msgs/include/carla_msgs/carla_msgs/msg/detail/carla_status__struct.h
[1.271s] -- Up-to-date symlink: /home/fireowl/fireowl_ws/fireowl_sim_drive/install/carla_msgs/include/carla_msgs/carla_msgs/msg/detail/carla_status__type_support.h
[1.271s] -- Up-to-date symlink: /home/fireowl/fireowl_ws/fireowl_sim_drive/install/carla_msgs/include/carla_msgs/carla_msgs/msg/detail/carla_traffic_light_info__functions.h
[1.271s] -- Up-to-date symlink: /home/fireowl/fireowl_ws/fireowl_sim_drive/install/carla_msgs/include/carla_msgs/carla_msgs/msg/detail/carla_traffic_light_info__struct.h
[1.271s] -- Up-to-date symlink: /home/fireowl/fireowl_ws/fireowl_sim_drive/install/carla_msgs/include/carla_msgs/carla_msgs/msg/detail/carla_traffic_light_info__type_support.h
[1.271s] -- Up-to-date symlink: /home/fireowl/fireowl_ws/fireowl_sim_drive/install/carla_msgs/include/carla_msgs/carla_msgs/msg/detail/carla_traffic_light_info_list__functions.h
[1.271s] -- Up-to-date symlink: /home/fireowl/fireowl_ws/fireowl_sim_drive/install/carla_msgs/include/carla_msgs/carla_msgs/msg/detail/carla_traffic_light_info_list__struct.h
[1.271s] -- Up-to-date symlink: /home/fireowl/fireowl_ws/fireowl_sim_drive/install/carla_msgs/include/carla_msgs/carla_msgs/msg/detail/carla_traffic_light_info_list__type_support.h
[1.271s] -- Up-to-date symlink: /home/fireowl/fireowl_ws/fireowl_sim_drive/install/carla_msgs/include/carla_msgs/carla_msgs/msg/detail/carla_traffic_light_status__functions.h
[1.272s] -- Up-to-date symlink: /home/fireowl/fireowl_ws/fireowl_sim_drive/install/carla_msgs/include/carla_msgs/carla_msgs/msg/detail/carla_traffic_light_status__struct.h
[1.272s] -- Up-to-date symlink: /home/fireowl/fireowl_ws/fireowl_sim_drive/install/carla_msgs/include/carla_msgs/carla_msgs/msg/detail/carla_traffic_light_status__type_support.h
[1.272s] -- Up-to-date symlink: /home/fireowl/fireowl_ws/fireowl_sim_drive/install/carla_msgs/include/carla_msgs/carla_msgs/msg/detail/carla_traffic_light_status_list__functions.h
[1.272s] -- Up-to-date symlink: /home/fireowl/fireowl_ws/fireowl_sim_drive/install/carla_msgs/include/carla_msgs/carla_msgs/msg/detail/carla_traffic_light_status_list__struct.h
[1.272s] -- Up-to-date symlink: /home/fireowl/fireowl_ws/fireowl_sim_drive/install/carla_msgs/include/carla_msgs/carla_msgs/msg/detail/carla_traffic_light_status_list__type_support.h
[1.272s] -- Up-to-date symlink: /home/fireowl/fireowl_ws/fireowl_sim_drive/install/carla_msgs/include/carla_msgs/carla_msgs/msg/detail/carla_walker_control__functions.h
[1.273s] -- Up-to-date symlink: /home/fireowl/fireowl_ws/fireowl_sim_drive/install/carla_msgs/include/carla_msgs/carla_msgs/msg/detail/carla_walker_control__struct.h
[1.273s] -- Up-to-date symlink: /home/fireowl/fireowl_ws/fireowl_sim_drive/install/carla_msgs/include/carla_msgs/carla_msgs/msg/detail/carla_walker_control__type_support.h
[1.273s] -- Up-to-date symlink: /home/fireowl/fireowl_ws/fireowl_sim_drive/install/carla_msgs/include/carla_msgs/carla_msgs/msg/detail/carla_weather_parameters__functions.h
[1.273s] -- Up-to-date symlink: /home/fireowl/fireowl_ws/fireowl_sim_drive/install/carla_msgs/include/carla_msgs/carla_msgs/msg/detail/carla_weather_parameters__struct.h
[1.273s] -- Up-to-date symlink: /home/fireowl/fireowl_ws/fireowl_sim_drive/install/carla_msgs/include/carla_msgs/carla_msgs/msg/detail/carla_weather_parameters__type_support.h
[1.273s] -- Up-to-date symlink: /home/fireowl/fireowl_ws/fireowl_sim_drive/install/carla_msgs/include/carla_msgs/carla_msgs/msg/detail/carla_world_info__functions.h
[1.273s] -- Up-to-date symlink: /home/fireowl/fireowl_ws/fireowl_sim_drive/install/carla_msgs/include/carla_msgs/carla_msgs/msg/detail/carla_world_info__struct.h
[1.273s] -- Up-to-date symlink: /home/fireowl/fireowl_ws/fireowl_sim_drive/install/carla_msgs/include/carla_msgs/carla_msgs/msg/detail/carla_world_info__type_support.h
[1.273s] -- Up-to-date symlink: /home/fireowl/fireowl_ws/fireowl_sim_drive/install/carla_msgs/include/carla_msgs/carla_msgs/msg/rosidl_generator_c__visibility_control.h
[1.273s] -- Up-to-date symlink: /home/fireowl/fireowl_ws/fireowl_sim_drive/install/carla_msgs/include/carla_msgs/carla_msgs/srv/destroy_object.h
[1.273s] -- Up-to-date symlink: /home/fireowl/fireowl_ws/fireowl_sim_drive/install/carla_msgs/include/carla_msgs/carla_msgs/srv/detail/destroy_object__functions.h
[1.273s] -- Up-to-date symlink: /home/fireowl/fireowl_ws/fireowl_sim_drive/install/carla_msgs/include/carla_msgs/carla_msgs/srv/detail/destroy_object__struct.h
[1.273s] -- Up-to-date symlink: /home/fireowl/fireowl_ws/fireowl_sim_drive/install/carla_msgs/include/carla_msgs/carla_msgs/srv/detail/destroy_object__type_support.h
[1.273s] -- Up-to-date symlink: /home/fireowl/fireowl_ws/fireowl_sim_drive/install/carla_msgs/include/carla_msgs/carla_msgs/srv/detail/get_blueprints__functions.h
[1.274s] -- Up-to-date symlink: /home/fireowl/fireowl_ws/fireowl_sim_drive/install/carla_msgs/include/carla_msgs/carla_msgs/srv/detail/get_blueprints__struct.h
[1.274s] -- Up-to-date symlink: /home/fireowl/fireowl_ws/fireowl_sim_drive/install/carla_msgs/include/carla_msgs/carla_msgs/srv/detail/get_blueprints__type_support.h
[1.274s] -- Up-to-date symlink: /home/fireowl/fireowl_ws/fireowl_sim_drive/install/carla_msgs/include/carla_msgs/carla_msgs/srv/detail/spawn_object__functions.h
[1.274s] -- Up-to-date symlink: /home/fireowl/fireowl_ws/fireowl_sim_drive/install/carla_msgs/include/carla_msgs/carla_msgs/srv/detail/spawn_object__struct.h
[1.274s] -- Up-to-date symlink: /home/fireowl/fireowl_ws/fireowl_sim_drive/install/carla_msgs/include/carla_msgs/carla_msgs/srv/detail/spawn_object__type_support.h
[1.274s] -- Up-to-date symlink: /home/fireowl/fireowl_ws/fireowl_sim_drive/install/carla_msgs/include/carla_msgs/carla_msgs/srv/get_blueprints.h
[1.274s] -- Up-to-date symlink: /home/fireowl/fireowl_ws/fireowl_sim_drive/install/carla_msgs/include/carla_msgs/carla_msgs/srv/spawn_object.h
[1.274s] -- Up-to-date symlink: /home/fireowl/fireowl_ws/fireowl_sim_drive/install/carla_msgs/share/carla_msgs/environment/library_path.sh
[1.274s] -- Up-to-date symlink: /home/fireowl/fireowl_ws/fireowl_sim_drive/install/carla_msgs/share/carla_msgs/environment/library_path.dsv
[1.274s] -- Up-to-date symlink: /home/fireowl/fireowl_ws/fireowl_sim_drive/install/carla_msgs/include/carla_msgs/carla_msgs/msg/detail/carla_actor_info__rosidl_typesupport_fastrtps_c.h
[1.274s] -- Up-to-date symlink: /home/fireowl/fireowl_ws/fireowl_sim_drive/install/carla_msgs/include/carla_msgs/carla_msgs/msg/detail/carla_actor_list__rosidl_typesupport_fastrtps_c.h
[1.274s] -- Up-to-date symlink: /home/fireowl/fireowl_ws/fireowl_sim_drive/install/carla_msgs/include/carla_msgs/carla_msgs/msg/detail/carla_bounding_box__rosidl_typesupport_fastrtps_c.h
[1.274s] -- Up-to-date symlink: /home/fireowl/fireowl_ws/fireowl_sim_drive/install/carla_msgs/include/carla_msgs/carla_msgs/msg/detail/carla_collision_event__rosidl_typesupport_fastrtps_c.h
[1.274s] -- Up-to-date symlink: /home/fireowl/fireowl_ws/fireowl_sim_drive/install/carla_msgs/include/carla_msgs/carla_msgs/msg/detail/carla_control__rosidl_typesupport_fastrtps_c.h
[1.274s] -- Up-to-date symlink: /home/fireowl/fireowl_ws/fireowl_sim_drive/install/carla_msgs/include/carla_msgs/carla_msgs/msg/detail/carla_ego_vehicle_control__rosidl_typesupport_fastrtps_c.h
[1.274s] -- Up-to-date symlink: /home/fireowl/fireowl_ws/fireowl_sim_drive/install/carla_msgs/include/carla_msgs/carla_msgs/msg/detail/carla_ego_vehicle_info__rosidl_typesupport_fastrtps_c.h
[1.275s] -- Up-to-date symlink: /home/fireowl/fireowl_ws/fireowl_sim_drive/install/carla_msgs/include/carla_msgs/carla_msgs/msg/detail/carla_ego_vehicle_info_wheel__rosidl_typesupport_fastrtps_c.h
[1.275s] -- Up-to-date symlink: /home/fireowl/fireowl_ws/fireowl_sim_drive/install/carla_msgs/include/carla_msgs/carla_msgs/msg/detail/carla_ego_vehicle_status__rosidl_typesupport_fastrtps_c.h
[1.275s] -- Up-to-date symlink: /home/fireowl/fireowl_ws/fireowl_sim_drive/install/carla_msgs/include/carla_msgs/carla_msgs/msg/detail/carla_lane_invasion_event__rosidl_typesupport_fastrtps_c.h
[1.275s] -- Up-to-date symlink: /home/fireowl/fireowl_ws/fireowl_sim_drive/install/carla_msgs/include/carla_msgs/carla_msgs/msg/detail/carla_status__rosidl_typesupport_fastrtps_c.h
[1.275s] -- Up-to-date symlink: /home/fireowl/fireowl_ws/fireowl_sim_drive/install/carla_msgs/include/carla_msgs/carla_msgs/msg/detail/carla_traffic_light_info__rosidl_typesupport_fastrtps_c.h
[1.275s] -- Up-to-date symlink: /home/fireowl/fireowl_ws/fireowl_sim_drive/install/carla_msgs/include/carla_msgs/carla_msgs/msg/detail/carla_traffic_light_info_list__rosidl_typesupport_fastrtps_c.h
[1.275s] -- Up-to-date symlink: /home/fireowl/fireowl_ws/fireowl_sim_drive/install/carla_msgs/include/carla_msgs/carla_msgs/msg/detail/carla_traffic_light_status__rosidl_typesupport_fastrtps_c.h
[1.275s] -- Up-to-date symlink: /home/fireowl/fireowl_ws/fireowl_sim_drive/install/carla_msgs/include/carla_msgs/carla_msgs/msg/detail/carla_traffic_light_status_list__rosidl_typesupport_fastrtps_c.h
[1.275s] -- Up-to-date symlink: /home/fireowl/fireowl_ws/fireowl_sim_drive/install/carla_msgs/include/carla_msgs/carla_msgs/msg/detail/carla_walker_control__rosidl_typesupport_fastrtps_c.h
[1.276s] -- Up-to-date symlink: /home/fireowl/fireowl_ws/fireowl_sim_drive/install/carla_msgs/include/carla_msgs/carla_msgs/msg/detail/carla_weather_parameters__rosidl_typesupport_fastrtps_c.h
[1.276s] -- Up-to-date symlink: /home/fireowl/fireowl_ws/fireowl_sim_drive/install/carla_msgs/include/carla_msgs/carla_msgs/msg/detail/carla_world_info__rosidl_typesupport_fastrtps_c.h
[1.276s] -- Up-to-date symlink: /home/fireowl/fireowl_ws/fireowl_sim_drive/install/carla_msgs/include/carla_msgs/carla_msgs/msg/rosidl_typesupport_fastrtps_c__visibility_control.h
[1.276s] -- Up-to-date symlink: /home/fireowl/fireowl_ws/fireowl_sim_drive/install/carla_msgs/include/carla_msgs/carla_msgs/srv/detail/destroy_object__rosidl_typesupport_fastrtps_c.h
[1.276s] -- Up-to-date symlink: /home/fireowl/fireowl_ws/fireowl_sim_drive/install/carla_msgs/include/carla_msgs/carla_msgs/srv/detail/get_blueprints__rosidl_typesupport_fastrtps_c.h
[1.276s] -- Up-to-date symlink: /home/fireowl/fireowl_ws/fireowl_sim_drive/install/carla_msgs/include/carla_msgs/carla_msgs/srv/detail/spawn_object__rosidl_typesupport_fastrtps_c.h
[1.276s] -- Up-to-date symlink: /home/fireowl/fireowl_ws/fireowl_sim_drive/install/carla_msgs/include/carla_msgs/carla_msgs/msg/carla_actor_info.hpp
[1.276s] -- Up-to-date symlink: /home/fireowl/fireowl_ws/fireowl_sim_drive/install/carla_msgs/include/carla_msgs/carla_msgs/msg/carla_actor_list.hpp
[1.276s] -- Up-to-date symlink: /home/fireowl/fireowl_ws/fireowl_sim_drive/install/carla_msgs/include/carla_msgs/carla_msgs/msg/carla_bounding_box.hpp
[1.276s] -- Up-to-date symlink: /home/fireowl/fireowl_ws/fireowl_sim_drive/install/carla_msgs/include/carla_msgs/carla_msgs/msg/carla_collision_event.hpp
[1.278s] -- Up-to-date symlink: /home/fireowl/fireowl_ws/fireowl_sim_drive/install/carla_msgs/include/carla_msgs/carla_msgs/msg/carla_control.hpp
[1.278s] -- Up-to-date symlink: /home/fireowl/fireowl_ws/fireowl_sim_drive/install/carla_msgs/include/carla_msgs/carla_msgs/msg/carla_ego_vehicle_control.hpp
[1.278s] -- Up-to-date symlink: /home/fireowl/fireowl_ws/fireowl_sim_drive/install/carla_msgs/include/carla_msgs/carla_msgs/msg/carla_ego_vehicle_info.hpp
[1.278s] -- Up-to-date symlink: /home/fireowl/fireowl_ws/fireowl_sim_drive/install/carla_msgs/include/carla_msgs/carla_msgs/msg/carla_ego_vehicle_info_wheel.hpp
[1.278s] -- Up-to-date symlink: /home/fireowl/fireowl_ws/fireowl_sim_drive/install/carla_msgs/include/carla_msgs/carla_msgs/msg/carla_ego_vehicle_status.hpp
[1.278s] -- Up-to-date symlink: /home/fireowl/fireowl_ws/fireowl_sim_drive/install/carla_msgs/include/carla_msgs/carla_msgs/msg/carla_lane_invasion_event.hpp
[1.278s] -- Up-to-date symlink: /home/fireowl/fireowl_ws/fireowl_sim_drive/install/carla_msgs/include/carla_msgs/carla_msgs/msg/carla_status.hpp
[1.278s] -- Up-to-date symlink: /home/fireowl/fireowl_ws/fireowl_sim_drive/install/carla_msgs/include/carla_msgs/carla_msgs/msg/carla_traffic_light_info.hpp
[1.278s] -- Up-to-date symlink: /home/fireowl/fireowl_ws/fireowl_sim_drive/install/carla_msgs/include/carla_msgs/carla_msgs/msg/carla_traffic_light_info_list.hpp
[1.278s] -- Up-to-date symlink: /home/fireowl/fireowl_ws/fireowl_sim_drive/install/carla_msgs/include/carla_msgs/carla_msgs/msg/carla_traffic_light_status.hpp
[1.278s] -- Up-to-date symlink: /home/fireowl/fireowl_ws/fireowl_sim_drive/install/carla_msgs/include/carla_msgs/carla_msgs/msg/carla_traffic_light_status_list.hpp
[1.278s] -- Up-to-date symlink: /home/fireowl/fireowl_ws/fireowl_sim_drive/install/carla_msgs/include/carla_msgs/carla_msgs/msg/carla_walker_control.hpp
[1.278s] -- Up-to-date symlink: /home/fireowl/fireowl_ws/fireowl_sim_drive/install/carla_msgs/include/carla_msgs/carla_msgs/msg/carla_weather_parameters.hpp
[1.279s] -- Up-to-date symlink: /home/fireowl/fireowl_ws/fireowl_sim_drive/install/carla_msgs/include/carla_msgs/carla_msgs/msg/carla_world_info.hpp
[1.279s] -- Up-to-date symlink: /home/fireowl/fireowl_ws/fireowl_sim_drive/install/carla_msgs/include/carla_msgs/carla_msgs/msg/detail/carla_actor_info__builder.hpp
[1.279s] -- Up-to-date symlink: /home/fireowl/fireowl_ws/fireowl_sim_drive/install/carla_msgs/include/carla_msgs/carla_msgs/msg/detail/carla_actor_info__struct.hpp
[1.279s] -- Up-to-date symlink: /home/fireowl/fireowl_ws/fireowl_sim_drive/install/carla_msgs/include/carla_msgs/carla_msgs/msg/detail/carla_actor_info__traits.hpp
[1.279s] -- Up-to-date symlink: /home/fireowl/fireowl_ws/fireowl_sim_drive/install/carla_msgs/include/carla_msgs/carla_msgs/msg/detail/carla_actor_info__type_support.hpp
[1.279s] -- Up-to-date symlink: /home/fireowl/fireowl_ws/fireowl_sim_drive/install/carla_msgs/include/carla_msgs/carla_msgs/msg/detail/carla_actor_list__builder.hpp
[1.279s] -- Up-to-date symlink: /home/fireowl/fireowl_ws/fireowl_sim_drive/install/carla_msgs/include/carla_msgs/carla_msgs/msg/detail/carla_actor_list__struct.hpp
[1.279s] -- Up-to-date symlink: /home/fireowl/fireowl_ws/fireowl_sim_drive/install/carla_msgs/include/carla_msgs/carla_msgs/msg/detail/carla_actor_list__traits.hpp
[1.279s] -- Up-to-date symlink: /home/fireowl/fireowl_ws/fireowl_sim_drive/install/carla_msgs/include/carla_msgs/carla_msgs/msg/detail/carla_actor_list__type_support.hpp
[1.279s] -- Up-to-date symlink: /home/fireowl/fireowl_ws/fireowl_sim_drive/install/carla_msgs/include/carla_msgs/carla_msgs/msg/detail/carla_bounding_box__builder.hpp
[1.279s] -- Up-to-date symlink: /home/fireowl/fireowl_ws/fireowl_sim_drive/install/carla_msgs/include/carla_msgs/carla_msgs/msg/detail/carla_bounding_box__struct.hpp
[1.279s] -- Up-to-date symlink: /home/fireowl/fireowl_ws/fireowl_sim_drive/install/carla_msgs/include/carla_msgs/carla_msgs/msg/detail/carla_bounding_box__traits.hpp
[1.279s] -- Up-to-date symlink: /home/fireowl/fireowl_ws/fireowl_sim_drive/install/carla_msgs/include/carla_msgs/carla_msgs/msg/detail/carla_bounding_box__type_support.hpp
[1.279s] -- Up-to-date symlink: /home/fireowl/fireowl_ws/fireowl_sim_drive/install/carla_msgs/include/carla_msgs/carla_msgs/msg/detail/carla_collision_event__builder.hpp
[1.279s] -- Up-to-date symlink: /home/fireowl/fireowl_ws/fireowl_sim_drive/install/carla_msgs/include/carla_msgs/carla_msgs/msg/detail/carla_collision_event__struct.hpp
[1.279s] -- Up-to-date symlink: /home/fireowl/fireowl_ws/fireowl_sim_drive/install/carla_msgs/include/carla_msgs/carla_msgs/msg/detail/carla_collision_event__traits.hpp
[1.279s] -- Up-to-date symlink: /home/fireowl/fireowl_ws/fireowl_sim_drive/install/carla_msgs/include/carla_msgs/carla_msgs/msg/detail/carla_collision_event__type_support.hpp
[1.279s] -- Up-to-date symlink: /home/fireowl/fireowl_ws/fireowl_sim_drive/install/carla_msgs/include/carla_msgs/carla_msgs/msg/detail/carla_control__builder.hpp
[1.279s] -- Up-to-date symlink: /home/fireowl/fireowl_ws/fireowl_sim_drive/install/carla_msgs/include/carla_msgs/carla_msgs/msg/detail/carla_control__struct.hpp
[1.279s] -- Up-to-date symlink: /home/fireowl/fireowl_ws/fireowl_sim_drive/install/carla_msgs/include/carla_msgs/carla_msgs/msg/detail/carla_control__traits.hpp
[1.279s] -- Up-to-date symlink: /home/fireowl/fireowl_ws/fireowl_sim_drive/install/carla_msgs/include/carla_msgs/carla_msgs/msg/detail/carla_control__type_support.hpp
[1.279s] -- Up-to-date symlink: /home/fireowl/fireowl_ws/fireowl_sim_drive/install/carla_msgs/include/carla_msgs/carla_msgs/msg/detail/carla_ego_vehicle_control__builder.hpp
[1.279s] -- Up-to-date symlink: /home/fireowl/fireowl_ws/fireowl_sim_drive/install/carla_msgs/include/carla_msgs/carla_msgs/msg/detail/carla_ego_vehicle_control__struct.hpp
[1.279s] -- Up-to-date symlink: /home/fireowl/fireowl_ws/fireowl_sim_drive/install/carla_msgs/include/carla_msgs/carla_msgs/msg/detail/carla_ego_vehicle_control__traits.hpp
[1.279s] -- Up-to-date symlink: /home/fireowl/fireowl_ws/fireowl_sim_drive/install/carla_msgs/include/carla_msgs/carla_msgs/msg/detail/carla_ego_vehicle_control__type_support.hpp
[1.279s] -- Up-to-date symlink: /home/fireowl/fireowl_ws/fireowl_sim_drive/install/carla_msgs/include/carla_msgs/carla_msgs/msg/detail/carla_ego_vehicle_info__builder.hpp
[1.279s] -- Up-to-date symlink: /home/fireowl/fireowl_ws/fireowl_sim_drive/install/carla_msgs/include/carla_msgs/carla_msgs/msg/detail/carla_ego_vehicle_info__struct.hpp
[1.279s] -- Up-to-date symlink: /home/fireowl/fireowl_ws/fireowl_sim_drive/install/carla_msgs/include/carla_msgs/carla_msgs/msg/detail/carla_ego_vehicle_info__traits.hpp
[1.280s] -- Up-to-date symlink: /home/fireowl/fireowl_ws/fireowl_sim_drive/install/carla_msgs/include/carla_msgs/carla_msgs/msg/detail/carla_ego_vehicle_info__type_support.hpp
[1.280s] -- Up-to-date symlink: /home/fireowl/fireowl_ws/fireowl_sim_drive/install/carla_msgs/include/carla_msgs/carla_msgs/msg/detail/carla_ego_vehicle_info_wheel__builder.hpp
[1.280s] -- Up-to-date symlink: /home/fireowl/fireowl_ws/fireowl_sim_drive/install/carla_msgs/include/carla_msgs/carla_msgs/msg/detail/carla_ego_vehicle_info_wheel__struct.hpp
[1.280s] -- Up-to-date symlink: /home/fireowl/fireowl_ws/fireowl_sim_drive/install/carla_msgs/include/carla_msgs/carla_msgs/msg/detail/carla_ego_vehicle_info_wheel__traits.hpp
[1.280s] -- Up-to-date symlink: /home/fireowl/fireowl_ws/fireowl_sim_drive/install/carla_msgs/include/carla_msgs/carla_msgs/msg/detail/carla_ego_vehicle_info_wheel__type_support.hpp
[1.280s] -- Up-to-date symlink: /home/fireowl/fireowl_ws/fireowl_sim_drive/install/carla_msgs/include/carla_msgs/carla_msgs/msg/detail/carla_ego_vehicle_status__builder.hpp
[1.280s] -- Up-to-date symlink: /home/fireowl/fireowl_ws/fireowl_sim_drive/install/carla_msgs/include/carla_msgs/carla_msgs/msg/detail/carla_ego_vehicle_status__struct.hpp
[1.280s] -- Up-to-date symlink: /home/fireowl/fireowl_ws/fireowl_sim_drive/install/carla_msgs/include/carla_msgs/carla_msgs/msg/detail/carla_ego_vehicle_status__traits.hpp
[1.282s] -- Up-to-date symlink: /home/fireowl/fireowl_ws/fireowl_sim_drive/install/carla_msgs/include/carla_msgs/carla_msgs/msg/detail/carla_ego_vehicle_status__type_support.hpp
[1.282s] -- Up-to-date symlink: /home/fireowl/fireowl_ws/fireowl_sim_drive/install/carla_msgs/include/carla_msgs/carla_msgs/msg/detail/carla_lane_invasion_event__builder.hpp
[1.282s] -- Up-to-date symlink: /home/fireowl/fireowl_ws/fireowl_sim_drive/install/carla_msgs/include/carla_msgs/carla_msgs/msg/detail/carla_lane_invasion_event__struct.hpp
[1.282s] -- Up-to-date symlink: /home/fireowl/fireowl_ws/fireowl_sim_drive/install/carla_msgs/include/carla_msgs/carla_msgs/msg/detail/carla_lane_invasion_event__traits.hpp
[1.282s] -- Up-to-date symlink: /home/fireowl/fireowl_ws/fireowl_sim_drive/install/carla_msgs/include/carla_msgs/carla_msgs/msg/detail/carla_lane_invasion_event__type_support.hpp
[1.282s] -- Up-to-date symlink: /home/fireowl/fireowl_ws/fireowl_sim_drive/install/carla_msgs/include/carla_msgs/carla_msgs/msg/detail/carla_status__builder.hpp
[1.282s] -- Up-to-date symlink: /home/fireowl/fireowl_ws/fireowl_sim_drive/install/carla_msgs/include/carla_msgs/carla_msgs/msg/detail/carla_status__struct.hpp
[1.282s] -- Up-to-date symlink: /home/fireowl/fireowl_ws/fireowl_sim_drive/install/carla_msgs/include/carla_msgs/carla_msgs/msg/detail/carla_status__traits.hpp
[1.282s] -- Up-to-date symlink: /home/fireowl/fireowl_ws/fireowl_sim_drive/install/carla_msgs/include/carla_msgs/carla_msgs/msg/detail/carla_status__type_support.hpp
[1.282s] -- Up-to-date symlink: /home/fireowl/fireowl_ws/fireowl_sim_drive/install/carla_msgs/include/carla_msgs/carla_msgs/msg/detail/carla_traffic_light_info__builder.hpp
[1.282s] -- Up-to-date symlink: /home/fireowl/fireowl_ws/fireowl_sim_drive/install/carla_msgs/include/carla_msgs/carla_msgs/msg/detail/carla_traffic_light_info__struct.hpp
[1.282s] -- Up-to-date symlink: /home/fireowl/fireowl_ws/fireowl_sim_drive/install/carla_msgs/include/carla_msgs/carla_msgs/msg/detail/carla_traffic_light_info__traits.hpp
[1.282s] -- Up-to-date symlink: /home/fireowl/fireowl_ws/fireowl_sim_drive/install/carla_msgs/include/carla_msgs/carla_msgs/msg/detail/carla_traffic_light_info__type_support.hpp
[1.282s] -- Up-to-date symlink: /home/fireowl/fireowl_ws/fireowl_sim_drive/install/carla_msgs/include/carla_msgs/carla_msgs/msg/detail/carla_traffic_light_info_list__builder.hpp
[1.282s] -- Up-to-date symlink: /home/fireowl/fireowl_ws/fireowl_sim_drive/install/carla_msgs/include/carla_msgs/carla_msgs/msg/detail/carla_traffic_light_info_list__struct.hpp
[1.282s] -- Up-to-date symlink: /home/fireowl/fireowl_ws/fireowl_sim_drive/install/carla_msgs/include/carla_msgs/carla_msgs/msg/detail/carla_traffic_light_info_list__traits.hpp
[1.282s] -- Up-to-date symlink: /home/fireowl/fireowl_ws/fireowl_sim_drive/install/carla_msgs/include/carla_msgs/carla_msgs/msg/detail/carla_traffic_light_info_list__type_support.hpp
[1.282s] -- Up-to-date symlink: /home/fireowl/fireowl_ws/fireowl_sim_drive/install/carla_msgs/include/carla_msgs/carla_msgs/msg/detail/carla_traffic_light_status__builder.hpp
[1.282s] -- Up-to-date symlink: /home/fireowl/fireowl_ws/fireowl_sim_drive/install/carla_msgs/include/carla_msgs/carla_msgs/msg/detail/carla_traffic_light_status__struct.hpp
[1.282s] -- Up-to-date symlink: /home/fireowl/fireowl_ws/fireowl_sim_drive/install/carla_msgs/include/carla_msgs/carla_msgs/msg/detail/carla_traffic_light_status__traits.hpp
[1.282s] -- Up-to-date symlink: /home/fireowl/fireowl_ws/fireowl_sim_drive/install/carla_msgs/include/carla_msgs/carla_msgs/msg/detail/carla_traffic_light_status__type_support.hpp
[1.282s] -- Up-to-date symlink: /home/fireowl/fireowl_ws/fireowl_sim_drive/install/carla_msgs/include/carla_msgs/carla_msgs/msg/detail/carla_traffic_light_status_list__builder.hpp
[1.282s] -- Up-to-date symlink: /home/fireowl/fireowl_ws/fireowl_sim_drive/install/carla_msgs/include/carla_msgs/carla_msgs/msg/detail/carla_traffic_light_status_list__struct.hpp
[1.282s] -- Up-to-date symlink: /home/fireowl/fireowl_ws/fireowl_sim_drive/install/carla_msgs/include/carla_msgs/carla_msgs/msg/detail/carla_traffic_light_status_list__traits.hpp
[1.283s] -- Up-to-date symlink: /home/fireowl/fireowl_ws/fireowl_sim_drive/install/carla_msgs/include/carla_msgs/carla_msgs/msg/detail/carla_traffic_light_status_list__type_support.hpp
[1.283s] -- Up-to-date symlink: /home/fireowl/fireowl_ws/fireowl_sim_drive/install/carla_msgs/include/carla_msgs/carla_msgs/msg/detail/carla_walker_control__builder.hpp
[1.283s] -- Up-to-date symlink: /home/fireowl/fireowl_ws/fireowl_sim_drive/install/carla_msgs/include/carla_msgs/carla_msgs/msg/detail/carla_walker_control__struct.hpp
[1.283s] -- Up-to-date symlink: /home/fireowl/fireowl_ws/fireowl_sim_drive/install/carla_msgs/include/carla_msgs/carla_msgs/msg/detail/carla_walker_control__traits.hpp
[1.283s] -- Up-to-date symlink: /home/fireowl/fireowl_ws/fireowl_sim_drive/install/carla_msgs/include/carla_msgs/carla_msgs/msg/detail/carla_walker_control__type_support.hpp
[1.284s] -- Up-to-date symlink: /home/fireowl/fireowl_ws/fireowl_sim_drive/install/carla_msgs/include/carla_msgs/carla_msgs/msg/detail/carla_weather_parameters__builder.hpp
[1.284s] -- Up-to-date symlink: /home/fireowl/fireowl_ws/fireowl_sim_drive/install/carla_msgs/include/carla_msgs/carla_msgs/msg/detail/carla_weather_parameters__struct.hpp
[1.284s] -- Up-to-date symlink: /home/fireowl/fireowl_ws/fireowl_sim_drive/install/carla_msgs/include/carla_msgs/carla_msgs/msg/detail/carla_weather_parameters__traits.hpp
[1.284s] -- Up-to-date symlink: /home/fireowl/fireowl_ws/fireowl_sim_drive/install/carla_msgs/include/carla_msgs/carla_msgs/msg/detail/carla_weather_parameters__type_support.hpp
[1.284s] -- Up-to-date symlink: /home/fireowl/fireowl_ws/fireowl_sim_drive/install/carla_msgs/include/carla_msgs/carla_msgs/msg/detail/carla_world_info__builder.hpp
[1.284s] -- Up-to-date symlink: /home/fireowl/fireowl_ws/fireowl_sim_drive/install/carla_msgs/include/carla_msgs/carla_msgs/msg/detail/carla_world_info__struct.hpp
[1.284s] -- Up-to-date symlink: /home/fireowl/fireowl_ws/fireowl_sim_drive/install/carla_msgs/include/carla_msgs/carla_msgs/msg/detail/carla_world_info__traits.hpp
[1.284s] -- Up-to-date symlink: /home/fireowl/fireowl_ws/fireowl_sim_drive/install/carla_msgs/include/carla_msgs/carla_msgs/msg/detail/carla_world_info__type_support.hpp
[1.284s] -- Up-to-date symlink: /home/fireowl/fireowl_ws/fireowl_sim_drive/install/carla_msgs/include/carla_msgs/carla_msgs/msg/rosidl_generator_cpp__visibility_control.hpp
[1.284s] -- Up-to-date symlink: /home/fireowl/fireowl_ws/fireowl_sim_drive/install/carla_msgs/include/carla_msgs/carla_msgs/srv/destroy_object.hpp
[1.284s] -- Up-to-date symlink: /home/fireowl/fireowl_ws/fireowl_sim_drive/install/carla_msgs/include/carla_msgs/carla_msgs/srv/detail/destroy_object__builder.hpp
[1.284s] -- Up-to-date symlink: /home/fireowl/fireowl_ws/fireowl_sim_drive/install/carla_msgs/include/carla_msgs/carla_msgs/srv/detail/destroy_object__struct.hpp
[1.284s] -- Up-to-date symlink: /home/fireowl/fireowl_ws/fireowl_sim_drive/install/carla_msgs/include/carla_msgs/carla_msgs/srv/detail/destroy_object__traits.hpp
[1.284s] -- Up-to-date symlink: /home/fireowl/fireowl_ws/fireowl_sim_drive/install/carla_msgs/include/carla_msgs/carla_msgs/srv/detail/destroy_object__type_support.hpp
[1.284s] -- Up-to-date symlink: /home/fireowl/fireowl_ws/fireowl_sim_drive/install/carla_msgs/include/carla_msgs/carla_msgs/srv/detail/get_blueprints__builder.hpp
[1.284s] -- Up-to-date symlink: /home/fireowl/fireowl_ws/fireowl_sim_drive/install/carla_msgs/include/carla_msgs/carla_msgs/srv/detail/get_blueprints__struct.hpp
[1.285s] -- Up-to-date symlink: /home/fireowl/fireowl_ws/fireowl_sim_drive/install/carla_msgs/include/carla_msgs/carla_msgs/srv/detail/get_blueprints__traits.hpp
[1.285s] -- Up-to-date symlink: /home/fireowl/fireowl_ws/fireowl_sim_drive/install/carla_msgs/include/carla_msgs/carla_msgs/srv/detail/get_blueprints__type_support.hpp
[1.285s] -- Up-to-date symlink: /home/fireowl/fireowl_ws/fireowl_sim_drive/install/carla_msgs/include/carla_msgs/carla_msgs/srv/detail/spawn_object__builder.hpp
[1.285s] -- Up-to-date symlink: /home/fireowl/fireowl_ws/fireowl_sim_drive/install/carla_msgs/include/carla_msgs/carla_msgs/srv/detail/spawn_object__struct.hpp
[1.285s] -- Up-to-date symlink: /home/fireowl/fireowl_ws/fireowl_sim_drive/install/carla_msgs/include/carla_msgs/carla_msgs/srv/detail/spawn_object__traits.hpp
[1.285s] -- Up-to-date symlink: /home/fireowl/fireowl_ws/fireowl_sim_drive/install/carla_msgs/include/carla_msgs/carla_msgs/srv/detail/spawn_object__type_support.hpp
[1.285s] -- Up-to-date symlink: /home/fireowl/fireowl_ws/fireowl_sim_drive/install/carla_msgs/include/carla_msgs/carla_msgs/srv/get_blueprints.hpp
[1.285s] -- Up-to-date symlink: /home/fireowl/fireowl_ws/fireowl_sim_drive/install/carla_msgs/include/carla_msgs/carla_msgs/srv/spawn_object.hpp
[1.285s] -- Up-to-date symlink: /home/fireowl/fireowl_ws/fireowl_sim_drive/install/carla_msgs/include/carla_msgs/carla_msgs/msg/detail/carla_actor_info__rosidl_typesupport_fastrtps_cpp.hpp
[1.285s] -- Up-to-date symlink: /home/fireowl/fireowl_ws/fireowl_sim_drive/install/carla_msgs/include/carla_msgs/carla_msgs/msg/detail/carla_actor_list__rosidl_typesupport_fastrtps_cpp.hpp
[1.285s] -- Up-to-date symlink: /home/fireowl/fireowl_ws/fireowl_sim_drive/install/carla_msgs/include/carla_msgs/carla_msgs/msg/detail/carla_bounding_box__rosidl_typesupport_fastrtps_cpp.hpp
[1.285s] -- Up-to-date symlink: /home/fireowl/fireowl_ws/fireowl_sim_drive/install/carla_msgs/include/carla_msgs/carla_msgs/msg/detail/carla_collision_event__rosidl_typesupport_fastrtps_cpp.hpp
[1.285s] -- Up-to-date symlink: /home/fireowl/fireowl_ws/fireowl_sim_drive/install/carla_msgs/include/carla_msgs/carla_msgs/msg/detail/carla_control__rosidl_typesupport_fastrtps_cpp.hpp
[1.285s] -- Up-to-date symlink: /home/fireowl/fireowl_ws/fireowl_sim_drive/install/carla_msgs/include/carla_msgs/carla_msgs/msg/detail/carla_ego_vehicle_control__rosidl_typesupport_fastrtps_cpp.hpp
[1.285s] -- Up-to-date symlink: /home/fireowl/fireowl_ws/fireowl_sim_drive/install/carla_msgs/include/carla_msgs/carla_msgs/msg/detail/carla_ego_vehicle_info__rosidl_typesupport_fastrtps_cpp.hpp
[1.285s] -- Up-to-date symlink: /home/fireowl/fireowl_ws/fireowl_sim_drive/install/carla_msgs/include/carla_msgs/carla_msgs/msg/detail/carla_ego_vehicle_info_wheel__rosidl_typesupport_fastrtps_cpp.hpp
[1.285s] -- Up-to-date symlink: /home/fireowl/fireowl_ws/fireowl_sim_drive/install/carla_msgs/include/carla_msgs/carla_msgs/msg/detail/carla_ego_vehicle_status__rosidl_typesupport_fastrtps_cpp.hpp
[1.285s] -- Up-to-date symlink: /home/fireowl/fireowl_ws/fireowl_sim_drive/install/carla_msgs/include/carla_msgs/carla_msgs/msg/detail/carla_lane_invasion_event__rosidl_typesupport_fastrtps_cpp.hpp
[1.286s] -- Up-to-date symlink: /home/fireowl/fireowl_ws/fireowl_sim_drive/install/carla_msgs/include/carla_msgs/carla_msgs/msg/detail/carla_status__rosidl_typesupport_fastrtps_cpp.hpp
[1.286s] -- Up-to-date symlink: /home/fireowl/fireowl_ws/fireowl_sim_drive/install/carla_msgs/include/carla_msgs/carla_msgs/msg/detail/carla_traffic_light_info__rosidl_typesupport_fastrtps_cpp.hpp
[1.286s] -- Up-to-date symlink: /home/fireowl/fireowl_ws/fireowl_sim_drive/install/carla_msgs/include/carla_msgs/carla_msgs/msg/detail/carla_traffic_light_info_list__rosidl_typesupport_fastrtps_cpp.hpp
[1.286s] -- Up-to-date symlink: /home/fireowl/fireowl_ws/fireowl_sim_drive/install/carla_msgs/include/carla_msgs/carla_msgs/msg/detail/carla_traffic_light_status__rosidl_typesupport_fastrtps_cpp.hpp
[1.286s] -- Up-to-date symlink: /home/fireowl/fireowl_ws/fireowl_sim_drive/install/carla_msgs/include/carla_msgs/carla_msgs/msg/detail/carla_traffic_light_status_list__rosidl_typesupport_fastrtps_cpp.hpp
[1.286s] -- Up-to-date symlink: /home/fireowl/fireowl_ws/fireowl_sim_drive/install/carla_msgs/include/carla_msgs/carla_msgs/msg/detail/carla_walker_control__rosidl_typesupport_fastrtps_cpp.hpp
[1.286s] -- Up-to-date symlink: /home/fireowl/fireowl_ws/fireowl_sim_drive/install/carla_msgs/include/carla_msgs/carla_msgs/msg/detail/carla_weather_parameters__rosidl_typesupport_fastrtps_cpp.hpp
[1.287s] -- Up-to-date symlink: /home/fireowl/fireowl_ws/fireowl_sim_drive/install/carla_msgs/include/carla_msgs/carla_msgs/msg/detail/carla_world_info__rosidl_typesupport_fastrtps_cpp.hpp
[1.287s] -- Up-to-date symlink: /home/fireowl/fireowl_ws/fireowl_sim_drive/install/carla_msgs/include/carla_msgs/carla_msgs/msg/rosidl_typesupport_fastrtps_cpp__visibility_control.h
[1.287s] -- Up-to-date symlink: /home/fireowl/fireowl_ws/fireowl_sim_drive/install/carla_msgs/include/carla_msgs/carla_msgs/srv/detail/destroy_object__rosidl_typesupport_fastrtps_cpp.hpp
[1.288s] -- Up-to-date symlink: /home/fireowl/fireowl_ws/fireowl_sim_drive/install/carla_msgs/include/carla_msgs/carla_msgs/srv/detail/get_blueprints__rosidl_typesupport_fastrtps_cpp.hpp
[1.288s] -- Up-to-date symlink: /home/fireowl/fireowl_ws/fireowl_sim_drive/install/carla_msgs/include/carla_msgs/carla_msgs/srv/detail/spawn_object__rosidl_typesupport_fastrtps_cpp.hpp
[1.288s] -- Up-to-date symlink: /home/fireowl/fireowl_ws/fireowl_sim_drive/install/carla_msgs/include/carla_msgs/carla_msgs/msg/detail/carla_actor_info__rosidl_typesupport_introspection_c.h
[1.288s] -- Up-to-date symlink: /home/fireowl/fireowl_ws/fireowl_sim_drive/install/carla_msgs/include/carla_msgs/carla_msgs/msg/detail/carla_actor_list__rosidl_typesupport_introspection_c.h
[1.288s] -- Up-to-date symlink: /home/fireowl/fireowl_ws/fireowl_sim_drive/install/carla_msgs/include/carla_msgs/carla_msgs/msg/detail/carla_bounding_box__rosidl_typesupport_introspection_c.h
[1.288s] -- Up-to-date symlink: /home/fireowl/fireowl_ws/fireowl_sim_drive/install/carla_msgs/include/carla_msgs/carla_msgs/msg/detail/carla_collision_event__rosidl_typesupport_introspection_c.h
[1.288s] -- Up-to-date symlink: /home/fireowl/fireowl_ws/fireowl_sim_drive/install/carla_msgs/include/carla_msgs/carla_msgs/msg/detail/carla_control__rosidl_typesupport_introspection_c.h
[1.288s] -- Up-to-date symlink: /home/fireowl/fireowl_ws/fireowl_sim_drive/install/carla_msgs/include/carla_msgs/carla_msgs/msg/detail/carla_ego_vehicle_control__rosidl_typesupport_introspection_c.h
[1.288s] -- Up-to-date symlink: /home/fireowl/fireowl_ws/fireowl_sim_drive/install/carla_msgs/include/carla_msgs/carla_msgs/msg/detail/carla_ego_vehicle_info__rosidl_typesupport_introspection_c.h
[1.288s] -- Up-to-date symlink: /home/fireowl/fireowl_ws/fireowl_sim_drive/install/carla_msgs/include/carla_msgs/carla_msgs/msg/detail/carla_ego_vehicle_info_wheel__rosidl_typesupport_introspection_c.h
[1.289s] -- Up-to-date symlink: /home/fireowl/fireowl_ws/fireowl_sim_drive/install/carla_msgs/include/carla_msgs/carla_msgs/msg/detail/carla_ego_vehicle_status__rosidl_typesupport_introspection_c.h
[1.289s] -- Up-to-date symlink: /home/fireowl/fireowl_ws/fireowl_sim_drive/install/carla_msgs/include/carla_msgs/carla_msgs/msg/detail/carla_lane_invasion_event__rosidl_typesupport_introspection_c.h
[1.289s] -- Up-to-date symlink: /home/fireowl/fireowl_ws/fireowl_sim_drive/install/carla_msgs/include/carla_msgs/carla_msgs/msg/detail/carla_status__rosidl_typesupport_introspection_c.h
[1.289s] -- Up-to-date symlink: /home/fireowl/fireowl_ws/fireowl_sim_drive/install/carla_msgs/include/carla_msgs/carla_msgs/msg/detail/carla_traffic_light_info__rosidl_typesupport_introspection_c.h
[1.289s] -- Up-to-date symlink: /home/fireowl/fireowl_ws/fireowl_sim_drive/install/carla_msgs/include/carla_msgs/carla_msgs/msg/detail/carla_traffic_light_info_list__rosidl_typesupport_introspection_c.h
[1.289s] -- Up-to-date symlink: /home/fireowl/fireowl_ws/fireowl_sim_drive/install/carla_msgs/include/carla_msgs/carla_msgs/msg/detail/carla_traffic_light_status__rosidl_typesupport_introspection_c.h
[1.289s] -- Up-to-date symlink: /home/fireowl/fireowl_ws/fireowl_sim_drive/install/carla_msgs/include/carla_msgs/carla_msgs/msg/detail/carla_traffic_light_status_list__rosidl_typesupport_introspection_c.h
[1.289s] -- Up-to-date symlink: /home/fireowl/fireowl_ws/fireowl_sim_drive/install/carla_msgs/include/carla_msgs/carla_msgs/msg/detail/carla_walker_control__rosidl_typesupport_introspection_c.h
[1.289s] -- Up-to-date symlink: /home/fireowl/fireowl_ws/fireowl_sim_drive/install/carla_msgs/include/carla_msgs/carla_msgs/msg/detail/carla_weather_parameters__rosidl_typesupport_introspection_c.h
[1.289s] -- Up-to-date symlink: /home/fireowl/fireowl_ws/fireowl_sim_drive/install/carla_msgs/include/carla_msgs/carla_msgs/msg/detail/carla_world_info__rosidl_typesupport_introspection_c.h
[1.289s] -- Up-to-date symlink: /home/fireowl/fireowl_ws/fireowl_sim_drive/install/carla_msgs/include/carla_msgs/carla_msgs/msg/rosidl_typesupport_introspection_c__visibility_control.h
[1.289s] -- Up-to-date symlink: /home/fireowl/fireowl_ws/fireowl_sim_drive/install/carla_msgs/include/carla_msgs/carla_msgs/srv/detail/destroy_object__rosidl_typesupport_introspection_c.h
[1.289s] -- Up-to-date symlink: /home/fireowl/fireowl_ws/fireowl_sim_drive/install/carla_msgs/include/carla_msgs/carla_msgs/srv/detail/get_blueprints__rosidl_typesupport_introspection_c.h
[1.289s] -- Up-to-date symlink: /home/fireowl/fireowl_ws/fireowl_sim_drive/install/carla_msgs/include/carla_msgs/carla_msgs/srv/detail/spawn_object__rosidl_typesupport_introspection_c.h
[1.295s] -- Up-to-date symlink: /home/fireowl/fireowl_ws/fireowl_sim_drive/install/carla_msgs/include/carla_msgs/carla_msgs/msg/detail/carla_actor_info__rosidl_typesupport_introspection_cpp.hpp
[1.296s] -- Up-to-date symlink: /home/fireowl/fireowl_ws/fireowl_sim_drive/install/carla_msgs/include/carla_msgs/carla_msgs/msg/detail/carla_actor_list__rosidl_typesupport_introspection_cpp.hpp
[1.296s] -- Up-to-date symlink: /home/fireowl/fireowl_ws/fireowl_sim_drive/install/carla_msgs/include/carla_msgs/carla_msgs/msg/detail/carla_bounding_box__rosidl_typesupport_introspection_cpp.hpp
[1.296s] -- Up-to-date symlink: /home/fireowl/fireowl_ws/fireowl_sim_drive/install/carla_msgs/include/carla_msgs/carla_msgs/msg/detail/carla_collision_event__rosidl_typesupport_introspection_cpp.hpp
[1.296s] -- Up-to-date symlink: /home/fireowl/fireowl_ws/fireowl_sim_drive/install/carla_msgs/include/carla_msgs/carla_msgs/msg/detail/carla_control__rosidl_typesupport_introspection_cpp.hpp
[1.296s] -- Up-to-date symlink: /home/fireowl/fireowl_ws/fireowl_sim_drive/install/carla_msgs/include/carla_msgs/carla_msgs/msg/detail/carla_ego_vehicle_control__rosidl_typesupport_introspection_cpp.hpp
[1.296s] -- Up-to-date symlink: /home/fireowl/fireowl_ws/fireowl_sim_drive/install/carla_msgs/include/carla_msgs/carla_msgs/msg/detail/carla_ego_vehicle_info__rosidl_typesupport_introspection_cpp.hpp
[1.296s] -- Up-to-date symlink: /home/fireowl/fireowl_ws/fireowl_sim_drive/install/carla_msgs/include/carla_msgs/carla_msgs/msg/detail/carla_ego_vehicle_info_wheel__rosidl_typesupport_introspection_cpp.hpp
[1.296s] -- Up-to-date symlink: /home/fireowl/fireowl_ws/fireowl_sim_drive/install/carla_msgs/include/carla_msgs/carla_msgs/msg/detail/carla_ego_vehicle_status__rosidl_typesupport_introspection_cpp.hpp
[1.296s] -- Up-to-date symlink: /home/fireowl/fireowl_ws/fireowl_sim_drive/install/carla_msgs/include/carla_msgs/carla_msgs/msg/detail/carla_lane_invasion_event__rosidl_typesupport_introspection_cpp.hpp
[1.296s] -- Up-to-date symlink: /home/fireowl/fireowl_ws/fireowl_sim_drive/install/carla_msgs/include/carla_msgs/carla_msgs/msg/detail/carla_status__rosidl_typesupport_introspection_cpp.hpp
[1.296s] -- Up-to-date symlink: /home/fireowl/fireowl_ws/fireowl_sim_drive/install/carla_msgs/include/carla_msgs/carla_msgs/msg/detail/carla_traffic_light_info__rosidl_typesupport_introspection_cpp.hpp
[1.296s] -- Up-to-date symlink: /home/fireowl/fireowl_ws/fireowl_sim_drive/install/carla_msgs/include/carla_msgs/carla_msgs/msg/detail/carla_traffic_light_info_list__rosidl_typesupport_introspection_cpp.hpp
[1.296s] -- Up-to-date symlink: /home/fireowl/fireowl_ws/fireowl_sim_drive/install/carla_msgs/include/carla_msgs/carla_msgs/msg/detail/carla_traffic_light_status__rosidl_typesupport_introspection_cpp.hpp
[1.296s] -- Up-to-date symlink: /home/fireowl/fireowl_ws/fireowl_sim_drive/install/carla_msgs/include/carla_msgs/carla_msgs/msg/detail/carla_traffic_light_status_list__rosidl_typesupport_introspection_cpp.hpp
[1.296s] -- Up-to-date symlink: /home/fireowl/fireowl_ws/fireowl_sim_drive/install/carla_msgs/include/carla_msgs/carla_msgs/msg/detail/carla_walker_control__rosidl_typesupport_introspection_cpp.hpp
[1.296s] -- Up-to-date symlink: /home/fireowl/fireowl_ws/fireowl_sim_drive/install/carla_msgs/include/carla_msgs/carla_msgs/msg/detail/carla_weather_parameters__rosidl_typesupport_introspection_cpp.hpp
[1.296s] -- Up-to-date symlink: /home/fireowl/fireowl_ws/fireowl_sim_drive/install/carla_msgs/include/carla_msgs/carla_msgs/msg/detail/carla_world_info__rosidl_typesupport_introspection_cpp.hpp
[1.296s] -- Up-to-date symlink: /home/fireowl/fireowl_ws/fireowl_sim_drive/install/carla_msgs/include/carla_msgs/carla_msgs/srv/detail/destroy_object__rosidl_typesupport_introspection_cpp.hpp
[1.296s] -- Up-to-date symlink: /home/fireowl/fireowl_ws/fireowl_sim_drive/install/carla_msgs/include/carla_msgs/carla_msgs/srv/detail/get_blueprints__rosidl_typesupport_introspection_cpp.hpp
[1.296s] -- Up-to-date symlink: /home/fireowl/fireowl_ws/fireowl_sim_drive/install/carla_msgs/include/carla_msgs/carla_msgs/srv/detail/spawn_object__rosidl_typesupport_introspection_cpp.hpp
[1.297s] -- Up-to-date symlink: /home/fireowl/fireowl_ws/fireowl_sim_drive/install/carla_msgs/share/carla_msgs/environment/pythonpath.sh
[1.297s] -- Up-to-date symlink: /home/fireowl/fireowl_ws/fireowl_sim_drive/install/carla_msgs/share/carla_msgs/environment/pythonpath.dsv
[1.297s] -- Up-to-date symlink: /home/fireowl/fireowl_ws/fireowl_sim_drive/install/carla_msgs/local/lib/python3.10/dist-packages/carla_msgs-1.3.0-py3.10.egg-info/PKG-INFO
[1.297s] -- Up-to-date symlink: /home/fireowl/fireowl_ws/fireowl_sim_drive/install/carla_msgs/local/lib/python3.10/dist-packages/carla_msgs-1.3.0-py3.10.egg-info/SOURCES.txt
[1.297s] -- Up-to-date symlink: /home/fireowl/fireowl_ws/fireowl_sim_drive/install/carla_msgs/local/lib/python3.10/dist-packages/carla_msgs-1.3.0-py3.10.egg-info/dependency_links.txt
[1.297s] -- Up-to-date symlink: /home/fireowl/fireowl_ws/fireowl_sim_drive/install/carla_msgs/local/lib/python3.10/dist-packages/carla_msgs-1.3.0-py3.10.egg-info/top_level.txt
[1.297s] -- Up-to-date symlink: /home/fireowl/fireowl_ws/fireowl_sim_drive/install/carla_msgs/local/lib/python3.10/dist-packages/carla_msgs/__init__.py
[1.298s] -- Up-to-date symlink: /home/fireowl/fireowl_ws/fireowl_sim_drive/install/carla_msgs/local/lib/python3.10/dist-packages/carla_msgs/_carla_msgs_s.ep.rosidl_typesupport_c.c
[1.298s] -- Up-to-date symlink: /home/fireowl/fireowl_ws/fireowl_sim_drive/install/carla_msgs/local/lib/python3.10/dist-packages/carla_msgs/_carla_msgs_s.ep.rosidl_typesupport_fastrtps_c.c
[1.298s] -- Up-to-date symlink: /home/fireowl/fireowl_ws/fireowl_sim_drive/install/carla_msgs/local/lib/python3.10/dist-packages/carla_msgs/_carla_msgs_s.ep.rosidl_typesupport_introspection_c.c
[1.298s] -- Up-to-date symlink: /home/fireowl/fireowl_ws/fireowl_sim_drive/install/carla_msgs/local/lib/python3.10/dist-packages/carla_msgs/carla_msgs_s__rosidl_typesupport_c.cpython-310-x86_64-linux-gnu.so
[1.299s] -- Up-to-date symlink: /home/fireowl/fireowl_ws/fireowl_sim_drive/install/carla_msgs/local/lib/python3.10/dist-packages/carla_msgs/carla_msgs_s__rosidl_typesupport_fastrtps_c.cpython-310-x86_64-linux-gnu.so
[1.299s] -- Up-to-date symlink: /home/fireowl/fireowl_ws/fireowl_sim_drive/install/carla_msgs/local/lib/python3.10/dist-packages/carla_msgs/carla_msgs_s__rosidl_typesupport_introspection_c.cpython-310-x86_64-linux-gnu.so
[1.299s] -- Up-to-date symlink: /home/fireowl/fireowl_ws/fireowl_sim_drive/install/carla_msgs/local/lib/python3.10/dist-packages/carla_msgs/libcarla_msgs__rosidl_generator_py.so
[1.299s] -- Up-to-date symlink: /home/fireowl/fireowl_ws/fireowl_sim_drive/install/carla_msgs/local/lib/python3.10/dist-packages/carla_msgs/msg/__init__.py
[1.299s] -- Up-to-date symlink: /home/fireowl/fireowl_ws/fireowl_sim_drive/install/carla_msgs/local/lib/python3.10/dist-packages/carla_msgs/msg/_carla_actor_info.py
[1.299s] -- Up-to-date symlink: /home/fireowl/fireowl_ws/fireowl_sim_drive/install/carla_msgs/local/lib/python3.10/dist-packages/carla_msgs/msg/_carla_actor_info_s.c
[1.299s] -- Up-to-date symlink: /home/fireowl/fireowl_ws/fireowl_sim_drive/install/carla_msgs/local/lib/python3.10/dist-packages/carla_msgs/msg/_carla_actor_list.py
[1.300s] -- Up-to-date symlink: /home/fireowl/fireowl_ws/fireowl_sim_drive/install/carla_msgs/local/lib/python3.10/dist-packages/carla_msgs/msg/_carla_actor_list_s.c
[1.300s] -- Up-to-date symlink: /home/fireowl/fireowl_ws/fireowl_sim_drive/install/carla_msgs/local/lib/python3.10/dist-packages/carla_msgs/msg/_carla_bounding_box.py
[1.300s] -- Up-to-date symlink: /home/fireowl/fireowl_ws/fireowl_sim_drive/install/carla_msgs/local/lib/python3.10/dist-packages/carla_msgs/msg/_carla_bounding_box_s.c
[1.300s] -- Up-to-date symlink: /home/fireowl/fireowl_ws/fireowl_sim_drive/install/carla_msgs/local/lib/python3.10/dist-packages/carla_msgs/msg/_carla_collision_event.py
[1.301s] -- Up-to-date symlink: /home/fireowl/fireowl_ws/fireowl_sim_drive/install/carla_msgs/local/lib/python3.10/dist-packages/carla_msgs/msg/_carla_collision_event_s.c
[1.301s] -- Up-to-date symlink: /home/fireowl/fireowl_ws/fireowl_sim_drive/install/carla_msgs/local/lib/python3.10/dist-packages/carla_msgs/msg/_carla_control.py
[1.301s] -- Up-to-date symlink: /home/fireowl/fireowl_ws/fireowl_sim_drive/install/carla_msgs/local/lib/python3.10/dist-packages/carla_msgs/msg/_carla_control_s.c
[1.301s] -- Up-to-date symlink: /home/fireowl/fireowl_ws/fireowl_sim_drive/install/carla_msgs/local/lib/python3.10/dist-packages/carla_msgs/msg/_carla_ego_vehicle_control.py
[1.301s] -- Up-to-date symlink: /home/fireowl/fireowl_ws/fireowl_sim_drive/install/carla_msgs/local/lib/python3.10/dist-packages/carla_msgs/msg/_carla_ego_vehicle_control_s.c
[1.302s] -- Up-to-date symlink: /home/fireowl/fireowl_ws/fireowl_sim_drive/install/carla_msgs/local/lib/python3.10/dist-packages/carla_msgs/msg/_carla_ego_vehicle_info.py
[1.302s] -- Up-to-date symlink: /home/fireowl/fireowl_ws/fireowl_sim_drive/install/carla_msgs/local/lib/python3.10/dist-packages/carla_msgs/msg/_carla_ego_vehicle_info_s.c
[1.302s] -- Up-to-date symlink: /home/fireowl/fireowl_ws/fireowl_sim_drive/install/carla_msgs/local/lib/python3.10/dist-packages/carla_msgs/msg/_carla_ego_vehicle_info_wheel.py
[1.302s] -- Up-to-date symlink: /home/fireowl/fireowl_ws/fireowl_sim_drive/install/carla_msgs/local/lib/python3.10/dist-packages/carla_msgs/msg/_carla_ego_vehicle_info_wheel_s.c
[1.302s] -- Up-to-date symlink: /home/fireowl/fireowl_ws/fireowl_sim_drive/install/carla_msgs/local/lib/python3.10/dist-packages/carla_msgs/msg/_carla_ego_vehicle_status.py
[1.303s] -- Up-to-date symlink: /home/fireowl/fireowl_ws/fireowl_sim_drive/install/carla_msgs/local/lib/python3.10/dist-packages/carla_msgs/msg/_carla_ego_vehicle_status_s.c
[1.303s] -- Up-to-date symlink: /home/fireowl/fireowl_ws/fireowl_sim_drive/install/carla_msgs/local/lib/python3.10/dist-packages/carla_msgs/msg/_carla_lane_invasion_event.py
[1.303s] -- Up-to-date symlink: /home/fireowl/fireowl_ws/fireowl_sim_drive/install/carla_msgs/local/lib/python3.10/dist-packages/carla_msgs/msg/_carla_lane_invasion_event_s.c
[1.303s] -- Up-to-date symlink: /home/fireowl/fireowl_ws/fireowl_sim_drive/install/carla_msgs/local/lib/python3.10/dist-packages/carla_msgs/msg/_carla_status.py
[1.303s] -- Up-to-date symlink: /home/fireowl/fireowl_ws/fireowl_sim_drive/install/carla_msgs/local/lib/python3.10/dist-packages/carla_msgs/msg/_carla_status_s.c
[1.303s] -- Up-to-date symlink: /home/fireowl/fireowl_ws/fireowl_sim_drive/install/carla_msgs/local/lib/python3.10/dist-packages/carla_msgs/msg/_carla_traffic_light_info.py
[1.303s] -- Up-to-date symlink: /home/fireowl/fireowl_ws/fireowl_sim_drive/install/carla_msgs/local/lib/python3.10/dist-packages/carla_msgs/msg/_carla_traffic_light_info_list.py
[1.303s] -- Up-to-date symlink: /home/fireowl/fireowl_ws/fireowl_sim_drive/install/carla_msgs/local/lib/python3.10/dist-packages/carla_msgs/msg/_carla_traffic_light_info_list_s.c
[1.304s] -- Up-to-date symlink: /home/fireowl/fireowl_ws/fireowl_sim_drive/install/carla_msgs/local/lib/python3.10/dist-packages/carla_msgs/msg/_carla_traffic_light_info_s.c
[1.304s] -- Up-to-date symlink: /home/fireowl/fireowl_ws/fireowl_sim_drive/install/carla_msgs/local/lib/python3.10/dist-packages/carla_msgs/msg/_carla_traffic_light_status.py
[1.304s] -- Up-to-date symlink: /home/fireowl/fireowl_ws/fireowl_sim_drive/install/carla_msgs/local/lib/python3.10/dist-packages/carla_msgs/msg/_carla_traffic_light_status_list.py
[1.304s] -- Up-to-date symlink: /home/fireowl/fireowl_ws/fireowl_sim_drive/install/carla_msgs/local/lib/python3.10/dist-packages/carla_msgs/msg/_carla_traffic_light_status_list_s.c
[1.305s] -- Up-to-date symlink: /home/fireowl/fireowl_ws/fireowl_sim_drive/install/carla_msgs/local/lib/python3.10/dist-packages/carla_msgs/msg/_carla_traffic_light_status_s.c
[1.305s] -- Up-to-date symlink: /home/fireowl/fireowl_ws/fireowl_sim_drive/install/carla_msgs/local/lib/python3.10/dist-packages/carla_msgs/msg/_carla_walker_control.py
[1.305s] -- Up-to-date symlink: /home/fireowl/fireowl_ws/fireowl_sim_drive/install/carla_msgs/local/lib/python3.10/dist-packages/carla_msgs/msg/_carla_walker_control_s.c
[1.305s] -- Up-to-date symlink: /home/fireowl/fireowl_ws/fireowl_sim_drive/install/carla_msgs/local/lib/python3.10/dist-packages/carla_msgs/msg/_carla_weather_parameters.py
[1.305s] -- Up-to-date symlink: /home/fireowl/fireowl_ws/fireowl_sim_drive/install/carla_msgs/local/lib/python3.10/dist-packages/carla_msgs/msg/_carla_weather_parameters_s.c
[1.305s] -- Up-to-date symlink: /home/fireowl/fireowl_ws/fireowl_sim_drive/install/carla_msgs/local/lib/python3.10/dist-packages/carla_msgs/msg/_carla_world_info.py
[1.306s] -- Up-to-date symlink: /home/fireowl/fireowl_ws/fireowl_sim_drive/install/carla_msgs/local/lib/python3.10/dist-packages/carla_msgs/msg/_carla_world_info_s.c
[1.306s] -- Up-to-date symlink: /home/fireowl/fireowl_ws/fireowl_sim_drive/install/carla_msgs/local/lib/python3.10/dist-packages/carla_msgs/srv/__init__.py
[1.306s] -- Up-to-date symlink: /home/fireowl/fireowl_ws/fireowl_sim_drive/install/carla_msgs/local/lib/python3.10/dist-packages/carla_msgs/srv/_destroy_object.py
[1.306s] -- Up-to-date symlink: /home/fireowl/fireowl_ws/fireowl_sim_drive/install/carla_msgs/local/lib/python3.10/dist-packages/carla_msgs/srv/_destroy_object_s.c
[1.306s] -- Up-to-date symlink: /home/fireowl/fireowl_ws/fireowl_sim_drive/install/carla_msgs/local/lib/python3.10/dist-packages/carla_msgs/srv/_get_blueprints.py
[1.306s] -- Up-to-date symlink: /home/fireowl/fireowl_ws/fireowl_sim_drive/install/carla_msgs/local/lib/python3.10/dist-packages/carla_msgs/srv/_get_blueprints_s.c
[1.306s] -- Up-to-date symlink: /home/fireowl/fireowl_ws/fireowl_sim_drive/install/carla_msgs/local/lib/python3.10/dist-packages/carla_msgs/srv/_spawn_object.py
[1.306s] -- Up-to-date symlink: /home/fireowl/fireowl_ws/fireowl_sim_drive/install/carla_msgs/local/lib/python3.10/dist-packages/carla_msgs/srv/_spawn_object_s.c
[1.306s] -- Up-to-date symlink: /home/fireowl/fireowl_ws/fireowl_sim_drive/install/carla_msgs/local/lib/python3.10/dist-packages/carla_msgs/carla_msgs_s__rosidl_typesupport_fastrtps_c.cpython-310-x86_64-linux-gnu.so
[1.306s] -- Up-to-date symlink: /home/fireowl/fireowl_ws/fireowl_sim_drive/install/carla_msgs/local/lib/python3.10/dist-packages/carla_msgs/carla_msgs_s__rosidl_typesupport_introspection_c.cpython-310-x86_64-linux-gnu.so
[1.307s] -- Up-to-date symlink: /home/fireowl/fireowl_ws/fireowl_sim_drive/install/carla_msgs/local/lib/python3.10/dist-packages/carla_msgs/carla_msgs_s__rosidl_typesupport_c.cpython-310-x86_64-linux-gnu.so
[1.307s] -- Up-to-date symlink: /home/fireowl/fireowl_ws/fireowl_sim_drive/install/carla_msgs/share/carla_msgs/msg/CarlaBoundingBox.idl
[1.307s] -- Up-to-date symlink: /home/fireowl/fireowl_ws/fireowl_sim_drive/install/carla_msgs/share/carla_msgs/msg/CarlaEgoVehicleControl.idl
[1.307s] -- Up-to-date symlink: /home/fireowl/fireowl_ws/fireowl_sim_drive/install/carla_msgs/share/carla_msgs/msg/CarlaEgoVehicleStatus.idl
[1.307s] -- Up-to-date symlink: /home/fireowl/fireowl_ws/fireowl_sim_drive/install/carla_msgs/share/carla_msgs/msg/CarlaEgoVehicleInfoWheel.idl
[1.307s] -- Up-to-date symlink: /home/fireowl/fireowl_ws/fireowl_sim_drive/install/carla_msgs/share/carla_msgs/msg/CarlaEgoVehicleInfo.idl
[1.307s] -- Up-to-date symlink: /home/fireowl/fireowl_ws/fireowl_sim_drive/install/carla_msgs/share/carla_msgs/msg/CarlaCollisionEvent.idl
[1.307s] -- Up-to-date symlink: /home/fireowl/fireowl_ws/fireowl_sim_drive/install/carla_msgs/share/carla_msgs/msg/CarlaLaneInvasionEvent.idl
[1.307s] -- Up-to-date symlink: /home/fireowl/fireowl_ws/fireowl_sim_drive/install/carla_msgs/share/carla_msgs/msg/CarlaWorldInfo.idl
[1.307s] -- Up-to-date symlink: /home/fireowl/fireowl_ws/fireowl_sim_drive/install/carla_msgs/share/carla_msgs/msg/CarlaActorInfo.idl
[1.308s] -- Up-to-date symlink: /home/fireowl/fireowl_ws/fireowl_sim_drive/install/carla_msgs/share/carla_msgs/msg/CarlaActorList.idl
[1.308s] -- Up-to-date symlink: /home/fireowl/fireowl_ws/fireowl_sim_drive/install/carla_msgs/share/carla_msgs/msg/CarlaControl.idl
[1.308s] -- Up-to-date symlink: /home/fireowl/fireowl_ws/fireowl_sim_drive/install/carla_msgs/share/carla_msgs/msg/CarlaStatus.idl
[1.308s] -- Up-to-date symlink: /home/fireowl/fireowl_ws/fireowl_sim_drive/install/carla_msgs/share/carla_msgs/msg/CarlaTrafficLightInfo.idl
[1.308s] -- Up-to-date symlink: /home/fireowl/fireowl_ws/fireowl_sim_drive/install/carla_msgs/share/carla_msgs/msg/CarlaTrafficLightInfoList.idl
[1.308s] -- Up-to-date symlink: /home/fireowl/fireowl_ws/fireowl_sim_drive/install/carla_msgs/share/carla_msgs/msg/CarlaTrafficLightStatus.idl
[1.308s] -- Up-to-date symlink: /home/fireowl/fireowl_ws/fireowl_sim_drive/install/carla_msgs/share/carla_msgs/msg/CarlaTrafficLightStatusList.idl
[1.308s] -- Up-to-date symlink: /home/fireowl/fireowl_ws/fireowl_sim_drive/install/carla_msgs/share/carla_msgs/msg/CarlaWalkerControl.idl
[1.308s] -- Up-to-date symlink: /home/fireowl/fireowl_ws/fireowl_sim_drive/install/carla_msgs/share/carla_msgs/msg/CarlaWeatherParameters.idl
[1.308s] -- Up-to-date symlink: /home/fireowl/fireowl_ws/fireowl_sim_drive/install/carla_msgs/share/carla_msgs/srv/SpawnObject.idl
[1.308s] -- Up-to-date symlink: /home/fireowl/fireowl_ws/fireowl_sim_drive/install/carla_msgs/share/carla_msgs/srv/DestroyObject.idl
[1.308s] -- Up-to-date symlink: /home/fireowl/fireowl_ws/fireowl_sim_drive/install/carla_msgs/share/carla_msgs/srv/GetBlueprints.idl
[1.309s] -- Up-to-date symlink: /home/fireowl/fireowl_ws/fireowl_sim_drive/install/carla_msgs/share/carla_msgs/msg/CarlaBoundingBox.msg
[1.309s] -- Up-to-date symlink: /home/fireowl/fireowl_ws/fireowl_sim_drive/install/carla_msgs/share/carla_msgs/msg/CarlaEgoVehicleControl.msg
[1.309s] -- Up-to-date symlink: /home/fireowl/fireowl_ws/fireowl_sim_drive/install/carla_msgs/share/carla_msgs/msg/CarlaEgoVehicleStatus.msg
[1.309s] -- Up-to-date symlink: /home/fireowl/fireowl_ws/fireowl_sim_drive/install/carla_msgs/share/carla_msgs/msg/CarlaEgoVehicleInfoWheel.msg
[1.309s] -- Up-to-date symlink: /home/fireowl/fireowl_ws/fireowl_sim_drive/install/carla_msgs/share/carla_msgs/msg/CarlaEgoVehicleInfo.msg
[1.309s] -- Up-to-date symlink: /home/fireowl/fireowl_ws/fireowl_sim_drive/install/carla_msgs/share/carla_msgs/msg/CarlaCollisionEvent.msg
[1.309s] -- Up-to-date symlink: /home/fireowl/fireowl_ws/fireowl_sim_drive/install/carla_msgs/share/carla_msgs/msg/CarlaLaneInvasionEvent.msg
[1.309s] -- Up-to-date symlink: /home/fireowl/fireowl_ws/fireowl_sim_drive/install/carla_msgs/share/carla_msgs/msg/CarlaWorldInfo.msg
[1.309s] -- Up-to-date symlink: /home/fireowl/fireowl_ws/fireowl_sim_drive/install/carla_msgs/share/carla_msgs/msg/CarlaActorInfo.msg
[1.309s] -- Up-to-date symlink: /home/fireowl/fireowl_ws/fireowl_sim_drive/install/carla_msgs/share/carla_msgs/msg/CarlaActorList.msg
[1.309s] -- Up-to-date symlink: /home/fireowl/fireowl_ws/fireowl_sim_drive/install/carla_msgs/share/carla_msgs/msg/CarlaControl.msg
[1.309s] -- Up-to-date symlink: /home/fireowl/fireowl_ws/fireowl_sim_drive/install/carla_msgs/share/carla_msgs/msg/CarlaStatus.msg
[1.309s] -- Up-to-date symlink: /home/fireowl/fireowl_ws/fireowl_sim_drive/install/carla_msgs/share/carla_msgs/msg/CarlaTrafficLightInfo.msg
[1.309s] -- Up-to-date symlink: /home/fireowl/fireowl_ws/fireowl_sim_drive/install/carla_msgs/share/carla_msgs/msg/CarlaTrafficLightInfoList.msg
[1.309s] -- Up-to-date symlink: /home/fireowl/fireowl_ws/fireowl_sim_drive/install/carla_msgs/share/carla_msgs/msg/CarlaTrafficLightStatus.msg
[1.309s] -- Up-to-date symlink: /home/fireowl/fireowl_ws/fireowl_sim_drive/install/carla_msgs/share/carla_msgs/msg/CarlaTrafficLightStatusList.msg
[1.309s] -- Up-to-date symlink: /home/fireowl/fireowl_ws/fireowl_sim_drive/install/carla_msgs/share/carla_msgs/msg/CarlaWalkerControl.msg
[1.309s] -- Up-to-date symlink: /home/fireowl/fireowl_ws/fireowl_sim_drive/install/carla_msgs/share/carla_msgs/msg/CarlaWeatherParameters.msg
[1.309s] -- Up-to-date symlink: /home/fireowl/fireowl_ws/fireowl_sim_drive/install/carla_msgs/share/carla_msgs/srv/SpawnObject.srv
[1.309s] -- Up-to-date symlink: /home/fireowl/fireowl_ws/fireowl_sim_drive/install/carla_msgs/share/carla_msgs/srv/SpawnObject_Request.msg
[1.309s] -- Up-to-date symlink: /home/fireowl/fireowl_ws/fireowl_sim_drive/install/carla_msgs/share/carla_msgs/srv/SpawnObject_Response.msg
[1.309s] -- Up-to-date symlink: /home/fireowl/fireowl_ws/fireowl_sim_drive/install/carla_msgs/share/carla_msgs/srv/DestroyObject.srv
[1.309s] -- Up-to-date symlink: /home/fireowl/fireowl_ws/fireowl_sim_drive/install/carla_msgs/share/carla_msgs/srv/DestroyObject_Request.msg
[1.309s] -- Up-to-date symlink: /home/fireowl/fireowl_ws/fireowl_sim_drive/install/carla_msgs/share/carla_msgs/srv/DestroyObject_Response.msg
[1.309s] -- Up-to-date symlink: /home/fireowl/fireowl_ws/fireowl_sim_drive/install/carla_msgs/share/carla_msgs/srv/GetBlueprints.srv
[1.309s] -- Up-to-date symlink: /home/fireowl/fireowl_ws/fireowl_sim_drive/install/carla_msgs/share/carla_msgs/srv/GetBlueprints_Request.msg
[1.309s] -- Up-to-date symlink: /home/fireowl/fireowl_ws/fireowl_sim_drive/install/carla_msgs/share/carla_msgs/srv/GetBlueprints_Response.msg
[1.310s] -- Up-to-date symlink: /home/fireowl/fireowl_ws/fireowl_sim_drive/install/carla_msgs/share/ament_index/resource_index/package_run_dependencies/carla_msgs
[1.310s] -- Up-to-date symlink: /home/fireowl/fireowl_ws/fireowl_sim_drive/install/carla_msgs/share/ament_index/resource_index/parent_prefix_path/carla_msgs
[1.310s] -- Up-to-date symlink: /home/fireowl/fireowl_ws/fireowl_sim_drive/install/carla_msgs/share/carla_msgs/environment/ament_prefix_path.sh
[1.310s] -- Up-to-date symlink: /home/fireowl/fireowl_ws/fireowl_sim_drive/install/carla_msgs/share/carla_msgs/environment/ament_prefix_path.dsv
[1.310s] -- Up-to-date symlink: /home/fireowl/fireowl_ws/fireowl_sim_drive/install/carla_msgs/share/carla_msgs/environment/path.sh
[1.310s] -- Up-to-date symlink: /home/fireowl/fireowl_ws/fireowl_sim_drive/install/carla_msgs/share/carla_msgs/environment/path.dsv
[1.310s] -- Up-to-date symlink: /home/fireowl/fireowl_ws/fireowl_sim_drive/install/carla_msgs/share/carla_msgs/local_setup.bash
[1.310s] -- Up-to-date symlink: /home/fireowl/fireowl_ws/fireowl_sim_drive/install/carla_msgs/share/carla_msgs/local_setup.sh
[1.310s] -- Up-to-date symlink: /home/fireowl/fireowl_ws/fireowl_sim_drive/install/carla_msgs/share/carla_msgs/local_setup.zsh
[1.310s] -- Up-to-date symlink: /home/fireowl/fireowl_ws/fireowl_sim_drive/install/carla_msgs/share/carla_msgs/local_setup.dsv
[1.310s] -- Symlinking: /home/fireowl/fireowl_ws/fireowl_sim_drive/install/carla_msgs/share/carla_msgs/package.dsv
[1.313s] -- Up-to-date symlink: /home/fireowl/fireowl_ws/fireowl_sim_drive/install/carla_msgs/share/ament_index/resource_index/packages/carla_msgs
[1.313s] -- Up-to-date symlink: /home/fireowl/fireowl_ws/fireowl_sim_drive/install/carla_msgs/share/carla_msgs/cmake/rosidl_cmake-extras.cmake
[1.313s] -- Up-to-date symlink: /home/fireowl/fireowl_ws/fireowl_sim_drive/install/carla_msgs/share/carla_msgs/cmake/ament_cmake_export_dependencies-extras.cmake
[1.314s] -- Up-to-date symlink: /home/fireowl/fireowl_ws/fireowl_sim_drive/install/carla_msgs/share/carla_msgs/cmake/ament_cmake_export_include_directories-extras.cmake
[1.314s] -- Up-to-date symlink: /home/fireowl/fireowl_ws/fireowl_sim_drive/install/carla_msgs/share/carla_msgs/cmake/ament_cmake_export_libraries-extras.cmake
[1.314s] -- Up-to-date symlink: /home/fireowl/fireowl_ws/fireowl_sim_drive/install/carla_msgs/share/carla_msgs/cmake/ament_cmake_export_targets-extras.cmake
[1.314s] -- Up-to-date symlink: /home/fireowl/fireowl_ws/fireowl_sim_drive/install/carla_msgs/share/carla_msgs/cmake/rosidl_cmake_export_typesupport_targets-extras.cmake
[1.314s] -- Up-to-date symlink: /home/fireowl/fireowl_ws/fireowl_sim_drive/install/carla_msgs/share/carla_msgs/cmake/rosidl_cmake_export_typesupport_libraries-extras.cmake
[1.315s] -- Up-to-date symlink: /home/fireowl/fireowl_ws/fireowl_sim_drive/install/carla_msgs/share/carla_msgs/cmake/carla_msgsConfig.cmake
[1.315s] -- Up-to-date symlink: /home/fireowl/fireowl_ws/fireowl_sim_drive/install/carla_msgs/share/carla_msgs/cmake/carla_msgsConfig-version.cmake
[1.315s] -- Up-to-date symlink: /home/fireowl/fireowl_ws/fireowl_sim_drive/install/carla_msgs/share/carla_msgs/package.xml
[1.315s] -- Up-to-date: /home/fireowl/fireowl_ws/fireowl_sim_drive/install/carla_msgs/lib/libcarla_msgs__rosidl_generator_c.so
[1.315s] -- Up-to-date: /home/fireowl/fireowl_ws/fireowl_sim_drive/install/carla_msgs/lib/libcarla_msgs__rosidl_typesupport_fastrtps_c.so
[1.315s] -- Up-to-date: /home/fireowl/fireowl_ws/fireowl_sim_drive/install/carla_msgs/lib/libcarla_msgs__rosidl_typesupport_fastrtps_cpp.so
[1.316s] -- Up-to-date: /home/fireowl/fireowl_ws/fireowl_sim_drive/install/carla_msgs/lib/libcarla_msgs__rosidl_typesupport_introspection_c.so
[1.316s] -- Up-to-date: /home/fireowl/fireowl_ws/fireowl_sim_drive/install/carla_msgs/lib/libcarla_msgs__rosidl_typesupport_c.so
[1.316s] -- Up-to-date: /home/fireowl/fireowl_ws/fireowl_sim_drive/install/carla_msgs/lib/libcarla_msgs__rosidl_typesupport_introspection_cpp.so
[1.316s] -- Up-to-date: /home/fireowl/fireowl_ws/fireowl_sim_drive/install/carla_msgs/lib/libcarla_msgs__rosidl_typesupport_cpp.so
[1.340s] Listing '/home/fireowl/fireowl_ws/fireowl_sim_drive/install/carla_msgs/local/lib/python3.10/dist-packages/carla_msgs'...
[1.340s] Compiling '/home/fireowl/fireowl_ws/fireowl_sim_drive/install/carla_msgs/local/lib/python3.10/dist-packages/carla_msgs/__init__.py'...
[1.340s] Listing '/home/fireowl/fireowl_ws/fireowl_sim_drive/install/carla_msgs/local/lib/python3.10/dist-packages/carla_msgs/msg'...
[1.340s] Listing '/home/fireowl/fireowl_ws/fireowl_sim_drive/install/carla_msgs/local/lib/python3.10/dist-packages/carla_msgs/srv'...
[1.343s] -- Up-to-date: /home/fireowl/fireowl_ws/fireowl_sim_drive/install/carla_msgs/lib/libcarla_msgs__rosidl_generator_py.so
[1.343s] -- Up-to-date: /home/fireowl/fireowl_ws/fireowl_sim_drive/install/carla_msgs/share/carla_msgs/cmake/export_carla_msgs__rosidl_generator_cExport.cmake
[1.343s] -- Up-to-date: /home/fireowl/fireowl_ws/fireowl_sim_drive/install/carla_msgs/share/carla_msgs/cmake/export_carla_msgs__rosidl_generator_cExport-noconfig.cmake
[1.344s] -- Up-to-date: /home/fireowl/fireowl_ws/fireowl_sim_drive/install/carla_msgs/share/carla_msgs/cmake/export_carla_msgs__rosidl_typesupport_fastrtps_cExport.cmake
[1.344s] -- Up-to-date: /home/fireowl/fireowl_ws/fireowl_sim_drive/install/carla_msgs/share/carla_msgs/cmake/export_carla_msgs__rosidl_typesupport_fastrtps_cExport-noconfig.cmake
[1.344s] -- Up-to-date: /home/fireowl/fireowl_ws/fireowl_sim_drive/install/carla_msgs/share/carla_msgs/cmake/export_carla_msgs__rosidl_generator_cppExport.cmake
[1.344s] -- Up-to-date: /home/fireowl/fireowl_ws/fireowl_sim_drive/install/carla_msgs/share/carla_msgs/cmake/export_carla_msgs__rosidl_typesupport_fastrtps_cppExport.cmake
[1.345s] -- Up-to-date: /home/fireowl/fireowl_ws/fireowl_sim_drive/install/carla_msgs/share/carla_msgs/cmake/export_carla_msgs__rosidl_typesupport_fastrtps_cppExport-noconfig.cmake
[1.345s] -- Up-to-date: /home/fireowl/fireowl_ws/fireowl_sim_drive/install/carla_msgs/share/carla_msgs/cmake/carla_msgs__rosidl_typesupport_introspection_cExport.cmake
[1.345s] -- Up-to-date: /home/fireowl/fireowl_ws/fireowl_sim_drive/install/carla_msgs/share/carla_msgs/cmake/carla_msgs__rosidl_typesupport_introspection_cExport-noconfig.cmake
[1.345s] -- Up-to-date: /home/fireowl/fireowl_ws/fireowl_sim_drive/install/carla_msgs/share/carla_msgs/cmake/carla_msgs__rosidl_typesupport_cExport.cmake
[1.345s] -- Up-to-date: /home/fireowl/fireowl_ws/fireowl_sim_drive/install/carla_msgs/share/carla_msgs/cmake/carla_msgs__rosidl_typesupport_cExport-noconfig.cmake
[1.345s] -- Up-to-date: /home/fireowl/fireowl_ws/fireowl_sim_drive/install/carla_msgs/share/carla_msgs/cmake/carla_msgs__rosidl_typesupport_introspection_cppExport.cmake
[1.345s] -- Up-to-date: /home/fireowl/fireowl_ws/fireowl_sim_drive/install/carla_msgs/share/carla_msgs/cmake/carla_msgs__rosidl_typesupport_introspection_cppExport-noconfig.cmake
[1.345s] -- Up-to-date: /home/fireowl/fireowl_ws/fireowl_sim_drive/install/carla_msgs/share/carla_msgs/cmake/carla_msgs__rosidl_typesupport_cppExport.cmake
[1.345s] -- Up-to-date: /home/fireowl/fireowl_ws/fireowl_sim_drive/install/carla_msgs/share/carla_msgs/cmake/carla_msgs__rosidl_typesupport_cppExport-noconfig.cmake
[1.345s] -- Up-to-date: /home/fireowl/fireowl_ws/fireowl_sim_drive/install/carla_msgs/share/carla_msgs/cmake/export_carla_msgs__rosidl_generator_pyExport.cmake
[1.345s] -- Up-to-date: /home/fireowl/fireowl_ws/fireowl_sim_drive/install/carla_msgs/share/carla_msgs/cmake/export_carla_msgs__rosidl_generator_pyExport-noconfig.cmake
[1.348s] Invoked command in '/home/fireowl/fireowl_ws/fireowl_sim_drive/build/carla_msgs' returned '0': CMAKE_PREFIX_PATH=/opt/ros/humble /usr/bin/cmake --install /home/fireowl/fireowl_ws/fireowl_sim_drive/build/carla_msgs
