running egg_info
creating ../../../build/carla_manual_control/carla_manual_control.egg-info
writing ../../../build/carla_manual_control/carla_manual_control.egg-info/PKG-INFO
writing dependency_links to ../../../build/carla_manual_control/carla_manual_control.egg-info/dependency_links.txt
writing entry points to ../../../build/carla_manual_control/carla_manual_control.egg-info/entry_points.txt
writing requirements to ../../../build/carla_manual_control/carla_manual_control.egg-info/requires.txt
writing top-level names to ../../../build/carla_manual_control/carla_manual_control.egg-info/top_level.txt
writing manifest file '../../../build/carla_manual_control/carla_manual_control.egg-info/SOURCES.txt'
reading manifest file '../../../build/carla_manual_control/carla_manual_control.egg-info/SOURCES.txt'
writing manifest file '../../../build/carla_manual_control/carla_manual_control.egg-info/SOURCES.txt'
running build
running build_py
creating /home/fireowl/fireowl_ws/fireowl_sim_drive/build/carla_manual_control/build
creating /home/fireowl/fireowl_ws/fireowl_sim_drive/build/carla_manual_control/build/lib
creating /home/fireowl/fireowl_ws/fireowl_sim_drive/build/carla_manual_control/build/lib/carla_manual_control
copying src/carla_manual_control/__init__.py -> /home/fireowl/fireowl_ws/fireowl_sim_drive/build/carla_manual_control/build/lib/carla_manual_control
copying src/carla_manual_control/carla_manual_control.py -> /home/fireowl/fireowl_ws/fireowl_sim_drive/build/carla_manual_control/build/lib/carla_manual_control
running install
running install_lib
creating /home/fireowl/fireowl_ws/fireowl_sim_drive/install/carla_manual_control/lib/python3.10/site-packages/carla_manual_control
copying /home/fireowl/fireowl_ws/fireowl_sim_drive/build/carla_manual_control/build/lib/carla_manual_control/__init__.py -> /home/fireowl/fireowl_ws/fireowl_sim_drive/install/carla_manual_control/lib/python3.10/site-packages/carla_manual_control
copying /home/fireowl/fireowl_ws/fireowl_sim_drive/build/carla_manual_control/build/lib/carla_manual_control/carla_manual_control.py -> /home/fireowl/fireowl_ws/fireowl_sim_drive/install/carla_manual_control/lib/python3.10/site-packages/carla_manual_control
byte-compiling /home/fireowl/fireowl_ws/fireowl_sim_drive/install/carla_manual_control/lib/python3.10/site-packages/carla_manual_control/__init__.py to __init__.cpython-310.pyc
byte-compiling /home/fireowl/fireowl_ws/fireowl_sim_drive/install/carla_manual_control/lib/python3.10/site-packages/carla_manual_control/carla_manual_control.py to carla_manual_control.cpython-310.pyc
running install_data
running install_egg_info
Copying ../../../build/carla_manual_control/carla_manual_control.egg-info to /home/fireowl/fireowl_ws/fireowl_sim_drive/install/carla_manual_control/lib/python3.10/site-packages/carla_manual_control-0.0.0-py3.10.egg-info
running install_scripts
Installing carla_manual_control script to /home/fireowl/fireowl_ws/fireowl_sim_drive/install/carla_manual_control/lib/carla_manual_control
writing list of installed files to '/home/fireowl/fireowl_ws/fireowl_sim_drive/build/carla_manual_control/install.log'
