[1.220s] Invoking command in '/home/fireowl/fireowl_ws/fireowl_sim_drive/src/carla_manual_control': AMENT_PREFIX_PATH=/home/fireowl/fireowl_ws/fireowl_sim_drive/install/ros_compatibility:/home/fireowl/fireowl_ws/fireowl_sim_drive/install/carla_msgs:${AMENT_PREFIX_PATH} CMAKE_PREFIX_PATH=/home/fireowl/fireowl_ws/fireowl_sim_drive/install/carla_msgs LD_LIBRARY_PATH=/home/fireowl/fireowl_ws/fireowl_sim_drive/install/carla_msgs/lib:${LD_LIBRARY_PATH} PYTHONPATH=/home/fireowl/fireowl_ws/fireowl_sim_drive/build/carla_manual_control/prefix_override:/usr/lib/python3/dist-packages/colcon_core/task/python/colcon_distutils_commands:/home/fireowl/fireowl_ws/fireowl_sim_drive/install/carla_manual_control/lib/python3.10/site-packages:/home/fireowl/fireowl_ws/fireowl_sim_drive/install/ros_compatibility/lib/python3.10/site-packages:/home/fireowl/fireowl_ws/fireowl_sim_drive/install/carla_msgs/local/lib/python3.10/dist-packages:${PYTHONPATH} /usr/bin/python3 -W ignore:setup.py install is deprecated -W ignore:easy_install command is deprecated setup.py egg_info --egg-base ../../../build/carla_manual_control build --build-base /home/fireowl/fireowl_ws/fireowl_sim_drive/build/carla_manual_control/build install --record /home/fireowl/fireowl_ws/fireowl_sim_drive/build/carla_manual_control/install.log --single-version-externally-managed install_data
[1.416s] running egg_info
[1.416s] creating ../../../build/carla_manual_control/carla_manual_control.egg-info
[1.417s] writing ../../../build/carla_manual_control/carla_manual_control.egg-info/PKG-INFO
[1.417s] writing dependency_links to ../../../build/carla_manual_control/carla_manual_control.egg-info/dependency_links.txt
[1.417s] writing entry points to ../../../build/carla_manual_control/carla_manual_control.egg-info/entry_points.txt
[1.417s] writing requirements to ../../../build/carla_manual_control/carla_manual_control.egg-info/requires.txt
[1.417s] writing top-level names to ../../../build/carla_manual_control/carla_manual_control.egg-info/top_level.txt
[1.417s] writing manifest file '../../../build/carla_manual_control/carla_manual_control.egg-info/SOURCES.txt'
[1.419s] reading manifest file '../../../build/carla_manual_control/carla_manual_control.egg-info/SOURCES.txt'
[1.419s] writing manifest file '../../../build/carla_manual_control/carla_manual_control.egg-info/SOURCES.txt'
[1.420s] running build
[1.420s] running build_py
[1.420s] creating /home/fireowl/fireowl_ws/fireowl_sim_drive/build/carla_manual_control/build
[1.420s] creating /home/fireowl/fireowl_ws/fireowl_sim_drive/build/carla_manual_control/build/lib
[1.421s] creating /home/fireowl/fireowl_ws/fireowl_sim_drive/build/carla_manual_control/build/lib/carla_manual_control
[1.421s] copying src/carla_manual_control/__init__.py -> /home/fireowl/fireowl_ws/fireowl_sim_drive/build/carla_manual_control/build/lib/carla_manual_control
[1.421s] copying src/carla_manual_control/carla_manual_control.py -> /home/fireowl/fireowl_ws/fireowl_sim_drive/build/carla_manual_control/build/lib/carla_manual_control
[1.423s] running install
[1.423s] running install_lib
[1.423s] creating /home/fireowl/fireowl_ws/fireowl_sim_drive/install/carla_manual_control/lib/python3.10/site-packages/carla_manual_control
[1.424s] copying /home/fireowl/fireowl_ws/fireowl_sim_drive/build/carla_manual_control/build/lib/carla_manual_control/__init__.py -> /home/fireowl/fireowl_ws/fireowl_sim_drive/install/carla_manual_control/lib/python3.10/site-packages/carla_manual_control
[1.426s] copying /home/fireowl/fireowl_ws/fireowl_sim_drive/build/carla_manual_control/build/lib/carla_manual_control/carla_manual_control.py -> /home/fireowl/fireowl_ws/fireowl_sim_drive/install/carla_manual_control/lib/python3.10/site-packages/carla_manual_control
[1.426s] byte-compiling /home/fireowl/fireowl_ws/fireowl_sim_drive/install/carla_manual_control/lib/python3.10/site-packages/carla_manual_control/__init__.py to __init__.cpython-310.pyc
[1.426s] byte-compiling /home/fireowl/fireowl_ws/fireowl_sim_drive/install/carla_manual_control/lib/python3.10/site-packages/carla_manual_control/carla_manual_control.py to carla_manual_control.cpython-310.pyc
[1.438s] running install_data
[1.438s] running install_egg_info
[1.438s] Copying ../../../build/carla_manual_control/carla_manual_control.egg-info to /home/fireowl/fireowl_ws/fireowl_sim_drive/install/carla_manual_control/lib/python3.10/site-packages/carla_manual_control-0.0.0-py3.10.egg-info
[1.440s] running install_scripts
[1.456s] Installing carla_manual_control script to /home/fireowl/fireowl_ws/fireowl_sim_drive/install/carla_manual_control/lib/carla_manual_control
[1.456s] writing list of installed files to '/home/fireowl/fireowl_ws/fireowl_sim_drive/build/carla_manual_control/install.log'
[1.480s] Invoked command in '/home/fireowl/fireowl_ws/fireowl_sim_drive/src/carla_manual_control' returned '0': AMENT_PREFIX_PATH=/home/fireowl/fireowl_ws/fireowl_sim_drive/install/ros_compatibility:/home/fireowl/fireowl_ws/fireowl_sim_drive/install/carla_msgs:${AMENT_PREFIX_PATH} CMAKE_PREFIX_PATH=/home/fireowl/fireowl_ws/fireowl_sim_drive/install/carla_msgs LD_LIBRARY_PATH=/home/fireowl/fireowl_ws/fireowl_sim_drive/install/carla_msgs/lib:${LD_LIBRARY_PATH} PYTHONPATH=/home/fireowl/fireowl_ws/fireowl_sim_drive/build/carla_manual_control/prefix_override:/usr/lib/python3/dist-packages/colcon_core/task/python/colcon_distutils_commands:/home/fireowl/fireowl_ws/fireowl_sim_drive/install/carla_manual_control/lib/python3.10/site-packages:/home/fireowl/fireowl_ws/fireowl_sim_drive/install/ros_compatibility/lib/python3.10/site-packages:/home/fireowl/fireowl_ws/fireowl_sim_drive/install/carla_msgs/local/lib/python3.10/dist-packages:${PYTHONPATH} /usr/bin/python3 -W ignore:setup.py install is deprecated -W ignore:easy_install command is deprecated setup.py egg_info --egg-base ../../../build/carla_manual_control build --build-base /home/fireowl/fireowl_ws/fireowl_sim_drive/build/carla_manual_control/build install --record /home/fireowl/fireowl_ws/fireowl_sim_drive/build/carla_manual_control/install.log --single-version-externally-managed install_data
