[0.347s] Invoking command in '/home/fireowl/fireowl_ws/fireowl_sim_drive/build/carla_lidar_mapping_ros2': CMAKE_PREFIX_PATH=/opt/ros/humble /usr/bin/cmake /home/fireowl/fireowl_ws/fireowl_sim_drive/src/carla_lidar_mapping_ros2 -DCMAKE_INSTALL_PREFIX=/home/fireowl/fireowl_ws/fireowl_sim_drive/install/carla_lidar_mapping_ros2
[0.351s] -- Found ament_cmake: 1.3.12 (/opt/ros/humble/share/ament_cmake/cmake)
[0.414s] -- Override CMake install command with custom implementation using symlinks instead of copying resources
[0.418s] -- Found rclcpp: 16.0.16 (/opt/ros/humble/share/rclcpp/cmake)
[0.579s] -- Found rosidl_generator_c: 3.1.7 (/opt/ros/humble/share/rosidl_generator_c/cmake)
[0.580s] -- Found rosidl_adapter: 3.1.7 (/opt/ros/humble/share/rosidl_adapter/cmake)
[0.583s] -- Found rosidl_generator_cpp: 3.1.7 (/opt/ros/humble/share/rosidl_generator_cpp/cmake)
[0.591s] -- Using all available rosidl_typesupport_c: rosidl_typesupport_fastrtps_c;rosidl_typesupport_introspection_c
[0.599s] -- Using all available rosidl_typesupport_cpp: rosidl_typesupport_fastrtps_cpp;rosidl_typesupport_introspection_cpp
[0.622s] -- Found rmw_implementation_cmake: 6.1.2 (/opt/ros/humble/share/rmw_implementation_cmake/cmake)
[0.623s] -- Found rmw_fastrtps_cpp: 6.2.9 (/opt/ros/humble/share/rmw_fastrtps_cpp/cmake)
[5.849s] -- Using RMW implementation 'rmw_fastrtps_cpp' as default
[5.869s] -- Found sensor_msgs: 4.9.0 (/opt/ros/humble/share/sensor_msgs/cmake)
[5.883s] -- Found nav_msgs: 4.9.0 (/opt/ros/humble/share/nav_msgs/cmake)
[5.890s] -- Found tf2: 0.25.17 (/opt/ros/humble/share/tf2/cmake)
[5.891s] -- Found pcl_conversions: 2.4.5 (/opt/ros/humble/share/pcl_conversions/cmake)
[5.906s] -- Eigen found (include: /usr/include/eigen3, version: 3.4.0)
[7.331s] -- FLANN found (include: /usr/include, lib: /usr/lib/x86_64-linux-gnu/libflann_cpp.so)
[10.887s] -- OpenNI found (version: 1.5.4.0, include: /usr/include/ni, lib: /usr/lib/libOpenNI.so;libusb::libusb)
[10.890s] -- OpenNI2 found (version: 2.2.0.33, include: /usr/include/openni2, lib: /usr/lib/x86_64-linux-gnu/libOpenNI2.so;libusb::libusb)
[12.926s] -- Eigen found (include: /usr/include/eigen3, version: 3.4.0)
[12.930s] -- OpenNI found (version: 1.5.4.0, include: /usr/include/ni, lib: /usr/lib/libOpenNI.so;libusb::libusb)
[12.935s] -- OpenNI2 found (version: 2.2.0.33, include: /usr/include/openni2, lib: /usr/lib/x86_64-linux-gnu/libOpenNI2.so;libusb::libusb)
[14.905s] -- Found Qhull version 8.0.2
[16.760s] -- OpenNI found (version: 1.5.4.0, include: /usr/include/ni, lib: /usr/lib/libOpenNI.so;libusb::libusb)
[18.517s] -- Found ament_lint_auto: 0.12.14 (/opt/ros/humble/share/ament_lint_auto/cmake)
[18.551s] -- Added test 'cppcheck' to perform static code analysis on C / C++ code
[18.551s] -- Configured cppcheck include dirs: /home/fireowl/fireowl_ws/fireowl_sim_drive/src/carla_lidar_mapping_ros2/include;$<BUILD_INTERFACE:/home/fireowl/fireowl_ws/fireowl_sim_drive/src/carla_lidar_mapping_ros2/include>
[18.551s] -- Configured cppcheck exclude dirs and/or files: 
[18.551s] -- Added test 'flake8' to check Python code syntax and style conventions
[18.552s] -- Added test 'lint_cmake' to check CMake code style
[18.552s] -- Added test 'pep257' to check Python code against some of the docstring style conventions in PEP 257
[18.553s] -- Added test 'uncrustify' to check C / C++ code style
[18.553s] -- Configured uncrustify additional arguments: 
[18.553s] -- Added test 'xmllint' to check XML markup files
[18.554s] -- Configuring done
[18.567s] -- Generating done
[18.571s] -- Build files have been written to: /home/fireowl/fireowl_ws/fireowl_sim_drive/build/carla_lidar_mapping_ros2
[18.581s] Invoked command in '/home/fireowl/fireowl_ws/fireowl_sim_drive/build/carla_lidar_mapping_ros2' returned '0': CMAKE_PREFIX_PATH=/opt/ros/humble /usr/bin/cmake /home/fireowl/fireowl_ws/fireowl_sim_drive/src/carla_lidar_mapping_ros2 -DCMAKE_INSTALL_PREFIX=/home/fireowl/fireowl_ws/fireowl_sim_drive/install/carla_lidar_mapping_ros2
[18.582s] Invoking command in '/home/fireowl/fireowl_ws/fireowl_sim_drive/build/carla_lidar_mapping_ros2': CMAKE_PREFIX_PATH=/opt/ros/humble /usr/bin/cmake --build /home/fireowl/fireowl_ws/fireowl_sim_drive/build/carla_lidar_mapping_ros2 -- -j12 -l12
[18.603s] [35m[1mConsolidate compiler generated dependencies of target lidar_mapping_node[0m
[18.620s] [100%] Built target lidar_mapping_node
[18.626s] Invoked command in '/home/fireowl/fireowl_ws/fireowl_sim_drive/build/carla_lidar_mapping_ros2' returned '0': CMAKE_PREFIX_PATH=/opt/ros/humble /usr/bin/cmake --build /home/fireowl/fireowl_ws/fireowl_sim_drive/build/carla_lidar_mapping_ros2 -- -j12 -l12
[18.628s] Invoking command in '/home/fireowl/fireowl_ws/fireowl_sim_drive/build/carla_lidar_mapping_ros2': CMAKE_PREFIX_PATH=/opt/ros/humble /usr/bin/cmake --install /home/fireowl/fireowl_ws/fireowl_sim_drive/build/carla_lidar_mapping_ros2
[18.631s] -- Install configuration: ""
[18.631s] -- Execute custom install script
[18.631s] -- Up-to-date symlink: /home/fireowl/fireowl_ws/fireowl_sim_drive/install/carla_lidar_mapping_ros2/lib/carla_lidar_mapping_ros2/lidar_mapping_node
[18.631s] -- Up-to-date symlink: /home/fireowl/fireowl_ws/fireowl_sim_drive/install/carla_lidar_mapping_ros2/share/carla_lidar_mapping_ros2/launch/lidar_mapping.launch.py
[18.631s] -- Up-to-date symlink: /home/fireowl/fireowl_ws/fireowl_sim_drive/install/carla_lidar_mapping_ros2/share/carla_lidar_mapping_ros2/config/objects.json
[18.632s] -- Up-to-date symlink: /home/fireowl/fireowl_ws/fireowl_sim_drive/install/carla_lidar_mapping_ros2/share/carla_lidar_mapping_ros2/rviz/mapping.rviz
[18.632s] -- Up-to-date symlink: /home/fireowl/fireowl_ws/fireowl_sim_drive/install/carla_lidar_mapping_ros2/share/ament_index/resource_index/package_run_dependencies/carla_lidar_mapping_ros2
[18.632s] -- Up-to-date symlink: /home/fireowl/fireowl_ws/fireowl_sim_drive/install/carla_lidar_mapping_ros2/share/ament_index/resource_index/parent_prefix_path/carla_lidar_mapping_ros2
[18.632s] -- Up-to-date symlink: /home/fireowl/fireowl_ws/fireowl_sim_drive/install/carla_lidar_mapping_ros2/share/carla_lidar_mapping_ros2/environment/ament_prefix_path.sh
[18.632s] -- Up-to-date symlink: /home/fireowl/fireowl_ws/fireowl_sim_drive/install/carla_lidar_mapping_ros2/share/carla_lidar_mapping_ros2/environment/ament_prefix_path.dsv
[18.632s] -- Up-to-date symlink: /home/fireowl/fireowl_ws/fireowl_sim_drive/install/carla_lidar_mapping_ros2/share/carla_lidar_mapping_ros2/environment/path.sh
[18.632s] -- Up-to-date symlink: /home/fireowl/fireowl_ws/fireowl_sim_drive/install/carla_lidar_mapping_ros2/share/carla_lidar_mapping_ros2/environment/path.dsv
[18.632s] -- Up-to-date symlink: /home/fireowl/fireowl_ws/fireowl_sim_drive/install/carla_lidar_mapping_ros2/share/carla_lidar_mapping_ros2/local_setup.bash
[18.633s] -- Up-to-date symlink: /home/fireowl/fireowl_ws/fireowl_sim_drive/install/carla_lidar_mapping_ros2/share/carla_lidar_mapping_ros2/local_setup.sh
[18.633s] -- Up-to-date symlink: /home/fireowl/fireowl_ws/fireowl_sim_drive/install/carla_lidar_mapping_ros2/share/carla_lidar_mapping_ros2/local_setup.zsh
[18.633s] -- Up-to-date symlink: /home/fireowl/fireowl_ws/fireowl_sim_drive/install/carla_lidar_mapping_ros2/share/carla_lidar_mapping_ros2/local_setup.dsv
[18.633s] -- Symlinking: /home/fireowl/fireowl_ws/fireowl_sim_drive/install/carla_lidar_mapping_ros2/share/carla_lidar_mapping_ros2/package.dsv
[18.638s] -- Up-to-date symlink: /home/fireowl/fireowl_ws/fireowl_sim_drive/install/carla_lidar_mapping_ros2/share/ament_index/resource_index/packages/carla_lidar_mapping_ros2
[18.638s] -- Up-to-date symlink: /home/fireowl/fireowl_ws/fireowl_sim_drive/install/carla_lidar_mapping_ros2/share/carla_lidar_mapping_ros2/cmake/carla_lidar_mapping_ros2Config.cmake
[18.638s] -- Up-to-date symlink: /home/fireowl/fireowl_ws/fireowl_sim_drive/install/carla_lidar_mapping_ros2/share/carla_lidar_mapping_ros2/cmake/carla_lidar_mapping_ros2Config-version.cmake
[18.638s] -- Up-to-date symlink: /home/fireowl/fireowl_ws/fireowl_sim_drive/install/carla_lidar_mapping_ros2/share/carla_lidar_mapping_ros2/package.xml
[18.639s] Invoked command in '/home/fireowl/fireowl_ws/fireowl_sim_drive/build/carla_lidar_mapping_ros2' returned '0': CMAKE_PREFIX_PATH=/opt/ros/humble /usr/bin/cmake --install /home/fireowl/fireowl_ws/fireowl_sim_drive/build/carla_lidar_mapping_ros2
