[0.241s] Invoking command in '/home/fireowl/fireowl_ws/fireowl_sim_drive/build/carla_ros_scenario_runner_types': CMAKE_PREFIX_PATH=/opt/ros/humble /usr/bin/cmake /home/fireowl/fireowl_ws/fireowl_sim_drive/src/carla_ros_scenario_runner_types -DAMENT_CMAKE_SYMLINK_INSTALL=1 -DCMAKE_INSTALL_PREFIX=/home/fireowl/fireowl_ws/fireowl_sim_drive/install/carla_ros_scenario_runner_types
[0.375s] -- The C compiler identification is GNU 11.4.0
[0.765s] -- The CXX compiler identification is GNU 11.4.0
[1.037s] -- Detecting C compiler ABI info
[1.175s] -- Detecting C compiler ABI info - done
[1.179s] -- Check for working C compiler: /usr/bin/cc - skipped
[1.180s] -- Detecting C compile features
[1.180s] -- Detecting C compile features - done
[1.181s] -- Detecting CXX compiler ABI info
[1.306s] -- Detecting CXX compiler ABI info - done
[1.310s] -- Check for working CXX compiler: /usr/bin/c++ - skipped
[1.311s] -- Detecting CXX compile features
[1.311s] -- Detecting CXX compile features - done
[1.312s] -- Found ros_environment: 3.2.2 (/opt/ros/humble/share/ros_environment/cmake)
[1.313s] -- Found ament_cmake: 1.3.12 (/opt/ros/humble/share/ament_cmake/cmake)
[1.402s] -- Found Python3: /usr/bin/python3 (found version "3.10.12") found components: Interpreter 
[1.444s] -- Override CMake install command with custom implementation using symlinks instead of copying resources
[1.456s] -- Found builtin_interfaces: 1.2.2 (/opt/ros/humble/share/builtin_interfaces/cmake)
[1.579s] -- Found rosidl_generator_c: 3.1.7 (/opt/ros/humble/share/rosidl_generator_c/cmake)
[1.581s] -- Found rosidl_adapter: 3.1.7 (/opt/ros/humble/share/rosidl_adapter/cmake)
[1.585s] -- Found rosidl_generator_cpp: 3.1.7 (/opt/ros/humble/share/rosidl_generator_cpp/cmake)
[1.592s] -- Using all available rosidl_typesupport_c: rosidl_typesupport_fastrtps_c;rosidl_typesupport_introspection_c
[1.600s] -- Using all available rosidl_typesupport_cpp: rosidl_typesupport_fastrtps_cpp;rosidl_typesupport_introspection_cpp
[1.607s] -- Found geometry_msgs: 4.9.0 (/opt/ros/humble/share/geometry_msgs/cmake)
[1.621s] -- Found rosidl_default_generators: 1.2.0 (/opt/ros/humble/share/rosidl_default_generators/cmake)
[1.775s] -- Found ament_cmake_cppcheck: 0.12.14 (/opt/ros/humble/share/ament_cmake_cppcheck/cmake)
[1.776s] -- Found ament_cmake_cpplint: 0.12.14 (/opt/ros/humble/share/ament_cmake_cpplint/cmake)
[1.777s] -- Found ament_cmake_uncrustify: 0.12.14 (/opt/ros/humble/share/ament_cmake_uncrustify/cmake)
[1.778s] -- Found ament_cmake_ros: 0.10.0 (/opt/ros/humble/share/ament_cmake_ros/cmake)
[2.027s] -- Using all available rosidl_typesupport_c: rosidl_typesupport_fastrtps_c;rosidl_typesupport_introspection_c
[2.118s] -- Using all available rosidl_typesupport_cpp: rosidl_typesupport_fastrtps_cpp;rosidl_typesupport_introspection_cpp
[2.255s] -- Found PythonInterp: /usr/bin/python3 (found suitable version "3.10.12", minimum required is "3.6") 
[2.256s] -- Found python_cmake_module: 0.10.0 (/opt/ros/humble/share/python_cmake_module/cmake)
[2.663s] -- Found PythonLibs: /usr/lib/x86_64-linux-gnu/libpython3.10.so (found suitable version "3.10.12", minimum required is "3.5") 
[2.663s] -- Using PYTHON_EXECUTABLE: /usr/bin/python3
[2.663s] -- Using PYTHON_INCLUDE_DIRS: /usr/include/python3.10
[2.663s] -- Using PYTHON_LIBRARIES: /usr/lib/x86_64-linux-gnu/libpython3.10.so
[2.674s] -- Found PythonExtra: .so  
[2.745s] -- Found ament_cmake_flake8: 0.12.14 (/opt/ros/humble/share/ament_cmake_flake8/cmake)
[2.747s] -- Found ament_cmake_pep257: 0.12.14 (/opt/ros/humble/share/ament_cmake_pep257/cmake)
[2.750s] -- Found ament_lint_auto: 0.12.14 (/opt/ros/humble/share/ament_lint_auto/cmake)
[2.759s] -- Added test 'copyright' to check source files copyright and LICENSE
[2.760s] -- Added test 'lint_cmake' to check CMake code style
[2.760s] -- Added test 'xmllint' to check XML markup files
[2.763s] -- Configuring done
[2.793s] -- Generating done
[2.801s] -- Build files have been written to: /home/fireowl/fireowl_ws/fireowl_sim_drive/build/carla_ros_scenario_runner_types
[2.811s] Invoked command in '/home/fireowl/fireowl_ws/fireowl_sim_drive/build/carla_ros_scenario_runner_types' returned '0': CMAKE_PREFIX_PATH=/opt/ros/humble /usr/bin/cmake /home/fireowl/fireowl_ws/fireowl_sim_drive/src/carla_ros_scenario_runner_types -DAMENT_CMAKE_SYMLINK_INSTALL=1 -DCMAKE_INSTALL_PREFIX=/home/fireowl/fireowl_ws/fireowl_sim_drive/install/carla_ros_scenario_runner_types
[2.812s] Invoking command in '/home/fireowl/fireowl_ws/fireowl_sim_drive/build/carla_ros_scenario_runner_types': CMAKE_PREFIX_PATH=/opt/ros/humble /usr/bin/cmake --build /home/fireowl/fireowl_ws/fireowl_sim_drive/build/carla_ros_scenario_runner_types -- -j12 -l12
[2.837s] [  1%] [34m[1mGenerating C code for ROS interfaces[0m
[2.846s] [  3%] [34m[1mGenerating C++ code for ROS interfaces[0m
[2.854s] [  3%] Built target ament_cmake_python_symlink_carla_ros_scenario_runner_types
[3.035s] running egg_info
[3.035s] creating carla_ros_scenario_runner_types.egg-info
[3.035s] writing carla_ros_scenario_runner_types.egg-info/PKG-INFO
[3.035s] writing dependency_links to carla_ros_scenario_runner_types.egg-info/dependency_links.txt
[3.035s] writing top-level names to carla_ros_scenario_runner_types.egg-info/top_level.txt
[3.035s] writing manifest file 'carla_ros_scenario_runner_types.egg-info/SOURCES.txt'
[3.036s] reading manifest file 'carla_ros_scenario_runner_types.egg-info/SOURCES.txt'
[3.038s] writing manifest file 'carla_ros_scenario_runner_types.egg-info/SOURCES.txt'
[3.064s] [  3%] Built target ament_cmake_python_build_carla_ros_scenario_runner_types_egg
[3.206s] [  3%] Built target carla_ros_scenario_runner_types__cpp
[3.215s] [  7%] [34m[1mGenerating C++ type support dispatch for ROS interfaces[0m
[3.215s] [  7%] [34m[1mGenerating C++ type support for eProsima Fast-RTPS[0m
[3.215s] [  9%] [34m[1mGenerating C++ introspection for ROS interfaces[0m
[3.231s] [ 10%] [32mBuilding C object CMakeFiles/carla_ros_scenario_runner_types__rosidl_generator_c.dir/rosidl_generator_c/carla_ros_scenario_runner_types/msg/detail/carla_scenario_list__functions.c.o[0m
[3.231s] [ 12%] [32mBuilding C object CMakeFiles/carla_ros_scenario_runner_types__rosidl_generator_c.dir/rosidl_generator_c/carla_ros_scenario_runner_types/msg/detail/carla_scenario__functions.c.o[0m
[3.231s] [ 14%] [32mBuilding C object CMakeFiles/carla_ros_scenario_runner_types__rosidl_generator_c.dir/rosidl_generator_c/carla_ros_scenario_runner_types/srv/detail/execute_scenario__functions.c.o[0m
[3.232s] [ 16%] [32mBuilding C object CMakeFiles/carla_ros_scenario_runner_types__rosidl_generator_c.dir/rosidl_generator_c/carla_ros_scenario_runner_types/msg/detail/carla_scenario_runner_status__functions.c.o[0m
[3.295s] [ 18%] [32m[1mLinking C shared library libcarla_ros_scenario_runner_types__rosidl_generator_c.so[0m
[3.590s] [ 20%] [32mBuilding CXX object CMakeFiles/carla_ros_scenario_runner_types__rosidl_typesupport_cpp.dir/rosidl_typesupport_cpp/carla_ros_scenario_runner_types/msg/carla_scenario__type_support.cpp.o[0m
[3.594s] [ 21%] [32mBuilding CXX object CMakeFiles/carla_ros_scenario_runner_types__rosidl_typesupport_cpp.dir/rosidl_typesupport_cpp/carla_ros_scenario_runner_types/msg/carla_scenario_runner_status__type_support.cpp.o[0m
[3.595s] [ 23%] [32mBuilding CXX object CMakeFiles/carla_ros_scenario_runner_types__rosidl_typesupport_cpp.dir/rosidl_typesupport_cpp/carla_ros_scenario_runner_types/srv/execute_scenario__type_support.cpp.o[0m
[3.597s] [ 25%] [32mBuilding CXX object CMakeFiles/carla_ros_scenario_runner_types__rosidl_typesupport_cpp.dir/rosidl_typesupport_cpp/carla_ros_scenario_runner_types/msg/carla_scenario_list__type_support.cpp.o[0m
[3.664s] [ 27%] [32mBuilding CXX object CMakeFiles/carla_ros_scenario_runner_types__rosidl_typesupport_fastrtps_cpp.dir/rosidl_typesupport_fastrtps_cpp/carla_ros_scenario_runner_types/msg/detail/dds_fastrtps/carla_scenario__type_support.cpp.o[0m
[3.666s] [ 29%] [32mBuilding CXX object CMakeFiles/carla_ros_scenario_runner_types__rosidl_typesupport_fastrtps_cpp.dir/rosidl_typesupport_fastrtps_cpp/carla_ros_scenario_runner_types/srv/detail/dds_fastrtps/execute_scenario__type_support.cpp.o[0m
[3.666s] [ 30%] [32mBuilding CXX object CMakeFiles/carla_ros_scenario_runner_types__rosidl_typesupport_fastrtps_cpp.dir/rosidl_typesupport_fastrtps_cpp/carla_ros_scenario_runner_types/msg/detail/dds_fastrtps/carla_scenario_list__type_support.cpp.o[0m
[3.675s] [ 32%] [32mBuilding CXX object CMakeFiles/carla_ros_scenario_runner_types__rosidl_typesupport_fastrtps_cpp.dir/rosidl_typesupport_fastrtps_cpp/carla_ros_scenario_runner_types/msg/detail/dds_fastrtps/carla_scenario_runner_status__type_support.cpp.o[0m
[3.688s] [ 34%] [32mBuilding CXX object CMakeFiles/carla_ros_scenario_runner_types__rosidl_typesupport_introspection_cpp.dir/rosidl_typesupport_introspection_cpp/carla_ros_scenario_runner_types/msg/detail/carla_scenario__type_support.cpp.o[0m
[3.689s] [ 36%] [32mBuilding CXX object CMakeFiles/carla_ros_scenario_runner_types__rosidl_typesupport_introspection_cpp.dir/rosidl_typesupport_introspection_cpp/carla_ros_scenario_runner_types/msg/detail/carla_scenario_list__type_support.cpp.o[0m
[3.696s] [ 38%] [32mBuilding CXX object CMakeFiles/carla_ros_scenario_runner_types__rosidl_typesupport_introspection_cpp.dir/rosidl_typesupport_introspection_cpp/carla_ros_scenario_runner_types/msg/detail/carla_scenario_runner_status__type_support.cpp.o[0m
[4.019s] [ 40%] [32mBuilding CXX object CMakeFiles/carla_ros_scenario_runner_types__rosidl_typesupport_introspection_cpp.dir/rosidl_typesupport_introspection_cpp/carla_ros_scenario_runner_types/srv/detail/execute_scenario__type_support.cpp.o[0m
[4.192s] [ 41%] [32m[1mLinking CXX shared library libcarla_ros_scenario_runner_types__rosidl_typesupport_cpp.so[0m
[4.212s] [ 41%] Built target carla_ros_scenario_runner_types__rosidl_generator_c
[4.233s] [ 43%] [34m[1mGenerating C type support for eProsima Fast-RTPS[0m
[4.239s] [ 45%] [34m[1mGenerating C type support dispatch for ROS interfaces[0m
[4.244s] [ 47%] [34m[1mGenerating C introspection for ROS interfaces[0m
[4.372s] [ 49%] [32m[1mLinking CXX shared library libcarla_ros_scenario_runner_types__rosidl_typesupport_fastrtps_cpp.so[0m
[4.418s] [ 50%] [32m[1mLinking CXX shared library libcarla_ros_scenario_runner_types__rosidl_typesupport_introspection_cpp.so[0m
[4.514s] [ 50%] Built target carla_ros_scenario_runner_types__rosidl_typesupport_cpp
[4.554s] [ 50%] Built target carla_ros_scenario_runner_types__rosidl_typesupport_fastrtps_cpp
[4.587s] [ 52%] [32mBuilding CXX object CMakeFiles/carla_ros_scenario_runner_types__rosidl_typesupport_c.dir/rosidl_typesupport_c/carla_ros_scenario_runner_types/msg/carla_scenario_list__type_support.cpp.o[0m
[4.587s] [ 54%] [32mBuilding CXX object CMakeFiles/carla_ros_scenario_runner_types__rosidl_typesupport_c.dir/rosidl_typesupport_c/carla_ros_scenario_runner_types/msg/carla_scenario__type_support.cpp.o[0m
[4.588s] [ 56%] [32mBuilding CXX object CMakeFiles/carla_ros_scenario_runner_types__rosidl_typesupport_c.dir/rosidl_typesupport_c/carla_ros_scenario_runner_types/msg/carla_scenario_runner_status__type_support.cpp.o[0m
[4.588s] [ 58%] [32mBuilding CXX object CMakeFiles/carla_ros_scenario_runner_types__rosidl_typesupport_c.dir/rosidl_typesupport_c/carla_ros_scenario_runner_types/srv/execute_scenario__type_support.cpp.o[0m
[4.618s] [ 60%] [32m[1mLinking CXX shared library libcarla_ros_scenario_runner_types__rosidl_typesupport_c.so[0m
[4.620s] [ 61%] [32mBuilding C object CMakeFiles/carla_ros_scenario_runner_types__rosidl_typesupport_introspection_c.dir/rosidl_typesupport_introspection_c/carla_ros_scenario_runner_types/msg/detail/carla_scenario_list__type_support.c.o[0m
[4.620s] [ 63%] [32mBuilding C object CMakeFiles/carla_ros_scenario_runner_types__rosidl_typesupport_introspection_c.dir/rosidl_typesupport_introspection_c/carla_ros_scenario_runner_types/msg/detail/carla_scenario__type_support.c.o[0m
[4.621s] [ 65%] [32mBuilding C object CMakeFiles/carla_ros_scenario_runner_types__rosidl_typesupport_introspection_c.dir/rosidl_typesupport_introspection_c/carla_ros_scenario_runner_types/msg/detail/carla_scenario_runner_status__type_support.c.o[0m
[4.624s] [ 67%] [32mBuilding C object CMakeFiles/carla_ros_scenario_runner_types__rosidl_typesupport_introspection_c.dir/rosidl_typesupport_introspection_c/carla_ros_scenario_runner_types/srv/detail/execute_scenario__type_support.c.o[0m
[4.652s] [ 67%] Built target carla_ros_scenario_runner_types__rosidl_typesupport_introspection_cpp
[4.658s] [ 69%] [32m[1mLinking C shared library libcarla_ros_scenario_runner_types__rosidl_typesupport_introspection_c.so[0m
[4.663s] [ 70%] [32mBuilding CXX object CMakeFiles/carla_ros_scenario_runner_types__rosidl_typesupport_fastrtps_c.dir/rosidl_typesupport_fastrtps_c/carla_ros_scenario_runner_types/msg/detail/carla_scenario_list__type_support_c.cpp.o[0m
[4.663s] [ 72%] [32mBuilding CXX object CMakeFiles/carla_ros_scenario_runner_types__rosidl_typesupport_fastrtps_c.dir/rosidl_typesupport_fastrtps_c/carla_ros_scenario_runner_types/msg/detail/carla_scenario__type_support_c.cpp.o[0m
[4.663s] [ 74%] [32mBuilding CXX object CMakeFiles/carla_ros_scenario_runner_types__rosidl_typesupport_fastrtps_c.dir/rosidl_typesupport_fastrtps_c/carla_ros_scenario_runner_types/srv/detail/execute_scenario__type_support_c.cpp.o[0m
[4.663s] [ 76%] [32mBuilding CXX object CMakeFiles/carla_ros_scenario_runner_types__rosidl_typesupport_fastrtps_c.dir/rosidl_typesupport_fastrtps_c/carla_ros_scenario_runner_types/msg/detail/carla_scenario_runner_status__type_support_c.cpp.o[0m
[4.933s] [ 76%] Built target carla_ros_scenario_runner_types__rosidl_typesupport_introspection_c
[4.945s] [ 76%] Built target carla_ros_scenario_runner_types__rosidl_typesupport_c
[4.976s] [ 78%] [32m[1mLinking CXX shared library libcarla_ros_scenario_runner_types__rosidl_typesupport_fastrtps_c.so[0m
[5.123s] [ 78%] Built target carla_ros_scenario_runner_types__rosidl_typesupport_fastrtps_c
[5.139s] [ 78%] Built target carla_ros_scenario_runner_types
[5.152s] [ 80%] [34m[1mGenerating Python code for ROS interfaces[0m
[5.678s] [ 80%] Built target carla_ros_scenario_runner_types__py
[5.693s] [ 81%] [32mBuilding C object CMakeFiles/carla_ros_scenario_runner_types__rosidl_generator_py.dir/rosidl_generator_py/carla_ros_scenario_runner_types/msg/_carla_scenario_s.c.o[0m
[5.697s] [ 83%] [32mBuilding C object CMakeFiles/carla_ros_scenario_runner_types__rosidl_generator_py.dir/rosidl_generator_py/carla_ros_scenario_runner_types/msg/_carla_scenario_runner_status_s.c.o[0m
[5.700s] [ 85%] [32mBuilding C object CMakeFiles/carla_ros_scenario_runner_types__rosidl_generator_py.dir/rosidl_generator_py/carla_ros_scenario_runner_types/msg/_carla_scenario_list_s.c.o[0m
[5.700s] [ 87%] [32mBuilding C object CMakeFiles/carla_ros_scenario_runner_types__rosidl_generator_py.dir/rosidl_generator_py/carla_ros_scenario_runner_types/srv/_execute_scenario_s.c.o[0m
[5.845s] [ 89%] [32m[1mLinking C shared library rosidl_generator_py/carla_ros_scenario_runner_types/libcarla_ros_scenario_runner_types__rosidl_generator_py.so[0m
[6.236s] [ 89%] Built target carla_ros_scenario_runner_types__rosidl_generator_py
[6.256s] [ 90%] [32mBuilding C object CMakeFiles/carla_ros_scenario_runner_types__rosidl_typesupport_fastrtps_c__pyext.dir/rosidl_generator_py/carla_ros_scenario_runner_types/_carla_ros_scenario_runner_types_s.ep.rosidl_typesupport_fastrtps_c.c.o[0m
[6.264s] [ 92%] [32mBuilding C object CMakeFiles/carla_ros_scenario_runner_types__rosidl_typesupport_introspection_c__pyext.dir/rosidl_generator_py/carla_ros_scenario_runner_types/_carla_ros_scenario_runner_types_s.ep.rosidl_typesupport_introspection_c.c.o[0m
[6.265s] [ 94%] [32mBuilding C object CMakeFiles/carla_ros_scenario_runner_types__rosidl_typesupport_c__pyext.dir/rosidl_generator_py/carla_ros_scenario_runner_types/_carla_ros_scenario_runner_types_s.ep.rosidl_typesupport_c.c.o[0m
[6.364s] [ 96%] [32m[1mLinking C shared library rosidl_generator_py/carla_ros_scenario_runner_types/carla_ros_scenario_runner_types_s__rosidl_typesupport_fastrtps_c.cpython-310-x86_64-linux-gnu.so[0m
[6.384s] [ 98%] [32m[1mLinking C shared library rosidl_generator_py/carla_ros_scenario_runner_types/carla_ros_scenario_runner_types_s__rosidl_typesupport_introspection_c.cpython-310-x86_64-linux-gnu.so[0m
[6.385s] [100%] [32m[1mLinking C shared library rosidl_generator_py/carla_ros_scenario_runner_types/carla_ros_scenario_runner_types_s__rosidl_typesupport_c.cpython-310-x86_64-linux-gnu.so[0m
[6.557s] [100%] Built target carla_ros_scenario_runner_types__rosidl_typesupport_fastrtps_c__pyext
[6.647s] [100%] Built target carla_ros_scenario_runner_types__rosidl_typesupport_introspection_c__pyext
[6.677s] [100%] Built target carla_ros_scenario_runner_types__rosidl_typesupport_c__pyext
[6.712s] Invoked command in '/home/fireowl/fireowl_ws/fireowl_sim_drive/build/carla_ros_scenario_runner_types' returned '0': CMAKE_PREFIX_PATH=/opt/ros/humble /usr/bin/cmake --build /home/fireowl/fireowl_ws/fireowl_sim_drive/build/carla_ros_scenario_runner_types -- -j12 -l12
[6.713s] Invoking command in '/home/fireowl/fireowl_ws/fireowl_sim_drive/build/carla_ros_scenario_runner_types': CMAKE_PREFIX_PATH=/opt/ros/humble /usr/bin/cmake --install /home/fireowl/fireowl_ws/fireowl_sim_drive/build/carla_ros_scenario_runner_types
[6.714s] -- Install configuration: ""
[6.714s] -- Execute custom install script
[6.715s] -- Symlinking: /home/fireowl/fireowl_ws/fireowl_sim_drive/install/carla_ros_scenario_runner_types/share/ament_index/resource_index/rosidl_interfaces/carla_ros_scenario_runner_types
[6.730s] -- Symlinking: /home/fireowl/fireowl_ws/fireowl_sim_drive/install/carla_ros_scenario_runner_types/include/carla_ros_scenario_runner_types/carla_ros_scenario_runner_types/msg/carla_scenario.h
[6.741s] -- Symlinking: /home/fireowl/fireowl_ws/fireowl_sim_drive/install/carla_ros_scenario_runner_types/include/carla_ros_scenario_runner_types/carla_ros_scenario_runner_types/msg/carla_scenario_list.h
[6.752s] -- Symlinking: /home/fireowl/fireowl_ws/fireowl_sim_drive/install/carla_ros_scenario_runner_types/include/carla_ros_scenario_runner_types/carla_ros_scenario_runner_types/msg/carla_scenario_runner_status.h
[6.765s] -- Symlinking: /home/fireowl/fireowl_ws/fireowl_sim_drive/install/carla_ros_scenario_runner_types/include/carla_ros_scenario_runner_types/carla_ros_scenario_runner_types/msg/detail/carla_scenario__functions.h
[6.775s] -- Symlinking: /home/fireowl/fireowl_ws/fireowl_sim_drive/install/carla_ros_scenario_runner_types/include/carla_ros_scenario_runner_types/carla_ros_scenario_runner_types/msg/detail/carla_scenario__struct.h
[6.783s] -- Symlinking: /home/fireowl/fireowl_ws/fireowl_sim_drive/install/carla_ros_scenario_runner_types/include/carla_ros_scenario_runner_types/carla_ros_scenario_runner_types/msg/detail/carla_scenario__type_support.h
[6.794s] -- Symlinking: /home/fireowl/fireowl_ws/fireowl_sim_drive/install/carla_ros_scenario_runner_types/include/carla_ros_scenario_runner_types/carla_ros_scenario_runner_types/msg/detail/carla_scenario_list__functions.h
[6.802s] -- Symlinking: /home/fireowl/fireowl_ws/fireowl_sim_drive/install/carla_ros_scenario_runner_types/include/carla_ros_scenario_runner_types/carla_ros_scenario_runner_types/msg/detail/carla_scenario_list__struct.h
[6.814s] -- Symlinking: /home/fireowl/fireowl_ws/fireowl_sim_drive/install/carla_ros_scenario_runner_types/include/carla_ros_scenario_runner_types/carla_ros_scenario_runner_types/msg/detail/carla_scenario_list__type_support.h
[6.827s] -- Symlinking: /home/fireowl/fireowl_ws/fireowl_sim_drive/install/carla_ros_scenario_runner_types/include/carla_ros_scenario_runner_types/carla_ros_scenario_runner_types/msg/detail/carla_scenario_runner_status__functions.h
[6.836s] -- Symlinking: /home/fireowl/fireowl_ws/fireowl_sim_drive/install/carla_ros_scenario_runner_types/include/carla_ros_scenario_runner_types/carla_ros_scenario_runner_types/msg/detail/carla_scenario_runner_status__struct.h
[6.852s] -- Symlinking: /home/fireowl/fireowl_ws/fireowl_sim_drive/install/carla_ros_scenario_runner_types/include/carla_ros_scenario_runner_types/carla_ros_scenario_runner_types/msg/detail/carla_scenario_runner_status__type_support.h
[6.859s] -- Symlinking: /home/fireowl/fireowl_ws/fireowl_sim_drive/install/carla_ros_scenario_runner_types/include/carla_ros_scenario_runner_types/carla_ros_scenario_runner_types/msg/rosidl_generator_c__visibility_control.h
[6.868s] -- Symlinking: /home/fireowl/fireowl_ws/fireowl_sim_drive/install/carla_ros_scenario_runner_types/include/carla_ros_scenario_runner_types/carla_ros_scenario_runner_types/srv/detail/execute_scenario__functions.h
[6.882s] -- Symlinking: /home/fireowl/fireowl_ws/fireowl_sim_drive/install/carla_ros_scenario_runner_types/include/carla_ros_scenario_runner_types/carla_ros_scenario_runner_types/srv/detail/execute_scenario__struct.h
[6.891s] -- Symlinking: /home/fireowl/fireowl_ws/fireowl_sim_drive/install/carla_ros_scenario_runner_types/include/carla_ros_scenario_runner_types/carla_ros_scenario_runner_types/srv/detail/execute_scenario__type_support.h
[6.900s] -- Symlinking: /home/fireowl/fireowl_ws/fireowl_sim_drive/install/carla_ros_scenario_runner_types/include/carla_ros_scenario_runner_types/carla_ros_scenario_runner_types/srv/execute_scenario.h
[6.918s] -- Symlinking: /home/fireowl/fireowl_ws/fireowl_sim_drive/install/carla_ros_scenario_runner_types/share/carla_ros_scenario_runner_types/environment/library_path.sh
[6.932s] -- Symlinking: /home/fireowl/fireowl_ws/fireowl_sim_drive/install/carla_ros_scenario_runner_types/share/carla_ros_scenario_runner_types/environment/library_path.dsv
[6.943s] -- Symlinking: /home/fireowl/fireowl_ws/fireowl_sim_drive/install/carla_ros_scenario_runner_types/include/carla_ros_scenario_runner_types/carla_ros_scenario_runner_types/msg/detail/carla_scenario__rosidl_typesupport_fastrtps_c.h
[6.950s] -- Symlinking: /home/fireowl/fireowl_ws/fireowl_sim_drive/install/carla_ros_scenario_runner_types/include/carla_ros_scenario_runner_types/carla_ros_scenario_runner_types/msg/detail/carla_scenario_list__rosidl_typesupport_fastrtps_c.h
[6.968s] -- Symlinking: /home/fireowl/fireowl_ws/fireowl_sim_drive/install/carla_ros_scenario_runner_types/include/carla_ros_scenario_runner_types/carla_ros_scenario_runner_types/msg/detail/carla_scenario_runner_status__rosidl_typesupport_fastrtps_c.h
[6.984s] -- Symlinking: /home/fireowl/fireowl_ws/fireowl_sim_drive/install/carla_ros_scenario_runner_types/include/carla_ros_scenario_runner_types/carla_ros_scenario_runner_types/msg/rosidl_typesupport_fastrtps_c__visibility_control.h
[6.998s] -- Symlinking: /home/fireowl/fireowl_ws/fireowl_sim_drive/install/carla_ros_scenario_runner_types/include/carla_ros_scenario_runner_types/carla_ros_scenario_runner_types/srv/detail/execute_scenario__rosidl_typesupport_fastrtps_c.h
[7.007s] -- Symlinking: /home/fireowl/fireowl_ws/fireowl_sim_drive/install/carla_ros_scenario_runner_types/include/carla_ros_scenario_runner_types/carla_ros_scenario_runner_types/msg/carla_scenario.hpp
[7.018s] -- Symlinking: /home/fireowl/fireowl_ws/fireowl_sim_drive/install/carla_ros_scenario_runner_types/include/carla_ros_scenario_runner_types/carla_ros_scenario_runner_types/msg/carla_scenario_list.hpp
[7.034s] -- Symlinking: /home/fireowl/fireowl_ws/fireowl_sim_drive/install/carla_ros_scenario_runner_types/include/carla_ros_scenario_runner_types/carla_ros_scenario_runner_types/msg/carla_scenario_runner_status.hpp
[7.051s] -- Symlinking: /home/fireowl/fireowl_ws/fireowl_sim_drive/install/carla_ros_scenario_runner_types/include/carla_ros_scenario_runner_types/carla_ros_scenario_runner_types/msg/detail/carla_scenario__builder.hpp
[7.067s] -- Symlinking: /home/fireowl/fireowl_ws/fireowl_sim_drive/install/carla_ros_scenario_runner_types/include/carla_ros_scenario_runner_types/carla_ros_scenario_runner_types/msg/detail/carla_scenario__struct.hpp
[7.076s] -- Symlinking: /home/fireowl/fireowl_ws/fireowl_sim_drive/install/carla_ros_scenario_runner_types/include/carla_ros_scenario_runner_types/carla_ros_scenario_runner_types/msg/detail/carla_scenario__traits.hpp
[7.087s] -- Symlinking: /home/fireowl/fireowl_ws/fireowl_sim_drive/install/carla_ros_scenario_runner_types/include/carla_ros_scenario_runner_types/carla_ros_scenario_runner_types/msg/detail/carla_scenario__type_support.hpp
[7.100s] -- Symlinking: /home/fireowl/fireowl_ws/fireowl_sim_drive/install/carla_ros_scenario_runner_types/include/carla_ros_scenario_runner_types/carla_ros_scenario_runner_types/msg/detail/carla_scenario_list__builder.hpp
[7.107s] -- Symlinking: /home/fireowl/fireowl_ws/fireowl_sim_drive/install/carla_ros_scenario_runner_types/include/carla_ros_scenario_runner_types/carla_ros_scenario_runner_types/msg/detail/carla_scenario_list__struct.hpp
[7.124s] -- Symlinking: /home/fireowl/fireowl_ws/fireowl_sim_drive/install/carla_ros_scenario_runner_types/include/carla_ros_scenario_runner_types/carla_ros_scenario_runner_types/msg/detail/carla_scenario_list__traits.hpp
[7.136s] -- Symlinking: /home/fireowl/fireowl_ws/fireowl_sim_drive/install/carla_ros_scenario_runner_types/include/carla_ros_scenario_runner_types/carla_ros_scenario_runner_types/msg/detail/carla_scenario_list__type_support.hpp
[7.145s] -- Symlinking: /home/fireowl/fireowl_ws/fireowl_sim_drive/install/carla_ros_scenario_runner_types/include/carla_ros_scenario_runner_types/carla_ros_scenario_runner_types/msg/detail/carla_scenario_runner_status__builder.hpp
[7.156s] -- Symlinking: /home/fireowl/fireowl_ws/fireowl_sim_drive/install/carla_ros_scenario_runner_types/include/carla_ros_scenario_runner_types/carla_ros_scenario_runner_types/msg/detail/carla_scenario_runner_status__struct.hpp
[7.163s] -- Symlinking: /home/fireowl/fireowl_ws/fireowl_sim_drive/install/carla_ros_scenario_runner_types/include/carla_ros_scenario_runner_types/carla_ros_scenario_runner_types/msg/detail/carla_scenario_runner_status__traits.hpp
[7.171s] -- Symlinking: /home/fireowl/fireowl_ws/fireowl_sim_drive/install/carla_ros_scenario_runner_types/include/carla_ros_scenario_runner_types/carla_ros_scenario_runner_types/msg/detail/carla_scenario_runner_status__type_support.hpp
[7.180s] -- Symlinking: /home/fireowl/fireowl_ws/fireowl_sim_drive/install/carla_ros_scenario_runner_types/include/carla_ros_scenario_runner_types/carla_ros_scenario_runner_types/msg/rosidl_generator_cpp__visibility_control.hpp
[7.192s] -- Symlinking: /home/fireowl/fireowl_ws/fireowl_sim_drive/install/carla_ros_scenario_runner_types/include/carla_ros_scenario_runner_types/carla_ros_scenario_runner_types/srv/detail/execute_scenario__builder.hpp
[7.204s] -- Symlinking: /home/fireowl/fireowl_ws/fireowl_sim_drive/install/carla_ros_scenario_runner_types/include/carla_ros_scenario_runner_types/carla_ros_scenario_runner_types/srv/detail/execute_scenario__struct.hpp
[7.220s] -- Symlinking: /home/fireowl/fireowl_ws/fireowl_sim_drive/install/carla_ros_scenario_runner_types/include/carla_ros_scenario_runner_types/carla_ros_scenario_runner_types/srv/detail/execute_scenario__traits.hpp
[7.230s] -- Symlinking: /home/fireowl/fireowl_ws/fireowl_sim_drive/install/carla_ros_scenario_runner_types/include/carla_ros_scenario_runner_types/carla_ros_scenario_runner_types/srv/detail/execute_scenario__type_support.hpp
[7.242s] -- Symlinking: /home/fireowl/fireowl_ws/fireowl_sim_drive/install/carla_ros_scenario_runner_types/include/carla_ros_scenario_runner_types/carla_ros_scenario_runner_types/srv/execute_scenario.hpp
[7.260s] -- Symlinking: /home/fireowl/fireowl_ws/fireowl_sim_drive/install/carla_ros_scenario_runner_types/include/carla_ros_scenario_runner_types/carla_ros_scenario_runner_types/msg/detail/carla_scenario__rosidl_typesupport_fastrtps_cpp.hpp
[7.273s] -- Symlinking: /home/fireowl/fireowl_ws/fireowl_sim_drive/install/carla_ros_scenario_runner_types/include/carla_ros_scenario_runner_types/carla_ros_scenario_runner_types/msg/detail/carla_scenario_list__rosidl_typesupport_fastrtps_cpp.hpp
[7.284s] -- Symlinking: /home/fireowl/fireowl_ws/fireowl_sim_drive/install/carla_ros_scenario_runner_types/include/carla_ros_scenario_runner_types/carla_ros_scenario_runner_types/msg/detail/carla_scenario_runner_status__rosidl_typesupport_fastrtps_cpp.hpp
[7.305s] -- Symlinking: /home/fireowl/fireowl_ws/fireowl_sim_drive/install/carla_ros_scenario_runner_types/include/carla_ros_scenario_runner_types/carla_ros_scenario_runner_types/msg/rosidl_typesupport_fastrtps_cpp__visibility_control.h
[7.311s] -- Symlinking: /home/fireowl/fireowl_ws/fireowl_sim_drive/install/carla_ros_scenario_runner_types/include/carla_ros_scenario_runner_types/carla_ros_scenario_runner_types/srv/detail/execute_scenario__rosidl_typesupport_fastrtps_cpp.hpp
[7.326s] -- Symlinking: /home/fireowl/fireowl_ws/fireowl_sim_drive/install/carla_ros_scenario_runner_types/include/carla_ros_scenario_runner_types/carla_ros_scenario_runner_types/msg/detail/carla_scenario__rosidl_typesupport_introspection_c.h
[7.339s] -- Symlinking: /home/fireowl/fireowl_ws/fireowl_sim_drive/install/carla_ros_scenario_runner_types/include/carla_ros_scenario_runner_types/carla_ros_scenario_runner_types/msg/detail/carla_scenario_list__rosidl_typesupport_introspection_c.h
[7.357s] -- Symlinking: /home/fireowl/fireowl_ws/fireowl_sim_drive/install/carla_ros_scenario_runner_types/include/carla_ros_scenario_runner_types/carla_ros_scenario_runner_types/msg/detail/carla_scenario_runner_status__rosidl_typesupport_introspection_c.h
[7.366s] -- Symlinking: /home/fireowl/fireowl_ws/fireowl_sim_drive/install/carla_ros_scenario_runner_types/include/carla_ros_scenario_runner_types/carla_ros_scenario_runner_types/msg/rosidl_typesupport_introspection_c__visibility_control.h
[7.374s] -- Symlinking: /home/fireowl/fireowl_ws/fireowl_sim_drive/install/carla_ros_scenario_runner_types/include/carla_ros_scenario_runner_types/carla_ros_scenario_runner_types/srv/detail/execute_scenario__rosidl_typesupport_introspection_c.h
[7.382s] -- Symlinking: /home/fireowl/fireowl_ws/fireowl_sim_drive/install/carla_ros_scenario_runner_types/include/carla_ros_scenario_runner_types/carla_ros_scenario_runner_types/msg/detail/carla_scenario__rosidl_typesupport_introspection_cpp.hpp
[7.391s] -- Symlinking: /home/fireowl/fireowl_ws/fireowl_sim_drive/install/carla_ros_scenario_runner_types/include/carla_ros_scenario_runner_types/carla_ros_scenario_runner_types/msg/detail/carla_scenario_list__rosidl_typesupport_introspection_cpp.hpp
[7.406s] -- Symlinking: /home/fireowl/fireowl_ws/fireowl_sim_drive/install/carla_ros_scenario_runner_types/include/carla_ros_scenario_runner_types/carla_ros_scenario_runner_types/msg/detail/carla_scenario_runner_status__rosidl_typesupport_introspection_cpp.hpp
[7.417s] -- Symlinking: /home/fireowl/fireowl_ws/fireowl_sim_drive/install/carla_ros_scenario_runner_types/include/carla_ros_scenario_runner_types/carla_ros_scenario_runner_types/srv/detail/execute_scenario__rosidl_typesupport_introspection_cpp.hpp
[7.429s] -- Symlinking: /home/fireowl/fireowl_ws/fireowl_sim_drive/install/carla_ros_scenario_runner_types/share/carla_ros_scenario_runner_types/environment/pythonpath.sh
[7.436s] -- Symlinking: /home/fireowl/fireowl_ws/fireowl_sim_drive/install/carla_ros_scenario_runner_types/share/carla_ros_scenario_runner_types/environment/pythonpath.dsv
[7.445s] -- Symlinking: /home/fireowl/fireowl_ws/fireowl_sim_drive/install/carla_ros_scenario_runner_types/local/lib/python3.10/dist-packages/carla_ros_scenario_runner_types-0.1.0-py3.10.egg-info/PKG-INFO
[7.456s] -- Symlinking: /home/fireowl/fireowl_ws/fireowl_sim_drive/install/carla_ros_scenario_runner_types/local/lib/python3.10/dist-packages/carla_ros_scenario_runner_types-0.1.0-py3.10.egg-info/SOURCES.txt
[7.470s] -- Symlinking: /home/fireowl/fireowl_ws/fireowl_sim_drive/install/carla_ros_scenario_runner_types/local/lib/python3.10/dist-packages/carla_ros_scenario_runner_types-0.1.0-py3.10.egg-info/dependency_links.txt
[7.481s] -- Symlinking: /home/fireowl/fireowl_ws/fireowl_sim_drive/install/carla_ros_scenario_runner_types/local/lib/python3.10/dist-packages/carla_ros_scenario_runner_types-0.1.0-py3.10.egg-info/top_level.txt
[7.491s] -- Symlinking: /home/fireowl/fireowl_ws/fireowl_sim_drive/install/carla_ros_scenario_runner_types/local/lib/python3.10/dist-packages/carla_ros_scenario_runner_types/__init__.py
[7.500s] -- Symlinking: /home/fireowl/fireowl_ws/fireowl_sim_drive/install/carla_ros_scenario_runner_types/local/lib/python3.10/dist-packages/carla_ros_scenario_runner_types/_carla_ros_scenario_runner_types_s.ep.rosidl_typesupport_c.c
[7.507s] -- Symlinking: /home/fireowl/fireowl_ws/fireowl_sim_drive/install/carla_ros_scenario_runner_types/local/lib/python3.10/dist-packages/carla_ros_scenario_runner_types/_carla_ros_scenario_runner_types_s.ep.rosidl_typesupport_fastrtps_c.c
[7.518s] -- Symlinking: /home/fireowl/fireowl_ws/fireowl_sim_drive/install/carla_ros_scenario_runner_types/local/lib/python3.10/dist-packages/carla_ros_scenario_runner_types/_carla_ros_scenario_runner_types_s.ep.rosidl_typesupport_introspection_c.c
[7.526s] -- Symlinking: /home/fireowl/fireowl_ws/fireowl_sim_drive/install/carla_ros_scenario_runner_types/local/lib/python3.10/dist-packages/carla_ros_scenario_runner_types/carla_ros_scenario_runner_types_s__rosidl_typesupport_c.cpython-310-x86_64-linux-gnu.so
[7.544s] -- Symlinking: /home/fireowl/fireowl_ws/fireowl_sim_drive/install/carla_ros_scenario_runner_types/local/lib/python3.10/dist-packages/carla_ros_scenario_runner_types/carla_ros_scenario_runner_types_s__rosidl_typesupport_fastrtps_c.cpython-310-x86_64-linux-gnu.so
[7.550s] -- Symlinking: /home/fireowl/fireowl_ws/fireowl_sim_drive/install/carla_ros_scenario_runner_types/local/lib/python3.10/dist-packages/carla_ros_scenario_runner_types/carla_ros_scenario_runner_types_s__rosidl_typesupport_introspection_c.cpython-310-x86_64-linux-gnu.so
[7.559s] -- Symlinking: /home/fireowl/fireowl_ws/fireowl_sim_drive/install/carla_ros_scenario_runner_types/local/lib/python3.10/dist-packages/carla_ros_scenario_runner_types/libcarla_ros_scenario_runner_types__rosidl_generator_py.so
[7.569s] -- Symlinking: /home/fireowl/fireowl_ws/fireowl_sim_drive/install/carla_ros_scenario_runner_types/local/lib/python3.10/dist-packages/carla_ros_scenario_runner_types/msg/__init__.py
[7.577s] -- Symlinking: /home/fireowl/fireowl_ws/fireowl_sim_drive/install/carla_ros_scenario_runner_types/local/lib/python3.10/dist-packages/carla_ros_scenario_runner_types/msg/_carla_scenario.py
[7.585s] -- Symlinking: /home/fireowl/fireowl_ws/fireowl_sim_drive/install/carla_ros_scenario_runner_types/local/lib/python3.10/dist-packages/carla_ros_scenario_runner_types/msg/_carla_scenario_list.py
[7.595s] -- Symlinking: /home/fireowl/fireowl_ws/fireowl_sim_drive/install/carla_ros_scenario_runner_types/local/lib/python3.10/dist-packages/carla_ros_scenario_runner_types/msg/_carla_scenario_list_s.c
[7.606s] -- Symlinking: /home/fireowl/fireowl_ws/fireowl_sim_drive/install/carla_ros_scenario_runner_types/local/lib/python3.10/dist-packages/carla_ros_scenario_runner_types/msg/_carla_scenario_runner_status.py
[7.619s] -- Symlinking: /home/fireowl/fireowl_ws/fireowl_sim_drive/install/carla_ros_scenario_runner_types/local/lib/python3.10/dist-packages/carla_ros_scenario_runner_types/msg/_carla_scenario_runner_status_s.c
[7.629s] -- Symlinking: /home/fireowl/fireowl_ws/fireowl_sim_drive/install/carla_ros_scenario_runner_types/local/lib/python3.10/dist-packages/carla_ros_scenario_runner_types/msg/_carla_scenario_s.c
[7.661s] -- Symlinking: /home/fireowl/fireowl_ws/fireowl_sim_drive/install/carla_ros_scenario_runner_types/local/lib/python3.10/dist-packages/carla_ros_scenario_runner_types/srv/__init__.py
[7.671s] -- Symlinking: /home/fireowl/fireowl_ws/fireowl_sim_drive/install/carla_ros_scenario_runner_types/local/lib/python3.10/dist-packages/carla_ros_scenario_runner_types/srv/_execute_scenario.py
[7.689s] -- Symlinking: /home/fireowl/fireowl_ws/fireowl_sim_drive/install/carla_ros_scenario_runner_types/local/lib/python3.10/dist-packages/carla_ros_scenario_runner_types/srv/_execute_scenario_s.c
[7.703s] -- Up-to-date symlink: /home/fireowl/fireowl_ws/fireowl_sim_drive/install/carla_ros_scenario_runner_types/local/lib/python3.10/dist-packages/carla_ros_scenario_runner_types/carla_ros_scenario_runner_types_s__rosidl_typesupport_fastrtps_c.cpython-310-x86_64-linux-gnu.so
[7.704s] -- Up-to-date symlink: /home/fireowl/fireowl_ws/fireowl_sim_drive/install/carla_ros_scenario_runner_types/local/lib/python3.10/dist-packages/carla_ros_scenario_runner_types/carla_ros_scenario_runner_types_s__rosidl_typesupport_introspection_c.cpython-310-x86_64-linux-gnu.so
[7.705s] -- Up-to-date symlink: /home/fireowl/fireowl_ws/fireowl_sim_drive/install/carla_ros_scenario_runner_types/local/lib/python3.10/dist-packages/carla_ros_scenario_runner_types/carla_ros_scenario_runner_types_s__rosidl_typesupport_c.cpython-310-x86_64-linux-gnu.so
[7.706s] -- Symlinking: /home/fireowl/fireowl_ws/fireowl_sim_drive/install/carla_ros_scenario_runner_types/share/carla_ros_scenario_runner_types/msg/CarlaScenario.idl
[7.719s] -- Symlinking: /home/fireowl/fireowl_ws/fireowl_sim_drive/install/carla_ros_scenario_runner_types/share/carla_ros_scenario_runner_types/msg/CarlaScenarioList.idl
[7.731s] -- Symlinking: /home/fireowl/fireowl_ws/fireowl_sim_drive/install/carla_ros_scenario_runner_types/share/carla_ros_scenario_runner_types/msg/CarlaScenarioRunnerStatus.idl
[7.747s] -- Symlinking: /home/fireowl/fireowl_ws/fireowl_sim_drive/install/carla_ros_scenario_runner_types/share/carla_ros_scenario_runner_types/srv/ExecuteScenario.idl
[7.756s] -- Symlinking: /home/fireowl/fireowl_ws/fireowl_sim_drive/install/carla_ros_scenario_runner_types/share/carla_ros_scenario_runner_types/msg/CarlaScenario.msg
[7.773s] -- Symlinking: /home/fireowl/fireowl_ws/fireowl_sim_drive/install/carla_ros_scenario_runner_types/share/carla_ros_scenario_runner_types/msg/CarlaScenarioList.msg
[7.785s] -- Symlinking: /home/fireowl/fireowl_ws/fireowl_sim_drive/install/carla_ros_scenario_runner_types/share/carla_ros_scenario_runner_types/msg/CarlaScenarioRunnerStatus.msg
[7.793s] -- Symlinking: /home/fireowl/fireowl_ws/fireowl_sim_drive/install/carla_ros_scenario_runner_types/share/carla_ros_scenario_runner_types/srv/ExecuteScenario.srv
[7.801s] -- Symlinking: /home/fireowl/fireowl_ws/fireowl_sim_drive/install/carla_ros_scenario_runner_types/share/carla_ros_scenario_runner_types/srv/ExecuteScenario_Request.msg
[7.809s] -- Symlinking: /home/fireowl/fireowl_ws/fireowl_sim_drive/install/carla_ros_scenario_runner_types/share/carla_ros_scenario_runner_types/srv/ExecuteScenario_Response.msg
[7.822s] -- Symlinking: /home/fireowl/fireowl_ws/fireowl_sim_drive/install/carla_ros_scenario_runner_types/share/ament_index/resource_index/package_run_dependencies/carla_ros_scenario_runner_types
[7.844s] -- Symlinking: /home/fireowl/fireowl_ws/fireowl_sim_drive/install/carla_ros_scenario_runner_types/share/ament_index/resource_index/parent_prefix_path/carla_ros_scenario_runner_types
[7.857s] -- Symlinking: /home/fireowl/fireowl_ws/fireowl_sim_drive/install/carla_ros_scenario_runner_types/share/carla_ros_scenario_runner_types/environment/ament_prefix_path.sh
[7.869s] -- Symlinking: /home/fireowl/fireowl_ws/fireowl_sim_drive/install/carla_ros_scenario_runner_types/share/carla_ros_scenario_runner_types/environment/ament_prefix_path.dsv
[7.877s] -- Symlinking: /home/fireowl/fireowl_ws/fireowl_sim_drive/install/carla_ros_scenario_runner_types/share/carla_ros_scenario_runner_types/environment/path.sh
[7.886s] -- Symlinking: /home/fireowl/fireowl_ws/fireowl_sim_drive/install/carla_ros_scenario_runner_types/share/carla_ros_scenario_runner_types/environment/path.dsv
[7.895s] -- Symlinking: /home/fireowl/fireowl_ws/fireowl_sim_drive/install/carla_ros_scenario_runner_types/share/carla_ros_scenario_runner_types/local_setup.bash
[7.910s] -- Symlinking: /home/fireowl/fireowl_ws/fireowl_sim_drive/install/carla_ros_scenario_runner_types/share/carla_ros_scenario_runner_types/local_setup.sh
[7.919s] -- Symlinking: /home/fireowl/fireowl_ws/fireowl_sim_drive/install/carla_ros_scenario_runner_types/share/carla_ros_scenario_runner_types/local_setup.zsh
[7.933s] -- Symlinking: /home/fireowl/fireowl_ws/fireowl_sim_drive/install/carla_ros_scenario_runner_types/share/carla_ros_scenario_runner_types/local_setup.dsv
[7.944s] -- Symlinking: /home/fireowl/fireowl_ws/fireowl_sim_drive/install/carla_ros_scenario_runner_types/share/carla_ros_scenario_runner_types/package.dsv
[7.953s] -- Symlinking: /home/fireowl/fireowl_ws/fireowl_sim_drive/install/carla_ros_scenario_runner_types/share/ament_index/resource_index/packages/carla_ros_scenario_runner_types
[7.964s] -- Symlinking: /home/fireowl/fireowl_ws/fireowl_sim_drive/install/carla_ros_scenario_runner_types/share/carla_ros_scenario_runner_types/cmake/rosidl_cmake-extras.cmake
[7.971s] -- Symlinking: /home/fireowl/fireowl_ws/fireowl_sim_drive/install/carla_ros_scenario_runner_types/share/carla_ros_scenario_runner_types/cmake/ament_cmake_export_dependencies-extras.cmake
[7.981s] -- Symlinking: /home/fireowl/fireowl_ws/fireowl_sim_drive/install/carla_ros_scenario_runner_types/share/carla_ros_scenario_runner_types/cmake/ament_cmake_export_include_directories-extras.cmake
[7.988s] -- Symlinking: /home/fireowl/fireowl_ws/fireowl_sim_drive/install/carla_ros_scenario_runner_types/share/carla_ros_scenario_runner_types/cmake/ament_cmake_export_libraries-extras.cmake
[7.997s] -- Symlinking: /home/fireowl/fireowl_ws/fireowl_sim_drive/install/carla_ros_scenario_runner_types/share/carla_ros_scenario_runner_types/cmake/ament_cmake_export_targets-extras.cmake
[8.006s] -- Symlinking: /home/fireowl/fireowl_ws/fireowl_sim_drive/install/carla_ros_scenario_runner_types/share/carla_ros_scenario_runner_types/cmake/rosidl_cmake_export_typesupport_targets-extras.cmake
[8.014s] -- Symlinking: /home/fireowl/fireowl_ws/fireowl_sim_drive/install/carla_ros_scenario_runner_types/share/carla_ros_scenario_runner_types/cmake/rosidl_cmake_export_typesupport_libraries-extras.cmake
[8.027s] -- Symlinking: /home/fireowl/fireowl_ws/fireowl_sim_drive/install/carla_ros_scenario_runner_types/share/carla_ros_scenario_runner_types/cmake/carla_ros_scenario_runner_typesConfig.cmake
[8.040s] -- Symlinking: /home/fireowl/fireowl_ws/fireowl_sim_drive/install/carla_ros_scenario_runner_types/share/carla_ros_scenario_runner_types/cmake/carla_ros_scenario_runner_typesConfig-version.cmake
[8.053s] -- Symlinking: /home/fireowl/fireowl_ws/fireowl_sim_drive/install/carla_ros_scenario_runner_types/share/carla_ros_scenario_runner_types/package.xml
[8.064s] -- Installing: /home/fireowl/fireowl_ws/fireowl_sim_drive/install/carla_ros_scenario_runner_types/lib/libcarla_ros_scenario_runner_types__rosidl_generator_c.so
[8.065s] -- Set runtime path of "/home/fireowl/fireowl_ws/fireowl_sim_drive/install/carla_ros_scenario_runner_types/lib/libcarla_ros_scenario_runner_types__rosidl_generator_c.so" to ""
[8.066s] -- Installing: /home/fireowl/fireowl_ws/fireowl_sim_drive/install/carla_ros_scenario_runner_types/lib/libcarla_ros_scenario_runner_types__rosidl_typesupport_fastrtps_c.so
[8.066s] -- Set runtime path of "/home/fireowl/fireowl_ws/fireowl_sim_drive/install/carla_ros_scenario_runner_types/lib/libcarla_ros_scenario_runner_types__rosidl_typesupport_fastrtps_c.so" to ""
[8.066s] -- Installing: /home/fireowl/fireowl_ws/fireowl_sim_drive/install/carla_ros_scenario_runner_types/lib/libcarla_ros_scenario_runner_types__rosidl_typesupport_fastrtps_cpp.so
[8.067s] -- Set runtime path of "/home/fireowl/fireowl_ws/fireowl_sim_drive/install/carla_ros_scenario_runner_types/lib/libcarla_ros_scenario_runner_types__rosidl_typesupport_fastrtps_cpp.so" to ""
[8.067s] -- Installing: /home/fireowl/fireowl_ws/fireowl_sim_drive/install/carla_ros_scenario_runner_types/lib/libcarla_ros_scenario_runner_types__rosidl_typesupport_introspection_c.so
[8.069s] -- Set runtime path of "/home/fireowl/fireowl_ws/fireowl_sim_drive/install/carla_ros_scenario_runner_types/lib/libcarla_ros_scenario_runner_types__rosidl_typesupport_introspection_c.so" to ""
[8.069s] -- Installing: /home/fireowl/fireowl_ws/fireowl_sim_drive/install/carla_ros_scenario_runner_types/lib/libcarla_ros_scenario_runner_types__rosidl_typesupport_c.so
[8.077s] -- Set runtime path of "/home/fireowl/fireowl_ws/fireowl_sim_drive/install/carla_ros_scenario_runner_types/lib/libcarla_ros_scenario_runner_types__rosidl_typesupport_c.so" to ""
[8.077s] -- Installing: /home/fireowl/fireowl_ws/fireowl_sim_drive/install/carla_ros_scenario_runner_types/lib/libcarla_ros_scenario_runner_types__rosidl_typesupport_introspection_cpp.so
[8.078s] -- Set runtime path of "/home/fireowl/fireowl_ws/fireowl_sim_drive/install/carla_ros_scenario_runner_types/lib/libcarla_ros_scenario_runner_types__rosidl_typesupport_introspection_cpp.so" to ""
[8.078s] -- Installing: /home/fireowl/fireowl_ws/fireowl_sim_drive/install/carla_ros_scenario_runner_types/lib/libcarla_ros_scenario_runner_types__rosidl_typesupport_cpp.so
[8.078s] -- Set runtime path of "/home/fireowl/fireowl_ws/fireowl_sim_drive/install/carla_ros_scenario_runner_types/lib/libcarla_ros_scenario_runner_types__rosidl_typesupport_cpp.so" to ""
[8.104s] Listing '/home/fireowl/fireowl_ws/fireowl_sim_drive/install/carla_ros_scenario_runner_types/local/lib/python3.10/dist-packages/carla_ros_scenario_runner_types'...
[8.104s] Compiling '/home/fireowl/fireowl_ws/fireowl_sim_drive/install/carla_ros_scenario_runner_types/local/lib/python3.10/dist-packages/carla_ros_scenario_runner_types/__init__.py'...
[8.104s] Listing '/home/fireowl/fireowl_ws/fireowl_sim_drive/install/carla_ros_scenario_runner_types/local/lib/python3.10/dist-packages/carla_ros_scenario_runner_types/msg'...
[8.104s] Compiling '/home/fireowl/fireowl_ws/fireowl_sim_drive/install/carla_ros_scenario_runner_types/local/lib/python3.10/dist-packages/carla_ros_scenario_runner_types/msg/__init__.py'...
[8.104s] Compiling '/home/fireowl/fireowl_ws/fireowl_sim_drive/install/carla_ros_scenario_runner_types/local/lib/python3.10/dist-packages/carla_ros_scenario_runner_types/msg/_carla_scenario.py'...
[8.104s] Compiling '/home/fireowl/fireowl_ws/fireowl_sim_drive/install/carla_ros_scenario_runner_types/local/lib/python3.10/dist-packages/carla_ros_scenario_runner_types/msg/_carla_scenario_list.py'...
[8.104s] Compiling '/home/fireowl/fireowl_ws/fireowl_sim_drive/install/carla_ros_scenario_runner_types/local/lib/python3.10/dist-packages/carla_ros_scenario_runner_types/msg/_carla_scenario_runner_status.py'...
[8.104s] Listing '/home/fireowl/fireowl_ws/fireowl_sim_drive/install/carla_ros_scenario_runner_types/local/lib/python3.10/dist-packages/carla_ros_scenario_runner_types/srv'...
[8.104s] Compiling '/home/fireowl/fireowl_ws/fireowl_sim_drive/install/carla_ros_scenario_runner_types/local/lib/python3.10/dist-packages/carla_ros_scenario_runner_types/srv/__init__.py'...
[8.104s] Compiling '/home/fireowl/fireowl_ws/fireowl_sim_drive/install/carla_ros_scenario_runner_types/local/lib/python3.10/dist-packages/carla_ros_scenario_runner_types/srv/_execute_scenario.py'...
[8.111s] -- Installing: /home/fireowl/fireowl_ws/fireowl_sim_drive/install/carla_ros_scenario_runner_types/lib/libcarla_ros_scenario_runner_types__rosidl_generator_py.so
[8.111s] -- Set runtime path of "/home/fireowl/fireowl_ws/fireowl_sim_drive/install/carla_ros_scenario_runner_types/lib/libcarla_ros_scenario_runner_types__rosidl_generator_py.so" to ""
[8.111s] -- Installing: /home/fireowl/fireowl_ws/fireowl_sim_drive/install/carla_ros_scenario_runner_types/share/carla_ros_scenario_runner_types/cmake/export_carla_ros_scenario_runner_types__rosidl_generator_cExport.cmake
[8.111s] -- Installing: /home/fireowl/fireowl_ws/fireowl_sim_drive/install/carla_ros_scenario_runner_types/share/carla_ros_scenario_runner_types/cmake/export_carla_ros_scenario_runner_types__rosidl_generator_cExport-noconfig.cmake
[8.116s] -- Installing: /home/fireowl/fireowl_ws/fireowl_sim_drive/install/carla_ros_scenario_runner_types/share/carla_ros_scenario_runner_types/cmake/export_carla_ros_scenario_runner_types__rosidl_typesupport_fastrtps_cExport.cmake
[8.116s] -- Installing: /home/fireowl/fireowl_ws/fireowl_sim_drive/install/carla_ros_scenario_runner_types/share/carla_ros_scenario_runner_types/cmake/export_carla_ros_scenario_runner_types__rosidl_typesupport_fastrtps_cExport-noconfig.cmake
[8.116s] -- Installing: /home/fireowl/fireowl_ws/fireowl_sim_drive/install/carla_ros_scenario_runner_types/share/carla_ros_scenario_runner_types/cmake/export_carla_ros_scenario_runner_types__rosidl_generator_cppExport.cmake
[8.116s] -- Installing: /home/fireowl/fireowl_ws/fireowl_sim_drive/install/carla_ros_scenario_runner_types/share/carla_ros_scenario_runner_types/cmake/export_carla_ros_scenario_runner_types__rosidl_typesupport_fastrtps_cppExport.cmake
[8.116s] -- Installing: /home/fireowl/fireowl_ws/fireowl_sim_drive/install/carla_ros_scenario_runner_types/share/carla_ros_scenario_runner_types/cmake/export_carla_ros_scenario_runner_types__rosidl_typesupport_fastrtps_cppExport-noconfig.cmake
[8.116s] -- Installing: /home/fireowl/fireowl_ws/fireowl_sim_drive/install/carla_ros_scenario_runner_types/share/carla_ros_scenario_runner_types/cmake/carla_ros_scenario_runner_types__rosidl_typesupport_introspection_cExport.cmake
[8.116s] -- Installing: /home/fireowl/fireowl_ws/fireowl_sim_drive/install/carla_ros_scenario_runner_types/share/carla_ros_scenario_runner_types/cmake/carla_ros_scenario_runner_types__rosidl_typesupport_introspection_cExport-noconfig.cmake
[8.116s] -- Installing: /home/fireowl/fireowl_ws/fireowl_sim_drive/install/carla_ros_scenario_runner_types/share/carla_ros_scenario_runner_types/cmake/carla_ros_scenario_runner_types__rosidl_typesupport_cExport.cmake
[8.116s] -- Installing: /home/fireowl/fireowl_ws/fireowl_sim_drive/install/carla_ros_scenario_runner_types/share/carla_ros_scenario_runner_types/cmake/carla_ros_scenario_runner_types__rosidl_typesupport_cExport-noconfig.cmake
[8.116s] -- Installing: /home/fireowl/fireowl_ws/fireowl_sim_drive/install/carla_ros_scenario_runner_types/share/carla_ros_scenario_runner_types/cmake/carla_ros_scenario_runner_types__rosidl_typesupport_introspection_cppExport.cmake
[8.117s] -- Installing: /home/fireowl/fireowl_ws/fireowl_sim_drive/install/carla_ros_scenario_runner_types/share/carla_ros_scenario_runner_types/cmake/carla_ros_scenario_runner_types__rosidl_typesupport_introspection_cppExport-noconfig.cmake
[8.117s] -- Installing: /home/fireowl/fireowl_ws/fireowl_sim_drive/install/carla_ros_scenario_runner_types/share/carla_ros_scenario_runner_types/cmake/carla_ros_scenario_runner_types__rosidl_typesupport_cppExport.cmake
[8.117s] -- Installing: /home/fireowl/fireowl_ws/fireowl_sim_drive/install/carla_ros_scenario_runner_types/share/carla_ros_scenario_runner_types/cmake/carla_ros_scenario_runner_types__rosidl_typesupport_cppExport-noconfig.cmake
[8.117s] -- Installing: /home/fireowl/fireowl_ws/fireowl_sim_drive/install/carla_ros_scenario_runner_types/share/carla_ros_scenario_runner_types/cmake/export_carla_ros_scenario_runner_types__rosidl_generator_pyExport.cmake
[8.117s] -- Installing: /home/fireowl/fireowl_ws/fireowl_sim_drive/install/carla_ros_scenario_runner_types/share/carla_ros_scenario_runner_types/cmake/export_carla_ros_scenario_runner_types__rosidl_generator_pyExport-noconfig.cmake
[8.128s] Invoked command in '/home/fireowl/fireowl_ws/fireowl_sim_drive/build/carla_ros_scenario_runner_types' returned '0': CMAKE_PREFIX_PATH=/opt/ros/humble /usr/bin/cmake --install /home/fireowl/fireowl_ws/fireowl_sim_drive/build/carla_ros_scenario_runner_types
