[0.842s] Invoking command in '/home/fireowl/fireowl_ws/fireowl_sim_drive/build/carla_twist_to_control': PYTHONPATH=/home/fireowl/fireowl_ws/fireowl_sim_drive/build/carla_twist_to_control/prefix_override:/usr/lib/python3/dist-packages/colcon_core/task/python/colcon_distutils_commands:/home/fireowl/fireowl_ws/fireowl_sim_drive/install/carla_twist_to_control/lib/python3.10/site-packages:${PYTHONPATH} /usr/bin/python3 -W ignore:setup.py install is deprecated -W ignore:easy_install command is deprecated setup.py develop --editable --build-directory /home/fireowl/fireowl_ws/fireowl_sim_drive/build/carla_twist_to_control/build --no-deps symlink_data
[1.000s] running develop
[1.117s] running egg_info
[1.117s] creating src/carla_twist_to_control.egg-info
[1.117s] writing src/carla_twist_to_control.egg-info/PKG-INFO
[1.118s] writing dependency_links to src/carla_twist_to_control.egg-info/dependency_links.txt
[1.118s] writing entry points to src/carla_twist_to_control.egg-info/entry_points.txt
[1.118s] writing requirements to src/carla_twist_to_control.egg-info/requires.txt
[1.118s] writing top-level names to src/carla_twist_to_control.egg-info/top_level.txt
[1.118s] writing manifest file 'src/carla_twist_to_control.egg-info/SOURCES.txt'
[1.120s] reading manifest file 'src/carla_twist_to_control.egg-info/SOURCES.txt'
[1.121s] writing manifest file 'src/carla_twist_to_control.egg-info/SOURCES.txt'
[1.122s] running build_ext
[1.122s] Creating /home/fireowl/fireowl_ws/fireowl_sim_drive/install/carla_twist_to_control/lib/python3.10/site-packages/carla-twist-to-control.egg-link (link to src)
[1.122s] Installing carla_twist_to_control script to /home/fireowl/fireowl_ws/fireowl_sim_drive/install/carla_twist_to_control/lib/carla_twist_to_control
[1.123s] 
[1.123s] Installed /home/fireowl/fireowl_ws/fireowl_sim_drive/build/carla_twist_to_control/src
[1.123s] running symlink_data
[1.123s] creating /home/fireowl/fireowl_ws/fireowl_sim_drive/install/carla_twist_to_control/share/ament_index
[1.124s] creating /home/fireowl/fireowl_ws/fireowl_sim_drive/install/carla_twist_to_control/share/ament_index/resource_index
[1.124s] creating /home/fireowl/fireowl_ws/fireowl_sim_drive/install/carla_twist_to_control/share/ament_index/resource_index/packages
[1.124s] symbolically linking /home/fireowl/fireowl_ws/fireowl_sim_drive/build/carla_twist_to_control/resource/carla_twist_to_control -> /home/fireowl/fireowl_ws/fireowl_sim_drive/install/carla_twist_to_control/share/ament_index/resource_index/packages
[1.124s] symbolically linking /home/fireowl/fireowl_ws/fireowl_sim_drive/build/carla_twist_to_control/package.xml -> /home/fireowl/fireowl_ws/fireowl_sim_drive/install/carla_twist_to_control/share/carla_twist_to_control
[1.124s] symbolically linking /home/fireowl/fireowl_ws/fireowl_sim_drive/build/carla_twist_to_control/launch/carla_twist_to_control.launch.py -> /home/fireowl/fireowl_ws/fireowl_sim_drive/install/carla_twist_to_control/share/carla_twist_to_control
[1.151s] Invoked command in '/home/fireowl/fireowl_ws/fireowl_sim_drive/build/carla_twist_to_control' returned '0': PYTHONPATH=/home/fireowl/fireowl_ws/fireowl_sim_drive/build/carla_twist_to_control/prefix_override:/usr/lib/python3/dist-packages/colcon_core/task/python/colcon_distutils_commands:/home/fireowl/fireowl_ws/fireowl_sim_drive/install/carla_twist_to_control/lib/python3.10/site-packages:${PYTHONPATH} /usr/bin/python3 -W ignore:setup.py install is deprecated -W ignore:easy_install command is deprecated setup.py develop --editable --build-directory /home/fireowl/fireowl_ws/fireowl_sim_drive/build/carla_twist_to_control/build --no-deps symlink_data
