[0.089s] Invoking command in '/home/fireowl/fireowl_ws/fireowl_sim_drive/build/carla_ackermann_msgs': AMENT_PREFIX_PATH=/home/fireowl/fireowl_ws/fireowl_sim_drive/install/carla_msgs:${AMENT_PREFIX_PATH} CMAKE_PREFIX_PATH=/home/fireowl/fireowl_ws/fireowl_sim_drive/install/carla_msgs:/opt/ros/humble LD_LIBRARY_PATH=/home/fireowl/fireowl_ws/fireowl_sim_drive/install/carla_msgs/lib:${LD_LIBRARY_PATH} PYTHONPATH=/home/fireowl/fireowl_ws/fireowl_sim_drive/install/carla_msgs/local/lib/python3.10/dist-packages:${PYTHONPATH} /usr/bin/cmake /home/fireowl/fireowl_ws/fireowl_sim_drive/src/carla_ackermann_msgs -DCMAKE_INSTALL_PREFIX=/home/fireowl/fireowl_ws/fireowl_sim_drive/install/carla_ackermann_msgs
[0.092s] -- Found ros_environment: 3.2.2 (/opt/ros/humble/share/ros_environment/cmake)
[0.093s] -- Found ament_cmake: 1.3.12 (/opt/ros/humble/share/ament_cmake/cmake)
[0.172s] -- Override CMake install command with custom implementation using symlinks instead of copying resources
[0.175s] -- Found builtin_interfaces: 1.2.2 (/opt/ros/humble/share/builtin_interfaces/cmake)
[0.325s] -- Found rosidl_generator_c: 3.1.7 (/opt/ros/humble/share/rosidl_generator_c/cmake)
[0.326s] -- Found rosidl_adapter: 3.1.7 (/opt/ros/humble/share/rosidl_adapter/cmake)
[0.329s] -- Found rosidl_generator_cpp: 3.1.7 (/opt/ros/humble/share/rosidl_generator_cpp/cmake)
[0.333s] -- Using all available rosidl_typesupport_c: rosidl_typesupport_fastrtps_c;rosidl_typesupport_introspection_c
[0.341s] -- Using all available rosidl_typesupport_cpp: rosidl_typesupport_fastrtps_cpp;rosidl_typesupport_introspection_cpp
[0.346s] -- Found std_msgs: 4.9.0 (/opt/ros/humble/share/std_msgs/cmake)
[0.351s] -- Found carla_msgs: 1.3.0 (/home/fireowl/fireowl_ws/fireowl_sim_drive/install/carla_msgs/share/carla_msgs/cmake)
[0.368s] -- Found rosidl_default_generators: 1.2.0 (/opt/ros/humble/share/rosidl_default_generators/cmake)
[0.557s] -- Found ament_cmake_cppcheck: 0.12.14 (/opt/ros/humble/share/ament_cmake_cppcheck/cmake)
[0.558s] -- Found ament_cmake_cpplint: 0.12.14 (/opt/ros/humble/share/ament_cmake_cpplint/cmake)
[0.559s] -- Found ament_cmake_uncrustify: 0.12.14 (/opt/ros/humble/share/ament_cmake_uncrustify/cmake)
[0.562s] -- Found ament_cmake_ros: 0.10.0 (/opt/ros/humble/share/ament_cmake_ros/cmake)
[0.891s] -- Using all available rosidl_typesupport_c: rosidl_typesupport_fastrtps_c;rosidl_typesupport_introspection_c
[1.002s] -- Using all available rosidl_typesupport_cpp: rosidl_typesupport_fastrtps_cpp;rosidl_typesupport_introspection_cpp
[1.016s] -- Found python_cmake_module: 0.10.0 (/opt/ros/humble/share/python_cmake_module/cmake)
[1.030s] -- Using PYTHON_EXECUTABLE: /usr/bin/python3
[1.030s] -- Using PYTHON_INCLUDE_DIRS: /usr/include/python3.10
[1.030s] -- Using PYTHON_LIBRARIES: /usr/lib/x86_64-linux-gnu/libpython3.10.so
[1.060s] -- Found ament_cmake_flake8: 0.12.14 (/opt/ros/humble/share/ament_cmake_flake8/cmake)
[1.060s] -- Found ament_cmake_pep257: 0.12.14 (/opt/ros/humble/share/ament_cmake_pep257/cmake)
[1.061s] -- Found ament_lint_auto: 0.12.14 (/opt/ros/humble/share/ament_lint_auto/cmake)
[1.068s] -- Added test 'copyright' to check source files copyright and LICENSE
[1.068s] -- Added test 'lint_cmake' to check CMake code style
[1.068s] -- Added test 'xmllint' to check XML markup files
[1.071s] -- Configuring done
[1.106s] -- Generating done
[1.114s] -- Build files have been written to: /home/fireowl/fireowl_ws/fireowl_sim_drive/build/carla_ackermann_msgs
[1.218s] Invoked command in '/home/fireowl/fireowl_ws/fireowl_sim_drive/build/carla_ackermann_msgs' returned '0': AMENT_PREFIX_PATH=/home/fireowl/fireowl_ws/fireowl_sim_drive/install/carla_msgs:${AMENT_PREFIX_PATH} CMAKE_PREFIX_PATH=/home/fireowl/fireowl_ws/fireowl_sim_drive/install/carla_msgs:/opt/ros/humble LD_LIBRARY_PATH=/home/fireowl/fireowl_ws/fireowl_sim_drive/install/carla_msgs/lib:${LD_LIBRARY_PATH} PYTHONPATH=/home/fireowl/fireowl_ws/fireowl_sim_drive/install/carla_msgs/local/lib/python3.10/dist-packages:${PYTHONPATH} /usr/bin/cmake /home/fireowl/fireowl_ws/fireowl_sim_drive/src/carla_ackermann_msgs -DCMAKE_INSTALL_PREFIX=/home/fireowl/fireowl_ws/fireowl_sim_drive/install/carla_ackermann_msgs
[1.219s] Invoking command in '/home/fireowl/fireowl_ws/fireowl_sim_drive/build/carla_ackermann_msgs': AMENT_PREFIX_PATH=/home/fireowl/fireowl_ws/fireowl_sim_drive/install/carla_msgs:${AMENT_PREFIX_PATH} CMAKE_PREFIX_PATH=/home/fireowl/fireowl_ws/fireowl_sim_drive/install/carla_msgs:/opt/ros/humble LD_LIBRARY_PATH=/home/fireowl/fireowl_ws/fireowl_sim_drive/install/carla_msgs/lib:${LD_LIBRARY_PATH} PYTHONPATH=/home/fireowl/fireowl_ws/fireowl_sim_drive/install/carla_msgs/local/lib/python3.10/dist-packages:${PYTHONPATH} /usr/bin/cmake --build /home/fireowl/fireowl_ws/fireowl_sim_drive/build/carla_ackermann_msgs -- -j12 -l12
[1.260s] [35m[1mConsolidate compiler generated dependencies of target carla_ackermann_msgs__rosidl_generator_c[0m
[1.268s] [  1%] Built target carla_ackermann_msgs__cpp
[1.274s] [ 12%] Built target carla_ackermann_msgs__rosidl_generator_c
[1.276s] [ 12%] Built target ament_cmake_python_symlink_carla_ackermann_msgs
[1.277s] [35m[1mConsolidate compiler generated dependencies of target carla_ackermann_msgs__rosidl_typesupport_cpp[0m
[1.280s] [35m[1mConsolidate compiler generated dependencies of target carla_ackermann_msgs__rosidl_typesupport_fastrtps_cpp[0m
[1.280s] [35m[1mConsolidate compiler generated dependencies of target carla_ackermann_msgs__rosidl_typesupport_introspection_cpp[0m
[1.291s] [35m[1mConsolidate compiler generated dependencies of target carla_ackermann_msgs__rosidl_typesupport_fastrtps_c[0m
[1.291s] [35m[1mConsolidate compiler generated dependencies of target carla_ackermann_msgs__rosidl_typesupport_introspection_c[0m
[1.295s] [ 23%] Built target carla_ackermann_msgs__rosidl_typesupport_cpp
[1.295s] [ 34%] Built target carla_ackermann_msgs__rosidl_typesupport_fastrtps_cpp
[1.300s] [35m[1mConsolidate compiler generated dependencies of target carla_ackermann_msgs__rosidl_typesupport_c[0m
[1.311s] [ 46%] Built target carla_ackermann_msgs__rosidl_typesupport_introspection_cpp
[1.311s] [ 74%] Built target carla_ackermann_msgs__rosidl_typesupport_c
[1.311s] [ 77%] Built target carla_ackermann_msgs__rosidl_typesupport_introspection_c
[1.312s] [ 79%] Built target carla_ackermann_msgs__rosidl_typesupport_fastrtps_c
[1.332s] [ 79%] Built target carla_ackermann_msgs
[1.355s] [ 80%] Built target carla_ackermann_msgs__py
[1.374s] [35m[1mConsolidate compiler generated dependencies of target carla_ackermann_msgs__rosidl_generator_py[0m
[1.401s] [ 90%] Built target carla_ackermann_msgs__rosidl_generator_py
[1.410s] [35m[1mConsolidate compiler generated dependencies of target carla_ackermann_msgs__rosidl_typesupport_fastrtps_c__pyext[0m
[1.414s] [35m[1mConsolidate compiler generated dependencies of target carla_ackermann_msgs__rosidl_typesupport_introspection_c__pyext[0m
[1.427s] [ 96%] Built target carla_ackermann_msgs__rosidl_typesupport_fastrtps_c__pyext
[1.427s] [ 96%] Built target carla_ackermann_msgs__rosidl_typesupport_introspection_c__pyext
[1.428s] [35m[1mConsolidate compiler generated dependencies of target carla_ackermann_msgs__rosidl_typesupport_c__pyext[0m
[1.442s] [100%] Built target carla_ackermann_msgs__rosidl_typesupport_c__pyext
[1.503s] running egg_info
[1.503s] writing carla_ackermann_msgs.egg-info/PKG-INFO
[1.504s] writing dependency_links to carla_ackermann_msgs.egg-info/dependency_links.txt
[1.504s] writing top-level names to carla_ackermann_msgs.egg-info/top_level.txt
[1.505s] reading manifest file 'carla_ackermann_msgs.egg-info/SOURCES.txt'
[1.505s] writing manifest file 'carla_ackermann_msgs.egg-info/SOURCES.txt'
[1.528s] [100%] Built target ament_cmake_python_build_carla_ackermann_msgs_egg
[1.537s] Invoked command in '/home/fireowl/fireowl_ws/fireowl_sim_drive/build/carla_ackermann_msgs' returned '0': AMENT_PREFIX_PATH=/home/fireowl/fireowl_ws/fireowl_sim_drive/install/carla_msgs:${AMENT_PREFIX_PATH} CMAKE_PREFIX_PATH=/home/fireowl/fireowl_ws/fireowl_sim_drive/install/carla_msgs:/opt/ros/humble LD_LIBRARY_PATH=/home/fireowl/fireowl_ws/fireowl_sim_drive/install/carla_msgs/lib:${LD_LIBRARY_PATH} PYTHONPATH=/home/fireowl/fireowl_ws/fireowl_sim_drive/install/carla_msgs/local/lib/python3.10/dist-packages:${PYTHONPATH} /usr/bin/cmake --build /home/fireowl/fireowl_ws/fireowl_sim_drive/build/carla_ackermann_msgs -- -j12 -l12
[1.539s] Invoking command in '/home/fireowl/fireowl_ws/fireowl_sim_drive/build/carla_ackermann_msgs': AMENT_PREFIX_PATH=/home/fireowl/fireowl_ws/fireowl_sim_drive/install/carla_msgs:${AMENT_PREFIX_PATH} CMAKE_PREFIX_PATH=/home/fireowl/fireowl_ws/fireowl_sim_drive/install/carla_msgs:/opt/ros/humble LD_LIBRARY_PATH=/home/fireowl/fireowl_ws/fireowl_sim_drive/install/carla_msgs/lib:${LD_LIBRARY_PATH} PYTHONPATH=/home/fireowl/fireowl_ws/fireowl_sim_drive/install/carla_msgs/local/lib/python3.10/dist-packages:${PYTHONPATH} /usr/bin/cmake --install /home/fireowl/fireowl_ws/fireowl_sim_drive/build/carla_ackermann_msgs
[1.546s] -- Install configuration: ""
[1.547s] -- Execute custom install script
[1.547s] -- Up-to-date symlink: /home/fireowl/fireowl_ws/fireowl_sim_drive/install/carla_ackermann_msgs/share/ament_index/resource_index/rosidl_interfaces/carla_ackermann_msgs
[1.547s] -- Up-to-date symlink: /home/fireowl/fireowl_ws/fireowl_sim_drive/install/carla_ackermann_msgs/include/carla_ackermann_msgs/carla_ackermann_msgs/msg/detail/ego_vehicle_control_current__functions.h
[1.548s] -- Up-to-date symlink: /home/fireowl/fireowl_ws/fireowl_sim_drive/install/carla_ackermann_msgs/include/carla_ackermann_msgs/carla_ackermann_msgs/msg/detail/ego_vehicle_control_current__struct.h
[1.548s] -- Up-to-date symlink: /home/fireowl/fireowl_ws/fireowl_sim_drive/install/carla_ackermann_msgs/include/carla_ackermann_msgs/carla_ackermann_msgs/msg/detail/ego_vehicle_control_current__type_support.h
[1.548s] -- Up-to-date symlink: /home/fireowl/fireowl_ws/fireowl_sim_drive/install/carla_ackermann_msgs/include/carla_ackermann_msgs/carla_ackermann_msgs/msg/detail/ego_vehicle_control_info__functions.h
[1.550s] -- Up-to-date symlink: /home/fireowl/fireowl_ws/fireowl_sim_drive/install/carla_ackermann_msgs/include/carla_ackermann_msgs/carla_ackermann_msgs/msg/detail/ego_vehicle_control_info__struct.h
[1.551s] -- Up-to-date symlink: /home/fireowl/fireowl_ws/fireowl_sim_drive/install/carla_ackermann_msgs/include/carla_ackermann_msgs/carla_ackermann_msgs/msg/detail/ego_vehicle_control_info__type_support.h
[1.552s] -- Up-to-date symlink: /home/fireowl/fireowl_ws/fireowl_sim_drive/install/carla_ackermann_msgs/include/carla_ackermann_msgs/carla_ackermann_msgs/msg/detail/ego_vehicle_control_maxima__functions.h
[1.552s] -- Up-to-date symlink: /home/fireowl/fireowl_ws/fireowl_sim_drive/install/carla_ackermann_msgs/include/carla_ackermann_msgs/carla_ackermann_msgs/msg/detail/ego_vehicle_control_maxima__struct.h
[1.552s] -- Up-to-date symlink: /home/fireowl/fireowl_ws/fireowl_sim_drive/install/carla_ackermann_msgs/include/carla_ackermann_msgs/carla_ackermann_msgs/msg/detail/ego_vehicle_control_maxima__type_support.h
[1.552s] -- Up-to-date symlink: /home/fireowl/fireowl_ws/fireowl_sim_drive/install/carla_ackermann_msgs/include/carla_ackermann_msgs/carla_ackermann_msgs/msg/detail/ego_vehicle_control_status__functions.h
[1.552s] -- Up-to-date symlink: /home/fireowl/fireowl_ws/fireowl_sim_drive/install/carla_ackermann_msgs/include/carla_ackermann_msgs/carla_ackermann_msgs/msg/detail/ego_vehicle_control_status__struct.h
[1.552s] -- Up-to-date symlink: /home/fireowl/fireowl_ws/fireowl_sim_drive/install/carla_ackermann_msgs/include/carla_ackermann_msgs/carla_ackermann_msgs/msg/detail/ego_vehicle_control_status__type_support.h
[1.552s] -- Up-to-date symlink: /home/fireowl/fireowl_ws/fireowl_sim_drive/install/carla_ackermann_msgs/include/carla_ackermann_msgs/carla_ackermann_msgs/msg/detail/ego_vehicle_control_target__functions.h
[1.552s] -- Up-to-date symlink: /home/fireowl/fireowl_ws/fireowl_sim_drive/install/carla_ackermann_msgs/include/carla_ackermann_msgs/carla_ackermann_msgs/msg/detail/ego_vehicle_control_target__struct.h
[1.553s] -- Up-to-date symlink: /home/fireowl/fireowl_ws/fireowl_sim_drive/install/carla_ackermann_msgs/include/carla_ackermann_msgs/carla_ackermann_msgs/msg/detail/ego_vehicle_control_target__type_support.h
[1.553s] -- Up-to-date symlink: /home/fireowl/fireowl_ws/fireowl_sim_drive/install/carla_ackermann_msgs/include/carla_ackermann_msgs/carla_ackermann_msgs/msg/ego_vehicle_control_current.h
[1.553s] -- Up-to-date symlink: /home/fireowl/fireowl_ws/fireowl_sim_drive/install/carla_ackermann_msgs/include/carla_ackermann_msgs/carla_ackermann_msgs/msg/ego_vehicle_control_info.h
[1.553s] -- Up-to-date symlink: /home/fireowl/fireowl_ws/fireowl_sim_drive/install/carla_ackermann_msgs/include/carla_ackermann_msgs/carla_ackermann_msgs/msg/ego_vehicle_control_maxima.h
[1.553s] -- Up-to-date symlink: /home/fireowl/fireowl_ws/fireowl_sim_drive/install/carla_ackermann_msgs/include/carla_ackermann_msgs/carla_ackermann_msgs/msg/ego_vehicle_control_status.h
[1.553s] -- Up-to-date symlink: /home/fireowl/fireowl_ws/fireowl_sim_drive/install/carla_ackermann_msgs/include/carla_ackermann_msgs/carla_ackermann_msgs/msg/ego_vehicle_control_target.h
[1.553s] -- Up-to-date symlink: /home/fireowl/fireowl_ws/fireowl_sim_drive/install/carla_ackermann_msgs/include/carla_ackermann_msgs/carla_ackermann_msgs/msg/rosidl_generator_c__visibility_control.h
[1.553s] -- Up-to-date symlink: /home/fireowl/fireowl_ws/fireowl_sim_drive/install/carla_ackermann_msgs/share/carla_ackermann_msgs/environment/library_path.sh
[1.553s] -- Up-to-date symlink: /home/fireowl/fireowl_ws/fireowl_sim_drive/install/carla_ackermann_msgs/share/carla_ackermann_msgs/environment/library_path.dsv
[1.553s] -- Up-to-date symlink: /home/fireowl/fireowl_ws/fireowl_sim_drive/install/carla_ackermann_msgs/include/carla_ackermann_msgs/carla_ackermann_msgs/msg/detail/ego_vehicle_control_current__rosidl_typesupport_fastrtps_c.h
[1.554s] -- Up-to-date symlink: /home/fireowl/fireowl_ws/fireowl_sim_drive/install/carla_ackermann_msgs/include/carla_ackermann_msgs/carla_ackermann_msgs/msg/detail/ego_vehicle_control_info__rosidl_typesupport_fastrtps_c.h
[1.554s] -- Up-to-date symlink: /home/fireowl/fireowl_ws/fireowl_sim_drive/install/carla_ackermann_msgs/include/carla_ackermann_msgs/carla_ackermann_msgs/msg/detail/ego_vehicle_control_maxima__rosidl_typesupport_fastrtps_c.h
[1.554s] -- Up-to-date symlink: /home/fireowl/fireowl_ws/fireowl_sim_drive/install/carla_ackermann_msgs/include/carla_ackermann_msgs/carla_ackermann_msgs/msg/detail/ego_vehicle_control_status__rosidl_typesupport_fastrtps_c.h
[1.554s] -- Up-to-date symlink: /home/fireowl/fireowl_ws/fireowl_sim_drive/install/carla_ackermann_msgs/include/carla_ackermann_msgs/carla_ackermann_msgs/msg/detail/ego_vehicle_control_target__rosidl_typesupport_fastrtps_c.h
[1.554s] -- Up-to-date symlink: /home/fireowl/fireowl_ws/fireowl_sim_drive/install/carla_ackermann_msgs/include/carla_ackermann_msgs/carla_ackermann_msgs/msg/rosidl_typesupport_fastrtps_c__visibility_control.h
[1.554s] -- Up-to-date symlink: /home/fireowl/fireowl_ws/fireowl_sim_drive/install/carla_ackermann_msgs/include/carla_ackermann_msgs/carla_ackermann_msgs/msg/detail/ego_vehicle_control_current__builder.hpp
[1.555s] -- Up-to-date symlink: /home/fireowl/fireowl_ws/fireowl_sim_drive/install/carla_ackermann_msgs/include/carla_ackermann_msgs/carla_ackermann_msgs/msg/detail/ego_vehicle_control_current__struct.hpp
[1.555s] -- Up-to-date symlink: /home/fireowl/fireowl_ws/fireowl_sim_drive/install/carla_ackermann_msgs/include/carla_ackermann_msgs/carla_ackermann_msgs/msg/detail/ego_vehicle_control_current__traits.hpp
[1.555s] -- Up-to-date symlink: /home/fireowl/fireowl_ws/fireowl_sim_drive/install/carla_ackermann_msgs/include/carla_ackermann_msgs/carla_ackermann_msgs/msg/detail/ego_vehicle_control_current__type_support.hpp
[1.555s] -- Up-to-date symlink: /home/fireowl/fireowl_ws/fireowl_sim_drive/install/carla_ackermann_msgs/include/carla_ackermann_msgs/carla_ackermann_msgs/msg/detail/ego_vehicle_control_info__builder.hpp
[1.555s] -- Up-to-date symlink: /home/fireowl/fireowl_ws/fireowl_sim_drive/install/carla_ackermann_msgs/include/carla_ackermann_msgs/carla_ackermann_msgs/msg/detail/ego_vehicle_control_info__struct.hpp
[1.556s] -- Up-to-date symlink: /home/fireowl/fireowl_ws/fireowl_sim_drive/install/carla_ackermann_msgs/include/carla_ackermann_msgs/carla_ackermann_msgs/msg/detail/ego_vehicle_control_info__traits.hpp
[1.556s] -- Up-to-date symlink: /home/fireowl/fireowl_ws/fireowl_sim_drive/install/carla_ackermann_msgs/include/carla_ackermann_msgs/carla_ackermann_msgs/msg/detail/ego_vehicle_control_info__type_support.hpp
[1.556s] -- Up-to-date symlink: /home/fireowl/fireowl_ws/fireowl_sim_drive/install/carla_ackermann_msgs/include/carla_ackermann_msgs/carla_ackermann_msgs/msg/detail/ego_vehicle_control_maxima__builder.hpp
[1.556s] -- Up-to-date symlink: /home/fireowl/fireowl_ws/fireowl_sim_drive/install/carla_ackermann_msgs/include/carla_ackermann_msgs/carla_ackermann_msgs/msg/detail/ego_vehicle_control_maxima__struct.hpp
[1.556s] -- Up-to-date symlink: /home/fireowl/fireowl_ws/fireowl_sim_drive/install/carla_ackermann_msgs/include/carla_ackermann_msgs/carla_ackermann_msgs/msg/detail/ego_vehicle_control_maxima__traits.hpp
[1.556s] -- Up-to-date symlink: /home/fireowl/fireowl_ws/fireowl_sim_drive/install/carla_ackermann_msgs/include/carla_ackermann_msgs/carla_ackermann_msgs/msg/detail/ego_vehicle_control_maxima__type_support.hpp
[1.556s] -- Up-to-date symlink: /home/fireowl/fireowl_ws/fireowl_sim_drive/install/carla_ackermann_msgs/include/carla_ackermann_msgs/carla_ackermann_msgs/msg/detail/ego_vehicle_control_status__builder.hpp
[1.556s] -- Up-to-date symlink: /home/fireowl/fireowl_ws/fireowl_sim_drive/install/carla_ackermann_msgs/include/carla_ackermann_msgs/carla_ackermann_msgs/msg/detail/ego_vehicle_control_status__struct.hpp
[1.556s] -- Up-to-date symlink: /home/fireowl/fireowl_ws/fireowl_sim_drive/install/carla_ackermann_msgs/include/carla_ackermann_msgs/carla_ackermann_msgs/msg/detail/ego_vehicle_control_status__traits.hpp
[1.557s] -- Up-to-date symlink: /home/fireowl/fireowl_ws/fireowl_sim_drive/install/carla_ackermann_msgs/include/carla_ackermann_msgs/carla_ackermann_msgs/msg/detail/ego_vehicle_control_status__type_support.hpp
[1.557s] -- Up-to-date symlink: /home/fireowl/fireowl_ws/fireowl_sim_drive/install/carla_ackermann_msgs/include/carla_ackermann_msgs/carla_ackermann_msgs/msg/detail/ego_vehicle_control_target__builder.hpp
[1.557s] -- Up-to-date symlink: /home/fireowl/fireowl_ws/fireowl_sim_drive/install/carla_ackermann_msgs/include/carla_ackermann_msgs/carla_ackermann_msgs/msg/detail/ego_vehicle_control_target__struct.hpp
[1.557s] -- Up-to-date symlink: /home/fireowl/fireowl_ws/fireowl_sim_drive/install/carla_ackermann_msgs/include/carla_ackermann_msgs/carla_ackermann_msgs/msg/detail/ego_vehicle_control_target__traits.hpp
[1.557s] -- Up-to-date symlink: /home/fireowl/fireowl_ws/fireowl_sim_drive/install/carla_ackermann_msgs/include/carla_ackermann_msgs/carla_ackermann_msgs/msg/detail/ego_vehicle_control_target__type_support.hpp
[1.557s] -- Up-to-date symlink: /home/fireowl/fireowl_ws/fireowl_sim_drive/install/carla_ackermann_msgs/include/carla_ackermann_msgs/carla_ackermann_msgs/msg/ego_vehicle_control_current.hpp
[1.558s] -- Up-to-date symlink: /home/fireowl/fireowl_ws/fireowl_sim_drive/install/carla_ackermann_msgs/include/carla_ackermann_msgs/carla_ackermann_msgs/msg/ego_vehicle_control_info.hpp
[1.558s] -- Up-to-date symlink: /home/fireowl/fireowl_ws/fireowl_sim_drive/install/carla_ackermann_msgs/include/carla_ackermann_msgs/carla_ackermann_msgs/msg/ego_vehicle_control_maxima.hpp
[1.558s] -- Up-to-date symlink: /home/fireowl/fireowl_ws/fireowl_sim_drive/install/carla_ackermann_msgs/include/carla_ackermann_msgs/carla_ackermann_msgs/msg/ego_vehicle_control_status.hpp
[1.558s] -- Up-to-date symlink: /home/fireowl/fireowl_ws/fireowl_sim_drive/install/carla_ackermann_msgs/include/carla_ackermann_msgs/carla_ackermann_msgs/msg/ego_vehicle_control_target.hpp
[1.558s] -- Up-to-date symlink: /home/fireowl/fireowl_ws/fireowl_sim_drive/install/carla_ackermann_msgs/include/carla_ackermann_msgs/carla_ackermann_msgs/msg/rosidl_generator_cpp__visibility_control.hpp
[1.558s] -- Up-to-date symlink: /home/fireowl/fireowl_ws/fireowl_sim_drive/install/carla_ackermann_msgs/include/carla_ackermann_msgs/carla_ackermann_msgs/msg/detail/ego_vehicle_control_current__rosidl_typesupport_fastrtps_cpp.hpp
[1.558s] -- Up-to-date symlink: /home/fireowl/fireowl_ws/fireowl_sim_drive/install/carla_ackermann_msgs/include/carla_ackermann_msgs/carla_ackermann_msgs/msg/detail/ego_vehicle_control_info__rosidl_typesupport_fastrtps_cpp.hpp
[1.559s] -- Up-to-date symlink: /home/fireowl/fireowl_ws/fireowl_sim_drive/install/carla_ackermann_msgs/include/carla_ackermann_msgs/carla_ackermann_msgs/msg/detail/ego_vehicle_control_maxima__rosidl_typesupport_fastrtps_cpp.hpp
[1.559s] -- Up-to-date symlink: /home/fireowl/fireowl_ws/fireowl_sim_drive/install/carla_ackermann_msgs/include/carla_ackermann_msgs/carla_ackermann_msgs/msg/detail/ego_vehicle_control_status__rosidl_typesupport_fastrtps_cpp.hpp
[1.559s] -- Up-to-date symlink: /home/fireowl/fireowl_ws/fireowl_sim_drive/install/carla_ackermann_msgs/include/carla_ackermann_msgs/carla_ackermann_msgs/msg/detail/ego_vehicle_control_target__rosidl_typesupport_fastrtps_cpp.hpp
[1.559s] -- Up-to-date symlink: /home/fireowl/fireowl_ws/fireowl_sim_drive/install/carla_ackermann_msgs/include/carla_ackermann_msgs/carla_ackermann_msgs/msg/rosidl_typesupport_fastrtps_cpp__visibility_control.h
[1.559s] -- Up-to-date symlink: /home/fireowl/fireowl_ws/fireowl_sim_drive/install/carla_ackermann_msgs/include/carla_ackermann_msgs/carla_ackermann_msgs/msg/detail/ego_vehicle_control_current__rosidl_typesupport_introspection_c.h
[1.560s] -- Up-to-date symlink: /home/fireowl/fireowl_ws/fireowl_sim_drive/install/carla_ackermann_msgs/include/carla_ackermann_msgs/carla_ackermann_msgs/msg/detail/ego_vehicle_control_info__rosidl_typesupport_introspection_c.h
[1.560s] -- Up-to-date symlink: /home/fireowl/fireowl_ws/fireowl_sim_drive/install/carla_ackermann_msgs/include/carla_ackermann_msgs/carla_ackermann_msgs/msg/detail/ego_vehicle_control_maxima__rosidl_typesupport_introspection_c.h
[1.560s] -- Up-to-date symlink: /home/fireowl/fireowl_ws/fireowl_sim_drive/install/carla_ackermann_msgs/include/carla_ackermann_msgs/carla_ackermann_msgs/msg/detail/ego_vehicle_control_status__rosidl_typesupport_introspection_c.h
[1.560s] -- Up-to-date symlink: /home/fireowl/fireowl_ws/fireowl_sim_drive/install/carla_ackermann_msgs/include/carla_ackermann_msgs/carla_ackermann_msgs/msg/detail/ego_vehicle_control_target__rosidl_typesupport_introspection_c.h
[1.560s] -- Up-to-date symlink: /home/fireowl/fireowl_ws/fireowl_sim_drive/install/carla_ackermann_msgs/include/carla_ackermann_msgs/carla_ackermann_msgs/msg/rosidl_typesupport_introspection_c__visibility_control.h
[1.560s] -- Up-to-date symlink: /home/fireowl/fireowl_ws/fireowl_sim_drive/install/carla_ackermann_msgs/include/carla_ackermann_msgs/carla_ackermann_msgs/msg/detail/ego_vehicle_control_current__rosidl_typesupport_introspection_cpp.hpp
[1.561s] -- Up-to-date symlink: /home/fireowl/fireowl_ws/fireowl_sim_drive/install/carla_ackermann_msgs/include/carla_ackermann_msgs/carla_ackermann_msgs/msg/detail/ego_vehicle_control_info__rosidl_typesupport_introspection_cpp.hpp
[1.561s] -- Up-to-date symlink: /home/fireowl/fireowl_ws/fireowl_sim_drive/install/carla_ackermann_msgs/include/carla_ackermann_msgs/carla_ackermann_msgs/msg/detail/ego_vehicle_control_maxima__rosidl_typesupport_introspection_cpp.hpp
[1.561s] -- Up-to-date symlink: /home/fireowl/fireowl_ws/fireowl_sim_drive/install/carla_ackermann_msgs/include/carla_ackermann_msgs/carla_ackermann_msgs/msg/detail/ego_vehicle_control_status__rosidl_typesupport_introspection_cpp.hpp
[1.561s] -- Up-to-date symlink: /home/fireowl/fireowl_ws/fireowl_sim_drive/install/carla_ackermann_msgs/include/carla_ackermann_msgs/carla_ackermann_msgs/msg/detail/ego_vehicle_control_target__rosidl_typesupport_introspection_cpp.hpp
[1.561s] -- Up-to-date symlink: /home/fireowl/fireowl_ws/fireowl_sim_drive/install/carla_ackermann_msgs/share/carla_ackermann_msgs/environment/pythonpath.sh
[1.561s] -- Up-to-date symlink: /home/fireowl/fireowl_ws/fireowl_sim_drive/install/carla_ackermann_msgs/share/carla_ackermann_msgs/environment/pythonpath.dsv
[1.561s] -- Up-to-date symlink: /home/fireowl/fireowl_ws/fireowl_sim_drive/install/carla_ackermann_msgs/local/lib/python3.10/dist-packages/carla_ackermann_msgs-1.0.0-py3.10.egg-info/PKG-INFO
[1.561s] -- Up-to-date symlink: /home/fireowl/fireowl_ws/fireowl_sim_drive/install/carla_ackermann_msgs/local/lib/python3.10/dist-packages/carla_ackermann_msgs-1.0.0-py3.10.egg-info/SOURCES.txt
[1.561s] -- Up-to-date symlink: /home/fireowl/fireowl_ws/fireowl_sim_drive/install/carla_ackermann_msgs/local/lib/python3.10/dist-packages/carla_ackermann_msgs-1.0.0-py3.10.egg-info/dependency_links.txt
[1.562s] -- Up-to-date symlink: /home/fireowl/fireowl_ws/fireowl_sim_drive/install/carla_ackermann_msgs/local/lib/python3.10/dist-packages/carla_ackermann_msgs-1.0.0-py3.10.egg-info/top_level.txt
[1.563s] -- Up-to-date symlink: /home/fireowl/fireowl_ws/fireowl_sim_drive/install/carla_ackermann_msgs/local/lib/python3.10/dist-packages/carla_ackermann_msgs/__init__.py
[1.564s] -- Up-to-date symlink: /home/fireowl/fireowl_ws/fireowl_sim_drive/install/carla_ackermann_msgs/local/lib/python3.10/dist-packages/carla_ackermann_msgs/_carla_ackermann_msgs_s.ep.rosidl_typesupport_c.c
[1.564s] -- Up-to-date symlink: /home/fireowl/fireowl_ws/fireowl_sim_drive/install/carla_ackermann_msgs/local/lib/python3.10/dist-packages/carla_ackermann_msgs/_carla_ackermann_msgs_s.ep.rosidl_typesupport_fastrtps_c.c
[1.564s] -- Up-to-date symlink: /home/fireowl/fireowl_ws/fireowl_sim_drive/install/carla_ackermann_msgs/local/lib/python3.10/dist-packages/carla_ackermann_msgs/_carla_ackermann_msgs_s.ep.rosidl_typesupport_introspection_c.c
[1.564s] -- Up-to-date symlink: /home/fireowl/fireowl_ws/fireowl_sim_drive/install/carla_ackermann_msgs/local/lib/python3.10/dist-packages/carla_ackermann_msgs/carla_ackermann_msgs_s__rosidl_typesupport_c.cpython-310-x86_64-linux-gnu.so
[1.564s] -- Up-to-date symlink: /home/fireowl/fireowl_ws/fireowl_sim_drive/install/carla_ackermann_msgs/local/lib/python3.10/dist-packages/carla_ackermann_msgs/carla_ackermann_msgs_s__rosidl_typesupport_fastrtps_c.cpython-310-x86_64-linux-gnu.so
[1.565s] -- Up-to-date symlink: /home/fireowl/fireowl_ws/fireowl_sim_drive/install/carla_ackermann_msgs/local/lib/python3.10/dist-packages/carla_ackermann_msgs/carla_ackermann_msgs_s__rosidl_typesupport_introspection_c.cpython-310-x86_64-linux-gnu.so
[1.565s] -- Up-to-date symlink: /home/fireowl/fireowl_ws/fireowl_sim_drive/install/carla_ackermann_msgs/local/lib/python3.10/dist-packages/carla_ackermann_msgs/libcarla_ackermann_msgs__rosidl_generator_py.so
[1.565s] -- Up-to-date symlink: /home/fireowl/fireowl_ws/fireowl_sim_drive/install/carla_ackermann_msgs/local/lib/python3.10/dist-packages/carla_ackermann_msgs/msg/__init__.py
[1.566s] -- Up-to-date symlink: /home/fireowl/fireowl_ws/fireowl_sim_drive/install/carla_ackermann_msgs/local/lib/python3.10/dist-packages/carla_ackermann_msgs/msg/_ego_vehicle_control_current.py
[1.566s] -- Up-to-date symlink: /home/fireowl/fireowl_ws/fireowl_sim_drive/install/carla_ackermann_msgs/local/lib/python3.10/dist-packages/carla_ackermann_msgs/msg/_ego_vehicle_control_current_s.c
[1.566s] -- Up-to-date symlink: /home/fireowl/fireowl_ws/fireowl_sim_drive/install/carla_ackermann_msgs/local/lib/python3.10/dist-packages/carla_ackermann_msgs/msg/_ego_vehicle_control_info.py
[1.568s] -- Up-to-date symlink: /home/fireowl/fireowl_ws/fireowl_sim_drive/install/carla_ackermann_msgs/local/lib/python3.10/dist-packages/carla_ackermann_msgs/msg/_ego_vehicle_control_info_s.c
[1.568s] -- Up-to-date symlink: /home/fireowl/fireowl_ws/fireowl_sim_drive/install/carla_ackermann_msgs/local/lib/python3.10/dist-packages/carla_ackermann_msgs/msg/_ego_vehicle_control_maxima.py
[1.569s] -- Up-to-date symlink: /home/fireowl/fireowl_ws/fireowl_sim_drive/install/carla_ackermann_msgs/local/lib/python3.10/dist-packages/carla_ackermann_msgs/msg/_ego_vehicle_control_maxima_s.c
[1.569s] -- Up-to-date symlink: /home/fireowl/fireowl_ws/fireowl_sim_drive/install/carla_ackermann_msgs/local/lib/python3.10/dist-packages/carla_ackermann_msgs/msg/_ego_vehicle_control_status.py
[1.569s] -- Up-to-date symlink: /home/fireowl/fireowl_ws/fireowl_sim_drive/install/carla_ackermann_msgs/local/lib/python3.10/dist-packages/carla_ackermann_msgs/msg/_ego_vehicle_control_status_s.c
[1.570s] -- Up-to-date symlink: /home/fireowl/fireowl_ws/fireowl_sim_drive/install/carla_ackermann_msgs/local/lib/python3.10/dist-packages/carla_ackermann_msgs/msg/_ego_vehicle_control_target.py
[1.570s] -- Up-to-date symlink: /home/fireowl/fireowl_ws/fireowl_sim_drive/install/carla_ackermann_msgs/local/lib/python3.10/dist-packages/carla_ackermann_msgs/msg/_ego_vehicle_control_target_s.c
[1.570s] -- Up-to-date symlink: /home/fireowl/fireowl_ws/fireowl_sim_drive/install/carla_ackermann_msgs/local/lib/python3.10/dist-packages/carla_ackermann_msgs/carla_ackermann_msgs_s__rosidl_typesupport_fastrtps_c.cpython-310-x86_64-linux-gnu.so
[1.570s] -- Up-to-date symlink: /home/fireowl/fireowl_ws/fireowl_sim_drive/install/carla_ackermann_msgs/local/lib/python3.10/dist-packages/carla_ackermann_msgs/carla_ackermann_msgs_s__rosidl_typesupport_introspection_c.cpython-310-x86_64-linux-gnu.so
[1.570s] -- Up-to-date symlink: /home/fireowl/fireowl_ws/fireowl_sim_drive/install/carla_ackermann_msgs/local/lib/python3.10/dist-packages/carla_ackermann_msgs/carla_ackermann_msgs_s__rosidl_typesupport_c.cpython-310-x86_64-linux-gnu.so
[1.570s] -- Up-to-date symlink: /home/fireowl/fireowl_ws/fireowl_sim_drive/install/carla_ackermann_msgs/share/carla_ackermann_msgs/msg/EgoVehicleControlInfo.idl
[1.570s] -- Up-to-date symlink: /home/fireowl/fireowl_ws/fireowl_sim_drive/install/carla_ackermann_msgs/share/carla_ackermann_msgs/msg/EgoVehicleControlCurrent.idl
[1.570s] -- Up-to-date symlink: /home/fireowl/fireowl_ws/fireowl_sim_drive/install/carla_ackermann_msgs/share/carla_ackermann_msgs/msg/EgoVehicleControlMaxima.idl
[1.570s] -- Up-to-date symlink: /home/fireowl/fireowl_ws/fireowl_sim_drive/install/carla_ackermann_msgs/share/carla_ackermann_msgs/msg/EgoVehicleControlStatus.idl
[1.570s] -- Up-to-date symlink: /home/fireowl/fireowl_ws/fireowl_sim_drive/install/carla_ackermann_msgs/share/carla_ackermann_msgs/msg/EgoVehicleControlTarget.idl
[1.570s] -- Up-to-date symlink: /home/fireowl/fireowl_ws/fireowl_sim_drive/install/carla_ackermann_msgs/share/carla_ackermann_msgs/msg/EgoVehicleControlInfo.msg
[1.570s] -- Up-to-date symlink: /home/fireowl/fireowl_ws/fireowl_sim_drive/install/carla_ackermann_msgs/share/carla_ackermann_msgs/msg/EgoVehicleControlCurrent.msg
[1.570s] -- Up-to-date symlink: /home/fireowl/fireowl_ws/fireowl_sim_drive/install/carla_ackermann_msgs/share/carla_ackermann_msgs/msg/EgoVehicleControlMaxima.msg
[1.570s] -- Up-to-date symlink: /home/fireowl/fireowl_ws/fireowl_sim_drive/install/carla_ackermann_msgs/share/carla_ackermann_msgs/msg/EgoVehicleControlStatus.msg
[1.570s] -- Up-to-date symlink: /home/fireowl/fireowl_ws/fireowl_sim_drive/install/carla_ackermann_msgs/share/carla_ackermann_msgs/msg/EgoVehicleControlTarget.msg
[1.570s] -- Up-to-date symlink: /home/fireowl/fireowl_ws/fireowl_sim_drive/install/carla_ackermann_msgs/share/ament_index/resource_index/package_run_dependencies/carla_ackermann_msgs
[1.570s] -- Up-to-date symlink: /home/fireowl/fireowl_ws/fireowl_sim_drive/install/carla_ackermann_msgs/share/ament_index/resource_index/parent_prefix_path/carla_ackermann_msgs
[1.570s] -- Up-to-date symlink: /home/fireowl/fireowl_ws/fireowl_sim_drive/install/carla_ackermann_msgs/share/carla_ackermann_msgs/environment/ament_prefix_path.sh
[1.570s] -- Up-to-date symlink: /home/fireowl/fireowl_ws/fireowl_sim_drive/install/carla_ackermann_msgs/share/carla_ackermann_msgs/environment/ament_prefix_path.dsv
[1.570s] -- Up-to-date symlink: /home/fireowl/fireowl_ws/fireowl_sim_drive/install/carla_ackermann_msgs/share/carla_ackermann_msgs/environment/path.sh
[1.570s] -- Up-to-date symlink: /home/fireowl/fireowl_ws/fireowl_sim_drive/install/carla_ackermann_msgs/share/carla_ackermann_msgs/environment/path.dsv
[1.570s] -- Up-to-date symlink: /home/fireowl/fireowl_ws/fireowl_sim_drive/install/carla_ackermann_msgs/share/carla_ackermann_msgs/local_setup.bash
[1.570s] -- Up-to-date symlink: /home/fireowl/fireowl_ws/fireowl_sim_drive/install/carla_ackermann_msgs/share/carla_ackermann_msgs/local_setup.sh
[1.570s] -- Up-to-date symlink: /home/fireowl/fireowl_ws/fireowl_sim_drive/install/carla_ackermann_msgs/share/carla_ackermann_msgs/local_setup.zsh
[1.571s] -- Up-to-date symlink: /home/fireowl/fireowl_ws/fireowl_sim_drive/install/carla_ackermann_msgs/share/carla_ackermann_msgs/local_setup.dsv
[1.571s] -- Symlinking: /home/fireowl/fireowl_ws/fireowl_sim_drive/install/carla_ackermann_msgs/share/carla_ackermann_msgs/package.dsv
[1.577s] -- Up-to-date symlink: /home/fireowl/fireowl_ws/fireowl_sim_drive/install/carla_ackermann_msgs/share/ament_index/resource_index/packages/carla_ackermann_msgs
[1.578s] -- Up-to-date symlink: /home/fireowl/fireowl_ws/fireowl_sim_drive/install/carla_ackermann_msgs/share/carla_ackermann_msgs/cmake/rosidl_cmake-extras.cmake
[1.578s] -- Up-to-date symlink: /home/fireowl/fireowl_ws/fireowl_sim_drive/install/carla_ackermann_msgs/share/carla_ackermann_msgs/cmake/ament_cmake_export_dependencies-extras.cmake
[1.578s] -- Up-to-date symlink: /home/fireowl/fireowl_ws/fireowl_sim_drive/install/carla_ackermann_msgs/share/carla_ackermann_msgs/cmake/ament_cmake_export_include_directories-extras.cmake
[1.578s] -- Up-to-date symlink: /home/fireowl/fireowl_ws/fireowl_sim_drive/install/carla_ackermann_msgs/share/carla_ackermann_msgs/cmake/ament_cmake_export_libraries-extras.cmake
[1.578s] -- Up-to-date symlink: /home/fireowl/fireowl_ws/fireowl_sim_drive/install/carla_ackermann_msgs/share/carla_ackermann_msgs/cmake/ament_cmake_export_targets-extras.cmake
[1.579s] -- Up-to-date symlink: /home/fireowl/fireowl_ws/fireowl_sim_drive/install/carla_ackermann_msgs/share/carla_ackermann_msgs/cmake/rosidl_cmake_export_typesupport_targets-extras.cmake
[1.579s] -- Up-to-date symlink: /home/fireowl/fireowl_ws/fireowl_sim_drive/install/carla_ackermann_msgs/share/carla_ackermann_msgs/cmake/rosidl_cmake_export_typesupport_libraries-extras.cmake
[1.579s] -- Up-to-date symlink: /home/fireowl/fireowl_ws/fireowl_sim_drive/install/carla_ackermann_msgs/share/carla_ackermann_msgs/cmake/carla_ackermann_msgsConfig.cmake
[1.579s] -- Up-to-date symlink: /home/fireowl/fireowl_ws/fireowl_sim_drive/install/carla_ackermann_msgs/share/carla_ackermann_msgs/cmake/carla_ackermann_msgsConfig-version.cmake
[1.579s] -- Up-to-date symlink: /home/fireowl/fireowl_ws/fireowl_sim_drive/install/carla_ackermann_msgs/share/carla_ackermann_msgs/package.xml
[1.579s] -- Up-to-date: /home/fireowl/fireowl_ws/fireowl_sim_drive/install/carla_ackermann_msgs/lib/libcarla_ackermann_msgs__rosidl_generator_c.so
[1.580s] -- Up-to-date: /home/fireowl/fireowl_ws/fireowl_sim_drive/install/carla_ackermann_msgs/lib/libcarla_ackermann_msgs__rosidl_typesupport_fastrtps_c.so
[1.580s] -- Up-to-date: /home/fireowl/fireowl_ws/fireowl_sim_drive/install/carla_ackermann_msgs/lib/libcarla_ackermann_msgs__rosidl_typesupport_fastrtps_cpp.so
[1.580s] -- Up-to-date: /home/fireowl/fireowl_ws/fireowl_sim_drive/install/carla_ackermann_msgs/lib/libcarla_ackermann_msgs__rosidl_typesupport_introspection_c.so
[1.581s] -- Up-to-date: /home/fireowl/fireowl_ws/fireowl_sim_drive/install/carla_ackermann_msgs/lib/libcarla_ackermann_msgs__rosidl_typesupport_c.so
[1.581s] -- Up-to-date: /home/fireowl/fireowl_ws/fireowl_sim_drive/install/carla_ackermann_msgs/lib/libcarla_ackermann_msgs__rosidl_typesupport_introspection_cpp.so
[1.581s] -- Up-to-date: /home/fireowl/fireowl_ws/fireowl_sim_drive/install/carla_ackermann_msgs/lib/libcarla_ackermann_msgs__rosidl_typesupport_cpp.so
[1.603s] Listing '/home/fireowl/fireowl_ws/fireowl_sim_drive/install/carla_ackermann_msgs/local/lib/python3.10/dist-packages/carla_ackermann_msgs'...
[1.603s] Compiling '/home/fireowl/fireowl_ws/fireowl_sim_drive/install/carla_ackermann_msgs/local/lib/python3.10/dist-packages/carla_ackermann_msgs/__init__.py'...
[1.603s] Listing '/home/fireowl/fireowl_ws/fireowl_sim_drive/install/carla_ackermann_msgs/local/lib/python3.10/dist-packages/carla_ackermann_msgs/msg'...
[1.607s] -- Up-to-date: /home/fireowl/fireowl_ws/fireowl_sim_drive/install/carla_ackermann_msgs/lib/libcarla_ackermann_msgs__rosidl_generator_py.so
[1.607s] -- Up-to-date: /home/fireowl/fireowl_ws/fireowl_sim_drive/install/carla_ackermann_msgs/share/carla_ackermann_msgs/cmake/export_carla_ackermann_msgs__rosidl_generator_cExport.cmake
[1.607s] -- Up-to-date: /home/fireowl/fireowl_ws/fireowl_sim_drive/install/carla_ackermann_msgs/share/carla_ackermann_msgs/cmake/export_carla_ackermann_msgs__rosidl_generator_cExport-noconfig.cmake
[1.607s] -- Up-to-date: /home/fireowl/fireowl_ws/fireowl_sim_drive/install/carla_ackermann_msgs/share/carla_ackermann_msgs/cmake/export_carla_ackermann_msgs__rosidl_typesupport_fastrtps_cExport.cmake
[1.607s] -- Up-to-date: /home/fireowl/fireowl_ws/fireowl_sim_drive/install/carla_ackermann_msgs/share/carla_ackermann_msgs/cmake/export_carla_ackermann_msgs__rosidl_typesupport_fastrtps_cExport-noconfig.cmake
[1.607s] -- Up-to-date: /home/fireowl/fireowl_ws/fireowl_sim_drive/install/carla_ackermann_msgs/share/carla_ackermann_msgs/cmake/export_carla_ackermann_msgs__rosidl_generator_cppExport.cmake
[1.608s] -- Up-to-date: /home/fireowl/fireowl_ws/fireowl_sim_drive/install/carla_ackermann_msgs/share/carla_ackermann_msgs/cmake/export_carla_ackermann_msgs__rosidl_typesupport_fastrtps_cppExport.cmake
[1.608s] -- Up-to-date: /home/fireowl/fireowl_ws/fireowl_sim_drive/install/carla_ackermann_msgs/share/carla_ackermann_msgs/cmake/export_carla_ackermann_msgs__rosidl_typesupport_fastrtps_cppExport-noconfig.cmake
[1.608s] -- Up-to-date: /home/fireowl/fireowl_ws/fireowl_sim_drive/install/carla_ackermann_msgs/share/carla_ackermann_msgs/cmake/carla_ackermann_msgs__rosidl_typesupport_introspection_cExport.cmake
[1.608s] -- Up-to-date: /home/fireowl/fireowl_ws/fireowl_sim_drive/install/carla_ackermann_msgs/share/carla_ackermann_msgs/cmake/carla_ackermann_msgs__rosidl_typesupport_introspection_cExport-noconfig.cmake
[1.608s] -- Up-to-date: /home/fireowl/fireowl_ws/fireowl_sim_drive/install/carla_ackermann_msgs/share/carla_ackermann_msgs/cmake/carla_ackermann_msgs__rosidl_typesupport_cExport.cmake
[1.608s] -- Up-to-date: /home/fireowl/fireowl_ws/fireowl_sim_drive/install/carla_ackermann_msgs/share/carla_ackermann_msgs/cmake/carla_ackermann_msgs__rosidl_typesupport_cExport-noconfig.cmake
[1.608s] -- Up-to-date: /home/fireowl/fireowl_ws/fireowl_sim_drive/install/carla_ackermann_msgs/share/carla_ackermann_msgs/cmake/carla_ackermann_msgs__rosidl_typesupport_introspection_cppExport.cmake
[1.608s] -- Up-to-date: /home/fireowl/fireowl_ws/fireowl_sim_drive/install/carla_ackermann_msgs/share/carla_ackermann_msgs/cmake/carla_ackermann_msgs__rosidl_typesupport_introspection_cppExport-noconfig.cmake
[1.609s] -- Up-to-date: /home/fireowl/fireowl_ws/fireowl_sim_drive/install/carla_ackermann_msgs/share/carla_ackermann_msgs/cmake/carla_ackermann_msgs__rosidl_typesupport_cppExport.cmake
[1.609s] -- Up-to-date: /home/fireowl/fireowl_ws/fireowl_sim_drive/install/carla_ackermann_msgs/share/carla_ackermann_msgs/cmake/carla_ackermann_msgs__rosidl_typesupport_cppExport-noconfig.cmake
[1.609s] -- Up-to-date: /home/fireowl/fireowl_ws/fireowl_sim_drive/install/carla_ackermann_msgs/share/carla_ackermann_msgs/cmake/export_carla_ackermann_msgs__rosidl_generator_pyExport.cmake
[1.609s] -- Up-to-date: /home/fireowl/fireowl_ws/fireowl_sim_drive/install/carla_ackermann_msgs/share/carla_ackermann_msgs/cmake/export_carla_ackermann_msgs__rosidl_generator_pyExport-noconfig.cmake
[1.611s] Invoked command in '/home/fireowl/fireowl_ws/fireowl_sim_drive/build/carla_ackermann_msgs' returned '0': AMENT_PREFIX_PATH=/home/fireowl/fireowl_ws/fireowl_sim_drive/install/carla_msgs:${AMENT_PREFIX_PATH} CMAKE_PREFIX_PATH=/home/fireowl/fireowl_ws/fireowl_sim_drive/install/carla_msgs:/opt/ros/humble LD_LIBRARY_PATH=/home/fireowl/fireowl_ws/fireowl_sim_drive/install/carla_msgs/lib:${LD_LIBRARY_PATH} PYTHONPATH=/home/fireowl/fireowl_ws/fireowl_sim_drive/install/carla_msgs/local/lib/python3.10/dist-packages:${PYTHONPATH} /usr/bin/cmake --install /home/fireowl/fireowl_ws/fireowl_sim_drive/build/carla_ackermann_msgs
