[0.842s] Invoking command in '/home/fireowl/fireowl_ws/fireowl_sim_drive/build/rqt_carla_control': PYTHONPATH=/home/fireowl/fireowl_ws/fireowl_sim_drive/build/rqt_carla_control/prefix_override:/usr/lib/python3/dist-packages/colcon_core/task/python/colcon_distutils_commands:/home/fireowl/fireowl_ws/fireowl_sim_drive/install/rqt_carla_control/lib/python3.10/site-packages:${PYTHONPATH} /usr/bin/python3 -W ignore:setup.py install is deprecated -W ignore:easy_install command is deprecated setup.py develop --editable --build-directory /home/fireowl/fireowl_ws/fireowl_sim_drive/build/rqt_carla_control/build --no-deps symlink_data
[1.019s] running develop
[1.128s] running egg_info
[1.128s] creating src/rqt_carla_control.egg-info
[1.129s] writing src/rqt_carla_control.egg-info/PKG-INFO
[1.129s] writing dependency_links to src/rqt_carla_control.egg-info/dependency_links.txt
[1.129s] writing requirements to src/rqt_carla_control.egg-info/requires.txt
[1.130s] writing top-level names to src/rqt_carla_control.egg-info/top_level.txt
[1.130s] writing manifest file 'src/rqt_carla_control.egg-info/SOURCES.txt'
[1.131s] reading manifest file 'src/rqt_carla_control.egg-info/SOURCES.txt'
[1.132s] writing manifest file 'src/rqt_carla_control.egg-info/SOURCES.txt'
[1.133s] running build_ext
[1.133s] Creating /home/fireowl/fireowl_ws/fireowl_sim_drive/install/rqt_carla_control/lib/python3.10/site-packages/rqt-carla-control.egg-link (link to src)
[1.136s] Installing rqt_carla_control script to /home/fireowl/fireowl_ws/fireowl_sim_drive/install/rqt_carla_control/lib/rqt_carla_control
[1.137s] 
[1.137s] Installed /home/fireowl/fireowl_ws/fireowl_sim_drive/build/rqt_carla_control/src
[1.137s] running symlink_data
[1.137s] creating /home/fireowl/fireowl_ws/fireowl_sim_drive/install/rqt_carla_control/share/ament_index
[1.137s] creating /home/fireowl/fireowl_ws/fireowl_sim_drive/install/rqt_carla_control/share/ament_index/resource_index
[1.138s] creating /home/fireowl/fireowl_ws/fireowl_sim_drive/install/rqt_carla_control/share/ament_index/resource_index/packages
[1.138s] symbolically linking /home/fireowl/fireowl_ws/fireowl_sim_drive/build/rqt_carla_control/resource/rqt_carla_control -> /home/fireowl/fireowl_ws/fireowl_sim_drive/install/rqt_carla_control/share/ament_index/resource_index/packages
[1.138s] symbolically linking /home/fireowl/fireowl_ws/fireowl_sim_drive/build/rqt_carla_control/package.xml -> /home/fireowl/fireowl_ws/fireowl_sim_drive/install/rqt_carla_control/share/rqt_carla_control
[1.140s] symbolically linking /home/fireowl/fireowl_ws/fireowl_sim_drive/build/rqt_carla_control/plugin.xml -> /home/fireowl/fireowl_ws/fireowl_sim_drive/install/rqt_carla_control/share/rqt_carla_control
[1.140s] creating /home/fireowl/fireowl_ws/fireowl_sim_drive/install/rqt_carla_control/share/rqt_carla_control/resource
[1.140s] symbolically linking /home/fireowl/fireowl_ws/fireowl_sim_drive/build/rqt_carla_control/resource/CarlaControl.ui -> /home/fireowl/fireowl_ws/fireowl_sim_drive/install/rqt_carla_control/share/rqt_carla_control/resource
[1.140s] symbolically linking /home/fireowl/fireowl_ws/fireowl_sim_drive/build/rqt_carla_control/resource/pause.png -> /home/fireowl/fireowl_ws/fireowl_sim_drive/install/rqt_carla_control/share/rqt_carla_control/resource
[1.140s] symbolically linking /home/fireowl/fireowl_ws/fireowl_sim_drive/build/rqt_carla_control/resource/play.png -> /home/fireowl/fireowl_ws/fireowl_sim_drive/install/rqt_carla_control/share/rqt_carla_control/resource
[1.141s] symbolically linking /home/fireowl/fireowl_ws/fireowl_sim_drive/build/rqt_carla_control/resource/step_once.png -> /home/fireowl/fireowl_ws/fireowl_sim_drive/install/rqt_carla_control/share/rqt_carla_control/resource
[1.159s] Invoked command in '/home/fireowl/fireowl_ws/fireowl_sim_drive/build/rqt_carla_control' returned '0': PYTHONPATH=/home/fireowl/fireowl_ws/fireowl_sim_drive/build/rqt_carla_control/prefix_override:/usr/lib/python3/dist-packages/colcon_core/task/python/colcon_distutils_commands:/home/fireowl/fireowl_ws/fireowl_sim_drive/install/rqt_carla_control/lib/python3.10/site-packages:${PYTHONPATH} /usr/bin/python3 -W ignore:setup.py install is deprecated -W ignore:easy_install command is deprecated setup.py develop --editable --build-directory /home/fireowl/fireowl_ws/fireowl_sim_drive/build/rqt_carla_control/build --no-deps symlink_data
