running develop
running egg_info
creating src/carla_manual_control.egg-info
writing src/carla_manual_control.egg-info/PKG-INFO
writing dependency_links to src/carla_manual_control.egg-info/dependency_links.txt
writing entry points to src/carla_manual_control.egg-info/entry_points.txt
writing requirements to src/carla_manual_control.egg-info/requires.txt
writing top-level names to src/carla_manual_control.egg-info/top_level.txt
writing manifest file 'src/carla_manual_control.egg-info/SOURCES.txt'
reading manifest file 'src/carla_manual_control.egg-info/SOURCES.txt'
writing manifest file 'src/carla_manual_control.egg-info/SOURCES.txt'
running build_ext
Creating /home/fireowl/fireowl_ws/fireowl_sim_drive/install/carla_manual_control/lib/python3.10/site-packages/carla-manual-control.egg-link (link to src)
Installing carla_manual_control script to /home/fireowl/fireowl_ws/fireowl_sim_drive/install/carla_manual_control/lib/carla_manual_control

Installed /home/fireowl/fireowl_ws/fireowl_sim_drive/build/carla_manual_control/src
running symlink_data
creating /home/fireowl/fireowl_ws/fireowl_sim_drive/install/carla_manual_control/share/ament_index
creating /home/fireowl/fireowl_ws/fireowl_sim_drive/install/carla_manual_control/share/ament_index/resource_index
creating /home/fireowl/fireowl_ws/fireowl_sim_drive/install/carla_manual_control/share/ament_index/resource_index/packages
symbolically linking /home/fireowl/fireowl_ws/fireowl_sim_drive/build/carla_manual_control/resource/carla_manual_control -> /home/fireowl/fireowl_ws/fireowl_sim_drive/install/carla_manual_control/share/ament_index/resource_index/packages
symbolically linking /home/fireowl/fireowl_ws/fireowl_sim_drive/build/carla_manual_control/package.xml -> /home/fireowl/fireowl_ws/fireowl_sim_drive/install/carla_manual_control/share/carla_manual_control
symbolically linking /home/fireowl/fireowl_ws/fireowl_sim_drive/build/carla_manual_control/launch/carla_manual_control.launch.py -> /home/fireowl/fireowl_ws/fireowl_sim_drive/install/carla_manual_control/share/carla_manual_control
