[1.113s] Invoking command in '/home/fireowl/fireowl_ws/fireowl_sim_drive/build/carla_manual_control': AMENT_PREFIX_PATH=/home/fireowl/fireowl_ws/fireowl_sim_drive/install/ros_compatibility:/home/fireowl/fireowl_ws/fireowl_sim_drive/install/carla_msgs:${AMENT_PREFIX_PATH} CMAKE_PREFIX_PATH=/home/fireowl/fireowl_ws/fireowl_sim_drive/install/carla_msgs LD_LIBRARY_PATH=/home/fireowl/fireowl_ws/fireowl_sim_drive/install/carla_msgs/lib:${LD_LIBRARY_PATH} PYTHONPATH=/home/fireowl/fireowl_ws/fireowl_sim_drive/build/carla_manual_control/prefix_override:/usr/lib/python3/dist-packages/colcon_core/task/python/colcon_distutils_commands:/home/fireowl/fireowl_ws/fireowl_sim_drive/install/carla_manual_control/lib/python3.10/site-packages:/home/fireowl/fireowl_ws/fireowl_sim_drive/build/ros_compatibility/src:/home/fireowl/fireowl_ws/fireowl_sim_drive/install/ros_compatibility/lib/python3.10/site-packages:/home/fireowl/fireowl_ws/fireowl_sim_drive/install/carla_msgs/local/lib/python3.10/dist-packages:${PYTHONPATH} /usr/bin/python3 -W ignore:setup.py install is deprecated -W ignore:easy_install command is deprecated setup.py develop --editable --build-directory /home/fireowl/fireowl_ws/fireowl_sim_drive/build/carla_manual_control/build --no-deps symlink_data
[1.317s] running develop
[1.428s] running egg_info
[1.428s] creating src/carla_manual_control.egg-info
[1.429s] writing src/carla_manual_control.egg-info/PKG-INFO
[1.429s] writing dependency_links to src/carla_manual_control.egg-info/dependency_links.txt
[1.429s] writing entry points to src/carla_manual_control.egg-info/entry_points.txt
[1.429s] writing requirements to src/carla_manual_control.egg-info/requires.txt
[1.430s] writing top-level names to src/carla_manual_control.egg-info/top_level.txt
[1.430s] writing manifest file 'src/carla_manual_control.egg-info/SOURCES.txt'
[1.431s] reading manifest file 'src/carla_manual_control.egg-info/SOURCES.txt'
[1.432s] writing manifest file 'src/carla_manual_control.egg-info/SOURCES.txt'
[1.433s] running build_ext
[1.433s] Creating /home/fireowl/fireowl_ws/fireowl_sim_drive/install/carla_manual_control/lib/python3.10/site-packages/carla-manual-control.egg-link (link to src)
[1.433s] Installing carla_manual_control script to /home/fireowl/fireowl_ws/fireowl_sim_drive/install/carla_manual_control/lib/carla_manual_control
[1.434s] 
[1.434s] Installed /home/fireowl/fireowl_ws/fireowl_sim_drive/build/carla_manual_control/src
[1.434s] running symlink_data
[1.434s] creating /home/fireowl/fireowl_ws/fireowl_sim_drive/install/carla_manual_control/share/ament_index
[1.434s] creating /home/fireowl/fireowl_ws/fireowl_sim_drive/install/carla_manual_control/share/ament_index/resource_index
[1.435s] creating /home/fireowl/fireowl_ws/fireowl_sim_drive/install/carla_manual_control/share/ament_index/resource_index/packages
[1.435s] symbolically linking /home/fireowl/fireowl_ws/fireowl_sim_drive/build/carla_manual_control/resource/carla_manual_control -> /home/fireowl/fireowl_ws/fireowl_sim_drive/install/carla_manual_control/share/ament_index/resource_index/packages
[1.435s] symbolically linking /home/fireowl/fireowl_ws/fireowl_sim_drive/build/carla_manual_control/package.xml -> /home/fireowl/fireowl_ws/fireowl_sim_drive/install/carla_manual_control/share/carla_manual_control
[1.435s] symbolically linking /home/fireowl/fireowl_ws/fireowl_sim_drive/build/carla_manual_control/launch/carla_manual_control.launch.py -> /home/fireowl/fireowl_ws/fireowl_sim_drive/install/carla_manual_control/share/carla_manual_control
[1.458s] Invoked command in '/home/fireowl/fireowl_ws/fireowl_sim_drive/build/carla_manual_control' returned '0': AMENT_PREFIX_PATH=/home/fireowl/fireowl_ws/fireowl_sim_drive/install/ros_compatibility:/home/fireowl/fireowl_ws/fireowl_sim_drive/install/carla_msgs:${AMENT_PREFIX_PATH} CMAKE_PREFIX_PATH=/home/fireowl/fireowl_ws/fireowl_sim_drive/install/carla_msgs LD_LIBRARY_PATH=/home/fireowl/fireowl_ws/fireowl_sim_drive/install/carla_msgs/lib:${LD_LIBRARY_PATH} PYTHONPATH=/home/fireowl/fireowl_ws/fireowl_sim_drive/build/carla_manual_control/prefix_override:/usr/lib/python3/dist-packages/colcon_core/task/python/colcon_distutils_commands:/home/fireowl/fireowl_ws/fireowl_sim_drive/install/carla_manual_control/lib/python3.10/site-packages:/home/fireowl/fireowl_ws/fireowl_sim_drive/build/ros_compatibility/src:/home/fireowl/fireowl_ws/fireowl_sim_drive/install/ros_compatibility/lib/python3.10/site-packages:/home/fireowl/fireowl_ws/fireowl_sim_drive/install/carla_msgs/local/lib/python3.10/dist-packages:${PYTHONPATH} /usr/bin/python3 -W ignore:setup.py install is deprecated -W ignore:easy_install command is deprecated setup.py develop --editable --build-directory /home/fireowl/fireowl_ws/fireowl_sim_drive/build/carla_manual_control/build --no-deps symlink_data
