[0.981s] Invoking command in '/home/fireowl/fireowl_ws/fireowl_sim_drive/src/carla_waypoint_publisher': AMENT_PREFIX_PATH=/home/fireowl/fireowl_ws/fireowl_sim_drive/install/ros_compatibility:/home/fireowl/fireowl_ws/fireowl_sim_drive/install/carla_waypoint_types:${AMENT_PREFIX_PATH} CMAKE_PREFIX_PATH=/home/fireowl/fireowl_ws/fireowl_sim_drive/install/carla_waypoint_types LD_LIBRARY_PATH=/home/fireowl/fireowl_ws/fireowl_sim_drive/install/carla_waypoint_types/lib:${LD_LIBRARY_PATH} PYTHONPATH=/home/fireowl/fireowl_ws/fireowl_sim_drive/build/carla_waypoint_publisher/prefix_override:/usr/lib/python3/dist-packages/colcon_core/task/python/colcon_distutils_commands:/home/fireowl/fireowl_ws/fireowl_sim_drive/install/carla_waypoint_publisher/lib/python3.10/site-packages:/home/fireowl/fireowl_ws/fireowl_sim_drive/install/ros_compatibility/lib/python3.10/site-packages:/home/fireowl/fireowl_ws/fireowl_sim_drive/install/carla_waypoint_types/local/lib/python3.10/dist-packages:${PYTHONPATH} /usr/bin/python3 -W ignore:setup.py install is deprecated -W ignore:easy_install command is deprecated setup.py egg_info --egg-base ../../../build/carla_waypoint_publisher build --build-base /home/fireowl/fireowl_ws/fireowl_sim_drive/build/carla_waypoint_publisher/build install --record /home/fireowl/fireowl_ws/fireowl_sim_drive/build/carla_waypoint_publisher/install.log --single-version-externally-managed install_data
[1.159s] running egg_info
[1.160s] creating ../../../build/carla_waypoint_publisher/carla_waypoint_publisher.egg-info
[1.160s] writing ../../../build/carla_waypoint_publisher/carla_waypoint_publisher.egg-info/PKG-INFO
[1.160s] writing dependency_links to ../../../build/carla_waypoint_publisher/carla_waypoint_publisher.egg-info/dependency_links.txt
[1.160s] writing entry points to ../../../build/carla_waypoint_publisher/carla_waypoint_publisher.egg-info/entry_points.txt
[1.161s] writing requirements to ../../../build/carla_waypoint_publisher/carla_waypoint_publisher.egg-info/requires.txt
[1.161s] writing top-level names to ../../../build/carla_waypoint_publisher/carla_waypoint_publisher.egg-info/top_level.txt
[1.161s] writing manifest file '../../../build/carla_waypoint_publisher/carla_waypoint_publisher.egg-info/SOURCES.txt'
[1.163s] reading manifest file '../../../build/carla_waypoint_publisher/carla_waypoint_publisher.egg-info/SOURCES.txt'
[1.163s] writing manifest file '../../../build/carla_waypoint_publisher/carla_waypoint_publisher.egg-info/SOURCES.txt'
[1.163s] running build
[1.163s] running build_py
[1.163s] creating /home/fireowl/fireowl_ws/fireowl_sim_drive/build/carla_waypoint_publisher/build
[1.163s] creating /home/fireowl/fireowl_ws/fireowl_sim_drive/build/carla_waypoint_publisher/build/lib
[1.164s] creating /home/fireowl/fireowl_ws/fireowl_sim_drive/build/carla_waypoint_publisher/build/lib/carla_waypoint_publisher
[1.164s] copying src/carla_waypoint_publisher/carla_waypoint_publisher.py -> /home/fireowl/fireowl_ws/fireowl_sim_drive/build/carla_waypoint_publisher/build/lib/carla_waypoint_publisher
[1.164s] copying src/carla_waypoint_publisher/__init__.py -> /home/fireowl/fireowl_ws/fireowl_sim_drive/build/carla_waypoint_publisher/build/lib/carla_waypoint_publisher
[1.164s] running install
[1.165s] running install_lib
[1.165s] creating /home/fireowl/fireowl_ws/fireowl_sim_drive/install/carla_waypoint_publisher/lib/python3.10/site-packages/carla_waypoint_publisher
[1.166s] copying /home/fireowl/fireowl_ws/fireowl_sim_drive/build/carla_waypoint_publisher/build/lib/carla_waypoint_publisher/carla_waypoint_publisher.py -> /home/fireowl/fireowl_ws/fireowl_sim_drive/install/carla_waypoint_publisher/lib/python3.10/site-packages/carla_waypoint_publisher
[1.166s] copying /home/fireowl/fireowl_ws/fireowl_sim_drive/build/carla_waypoint_publisher/build/lib/carla_waypoint_publisher/__init__.py -> /home/fireowl/fireowl_ws/fireowl_sim_drive/install/carla_waypoint_publisher/lib/python3.10/site-packages/carla_waypoint_publisher
[1.166s] byte-compiling /home/fireowl/fireowl_ws/fireowl_sim_drive/install/carla_waypoint_publisher/lib/python3.10/site-packages/carla_waypoint_publisher/carla_waypoint_publisher.py to carla_waypoint_publisher.cpython-310.pyc
[1.168s] byte-compiling /home/fireowl/fireowl_ws/fireowl_sim_drive/install/carla_waypoint_publisher/lib/python3.10/site-packages/carla_waypoint_publisher/__init__.py to __init__.cpython-310.pyc
[1.168s] running install_data
[1.168s] running install_egg_info
[1.170s] Copying ../../../build/carla_waypoint_publisher/carla_waypoint_publisher.egg-info to /home/fireowl/fireowl_ws/fireowl_sim_drive/install/carla_waypoint_publisher/lib/python3.10/site-packages/carla_waypoint_publisher-0.0.0-py3.10.egg-info
[1.171s] running install_scripts
[1.186s] Installing carla_waypoint_publisher script to /home/fireowl/fireowl_ws/fireowl_sim_drive/install/carla_waypoint_publisher/lib/carla_waypoint_publisher
[1.186s] writing list of installed files to '/home/fireowl/fireowl_ws/fireowl_sim_drive/build/carla_waypoint_publisher/install.log'
[1.208s] Invoked command in '/home/fireowl/fireowl_ws/fireowl_sim_drive/src/carla_waypoint_publisher' returned '0': AMENT_PREFIX_PATH=/home/fireowl/fireowl_ws/fireowl_sim_drive/install/ros_compatibility:/home/fireowl/fireowl_ws/fireowl_sim_drive/install/carla_waypoint_types:${AMENT_PREFIX_PATH} CMAKE_PREFIX_PATH=/home/fireowl/fireowl_ws/fireowl_sim_drive/install/carla_waypoint_types LD_LIBRARY_PATH=/home/fireowl/fireowl_ws/fireowl_sim_drive/install/carla_waypoint_types/lib:${LD_LIBRARY_PATH} PYTHONPATH=/home/fireowl/fireowl_ws/fireowl_sim_drive/build/carla_waypoint_publisher/prefix_override:/usr/lib/python3/dist-packages/colcon_core/task/python/colcon_distutils_commands:/home/fireowl/fireowl_ws/fireowl_sim_drive/install/carla_waypoint_publisher/lib/python3.10/site-packages:/home/fireowl/fireowl_ws/fireowl_sim_drive/install/ros_compatibility/lib/python3.10/site-packages:/home/fireowl/fireowl_ws/fireowl_sim_drive/install/carla_waypoint_types/local/lib/python3.10/dist-packages:${PYTHONPATH} /usr/bin/python3 -W ignore:setup.py install is deprecated -W ignore:easy_install command is deprecated setup.py egg_info --egg-base ../../../build/carla_waypoint_publisher build --build-base /home/fireowl/fireowl_ws/fireowl_sim_drive/build/carla_waypoint_publisher/build install --record /home/fireowl/fireowl_ws/fireowl_sim_drive/build/carla_waypoint_publisher/install.log --single-version-externally-managed install_data
