[0.302s] Invoking command in '/home/fireowl/fireowl_ws/fireowl_sim_drive/build/rviz_carla_plugin': AMENT_PREFIX_PATH=/home/fireowl/fireowl_ws/fireowl_sim_drive/install/carla_ros_scenario_runner_types:/home/fireowl/fireowl_ws/fireowl_sim_drive/install/carla_msgs:${AMENT_PREFIX_PATH} CMAKE_PREFIX_PATH=/home/fireowl/fireowl_ws/fireowl_sim_drive/install/carla_ros_scenario_runner_types:/home/fireowl/fireowl_ws/fireowl_sim_drive/install/carla_msgs:/opt/ros/humble LD_LIBRARY_PATH=/home/fireowl/fireowl_ws/fireowl_sim_drive/install/carla_ros_scenario_runner_types/lib:/home/fireowl/fireowl_ws/fireowl_sim_drive/install/carla_msgs/lib:${LD_LIBRARY_PATH} PYTHONPATH=/home/fireowl/fireowl_ws/fireowl_sim_drive/install/carla_ros_scenario_runner_types/local/lib/python3.10/dist-packages:/home/fireowl/fireowl_ws/fireowl_sim_drive/install/carla_msgs/local/lib/python3.10/dist-packages:${PYTHONPATH} /usr/bin/cmake /home/fireowl/fireowl_ws/fireowl_sim_drive/src/ros-bridge/rviz_carla_plugin -DCMAKE_INSTALL_PREFIX=/home/fireowl/fireowl_ws/fireowl_sim_drive/install/rviz_carla_plugin
[0.309s] -- Found ros_environment: 3.2.2 (/opt/ros/humble/share/ros_environment/cmake)
[0.309s] -- Found ament_cmake: 1.3.12 (/opt/ros/humble/share/ament_cmake/cmake)
[0.382s] -- Override CMake install command with custom implementation using symlinks instead of copying resources
[0.386s] -- Found rviz_common: 11.2.25 (/opt/ros/humble/share/rviz_common/cmake)
[0.560s] -- Setting assimp_DIR to: '/opt/ros/humble/share/rviz_assimp_vendor/cmake/../../../opt/rviz_assimp_vendor/lib/cmake/assimp-4.1'
[0.563s] -- Setting OGRE_DIR to: '/opt/ros/humble/share/rviz_ogre_vendor/cmake/../../../opt/rviz_ogre_vendor/lib/OGRE/cmake'
[0.564s] -- Found OGRE
[0.564s] --   static     : OFF
[0.564s] --   components : HLMS;MeshLodGenerator;Overlay;Paging;Property;RTShaderSystem;Terrain;Volume
[0.564s] --   plugins    : Plugin_BSPSceneManager;Plugin_OctreeSceneManager;Plugin_PCZSceneManager;Plugin_ParticleFX;RenderSystem_GL;RenderSystem_GL3Plus;Codec_STBI
[0.564s] --   media      : /opt/ros/humble/opt/rviz_ogre_vendor/share/OGRE/Media
[0.564s] -- OGRE_LIBRARIES: OgreHLMS;OgreMeshLodGenerator;OgreOverlay;OgrePaging;OgreProperty;OgreRTShaderSystem;OgreTerrain;OgreVolume;OgreMain
[0.564s] -- OGRE_LIBRARY_DIRS: /opt/ros/humble/opt/rviz_ogre_vendor/lib
[0.564s] -- OGRE_PLUGINS: Plugin_BSPSceneManager;Plugin_OctreeSceneManager;Plugin_PCZSceneManager;Plugin_ParticleFX;RenderSystem_GL;RenderSystem_GL3Plus;Codec_STBI
[0.565s] -- OGRE_PLUGIN_DIR: /opt/ros/humble/opt/rviz_ogre_vendor/lib/OGRE
[0.565s] -- rviz_ogre_vendor::OgreOverlay for IMPORTED_LOCATION_RELEASE: /opt/ros/humble/opt/rviz_ogre_vendor/lib/libOgreOverlay.so
[0.565s] -- rviz_ogre_vendor::OgreOverlay for IMPORTED_LOCATION_DEBUG: /opt/ros/humble/opt/rviz_ogre_vendor/lib/libOgreOverlay.so
[0.565s] -- rviz_ogre_vendor::OgreMain for IMPORTED_LOCATION_RELEASE: /opt/ros/humble/opt/rviz_ogre_vendor/lib/libOgreMain.so
[0.565s] -- rviz_ogre_vendor::OgreMain for IMPORTED_LOCATION_DEBUG: /opt/ros/humble/opt/rviz_ogre_vendor/lib/libOgreMain.so
[3.579s] -- library: /usr/lib/x86_64-linux-gnu/libcurl.so
[3.626s] -- Found rosidl_generator_c: 3.1.7 (/opt/ros/humble/share/rosidl_generator_c/cmake)
[3.627s] -- Found rosidl_adapter: 3.1.7 (/opt/ros/humble/share/rosidl_adapter/cmake)
[3.630s] -- Found rosidl_generator_cpp: 3.1.7 (/opt/ros/humble/share/rosidl_generator_cpp/cmake)
[3.635s] -- Using all available rosidl_typesupport_c: rosidl_typesupport_fastrtps_c;rosidl_typesupport_introspection_c
[3.642s] -- Using all available rosidl_typesupport_cpp: rosidl_typesupport_fastrtps_cpp;rosidl_typesupport_introspection_cpp
[4.837s] -- Found rmw_implementation_cmake: 6.1.2 (/opt/ros/humble/share/rmw_implementation_cmake/cmake)
[4.838s] -- Found rmw_fastrtps_cpp: 6.2.9 (/opt/ros/humble/share/rmw_fastrtps_cpp/cmake)
[4.846s] -- Found TinyXML2 via Config file: TinyXML2_DIR-NOTFOUND
[4.851s] -- Found TinyXML2 via Config file: TinyXML2_DIR-NOTFOUND
[4.927s] -- Found TinyXML2 via Config file: TinyXML2_DIR-NOTFOUND
[4.932s] -- Found TinyXML2 via Config file: TinyXML2_DIR-NOTFOUND
[5.006s] -- Using RMW implementation 'rmw_fastrtps_cpp' as default
[5.033s] -- Ensuring Eigen3 include directory is part of orocos-kdl CMake target
[5.070s] -- Found carla_msgs: 1.3.0 (/home/fireowl/fireowl_ws/fireowl_sim_drive/install/carla_msgs/share/carla_msgs/cmake)
[5.084s] -- Found nav_msgs: 4.9.0 (/opt/ros/humble/share/nav_msgs/cmake)
[5.092s] -- Found carla_ros_scenario_runner_types: 0.1.0 (/home/fireowl/fireowl_ws/fireowl_sim_drive/install/carla_ros_scenario_runner_types/share/carla_ros_scenario_runner_types/cmake)
[5.136s] -- Configuring done
[5.151s] -- Generating done
[5.155s] -- Build files have been written to: /home/fireowl/fireowl_ws/fireowl_sim_drive/build/rviz_carla_plugin
[5.162s] Invoked command in '/home/fireowl/fireowl_ws/fireowl_sim_drive/build/rviz_carla_plugin' returned '0': AMENT_PREFIX_PATH=/home/fireowl/fireowl_ws/fireowl_sim_drive/install/carla_ros_scenario_runner_types:/home/fireowl/fireowl_ws/fireowl_sim_drive/install/carla_msgs:${AMENT_PREFIX_PATH} CMAKE_PREFIX_PATH=/home/fireowl/fireowl_ws/fireowl_sim_drive/install/carla_ros_scenario_runner_types:/home/fireowl/fireowl_ws/fireowl_sim_drive/install/carla_msgs:/opt/ros/humble LD_LIBRARY_PATH=/home/fireowl/fireowl_ws/fireowl_sim_drive/install/carla_ros_scenario_runner_types/lib:/home/fireowl/fireowl_ws/fireowl_sim_drive/install/carla_msgs/lib:${LD_LIBRARY_PATH} PYTHONPATH=/home/fireowl/fireowl_ws/fireowl_sim_drive/install/carla_ros_scenario_runner_types/local/lib/python3.10/dist-packages:/home/fireowl/fireowl_ws/fireowl_sim_drive/install/carla_msgs/local/lib/python3.10/dist-packages:${PYTHONPATH} /usr/bin/cmake /home/fireowl/fireowl_ws/fireowl_sim_drive/src/ros-bridge/rviz_carla_plugin -DCMAKE_INSTALL_PREFIX=/home/fireowl/fireowl_ws/fireowl_sim_drive/install/rviz_carla_plugin
[5.164s] Invoking command in '/home/fireowl/fireowl_ws/fireowl_sim_drive/build/rviz_carla_plugin': AMENT_PREFIX_PATH=/home/fireowl/fireowl_ws/fireowl_sim_drive/install/carla_ros_scenario_runner_types:/home/fireowl/fireowl_ws/fireowl_sim_drive/install/carla_msgs:${AMENT_PREFIX_PATH} CMAKE_PREFIX_PATH=/home/fireowl/fireowl_ws/fireowl_sim_drive/install/carla_ros_scenario_runner_types:/home/fireowl/fireowl_ws/fireowl_sim_drive/install/carla_msgs:/opt/ros/humble LD_LIBRARY_PATH=/home/fireowl/fireowl_ws/fireowl_sim_drive/install/carla_ros_scenario_runner_types/lib:/home/fireowl/fireowl_ws/fireowl_sim_drive/install/carla_msgs/lib:${LD_LIBRARY_PATH} PYTHONPATH=/home/fireowl/fireowl_ws/fireowl_sim_drive/install/carla_ros_scenario_runner_types/local/lib/python3.10/dist-packages:/home/fireowl/fireowl_ws/fireowl_sim_drive/install/carla_msgs/local/lib/python3.10/dist-packages:${PYTHONPATH} /usr/bin/cmake --build /home/fireowl/fireowl_ws/fireowl_sim_drive/build/rviz_carla_plugin -- -j12 -l12
[5.188s] [ 12%] [34m[1mAutomatic MOC for target rviz_carla_plugin[0m
[5.198s] [ 12%] Built target rviz_carla_plugin_autogen
[5.205s] [35m[1mConsolidate compiler generated dependencies of target rviz_carla_plugin[0m
[5.219s] [100%] Built target rviz_carla_plugin
[5.227s] Invoked command in '/home/fireowl/fireowl_ws/fireowl_sim_drive/build/rviz_carla_plugin' returned '0': AMENT_PREFIX_PATH=/home/fireowl/fireowl_ws/fireowl_sim_drive/install/carla_ros_scenario_runner_types:/home/fireowl/fireowl_ws/fireowl_sim_drive/install/carla_msgs:${AMENT_PREFIX_PATH} CMAKE_PREFIX_PATH=/home/fireowl/fireowl_ws/fireowl_sim_drive/install/carla_ros_scenario_runner_types:/home/fireowl/fireowl_ws/fireowl_sim_drive/install/carla_msgs:/opt/ros/humble LD_LIBRARY_PATH=/home/fireowl/fireowl_ws/fireowl_sim_drive/install/carla_ros_scenario_runner_types/lib:/home/fireowl/fireowl_ws/fireowl_sim_drive/install/carla_msgs/lib:${LD_LIBRARY_PATH} PYTHONPATH=/home/fireowl/fireowl_ws/fireowl_sim_drive/install/carla_ros_scenario_runner_types/local/lib/python3.10/dist-packages:/home/fireowl/fireowl_ws/fireowl_sim_drive/install/carla_msgs/local/lib/python3.10/dist-packages:${PYTHONPATH} /usr/bin/cmake --build /home/fireowl/fireowl_ws/fireowl_sim_drive/build/rviz_carla_plugin -- -j12 -l12
[5.230s] Invoking command in '/home/fireowl/fireowl_ws/fireowl_sim_drive/build/rviz_carla_plugin': AMENT_PREFIX_PATH=/home/fireowl/fireowl_ws/fireowl_sim_drive/install/carla_ros_scenario_runner_types:/home/fireowl/fireowl_ws/fireowl_sim_drive/install/carla_msgs:${AMENT_PREFIX_PATH} CMAKE_PREFIX_PATH=/home/fireowl/fireowl_ws/fireowl_sim_drive/install/carla_ros_scenario_runner_types:/home/fireowl/fireowl_ws/fireowl_sim_drive/install/carla_msgs:/opt/ros/humble LD_LIBRARY_PATH=/home/fireowl/fireowl_ws/fireowl_sim_drive/install/carla_ros_scenario_runner_types/lib:/home/fireowl/fireowl_ws/fireowl_sim_drive/install/carla_msgs/lib:${LD_LIBRARY_PATH} PYTHONPATH=/home/fireowl/fireowl_ws/fireowl_sim_drive/install/carla_ros_scenario_runner_types/local/lib/python3.10/dist-packages:/home/fireowl/fireowl_ws/fireowl_sim_drive/install/carla_msgs/local/lib/python3.10/dist-packages:${PYTHONPATH} /usr/bin/cmake --install /home/fireowl/fireowl_ws/fireowl_sim_drive/build/rviz_carla_plugin
[5.233s] -- Install configuration: ""
[5.234s] -- Execute custom install script
[5.234s] -- Up-to-date symlink: /home/fireowl/fireowl_ws/fireowl_sim_drive/install/rviz_carla_plugin/share/rviz_carla_plugin//plugin_description_ros2.xml
[5.234s] -- Up-to-date symlink: /home/fireowl/fireowl_ws/fireowl_sim_drive/install/rviz_carla_plugin/share/rviz_carla_plugin/environment/library_path.sh
[5.234s] -- Up-to-date symlink: /home/fireowl/fireowl_ws/fireowl_sim_drive/install/rviz_carla_plugin/share/rviz_carla_plugin/environment/library_path.dsv
[5.234s] -- Up-to-date symlink: /home/fireowl/fireowl_ws/fireowl_sim_drive/install/rviz_carla_plugin/share/rviz_carla_plugin/plugin_description_ros2.xml
[5.235s] -- Up-to-date symlink: /home/fireowl/fireowl_ws/fireowl_sim_drive/install/rviz_carla_plugin/share/rviz_carla_plugin/classes/CarlaControl.png
[5.235s] -- Up-to-date symlink: /home/fireowl/fireowl_ws/fireowl_sim_drive/install/rviz_carla_plugin/share/rviz_carla_plugin/pause.png
[5.235s] -- Up-to-date symlink: /home/fireowl/fireowl_ws/fireowl_sim_drive/install/rviz_carla_plugin/share/rviz_carla_plugin/play.png
[5.235s] -- Up-to-date symlink: /home/fireowl/fireowl_ws/fireowl_sim_drive/install/rviz_carla_plugin/share/rviz_carla_plugin/step_once.png
[5.235s] -- Up-to-date symlink: /home/fireowl/fireowl_ws/fireowl_sim_drive/install/rviz_carla_plugin/share/ament_index/resource_index/package_run_dependencies/rviz_carla_plugin
[5.235s] -- Up-to-date symlink: /home/fireowl/fireowl_ws/fireowl_sim_drive/install/rviz_carla_plugin/share/ament_index/resource_index/parent_prefix_path/rviz_carla_plugin
[5.236s] -- Up-to-date symlink: /home/fireowl/fireowl_ws/fireowl_sim_drive/install/rviz_carla_plugin/share/rviz_carla_plugin/environment/ament_prefix_path.sh
[5.236s] -- Up-to-date symlink: /home/fireowl/fireowl_ws/fireowl_sim_drive/install/rviz_carla_plugin/share/rviz_carla_plugin/environment/ament_prefix_path.dsv
[5.236s] -- Up-to-date symlink: /home/fireowl/fireowl_ws/fireowl_sim_drive/install/rviz_carla_plugin/share/rviz_carla_plugin/environment/path.sh
[5.236s] -- Up-to-date symlink: /home/fireowl/fireowl_ws/fireowl_sim_drive/install/rviz_carla_plugin/share/rviz_carla_plugin/environment/path.dsv
[5.236s] -- Up-to-date symlink: /home/fireowl/fireowl_ws/fireowl_sim_drive/install/rviz_carla_plugin/share/rviz_carla_plugin/local_setup.bash
[5.236s] -- Up-to-date symlink: /home/fireowl/fireowl_ws/fireowl_sim_drive/install/rviz_carla_plugin/share/rviz_carla_plugin/local_setup.sh
[5.236s] -- Up-to-date symlink: /home/fireowl/fireowl_ws/fireowl_sim_drive/install/rviz_carla_plugin/share/rviz_carla_plugin/local_setup.zsh
[5.237s] -- Up-to-date symlink: /home/fireowl/fireowl_ws/fireowl_sim_drive/install/rviz_carla_plugin/share/rviz_carla_plugin/local_setup.dsv
[5.237s] -- Symlinking: /home/fireowl/fireowl_ws/fireowl_sim_drive/install/rviz_carla_plugin/share/rviz_carla_plugin/package.dsv
[5.241s] -- Up-to-date symlink: /home/fireowl/fireowl_ws/fireowl_sim_drive/install/rviz_carla_plugin/share/ament_index/resource_index/packages/rviz_carla_plugin
[5.242s] -- Up-to-date symlink: /home/fireowl/fireowl_ws/fireowl_sim_drive/install/rviz_carla_plugin/share/ament_index/resource_index/rviz_common__pluginlib__plugin/rviz_carla_plugin
[5.242s] -- Up-to-date symlink: /home/fireowl/fireowl_ws/fireowl_sim_drive/install/rviz_carla_plugin/share/rviz_carla_plugin/cmake/ament_cmake_export_libraries-extras.cmake
[5.242s] -- Up-to-date symlink: /home/fireowl/fireowl_ws/fireowl_sim_drive/install/rviz_carla_plugin/share/rviz_carla_plugin/cmake/rviz_carla_pluginConfig.cmake
[5.242s] -- Up-to-date symlink: /home/fireowl/fireowl_ws/fireowl_sim_drive/install/rviz_carla_plugin/share/rviz_carla_plugin/cmake/rviz_carla_pluginConfig-version.cmake
[5.242s] -- Up-to-date symlink: /home/fireowl/fireowl_ws/fireowl_sim_drive/install/rviz_carla_plugin/share/rviz_carla_plugin/package.xml
[5.242s] -- Up-to-date: /home/fireowl/fireowl_ws/fireowl_sim_drive/install/rviz_carla_plugin/lib/librviz_carla_plugin.so
[5.244s] Invoked command in '/home/fireowl/fireowl_ws/fireowl_sim_drive/build/rviz_carla_plugin' returned '0': AMENT_PREFIX_PATH=/home/fireowl/fireowl_ws/fireowl_sim_drive/install/carla_ros_scenario_runner_types:/home/fireowl/fireowl_ws/fireowl_sim_drive/install/carla_msgs:${AMENT_PREFIX_PATH} CMAKE_PREFIX_PATH=/home/fireowl/fireowl_ws/fireowl_sim_drive/install/carla_ros_scenario_runner_types:/home/fireowl/fireowl_ws/fireowl_sim_drive/install/carla_msgs:/opt/ros/humble LD_LIBRARY_PATH=/home/fireowl/fireowl_ws/fireowl_sim_drive/install/carla_ros_scenario_runner_types/lib:/home/fireowl/fireowl_ws/fireowl_sim_drive/install/carla_msgs/lib:${LD_LIBRARY_PATH} PYTHONPATH=/home/fireowl/fireowl_ws/fireowl_sim_drive/install/carla_ros_scenario_runner_types/local/lib/python3.10/dist-packages:/home/fireowl/fireowl_ws/fireowl_sim_drive/install/carla_msgs/local/lib/python3.10/dist-packages:${PYTHONPATH} /usr/bin/cmake --install /home/fireowl/fireowl_ws/fireowl_sim_drive/build/rviz_carla_plugin
