[1.297s] Invoking command in '/home/fireowl/fireowl_ws/fireowl_sim_drive/src/carla_ackermann_control': AMENT_PREFIX_PATH=/home/fireowl/fireowl_ws/fireowl_sim_drive/install/carla_ros_bridge:/home/fireowl/fireowl_ws/fireowl_sim_drive/install/carla_spawn_objects:/home/fireowl/fireowl_ws/fireowl_sim_drive/install/carla_manual_control:/home/fireowl/fireowl_ws/fireowl_sim_drive/install/carla_ackermann_msgs:/home/fireowl/fireowl_ws/fireowl_sim_drive/install/ros_compatibility:/home/fireowl/fireowl_ws/fireowl_sim_drive/install/carla_msgs:/home/fireowl/fireowl_ws/fireowl_sim_drive/install/carla_common:${AMENT_PREFIX_PATH} CMAKE_PREFIX_PATH=/home/fireowl/fireowl_ws/fireowl_sim_drive/install/carla_ackermann_msgs:/home/fireowl/fireowl_ws/fireowl_sim_drive/install/carla_msgs LD_LIBRARY_PATH=/home/fireowl/fireowl_ws/fireowl_sim_drive/install/carla_ackermann_msgs/lib:/home/fireowl/fireowl_ws/fireowl_sim_drive/install/carla_msgs/lib:${LD_LIBRARY_PATH} PYTHONPATH=/home/fireowl/fireowl_ws/fireowl_sim_drive/build/carla_ackermann_control/prefix_override:/usr/lib/python3/dist-packages/colcon_core/task/python/colcon_distutils_commands:/home/fireowl/fireowl_ws/fireowl_sim_drive/install/carla_ackermann_control/lib/python3.10/site-packages:/home/fireowl/fireowl_ws/fireowl_sim_drive/install/carla_ros_bridge/lib/python3.10/site-packages:/home/fireowl/fireowl_ws/fireowl_sim_drive/install/carla_spawn_objects/lib/python3.10/site-packages:/home/fireowl/fireowl_ws/fireowl_sim_drive/install/carla_manual_control/lib/python3.10/site-packages:/home/fireowl/fireowl_ws/fireowl_sim_drive/install/carla_ackermann_msgs/local/lib/python3.10/dist-packages:/home/fireowl/fireowl_ws/fireowl_sim_drive/install/ros_compatibility/lib/python3.10/site-packages:/home/fireowl/fireowl_ws/fireowl_sim_drive/install/carla_msgs/local/lib/python3.10/dist-packages:/home/fireowl/fireowl_ws/fireowl_sim_drive/install/carla_common/lib/python3.10/site-packages:${PYTHONPATH} /usr/bin/python3 -W ignore:setup.py install is deprecated -W ignore:easy_install command is deprecated setup.py egg_info --egg-base ../../../build/carla_ackermann_control build --build-base /home/fireowl/fireowl_ws/fireowl_sim_drive/build/carla_ackermann_control/build install --record /home/fireowl/fireowl_ws/fireowl_sim_drive/build/carla_ackermann_control/install.log --single-version-externally-managed install_data
[1.401s] running egg_info
[1.401s] creating ../../../build/carla_ackermann_control/carla_ackermann_control.egg-info
[1.401s] writing ../../../build/carla_ackermann_control/carla_ackermann_control.egg-info/PKG-INFO
[1.402s] writing dependency_links to ../../../build/carla_ackermann_control/carla_ackermann_control.egg-info/dependency_links.txt
[1.402s] writing entry points to ../../../build/carla_ackermann_control/carla_ackermann_control.egg-info/entry_points.txt
[1.402s] writing requirements to ../../../build/carla_ackermann_control/carla_ackermann_control.egg-info/requires.txt
[1.402s] writing top-level names to ../../../build/carla_ackermann_control/carla_ackermann_control.egg-info/top_level.txt
[1.402s] writing manifest file '../../../build/carla_ackermann_control/carla_ackermann_control.egg-info/SOURCES.txt'
[1.403s] reading manifest file '../../../build/carla_ackermann_control/carla_ackermann_control.egg-info/SOURCES.txt'
[1.403s] writing manifest file '../../../build/carla_ackermann_control/carla_ackermann_control.egg-info/SOURCES.txt'
[1.403s] running build
[1.403s] running build_py
[1.403s] creating /home/fireowl/fireowl_ws/fireowl_sim_drive/build/carla_ackermann_control/build
[1.403s] creating /home/fireowl/fireowl_ws/fireowl_sim_drive/build/carla_ackermann_control/build/lib
[1.404s] creating /home/fireowl/fireowl_ws/fireowl_sim_drive/build/carla_ackermann_control/build/lib/carla_ackermann_control
[1.404s] copying src/carla_ackermann_control/carla_control_physics.py -> /home/fireowl/fireowl_ws/fireowl_sim_drive/build/carla_ackermann_control/build/lib/carla_ackermann_control
[1.404s] copying src/carla_ackermann_control/__init__.py -> /home/fireowl/fireowl_ws/fireowl_sim_drive/build/carla_ackermann_control/build/lib/carla_ackermann_control
[1.404s] copying src/carla_ackermann_control/carla_ackermann_control_node.py -> /home/fireowl/fireowl_ws/fireowl_sim_drive/build/carla_ackermann_control/build/lib/carla_ackermann_control
[1.404s] running install
[1.404s] running install_lib
[1.405s] creating /home/fireowl/fireowl_ws/fireowl_sim_drive/install/carla_ackermann_control/lib/python3.10/site-packages/carla_ackermann_control
[1.405s] copying /home/fireowl/fireowl_ws/fireowl_sim_drive/build/carla_ackermann_control/build/lib/carla_ackermann_control/carla_control_physics.py -> /home/fireowl/fireowl_ws/fireowl_sim_drive/install/carla_ackermann_control/lib/python3.10/site-packages/carla_ackermann_control
[1.405s] copying /home/fireowl/fireowl_ws/fireowl_sim_drive/build/carla_ackermann_control/build/lib/carla_ackermann_control/__init__.py -> /home/fireowl/fireowl_ws/fireowl_sim_drive/install/carla_ackermann_control/lib/python3.10/site-packages/carla_ackermann_control
[1.405s] copying /home/fireowl/fireowl_ws/fireowl_sim_drive/build/carla_ackermann_control/build/lib/carla_ackermann_control/carla_ackermann_control_node.py -> /home/fireowl/fireowl_ws/fireowl_sim_drive/install/carla_ackermann_control/lib/python3.10/site-packages/carla_ackermann_control
[1.406s] byte-compiling /home/fireowl/fireowl_ws/fireowl_sim_drive/install/carla_ackermann_control/lib/python3.10/site-packages/carla_ackermann_control/carla_control_physics.py to carla_control_physics.cpython-310.pyc
[1.406s] byte-compiling /home/fireowl/fireowl_ws/fireowl_sim_drive/install/carla_ackermann_control/lib/python3.10/site-packages/carla_ackermann_control/__init__.py to __init__.cpython-310.pyc
[1.406s] byte-compiling /home/fireowl/fireowl_ws/fireowl_sim_drive/install/carla_ackermann_control/lib/python3.10/site-packages/carla_ackermann_control/carla_ackermann_control_node.py to carla_ackermann_control_node.cpython-310.pyc
[1.408s] running install_data
[1.408s] running install_egg_info
[1.409s] Copying ../../../build/carla_ackermann_control/carla_ackermann_control.egg-info to /home/fireowl/fireowl_ws/fireowl_sim_drive/install/carla_ackermann_control/lib/python3.10/site-packages/carla_ackermann_control-0.0.0-py3.10.egg-info
[1.410s] running install_scripts
[1.420s] Installing carla_ackermann_control_node script to /home/fireowl/fireowl_ws/fireowl_sim_drive/install/carla_ackermann_control/lib/carla_ackermann_control
[1.421s] writing list of installed files to '/home/fireowl/fireowl_ws/fireowl_sim_drive/build/carla_ackermann_control/install.log'
[1.436s] Invoked command in '/home/fireowl/fireowl_ws/fireowl_sim_drive/src/carla_ackermann_control' returned '0': AMENT_PREFIX_PATH=/home/fireowl/fireowl_ws/fireowl_sim_drive/install/carla_ros_bridge:/home/fireowl/fireowl_ws/fireowl_sim_drive/install/carla_spawn_objects:/home/fireowl/fireowl_ws/fireowl_sim_drive/install/carla_manual_control:/home/fireowl/fireowl_ws/fireowl_sim_drive/install/carla_ackermann_msgs:/home/fireowl/fireowl_ws/fireowl_sim_drive/install/ros_compatibility:/home/fireowl/fireowl_ws/fireowl_sim_drive/install/carla_msgs:/home/fireowl/fireowl_ws/fireowl_sim_drive/install/carla_common:${AMENT_PREFIX_PATH} CMAKE_PREFIX_PATH=/home/fireowl/fireowl_ws/fireowl_sim_drive/install/carla_ackermann_msgs:/home/fireowl/fireowl_ws/fireowl_sim_drive/install/carla_msgs LD_LIBRARY_PATH=/home/fireowl/fireowl_ws/fireowl_sim_drive/install/carla_ackermann_msgs/lib:/home/fireowl/fireowl_ws/fireowl_sim_drive/install/carla_msgs/lib:${LD_LIBRARY_PATH} PYTHONPATH=/home/fireowl/fireowl_ws/fireowl_sim_drive/build/carla_ackermann_control/prefix_override:/usr/lib/python3/dist-packages/colcon_core/task/python/colcon_distutils_commands:/home/fireowl/fireowl_ws/fireowl_sim_drive/install/carla_ackermann_control/lib/python3.10/site-packages:/home/fireowl/fireowl_ws/fireowl_sim_drive/install/carla_ros_bridge/lib/python3.10/site-packages:/home/fireowl/fireowl_ws/fireowl_sim_drive/install/carla_spawn_objects/lib/python3.10/site-packages:/home/fireowl/fireowl_ws/fireowl_sim_drive/install/carla_manual_control/lib/python3.10/site-packages:/home/fireowl/fireowl_ws/fireowl_sim_drive/install/carla_ackermann_msgs/local/lib/python3.10/dist-packages:/home/fireowl/fireowl_ws/fireowl_sim_drive/install/ros_compatibility/lib/python3.10/site-packages:/home/fireowl/fireowl_ws/fireowl_sim_drive/install/carla_msgs/local/lib/python3.10/dist-packages:/home/fireowl/fireowl_ws/fireowl_sim_drive/install/carla_common/lib/python3.10/site-packages:${PYTHONPATH} /usr/bin/python3 -W ignore:setup.py install is deprecated -W ignore:easy_install command is deprecated setup.py egg_info --egg-base ../../../build/carla_ackermann_control build --build-base /home/fireowl/fireowl_ws/fireowl_sim_drive/build/carla_ackermann_control/build install --record /home/fireowl/fireowl_ws/fireowl_sim_drive/build/carla_ackermann_control/install.log --single-version-externally-managed install_data
