[1.457s] Invoking command in '/home/fireowl/fireowl_ws/fireowl_sim_drive/build/carla_ros_bridge': AMENT_PREFIX_PATH=/home/fireowl/fireowl_ws/fireowl_sim_drive/install/carla_spawn_objects:/home/fireowl/fireowl_ws/fireowl_sim_drive/install/carla_manual_control:/home/fireowl/fireowl_ws/fireowl_sim_drive/install/ros_compatibility:/home/fireowl/fireowl_ws/fireowl_sim_drive/install/carla_msgs:/home/fireowl/fireowl_ws/fireowl_sim_drive/install/carla_common:${AMENT_PREFIX_PATH} CMAKE_PREFIX_PATH=/home/fireowl/fireowl_ws/fireowl_sim_drive/install/carla_msgs LD_LIBRARY_PATH=/home/fireowl/fireowl_ws/fireowl_sim_drive/install/carla_msgs/lib:${LD_LIBRARY_PATH} PYTHONPATH=/home/fireowl/fireowl_ws/fireowl_sim_drive/build/carla_ros_bridge/prefix_override:/usr/lib/python3/dist-packages/colcon_core/task/python/colcon_distutils_commands:/home/fireowl/fireowl_ws/fireowl_sim_drive/install/carla_ros_bridge/lib/python3.10/site-packages:/home/fireowl/fireowl_ws/fireowl_sim_drive/build/carla_spawn_objects:/home/fireowl/fireowl_ws/fireowl_sim_drive/install/carla_spawn_objects/lib/python3.10/site-packages:/home/fireowl/fireowl_ws/fireowl_sim_drive/build/carla_manual_control/src:/home/fireowl/fireowl_ws/fireowl_sim_drive/install/carla_manual_control/lib/python3.10/site-packages:/home/fireowl/fireowl_ws/fireowl_sim_drive/build/ros_compatibility/src:/home/fireowl/fireowl_ws/fireowl_sim_drive/install/ros_compatibility/lib/python3.10/site-packages:/home/fireowl/fireowl_ws/fireowl_sim_drive/install/carla_msgs/local/lib/python3.10/dist-packages:/home/fireowl/fireowl_ws/fireowl_sim_drive/build/carla_common/src:/home/fireowl/fireowl_ws/fireowl_sim_drive/install/carla_common/lib/python3.10/site-packages:${PYTHONPATH} /usr/bin/python3 -W ignore:setup.py install is deprecated -W ignore:easy_install command is deprecated setup.py develop --editable --build-directory /home/fireowl/fireowl_ws/fireowl_sim_drive/build/carla_ros_bridge/build --no-deps symlink_data
[1.611s] running develop
[1.737s] running egg_info
[1.737s] creating src/carla_ros_bridge.egg-info
[1.737s] writing src/carla_ros_bridge.egg-info/PKG-INFO
[1.738s] writing dependency_links to src/carla_ros_bridge.egg-info/dependency_links.txt
[1.738s] writing entry points to src/carla_ros_bridge.egg-info/entry_points.txt
[1.738s] writing requirements to src/carla_ros_bridge.egg-info/requires.txt
[1.738s] writing top-level names to src/carla_ros_bridge.egg-info/top_level.txt
[1.738s] writing manifest file 'src/carla_ros_bridge.egg-info/SOURCES.txt'
[1.739s] reading manifest file 'src/carla_ros_bridge.egg-info/SOURCES.txt'
[1.740s] writing manifest file 'src/carla_ros_bridge.egg-info/SOURCES.txt'
[1.741s] running build_ext
[1.741s] Creating /home/fireowl/fireowl_ws/fireowl_sim_drive/install/carla_ros_bridge/lib/python3.10/site-packages/carla-ros-bridge.egg-link (link to src)
[1.741s] Installing bridge script to /home/fireowl/fireowl_ws/fireowl_sim_drive/install/carla_ros_bridge/lib/carla_ros_bridge
[1.742s] 
[1.742s] Installed /home/fireowl/fireowl_ws/fireowl_sim_drive/build/carla_ros_bridge/src
[1.742s] running symlink_data
[1.742s] creating /home/fireowl/fireowl_ws/fireowl_sim_drive/install/carla_ros_bridge/share/ament_index
[1.742s] creating /home/fireowl/fireowl_ws/fireowl_sim_drive/install/carla_ros_bridge/share/ament_index/resource_index
[1.742s] creating /home/fireowl/fireowl_ws/fireowl_sim_drive/install/carla_ros_bridge/share/ament_index/resource_index/packages
[1.742s] symbolically linking /home/fireowl/fireowl_ws/fireowl_sim_drive/build/carla_ros_bridge/resource/carla_ros_bridge -> /home/fireowl/fireowl_ws/fireowl_sim_drive/install/carla_ros_bridge/share/ament_index/resource_index/packages
[1.743s] symbolically linking /home/fireowl/fireowl_ws/fireowl_sim_drive/build/carla_ros_bridge/package.xml -> /home/fireowl/fireowl_ws/fireowl_sim_drive/install/carla_ros_bridge/share/carla_ros_bridge
[1.743s] symbolically linking /home/fireowl/fireowl_ws/fireowl_sim_drive/build/carla_ros_bridge/launch/carla_ros_bridge.launch.py -> /home/fireowl/fireowl_ws/fireowl_sim_drive/install/carla_ros_bridge/share/carla_ros_bridge
[1.743s] symbolically linking /home/fireowl/fireowl_ws/fireowl_sim_drive/build/carla_ros_bridge/launch/carla_ros_bridge_with_example_ego_vehicle.launch.py -> /home/fireowl/fireowl_ws/fireowl_sim_drive/install/carla_ros_bridge/share/carla_ros_bridge
[1.743s] creating /home/fireowl/fireowl_ws/fireowl_sim_drive/install/carla_ros_bridge/share/carla_ros_bridge/test
[1.743s] symbolically linking /home/fireowl/fireowl_ws/fireowl_sim_drive/build/carla_ros_bridge/test/test_objects.json -> /home/fireowl/fireowl_ws/fireowl_sim_drive/install/carla_ros_bridge/share/carla_ros_bridge/test
[1.765s] Invoked command in '/home/fireowl/fireowl_ws/fireowl_sim_drive/build/carla_ros_bridge' returned '0': AMENT_PREFIX_PATH=/home/fireowl/fireowl_ws/fireowl_sim_drive/install/carla_spawn_objects:/home/fireowl/fireowl_ws/fireowl_sim_drive/install/carla_manual_control:/home/fireowl/fireowl_ws/fireowl_sim_drive/install/ros_compatibility:/home/fireowl/fireowl_ws/fireowl_sim_drive/install/carla_msgs:/home/fireowl/fireowl_ws/fireowl_sim_drive/install/carla_common:${AMENT_PREFIX_PATH} CMAKE_PREFIX_PATH=/home/fireowl/fireowl_ws/fireowl_sim_drive/install/carla_msgs LD_LIBRARY_PATH=/home/fireowl/fireowl_ws/fireowl_sim_drive/install/carla_msgs/lib:${LD_LIBRARY_PATH} PYTHONPATH=/home/fireowl/fireowl_ws/fireowl_sim_drive/build/carla_ros_bridge/prefix_override:/usr/lib/python3/dist-packages/colcon_core/task/python/colcon_distutils_commands:/home/fireowl/fireowl_ws/fireowl_sim_drive/install/carla_ros_bridge/lib/python3.10/site-packages:/home/fireowl/fireowl_ws/fireowl_sim_drive/build/carla_spawn_objects:/home/fireowl/fireowl_ws/fireowl_sim_drive/install/carla_spawn_objects/lib/python3.10/site-packages:/home/fireowl/fireowl_ws/fireowl_sim_drive/build/carla_manual_control/src:/home/fireowl/fireowl_ws/fireowl_sim_drive/install/carla_manual_control/lib/python3.10/site-packages:/home/fireowl/fireowl_ws/fireowl_sim_drive/build/ros_compatibility/src:/home/fireowl/fireowl_ws/fireowl_sim_drive/install/ros_compatibility/lib/python3.10/site-packages:/home/fireowl/fireowl_ws/fireowl_sim_drive/install/carla_msgs/local/lib/python3.10/dist-packages:/home/fireowl/fireowl_ws/fireowl_sim_drive/build/carla_common/src:/home/fireowl/fireowl_ws/fireowl_sim_drive/install/carla_common/lib/python3.10/site-packages:${PYTHONPATH} /usr/bin/python3 -W ignore:setup.py install is deprecated -W ignore:easy_install command is deprecated setup.py develop --editable --build-directory /home/fireowl/fireowl_ws/fireowl_sim_drive/build/carla_ros_bridge/build --no-deps symlink_data
