[1.410s] Invoking command in '/home/fireowl/fireowl_ws/fireowl_sim_drive/build/carla_ros_scenario_runner': AMENT_PREFIX_PATH=/home/fireowl/fireowl_ws/fireowl_sim_drive/install/carla_ros_scenario_runner_types:/home/fireowl/fireowl_ws/fireowl_sim_drive/install/carla_msgs:/home/fireowl/fireowl_ws/fireowl_sim_drive/install/carla_common:${AMENT_PREFIX_PATH} CMAKE_PREFIX_PATH=/home/fireowl/fireowl_ws/fireowl_sim_drive/install/carla_ros_scenario_runner_types:/home/fireowl/fireowl_ws/fireowl_sim_drive/install/carla_msgs LD_LIBRARY_PATH=/home/fireowl/fireowl_ws/fireowl_sim_drive/install/carla_ros_scenario_runner_types/lib:/home/fireowl/fireowl_ws/fireowl_sim_drive/install/carla_msgs/lib:${LD_LIBRARY_PATH} PYTHONPATH=/home/fireowl/fireowl_ws/fireowl_sim_drive/build/carla_ros_scenario_runner/prefix_override:/usr/lib/python3/dist-packages/colcon_core/task/python/colcon_distutils_commands:/home/fireowl/fireowl_ws/fireowl_sim_drive/install/carla_ros_scenario_runner/lib/python3.10/site-packages:/home/fireowl/fireowl_ws/fireowl_sim_drive/install/carla_ros_scenario_runner_types/local/lib/python3.10/dist-packages:/home/fireowl/fireowl_ws/fireowl_sim_drive/install/carla_msgs/local/lib/python3.10/dist-packages:/home/fireowl/fireowl_ws/fireowl_sim_drive/build/carla_common/src:/home/fireowl/fireowl_ws/fireowl_sim_drive/install/carla_common/lib/python3.10/site-packages:${PYTHONPATH} /usr/bin/python3 -W ignore:setup.py install is deprecated -W ignore:easy_install command is deprecated setup.py develop --editable --build-directory /home/fireowl/fireowl_ws/fireowl_sim_drive/build/carla_ros_scenario_runner/build --no-deps symlink_data
[1.589s] running develop
[1.675s] running egg_info
[1.675s] creating src/carla_ros_scenario_runner.egg-info
[1.675s] writing src/carla_ros_scenario_runner.egg-info/PKG-INFO
[1.676s] writing dependency_links to src/carla_ros_scenario_runner.egg-info/dependency_links.txt
[1.676s] writing entry points to src/carla_ros_scenario_runner.egg-info/entry_points.txt
[1.676s] writing requirements to src/carla_ros_scenario_runner.egg-info/requires.txt
[1.676s] writing top-level names to src/carla_ros_scenario_runner.egg-info/top_level.txt
[1.676s] writing manifest file 'src/carla_ros_scenario_runner.egg-info/SOURCES.txt'
[1.678s] reading manifest file 'src/carla_ros_scenario_runner.egg-info/SOURCES.txt'
[1.678s] writing manifest file 'src/carla_ros_scenario_runner.egg-info/SOURCES.txt'
[1.679s] running build_ext
[1.679s] Creating /home/fireowl/fireowl_ws/fireowl_sim_drive/install/carla_ros_scenario_runner/lib/python3.10/site-packages/carla-ros-scenario-runner.egg-link (link to src)
[1.680s] Installing carla_ros_scenario_runner script to /home/fireowl/fireowl_ws/fireowl_sim_drive/install/carla_ros_scenario_runner/lib/carla_ros_scenario_runner
[1.680s] 
[1.681s] Installed /home/fireowl/fireowl_ws/fireowl_sim_drive/build/carla_ros_scenario_runner/src
[1.681s] running symlink_data
[1.681s] creating /home/fireowl/fireowl_ws/fireowl_sim_drive/install/carla_ros_scenario_runner/share/ament_index
[1.681s] creating /home/fireowl/fireowl_ws/fireowl_sim_drive/install/carla_ros_scenario_runner/share/ament_index/resource_index
[1.681s] creating /home/fireowl/fireowl_ws/fireowl_sim_drive/install/carla_ros_scenario_runner/share/ament_index/resource_index/packages
[1.681s] symbolically linking /home/fireowl/fireowl_ws/fireowl_sim_drive/build/carla_ros_scenario_runner/resource/carla_ros_scenario_runner -> /home/fireowl/fireowl_ws/fireowl_sim_drive/install/carla_ros_scenario_runner/share/ament_index/resource_index/packages
[1.682s] symbolically linking /home/fireowl/fireowl_ws/fireowl_sim_drive/build/carla_ros_scenario_runner/package.xml -> /home/fireowl/fireowl_ws/fireowl_sim_drive/install/carla_ros_scenario_runner/share/carla_ros_scenario_runner
[1.682s] symbolically linking /home/fireowl/fireowl_ws/fireowl_sim_drive/build/carla_ros_scenario_runner/launch/carla_ros_scenario_runner.launch.py -> /home/fireowl/fireowl_ws/fireowl_sim_drive/install/carla_ros_scenario_runner/share/carla_ros_scenario_runner
[1.700s] Invoked command in '/home/fireowl/fireowl_ws/fireowl_sim_drive/build/carla_ros_scenario_runner' returned '0': AMENT_PREFIX_PATH=/home/fireowl/fireowl_ws/fireowl_sim_drive/install/carla_ros_scenario_runner_types:/home/fireowl/fireowl_ws/fireowl_sim_drive/install/carla_msgs:/home/fireowl/fireowl_ws/fireowl_sim_drive/install/carla_common:${AMENT_PREFIX_PATH} CMAKE_PREFIX_PATH=/home/fireowl/fireowl_ws/fireowl_sim_drive/install/carla_ros_scenario_runner_types:/home/fireowl/fireowl_ws/fireowl_sim_drive/install/carla_msgs LD_LIBRARY_PATH=/home/fireowl/fireowl_ws/fireowl_sim_drive/install/carla_ros_scenario_runner_types/lib:/home/fireowl/fireowl_ws/fireowl_sim_drive/install/carla_msgs/lib:${LD_LIBRARY_PATH} PYTHONPATH=/home/fireowl/fireowl_ws/fireowl_sim_drive/build/carla_ros_scenario_runner/prefix_override:/usr/lib/python3/dist-packages/colcon_core/task/python/colcon_distutils_commands:/home/fireowl/fireowl_ws/fireowl_sim_drive/install/carla_ros_scenario_runner/lib/python3.10/site-packages:/home/fireowl/fireowl_ws/fireowl_sim_drive/install/carla_ros_scenario_runner_types/local/lib/python3.10/dist-packages:/home/fireowl/fireowl_ws/fireowl_sim_drive/install/carla_msgs/local/lib/python3.10/dist-packages:/home/fireowl/fireowl_ws/fireowl_sim_drive/build/carla_common/src:/home/fireowl/fireowl_ws/fireowl_sim_drive/install/carla_common/lib/python3.10/site-packages:${PYTHONPATH} /usr/bin/python3 -W ignore:setup.py install is deprecated -W ignore:easy_install command is deprecated setup.py develop --editable --build-directory /home/fireowl/fireowl_ws/fireowl_sim_drive/build/carla_ros_scenario_runner/build --no-deps symlink_data
