[0.844s] Invoking command in '/home/fireowl/fireowl_ws/fireowl_sim_drive/build/carla_common': PYTHONPATH=/home/fireowl/fireowl_ws/fireowl_sim_drive/build/carla_common/prefix_override:/usr/lib/python3/dist-packages/colcon_core/task/python/colcon_distutils_commands:/home/fireowl/fireowl_ws/fireowl_sim_drive/install/carla_common/lib/python3.10/site-packages:${PYTHONPATH} /usr/bin/python3 -W ignore:setup.py install is deprecated -W ignore:easy_install command is deprecated setup.py develop --editable --build-directory /home/fireowl/fireowl_ws/fireowl_sim_drive/build/carla_common/build --no-deps symlink_data
[1.031s] running develop
[1.147s] running egg_info
[1.148s] creating src/carla_common.egg-info
[1.148s] writing src/carla_common.egg-info/PKG-INFO
[1.148s] writing dependency_links to src/carla_common.egg-info/dependency_links.txt
[1.149s] writing requirements to src/carla_common.egg-info/requires.txt
[1.150s] writing top-level names to src/carla_common.egg-info/top_level.txt
[1.152s] writing manifest file 'src/carla_common.egg-info/SOURCES.txt'
[1.153s] reading manifest file 'src/carla_common.egg-info/SOURCES.txt'
[1.153s] writing manifest file 'src/carla_common.egg-info/SOURCES.txt'
[1.153s] running build_ext
[1.153s] Creating /home/fireowl/fireowl_ws/fireowl_sim_drive/install/carla_common/lib/python3.10/site-packages/carla-common.egg-link (link to src)
[1.153s] 
[1.153s] Installed /home/fireowl/fireowl_ws/fireowl_sim_drive/build/carla_common/src
[1.153s] running symlink_data
[1.154s] creating /home/fireowl/fireowl_ws/fireowl_sim_drive/install/carla_common/share/ament_index
[1.154s] creating /home/fireowl/fireowl_ws/fireowl_sim_drive/install/carla_common/share/ament_index/resource_index
[1.154s] creating /home/fireowl/fireowl_ws/fireowl_sim_drive/install/carla_common/share/ament_index/resource_index/packages
[1.154s] symbolically linking /home/fireowl/fireowl_ws/fireowl_sim_drive/build/carla_common/resource/carla_common -> /home/fireowl/fireowl_ws/fireowl_sim_drive/install/carla_common/share/ament_index/resource_index/packages
[1.154s] symbolically linking /home/fireowl/fireowl_ws/fireowl_sim_drive/build/carla_common/package.xml -> /home/fireowl/fireowl_ws/fireowl_sim_drive/install/carla_common/share/carla_common
[1.181s] Invoked command in '/home/fireowl/fireowl_ws/fireowl_sim_drive/build/carla_common' returned '0': PYTHONPATH=/home/fireowl/fireowl_ws/fireowl_sim_drive/build/carla_common/prefix_override:/usr/lib/python3/dist-packages/colcon_core/task/python/colcon_distutils_commands:/home/fireowl/fireowl_ws/fireowl_sim_drive/install/carla_common/lib/python3.10/site-packages:${PYTHONPATH} /usr/bin/python3 -W ignore:setup.py install is deprecated -W ignore:easy_install command is deprecated setup.py develop --editable --build-directory /home/fireowl/fireowl_ws/fireowl_sim_drive/build/carla_common/build --no-deps symlink_data
