[0.075s] Invoking command in '/home/fireowl/fireowl_ws/fireowl_sim_drive/build/carla_ackermann_msgs': AMENT_PREFIX_PATH=/home/fireowl/fireowl_ws/fireowl_sim_drive/install/carla_msgs:${AMENT_PREFIX_PATH} CMAKE_PREFIX_PATH=/home/fireowl/fireowl_ws/fireowl_sim_drive/install/carla_msgs:/opt/ros/humble LD_LIBRARY_PATH=/home/fireowl/fireowl_ws/fireowl_sim_drive/install/carla_msgs/lib:${LD_LIBRARY_PATH} PYTHONPATH=/home/fireowl/fireowl_ws/fireowl_sim_drive/install/carla_msgs/local/lib/python3.10/dist-packages:${PYTHONPATH} /usr/bin/cmake /home/fireowl/fireowl_ws/fireowl_sim_drive/src/carla_ackermann_msgs -DAMENT_CMAKE_SYMLINK_INSTALL=1 -DCMAKE_INSTALL_PREFIX=/home/fireowl/fireowl_ws/fireowl_sim_drive/install/carla_ackermann_msgs
[0.179s] -- The C compiler identification is GNU 11.4.0
[0.615s] -- The CXX compiler identification is GNU 11.4.0
[0.949s] -- Detecting C compiler ABI info
[1.103s] -- Detecting C compiler ABI info - done
[1.108s] -- Check for working C compiler: /usr/bin/cc - skipped
[1.108s] -- Detecting C compile features
[1.109s] -- Detecting C compile features - done
[1.112s] -- Detecting CXX compiler ABI info
[1.272s] -- Detecting CXX compiler ABI info - done
[1.279s] -- Check for working CXX compiler: /usr/bin/c++ - skipped
[1.279s] -- Detecting CXX compile features
[1.280s] -- Detecting CXX compile features - done
[1.281s] -- Found ros_environment: 3.2.2 (/opt/ros/humble/share/ros_environment/cmake)
[1.282s] -- Found ament_cmake: 1.3.12 (/opt/ros/humble/share/ament_cmake/cmake)
[1.397s] -- Found Python3: /usr/bin/python3 (found version "3.10.12") found components: Interpreter 
[1.449s] -- Override CMake install command with custom implementation using symlinks instead of copying resources
[1.469s] -- Found builtin_interfaces: 1.2.2 (/opt/ros/humble/share/builtin_interfaces/cmake)
[1.606s] -- Found rosidl_generator_c: 3.1.7 (/opt/ros/humble/share/rosidl_generator_c/cmake)
[1.608s] -- Found rosidl_adapter: 3.1.7 (/opt/ros/humble/share/rosidl_adapter/cmake)
[1.612s] -- Found rosidl_generator_cpp: 3.1.7 (/opt/ros/humble/share/rosidl_generator_cpp/cmake)
[1.618s] -- Using all available rosidl_typesupport_c: rosidl_typesupport_fastrtps_c;rosidl_typesupport_introspection_c
[1.628s] -- Using all available rosidl_typesupport_cpp: rosidl_typesupport_fastrtps_cpp;rosidl_typesupport_introspection_cpp
[1.639s] -- Found std_msgs: 4.9.0 (/opt/ros/humble/share/std_msgs/cmake)
[1.648s] -- Found carla_msgs: 1.3.0 (/home/fireowl/fireowl_ws/fireowl_sim_drive/install/carla_msgs/share/carla_msgs/cmake)
[1.679s] -- Found rosidl_default_generators: 1.2.0 (/opt/ros/humble/share/rosidl_default_generators/cmake)
[1.885s] -- Found ament_cmake_cppcheck: 0.12.14 (/opt/ros/humble/share/ament_cmake_cppcheck/cmake)
[1.886s] -- Found ament_cmake_cpplint: 0.12.14 (/opt/ros/humble/share/ament_cmake_cpplint/cmake)
[1.887s] -- Found ament_cmake_uncrustify: 0.12.14 (/opt/ros/humble/share/ament_cmake_uncrustify/cmake)
[1.889s] -- Found ament_cmake_ros: 0.10.0 (/opt/ros/humble/share/ament_cmake_ros/cmake)
[2.181s] -- Using all available rosidl_typesupport_c: rosidl_typesupport_fastrtps_c;rosidl_typesupport_introspection_c
[2.289s] -- Using all available rosidl_typesupport_cpp: rosidl_typesupport_fastrtps_cpp;rosidl_typesupport_introspection_cpp
[2.408s] -- Found PythonInterp: /usr/bin/python3 (found suitable version "3.10.12", minimum required is "3.6") 
[2.409s] -- Found python_cmake_module: 0.10.0 (/opt/ros/humble/share/python_cmake_module/cmake)
[2.774s] -- Found PythonLibs: /usr/lib/x86_64-linux-gnu/libpython3.10.so (found suitable version "3.10.12", minimum required is "3.5") 
[2.774s] -- Using PYTHON_EXECUTABLE: /usr/bin/python3
[2.774s] -- Using PYTHON_INCLUDE_DIRS: /usr/include/python3.10
[2.774s] -- Using PYTHON_LIBRARIES: /usr/lib/x86_64-linux-gnu/libpython3.10.so
[2.785s] -- Found PythonExtra: .so  
[2.864s] -- Found ament_cmake_flake8: 0.12.14 (/opt/ros/humble/share/ament_cmake_flake8/cmake)
[2.865s] -- Found ament_cmake_pep257: 0.12.14 (/opt/ros/humble/share/ament_cmake_pep257/cmake)
[2.867s] -- Found ament_lint_auto: 0.12.14 (/opt/ros/humble/share/ament_lint_auto/cmake)
[2.874s] -- Added test 'copyright' to check source files copyright and LICENSE
[2.875s] -- Added test 'lint_cmake' to check CMake code style
[2.875s] -- Added test 'xmllint' to check XML markup files
[2.877s] -- Configuring done
[2.905s] -- Generating done
[2.915s] -- Build files have been written to: /home/fireowl/fireowl_ws/fireowl_sim_drive/build/carla_ackermann_msgs
[2.922s] Invoked command in '/home/fireowl/fireowl_ws/fireowl_sim_drive/build/carla_ackermann_msgs' returned '0': AMENT_PREFIX_PATH=/home/fireowl/fireowl_ws/fireowl_sim_drive/install/carla_msgs:${AMENT_PREFIX_PATH} CMAKE_PREFIX_PATH=/home/fireowl/fireowl_ws/fireowl_sim_drive/install/carla_msgs:/opt/ros/humble LD_LIBRARY_PATH=/home/fireowl/fireowl_ws/fireowl_sim_drive/install/carla_msgs/lib:${LD_LIBRARY_PATH} PYTHONPATH=/home/fireowl/fireowl_ws/fireowl_sim_drive/install/carla_msgs/local/lib/python3.10/dist-packages:${PYTHONPATH} /usr/bin/cmake /home/fireowl/fireowl_ws/fireowl_sim_drive/src/carla_ackermann_msgs -DAMENT_CMAKE_SYMLINK_INSTALL=1 -DCMAKE_INSTALL_PREFIX=/home/fireowl/fireowl_ws/fireowl_sim_drive/install/carla_ackermann_msgs
[2.924s] Invoking command in '/home/fireowl/fireowl_ws/fireowl_sim_drive/build/carla_ackermann_msgs': AMENT_PREFIX_PATH=/home/fireowl/fireowl_ws/fireowl_sim_drive/install/carla_msgs:${AMENT_PREFIX_PATH} CMAKE_PREFIX_PATH=/home/fireowl/fireowl_ws/fireowl_sim_drive/install/carla_msgs:/opt/ros/humble LD_LIBRARY_PATH=/home/fireowl/fireowl_ws/fireowl_sim_drive/install/carla_msgs/lib:${LD_LIBRARY_PATH} PYTHONPATH=/home/fireowl/fireowl_ws/fireowl_sim_drive/install/carla_msgs/local/lib/python3.10/dist-packages:${PYTHONPATH} /usr/bin/cmake --build /home/fireowl/fireowl_ws/fireowl_sim_drive/build/carla_ackermann_msgs -- -j12 -l12
[2.945s] [  1%] [34m[1mGenerating C code for ROS interfaces[0m
[2.951s] [  3%] [34m[1mGenerating C++ code for ROS interfaces[0m
[2.954s] [  3%] Built target ament_cmake_python_symlink_carla_ackermann_msgs
[3.119s] running egg_info
[3.120s] creating carla_ackermann_msgs.egg-info
[3.120s] writing carla_ackermann_msgs.egg-info/PKG-INFO
[3.121s] writing dependency_links to carla_ackermann_msgs.egg-info/dependency_links.txt
[3.121s] writing top-level names to carla_ackermann_msgs.egg-info/top_level.txt
[3.121s] writing manifest file 'carla_ackermann_msgs.egg-info/SOURCES.txt'
[3.122s] reading manifest file 'carla_ackermann_msgs.egg-info/SOURCES.txt'
[3.123s] writing manifest file 'carla_ackermann_msgs.egg-info/SOURCES.txt'
[3.163s] [  3%] Built target ament_cmake_python_build_carla_ackermann_msgs_egg
[3.295s] [  3%] Built target carla_ackermann_msgs__cpp
[3.301s] [  4%] [34m[1mGenerating C++ introspection for ROS interfaces[0m
[3.301s] [  6%] [34m[1mGenerating C++ type support dispatch for ROS interfaces[0m
[3.301s] [  7%] [34m[1mGenerating C++ type support for eProsima Fast-RTPS[0m
[3.328s] [  9%] [32mBuilding C object CMakeFiles/carla_ackermann_msgs__rosidl_generator_c.dir/rosidl_generator_c/carla_ackermann_msgs/msg/detail/ego_vehicle_control_info__functions.c.o[0m
[3.328s] [ 11%] [32mBuilding C object CMakeFiles/carla_ackermann_msgs__rosidl_generator_c.dir/rosidl_generator_c/carla_ackermann_msgs/msg/detail/ego_vehicle_control_status__functions.c.o[0m
[3.328s] [ 12%] [32mBuilding C object CMakeFiles/carla_ackermann_msgs__rosidl_generator_c.dir/rosidl_generator_c/carla_ackermann_msgs/msg/detail/ego_vehicle_control_maxima__functions.c.o[0m
[3.329s] [ 14%] [32mBuilding C object CMakeFiles/carla_ackermann_msgs__rosidl_generator_c.dir/rosidl_generator_c/carla_ackermann_msgs/msg/detail/ego_vehicle_control_target__functions.c.o[0m
[3.330s] [ 15%] [32mBuilding C object CMakeFiles/carla_ackermann_msgs__rosidl_generator_c.dir/rosidl_generator_c/carla_ackermann_msgs/msg/detail/ego_vehicle_control_current__functions.c.o[0m
[3.371s] [ 17%] [32m[1mLinking C shared library libcarla_ackermann_msgs__rosidl_generator_c.so[0m
[3.496s] [ 17%] Built target carla_ackermann_msgs__rosidl_generator_c
[3.505s] [ 20%] [34m[1mGenerating C type support for eProsima Fast-RTPS[0m
[3.505s] [ 20%] [34m[1mGenerating C type support dispatch for ROS interfaces[0m
[3.507s] [ 22%] [34m[1mGenerating C introspection for ROS interfaces[0m
[3.654s] [ 25%] [32mBuilding CXX object CMakeFiles/carla_ackermann_msgs__rosidl_typesupport_cpp.dir/rosidl_typesupport_cpp/carla_ackermann_msgs/msg/ego_vehicle_control_maxima__type_support.cpp.o[0m
[3.654s] [ 25%] [32mBuilding CXX object CMakeFiles/carla_ackermann_msgs__rosidl_typesupport_cpp.dir/rosidl_typesupport_cpp/carla_ackermann_msgs/msg/ego_vehicle_control_info__type_support.cpp.o[0m
[3.654s] [ 28%] [32mBuilding CXX object CMakeFiles/carla_ackermann_msgs__rosidl_typesupport_cpp.dir/rosidl_typesupport_cpp/carla_ackermann_msgs/msg/ego_vehicle_control_status__type_support.cpp.o[0m
[3.654s] [ 26%] [32mBuilding CXX object CMakeFiles/carla_ackermann_msgs__rosidl_typesupport_cpp.dir/rosidl_typesupport_cpp/carla_ackermann_msgs/msg/ego_vehicle_control_current__type_support.cpp.o[0m
[3.654s] [ 30%] [32mBuilding CXX object CMakeFiles/carla_ackermann_msgs__rosidl_typesupport_cpp.dir/rosidl_typesupport_cpp/carla_ackermann_msgs/msg/ego_vehicle_control_target__type_support.cpp.o[0m
[3.703s] [ 31%] [32mBuilding CXX object CMakeFiles/carla_ackermann_msgs__rosidl_typesupport_introspection_cpp.dir/rosidl_typesupport_introspection_cpp/carla_ackermann_msgs/msg/detail/ego_vehicle_control_info__type_support.cpp.o[0m
[3.710s] [ 33%] [32mBuilding CXX object CMakeFiles/carla_ackermann_msgs__rosidl_typesupport_introspection_cpp.dir/rosidl_typesupport_introspection_cpp/carla_ackermann_msgs/msg/detail/ego_vehicle_control_maxima__type_support.cpp.o[0m
[3.712s] [ 34%] [32mBuilding CXX object CMakeFiles/carla_ackermann_msgs__rosidl_typesupport_introspection_cpp.dir/rosidl_typesupport_introspection_cpp/carla_ackermann_msgs/msg/detail/ego_vehicle_control_current__type_support.cpp.o[0m
[3.732s] [ 36%] [32mBuilding CXX object CMakeFiles/carla_ackermann_msgs__rosidl_typesupport_fastrtps_cpp.dir/rosidl_typesupport_fastrtps_cpp/carla_ackermann_msgs/msg/detail/dds_fastrtps/ego_vehicle_control_info__type_support.cpp.o[0m
[3.869s] [ 38%] [32mBuilding CXX object CMakeFiles/carla_ackermann_msgs__rosidl_typesupport_introspection_cpp.dir/rosidl_typesupport_introspection_cpp/carla_ackermann_msgs/msg/detail/ego_vehicle_control_status__type_support.cpp.o[0m
[3.877s] [ 39%] [32mBuilding CXX object CMakeFiles/carla_ackermann_msgs__rosidl_typesupport_fastrtps_cpp.dir/rosidl_typesupport_fastrtps_cpp/carla_ackermann_msgs/msg/detail/dds_fastrtps/ego_vehicle_control_current__type_support.cpp.o[0m
[3.890s] [ 41%] [32mBuilding CXX object CMakeFiles/carla_ackermann_msgs__rosidl_typesupport_introspection_cpp.dir/rosidl_typesupport_introspection_cpp/carla_ackermann_msgs/msg/detail/ego_vehicle_control_target__type_support.cpp.o[0m
[3.898s] [ 42%] [32mBuilding CXX object CMakeFiles/carla_ackermann_msgs__rosidl_typesupport_fastrtps_cpp.dir/rosidl_typesupport_fastrtps_cpp/carla_ackermann_msgs/msg/detail/dds_fastrtps/ego_vehicle_control_maxima__type_support.cpp.o[0m
[3.922s] [ 44%] [32mBuilding CXX object CMakeFiles/carla_ackermann_msgs__rosidl_typesupport_c.dir/rosidl_typesupport_c/carla_ackermann_msgs/msg/ego_vehicle_control_info__type_support.cpp.o[0m
[3.950s] [ 46%] [32m[1mLinking CXX shared library libcarla_ackermann_msgs__rosidl_typesupport_cpp.so[0m
[3.953s] [ 47%] [32mBuilding CXX object CMakeFiles/carla_ackermann_msgs__rosidl_typesupport_c.dir/rosidl_typesupport_c/carla_ackermann_msgs/msg/ego_vehicle_control_current__type_support.cpp.o[0m
[3.980s] [ 49%] [32mBuilding CXX object CMakeFiles/carla_ackermann_msgs__rosidl_typesupport_c.dir/rosidl_typesupport_c/carla_ackermann_msgs/msg/ego_vehicle_control_maxima__type_support.cpp.o[0m
[4.009s] [ 50%] [32mBuilding CXX object CMakeFiles/carla_ackermann_msgs__rosidl_typesupport_c.dir/rosidl_typesupport_c/carla_ackermann_msgs/msg/ego_vehicle_control_status__type_support.cpp.o[0m
[4.046s] [ 52%] [32mBuilding CXX object CMakeFiles/carla_ackermann_msgs__rosidl_typesupport_fastrtps_cpp.dir/rosidl_typesupport_fastrtps_cpp/carla_ackermann_msgs/msg/detail/dds_fastrtps/ego_vehicle_control_status__type_support.cpp.o[0m
[4.048s] [ 53%] [32mBuilding CXX object CMakeFiles/carla_ackermann_msgs__rosidl_typesupport_c.dir/rosidl_typesupport_c/carla_ackermann_msgs/msg/ego_vehicle_control_target__type_support.cpp.o[0m
[4.054s] [ 55%] [32mBuilding CXX object CMakeFiles/carla_ackermann_msgs__rosidl_typesupport_fastrtps_cpp.dir/rosidl_typesupport_fastrtps_cpp/carla_ackermann_msgs/msg/detail/dds_fastrtps/ego_vehicle_control_target__type_support.cpp.o[0m
[4.068s] [ 57%] [32mBuilding CXX object CMakeFiles/carla_ackermann_msgs__rosidl_typesupport_fastrtps_c.dir/rosidl_typesupport_fastrtps_c/carla_ackermann_msgs/msg/detail/ego_vehicle_control_info__type_support_c.cpp.o[0m
[4.080s] [ 58%] [32m[1mLinking CXX shared library libcarla_ackermann_msgs__rosidl_typesupport_c.so[0m
[4.106s] [ 60%] [32mBuilding CXX object CMakeFiles/carla_ackermann_msgs__rosidl_typesupport_fastrtps_c.dir/rosidl_typesupport_fastrtps_c/carla_ackermann_msgs/msg/detail/ego_vehicle_control_current__type_support_c.cpp.o[0m
[4.111s] [ 61%] [32mBuilding CXX object CMakeFiles/carla_ackermann_msgs__rosidl_typesupport_fastrtps_c.dir/rosidl_typesupport_fastrtps_c/carla_ackermann_msgs/msg/detail/ego_vehicle_control_maxima__type_support_c.cpp.o[0m
[4.116s] [ 63%] [32mBuilding C object CMakeFiles/carla_ackermann_msgs__rosidl_typesupport_introspection_c.dir/rosidl_typesupport_introspection_c/carla_ackermann_msgs/msg/detail/ego_vehicle_control_info__type_support.c.o[0m
[4.147s] [ 65%] [32mBuilding C object CMakeFiles/carla_ackermann_msgs__rosidl_typesupport_introspection_c.dir/rosidl_typesupport_introspection_c/carla_ackermann_msgs/msg/detail/ego_vehicle_control_current__type_support.c.o[0m
[4.178s] [ 66%] [32mBuilding C object CMakeFiles/carla_ackermann_msgs__rosidl_typesupport_introspection_c.dir/rosidl_typesupport_introspection_c/carla_ackermann_msgs/msg/detail/ego_vehicle_control_maxima__type_support.c.o[0m
[4.200s] [ 66%] Built target carla_ackermann_msgs__rosidl_typesupport_cpp
[4.200s] [ 68%] [32mBuilding C object CMakeFiles/carla_ackermann_msgs__rosidl_typesupport_introspection_c.dir/rosidl_typesupport_introspection_c/carla_ackermann_msgs/msg/detail/ego_vehicle_control_status__type_support.c.o[0m
[4.207s] [ 69%] [32mBuilding C object CMakeFiles/carla_ackermann_msgs__rosidl_typesupport_introspection_c.dir/rosidl_typesupport_introspection_c/carla_ackermann_msgs/msg/detail/ego_vehicle_control_target__type_support.c.o[0m
[4.207s] [ 71%] [32m[1mLinking CXX shared library libcarla_ackermann_msgs__rosidl_typesupport_introspection_cpp.so[0m
[4.210s] [ 73%] [32mBuilding CXX object CMakeFiles/carla_ackermann_msgs__rosidl_typesupport_fastrtps_c.dir/rosidl_typesupport_fastrtps_c/carla_ackermann_msgs/msg/detail/ego_vehicle_control_status__type_support_c.cpp.o[0m
[4.217s] [ 74%] [32mBuilding CXX object CMakeFiles/carla_ackermann_msgs__rosidl_typesupport_fastrtps_c.dir/rosidl_typesupport_fastrtps_c/carla_ackermann_msgs/msg/detail/ego_vehicle_control_target__type_support_c.cpp.o[0m
[4.244s] [ 76%] [32m[1mLinking C shared library libcarla_ackermann_msgs__rosidl_typesupport_introspection_c.so[0m
[4.292s] [ 76%] Built target carla_ackermann_msgs__rosidl_typesupport_c
[4.371s] [ 77%] [32m[1mLinking CXX shared library libcarla_ackermann_msgs__rosidl_typesupport_fastrtps_cpp.so[0m
[4.372s] [ 77%] Built target carla_ackermann_msgs__rosidl_typesupport_introspection_cpp
[4.382s] [ 77%] Built target carla_ackermann_msgs__rosidl_typesupport_introspection_c
[4.454s] [ 79%] [32m[1mLinking CXX shared library libcarla_ackermann_msgs__rosidl_typesupport_fastrtps_c.so[0m
[4.488s] [ 79%] Built target carla_ackermann_msgs__rosidl_typesupport_fastrtps_cpp
[4.568s] [ 79%] Built target carla_ackermann_msgs__rosidl_typesupport_fastrtps_c
[4.579s] [ 79%] Built target carla_ackermann_msgs
[4.589s] [ 80%] [34m[1mGenerating Python code for ROS interfaces[0m
[5.033s] [ 80%] Built target carla_ackermann_msgs__py
[5.043s] [ 82%] [32mBuilding C object CMakeFiles/carla_ackermann_msgs__rosidl_generator_py.dir/rosidl_generator_py/carla_ackermann_msgs/msg/_ego_vehicle_control_status_s.c.o[0m
[5.043s] [ 85%] [32mBuilding C object CMakeFiles/carla_ackermann_msgs__rosidl_generator_py.dir/rosidl_generator_py/carla_ackermann_msgs/msg/_ego_vehicle_control_maxima_s.c.o[0m
[5.043s] [ 85%] [32mBuilding C object CMakeFiles/carla_ackermann_msgs__rosidl_generator_py.dir/rosidl_generator_py/carla_ackermann_msgs/msg/_ego_vehicle_control_current_s.c.o[0m
[5.044s] [ 87%] [32mBuilding C object CMakeFiles/carla_ackermann_msgs__rosidl_generator_py.dir/rosidl_generator_py/carla_ackermann_msgs/msg/_ego_vehicle_control_info_s.c.o[0m
[5.046s] [ 88%] [32mBuilding C object CMakeFiles/carla_ackermann_msgs__rosidl_generator_py.dir/rosidl_generator_py/carla_ackermann_msgs/msg/_ego_vehicle_control_target_s.c.o[0m
[5.116s] [ 90%] [32m[1mLinking C shared library rosidl_generator_py/carla_ackermann_msgs/libcarla_ackermann_msgs__rosidl_generator_py.so[0m
[5.210s] [ 90%] Built target carla_ackermann_msgs__rosidl_generator_py
[5.223s] [ 93%] [32mBuilding C object CMakeFiles/carla_ackermann_msgs__rosidl_typesupport_c__pyext.dir/rosidl_generator_py/carla_ackermann_msgs/_carla_ackermann_msgs_s.ep.rosidl_typesupport_c.c.o[0m
[5.223s] [ 93%] [32mBuilding C object CMakeFiles/carla_ackermann_msgs__rosidl_typesupport_fastrtps_c__pyext.dir/rosidl_generator_py/carla_ackermann_msgs/_carla_ackermann_msgs_s.ep.rosidl_typesupport_fastrtps_c.c.o[0m
[5.224s] [ 95%] [32mBuilding C object CMakeFiles/carla_ackermann_msgs__rosidl_typesupport_introspection_c__pyext.dir/rosidl_generator_py/carla_ackermann_msgs/_carla_ackermann_msgs_s.ep.rosidl_typesupport_introspection_c.c.o[0m
[5.286s] [ 98%] [32m[1mLinking C shared library rosidl_generator_py/carla_ackermann_msgs/carla_ackermann_msgs_s__rosidl_typesupport_fastrtps_c.cpython-310-x86_64-linux-gnu.so[0m
[5.286s] [ 98%] [32m[1mLinking C shared library rosidl_generator_py/carla_ackermann_msgs/carla_ackermann_msgs_s__rosidl_typesupport_introspection_c.cpython-310-x86_64-linux-gnu.so[0m
[5.286s] [100%] [32m[1mLinking C shared library rosidl_generator_py/carla_ackermann_msgs/carla_ackermann_msgs_s__rosidl_typesupport_c.cpython-310-x86_64-linux-gnu.so[0m
[5.370s] [100%] Built target carla_ackermann_msgs__rosidl_typesupport_fastrtps_c__pyext
[5.370s] [100%] Built target carla_ackermann_msgs__rosidl_typesupport_introspection_c__pyext
[5.371s] [100%] Built target carla_ackermann_msgs__rosidl_typesupport_c__pyext
[5.378s] Invoked command in '/home/fireowl/fireowl_ws/fireowl_sim_drive/build/carla_ackermann_msgs' returned '0': AMENT_PREFIX_PATH=/home/fireowl/fireowl_ws/fireowl_sim_drive/install/carla_msgs:${AMENT_PREFIX_PATH} CMAKE_PREFIX_PATH=/home/fireowl/fireowl_ws/fireowl_sim_drive/install/carla_msgs:/opt/ros/humble LD_LIBRARY_PATH=/home/fireowl/fireowl_ws/fireowl_sim_drive/install/carla_msgs/lib:${LD_LIBRARY_PATH} PYTHONPATH=/home/fireowl/fireowl_ws/fireowl_sim_drive/install/carla_msgs/local/lib/python3.10/dist-packages:${PYTHONPATH} /usr/bin/cmake --build /home/fireowl/fireowl_ws/fireowl_sim_drive/build/carla_ackermann_msgs -- -j12 -l12
[5.380s] Invoking command in '/home/fireowl/fireowl_ws/fireowl_sim_drive/build/carla_ackermann_msgs': AMENT_PREFIX_PATH=/home/fireowl/fireowl_ws/fireowl_sim_drive/install/carla_msgs:${AMENT_PREFIX_PATH} CMAKE_PREFIX_PATH=/home/fireowl/fireowl_ws/fireowl_sim_drive/install/carla_msgs:/opt/ros/humble LD_LIBRARY_PATH=/home/fireowl/fireowl_ws/fireowl_sim_drive/install/carla_msgs/lib:${LD_LIBRARY_PATH} PYTHONPATH=/home/fireowl/fireowl_ws/fireowl_sim_drive/install/carla_msgs/local/lib/python3.10/dist-packages:${PYTHONPATH} /usr/bin/cmake --install /home/fireowl/fireowl_ws/fireowl_sim_drive/build/carla_ackermann_msgs
[5.384s] -- Install configuration: ""
[5.384s] -- Execute custom install script
[5.385s] -- Symlinking: /home/fireowl/fireowl_ws/fireowl_sim_drive/install/carla_ackermann_msgs/share/ament_index/resource_index/rosidl_interfaces/carla_ackermann_msgs
[5.390s] -- Symlinking: /home/fireowl/fireowl_ws/fireowl_sim_drive/install/carla_ackermann_msgs/include/carla_ackermann_msgs/carla_ackermann_msgs/msg/detail/ego_vehicle_control_current__functions.h
[5.395s] -- Symlinking: /home/fireowl/fireowl_ws/fireowl_sim_drive/install/carla_ackermann_msgs/include/carla_ackermann_msgs/carla_ackermann_msgs/msg/detail/ego_vehicle_control_current__struct.h
[5.400s] -- Symlinking: /home/fireowl/fireowl_ws/fireowl_sim_drive/install/carla_ackermann_msgs/include/carla_ackermann_msgs/carla_ackermann_msgs/msg/detail/ego_vehicle_control_current__type_support.h
[5.405s] -- Symlinking: /home/fireowl/fireowl_ws/fireowl_sim_drive/install/carla_ackermann_msgs/include/carla_ackermann_msgs/carla_ackermann_msgs/msg/detail/ego_vehicle_control_info__functions.h
[5.410s] -- Symlinking: /home/fireowl/fireowl_ws/fireowl_sim_drive/install/carla_ackermann_msgs/include/carla_ackermann_msgs/carla_ackermann_msgs/msg/detail/ego_vehicle_control_info__struct.h
[5.414s] -- Symlinking: /home/fireowl/fireowl_ws/fireowl_sim_drive/install/carla_ackermann_msgs/include/carla_ackermann_msgs/carla_ackermann_msgs/msg/detail/ego_vehicle_control_info__type_support.h
[5.419s] -- Symlinking: /home/fireowl/fireowl_ws/fireowl_sim_drive/install/carla_ackermann_msgs/include/carla_ackermann_msgs/carla_ackermann_msgs/msg/detail/ego_vehicle_control_maxima__functions.h
[5.422s] -- Symlinking: /home/fireowl/fireowl_ws/fireowl_sim_drive/install/carla_ackermann_msgs/include/carla_ackermann_msgs/carla_ackermann_msgs/msg/detail/ego_vehicle_control_maxima__struct.h
[5.426s] -- Symlinking: /home/fireowl/fireowl_ws/fireowl_sim_drive/install/carla_ackermann_msgs/include/carla_ackermann_msgs/carla_ackermann_msgs/msg/detail/ego_vehicle_control_maxima__type_support.h
[5.430s] -- Symlinking: /home/fireowl/fireowl_ws/fireowl_sim_drive/install/carla_ackermann_msgs/include/carla_ackermann_msgs/carla_ackermann_msgs/msg/detail/ego_vehicle_control_status__functions.h
[5.435s] -- Symlinking: /home/fireowl/fireowl_ws/fireowl_sim_drive/install/carla_ackermann_msgs/include/carla_ackermann_msgs/carla_ackermann_msgs/msg/detail/ego_vehicle_control_status__struct.h
[5.439s] -- Symlinking: /home/fireowl/fireowl_ws/fireowl_sim_drive/install/carla_ackermann_msgs/include/carla_ackermann_msgs/carla_ackermann_msgs/msg/detail/ego_vehicle_control_status__type_support.h
[5.444s] -- Symlinking: /home/fireowl/fireowl_ws/fireowl_sim_drive/install/carla_ackermann_msgs/include/carla_ackermann_msgs/carla_ackermann_msgs/msg/detail/ego_vehicle_control_target__functions.h
[5.449s] -- Symlinking: /home/fireowl/fireowl_ws/fireowl_sim_drive/install/carla_ackermann_msgs/include/carla_ackermann_msgs/carla_ackermann_msgs/msg/detail/ego_vehicle_control_target__struct.h
[5.454s] -- Symlinking: /home/fireowl/fireowl_ws/fireowl_sim_drive/install/carla_ackermann_msgs/include/carla_ackermann_msgs/carla_ackermann_msgs/msg/detail/ego_vehicle_control_target__type_support.h
[5.458s] -- Symlinking: /home/fireowl/fireowl_ws/fireowl_sim_drive/install/carla_ackermann_msgs/include/carla_ackermann_msgs/carla_ackermann_msgs/msg/ego_vehicle_control_current.h
[5.464s] -- Symlinking: /home/fireowl/fireowl_ws/fireowl_sim_drive/install/carla_ackermann_msgs/include/carla_ackermann_msgs/carla_ackermann_msgs/msg/ego_vehicle_control_info.h
[5.469s] -- Symlinking: /home/fireowl/fireowl_ws/fireowl_sim_drive/install/carla_ackermann_msgs/include/carla_ackermann_msgs/carla_ackermann_msgs/msg/ego_vehicle_control_maxima.h
[5.475s] -- Symlinking: /home/fireowl/fireowl_ws/fireowl_sim_drive/install/carla_ackermann_msgs/include/carla_ackermann_msgs/carla_ackermann_msgs/msg/ego_vehicle_control_status.h
[5.479s] -- Symlinking: /home/fireowl/fireowl_ws/fireowl_sim_drive/install/carla_ackermann_msgs/include/carla_ackermann_msgs/carla_ackermann_msgs/msg/ego_vehicle_control_target.h
[5.484s] -- Symlinking: /home/fireowl/fireowl_ws/fireowl_sim_drive/install/carla_ackermann_msgs/include/carla_ackermann_msgs/carla_ackermann_msgs/msg/rosidl_generator_c__visibility_control.h
[5.490s] -- Symlinking: /home/fireowl/fireowl_ws/fireowl_sim_drive/install/carla_ackermann_msgs/share/carla_ackermann_msgs/environment/library_path.sh
[5.495s] -- Symlinking: /home/fireowl/fireowl_ws/fireowl_sim_drive/install/carla_ackermann_msgs/share/carla_ackermann_msgs/environment/library_path.dsv
[5.500s] -- Symlinking: /home/fireowl/fireowl_ws/fireowl_sim_drive/install/carla_ackermann_msgs/include/carla_ackermann_msgs/carla_ackermann_msgs/msg/detail/ego_vehicle_control_current__rosidl_typesupport_fastrtps_c.h
[5.507s] -- Symlinking: /home/fireowl/fireowl_ws/fireowl_sim_drive/install/carla_ackermann_msgs/include/carla_ackermann_msgs/carla_ackermann_msgs/msg/detail/ego_vehicle_control_info__rosidl_typesupport_fastrtps_c.h
[5.512s] -- Symlinking: /home/fireowl/fireowl_ws/fireowl_sim_drive/install/carla_ackermann_msgs/include/carla_ackermann_msgs/carla_ackermann_msgs/msg/detail/ego_vehicle_control_maxima__rosidl_typesupport_fastrtps_c.h
[5.518s] -- Symlinking: /home/fireowl/fireowl_ws/fireowl_sim_drive/install/carla_ackermann_msgs/include/carla_ackermann_msgs/carla_ackermann_msgs/msg/detail/ego_vehicle_control_status__rosidl_typesupport_fastrtps_c.h
[5.524s] -- Symlinking: /home/fireowl/fireowl_ws/fireowl_sim_drive/install/carla_ackermann_msgs/include/carla_ackermann_msgs/carla_ackermann_msgs/msg/detail/ego_vehicle_control_target__rosidl_typesupport_fastrtps_c.h
[5.532s] -- Symlinking: /home/fireowl/fireowl_ws/fireowl_sim_drive/install/carla_ackermann_msgs/include/carla_ackermann_msgs/carla_ackermann_msgs/msg/rosidl_typesupport_fastrtps_c__visibility_control.h
[5.537s] -- Symlinking: /home/fireowl/fireowl_ws/fireowl_sim_drive/install/carla_ackermann_msgs/include/carla_ackermann_msgs/carla_ackermann_msgs/msg/detail/ego_vehicle_control_current__builder.hpp
[5.544s] -- Symlinking: /home/fireowl/fireowl_ws/fireowl_sim_drive/install/carla_ackermann_msgs/include/carla_ackermann_msgs/carla_ackermann_msgs/msg/detail/ego_vehicle_control_current__struct.hpp
[5.549s] -- Symlinking: /home/fireowl/fireowl_ws/fireowl_sim_drive/install/carla_ackermann_msgs/include/carla_ackermann_msgs/carla_ackermann_msgs/msg/detail/ego_vehicle_control_current__traits.hpp
[5.554s] -- Symlinking: /home/fireowl/fireowl_ws/fireowl_sim_drive/install/carla_ackermann_msgs/include/carla_ackermann_msgs/carla_ackermann_msgs/msg/detail/ego_vehicle_control_current__type_support.hpp
[5.560s] -- Symlinking: /home/fireowl/fireowl_ws/fireowl_sim_drive/install/carla_ackermann_msgs/include/carla_ackermann_msgs/carla_ackermann_msgs/msg/detail/ego_vehicle_control_info__builder.hpp
[5.565s] -- Symlinking: /home/fireowl/fireowl_ws/fireowl_sim_drive/install/carla_ackermann_msgs/include/carla_ackermann_msgs/carla_ackermann_msgs/msg/detail/ego_vehicle_control_info__struct.hpp
[5.570s] -- Symlinking: /home/fireowl/fireowl_ws/fireowl_sim_drive/install/carla_ackermann_msgs/include/carla_ackermann_msgs/carla_ackermann_msgs/msg/detail/ego_vehicle_control_info__traits.hpp
[5.575s] -- Symlinking: /home/fireowl/fireowl_ws/fireowl_sim_drive/install/carla_ackermann_msgs/include/carla_ackermann_msgs/carla_ackermann_msgs/msg/detail/ego_vehicle_control_info__type_support.hpp
[5.581s] -- Symlinking: /home/fireowl/fireowl_ws/fireowl_sim_drive/install/carla_ackermann_msgs/include/carla_ackermann_msgs/carla_ackermann_msgs/msg/detail/ego_vehicle_control_maxima__builder.hpp
[5.586s] -- Symlinking: /home/fireowl/fireowl_ws/fireowl_sim_drive/install/carla_ackermann_msgs/include/carla_ackermann_msgs/carla_ackermann_msgs/msg/detail/ego_vehicle_control_maxima__struct.hpp
[5.590s] -- Symlinking: /home/fireowl/fireowl_ws/fireowl_sim_drive/install/carla_ackermann_msgs/include/carla_ackermann_msgs/carla_ackermann_msgs/msg/detail/ego_vehicle_control_maxima__traits.hpp
[5.594s] -- Symlinking: /home/fireowl/fireowl_ws/fireowl_sim_drive/install/carla_ackermann_msgs/include/carla_ackermann_msgs/carla_ackermann_msgs/msg/detail/ego_vehicle_control_maxima__type_support.hpp
[5.598s] -- Symlinking: /home/fireowl/fireowl_ws/fireowl_sim_drive/install/carla_ackermann_msgs/include/carla_ackermann_msgs/carla_ackermann_msgs/msg/detail/ego_vehicle_control_status__builder.hpp
[5.601s] -- Symlinking: /home/fireowl/fireowl_ws/fireowl_sim_drive/install/carla_ackermann_msgs/include/carla_ackermann_msgs/carla_ackermann_msgs/msg/detail/ego_vehicle_control_status__struct.hpp
[5.606s] -- Symlinking: /home/fireowl/fireowl_ws/fireowl_sim_drive/install/carla_ackermann_msgs/include/carla_ackermann_msgs/carla_ackermann_msgs/msg/detail/ego_vehicle_control_status__traits.hpp
[5.610s] -- Symlinking: /home/fireowl/fireowl_ws/fireowl_sim_drive/install/carla_ackermann_msgs/include/carla_ackermann_msgs/carla_ackermann_msgs/msg/detail/ego_vehicle_control_status__type_support.hpp
[5.615s] -- Symlinking: /home/fireowl/fireowl_ws/fireowl_sim_drive/install/carla_ackermann_msgs/include/carla_ackermann_msgs/carla_ackermann_msgs/msg/detail/ego_vehicle_control_target__builder.hpp
[5.619s] -- Symlinking: /home/fireowl/fireowl_ws/fireowl_sim_drive/install/carla_ackermann_msgs/include/carla_ackermann_msgs/carla_ackermann_msgs/msg/detail/ego_vehicle_control_target__struct.hpp
[5.623s] -- Symlinking: /home/fireowl/fireowl_ws/fireowl_sim_drive/install/carla_ackermann_msgs/include/carla_ackermann_msgs/carla_ackermann_msgs/msg/detail/ego_vehicle_control_target__traits.hpp
[5.627s] -- Symlinking: /home/fireowl/fireowl_ws/fireowl_sim_drive/install/carla_ackermann_msgs/include/carla_ackermann_msgs/carla_ackermann_msgs/msg/detail/ego_vehicle_control_target__type_support.hpp
[5.631s] -- Symlinking: /home/fireowl/fireowl_ws/fireowl_sim_drive/install/carla_ackermann_msgs/include/carla_ackermann_msgs/carla_ackermann_msgs/msg/ego_vehicle_control_current.hpp
[5.635s] -- Symlinking: /home/fireowl/fireowl_ws/fireowl_sim_drive/install/carla_ackermann_msgs/include/carla_ackermann_msgs/carla_ackermann_msgs/msg/ego_vehicle_control_info.hpp
[5.638s] -- Symlinking: /home/fireowl/fireowl_ws/fireowl_sim_drive/install/carla_ackermann_msgs/include/carla_ackermann_msgs/carla_ackermann_msgs/msg/ego_vehicle_control_maxima.hpp
[5.642s] -- Symlinking: /home/fireowl/fireowl_ws/fireowl_sim_drive/install/carla_ackermann_msgs/include/carla_ackermann_msgs/carla_ackermann_msgs/msg/ego_vehicle_control_status.hpp
[5.645s] -- Symlinking: /home/fireowl/fireowl_ws/fireowl_sim_drive/install/carla_ackermann_msgs/include/carla_ackermann_msgs/carla_ackermann_msgs/msg/ego_vehicle_control_target.hpp
[5.652s] -- Symlinking: /home/fireowl/fireowl_ws/fireowl_sim_drive/install/carla_ackermann_msgs/include/carla_ackermann_msgs/carla_ackermann_msgs/msg/rosidl_generator_cpp__visibility_control.hpp
[5.658s] -- Symlinking: /home/fireowl/fireowl_ws/fireowl_sim_drive/install/carla_ackermann_msgs/include/carla_ackermann_msgs/carla_ackermann_msgs/msg/detail/ego_vehicle_control_current__rosidl_typesupport_fastrtps_cpp.hpp
[5.663s] -- Symlinking: /home/fireowl/fireowl_ws/fireowl_sim_drive/install/carla_ackermann_msgs/include/carla_ackermann_msgs/carla_ackermann_msgs/msg/detail/ego_vehicle_control_info__rosidl_typesupport_fastrtps_cpp.hpp
[5.666s] -- Symlinking: /home/fireowl/fireowl_ws/fireowl_sim_drive/install/carla_ackermann_msgs/include/carla_ackermann_msgs/carla_ackermann_msgs/msg/detail/ego_vehicle_control_maxima__rosidl_typesupport_fastrtps_cpp.hpp
[5.670s] -- Symlinking: /home/fireowl/fireowl_ws/fireowl_sim_drive/install/carla_ackermann_msgs/include/carla_ackermann_msgs/carla_ackermann_msgs/msg/detail/ego_vehicle_control_status__rosidl_typesupport_fastrtps_cpp.hpp
[5.674s] -- Symlinking: /home/fireowl/fireowl_ws/fireowl_sim_drive/install/carla_ackermann_msgs/include/carla_ackermann_msgs/carla_ackermann_msgs/msg/detail/ego_vehicle_control_target__rosidl_typesupport_fastrtps_cpp.hpp
[5.678s] -- Symlinking: /home/fireowl/fireowl_ws/fireowl_sim_drive/install/carla_ackermann_msgs/include/carla_ackermann_msgs/carla_ackermann_msgs/msg/rosidl_typesupport_fastrtps_cpp__visibility_control.h
[5.682s] -- Symlinking: /home/fireowl/fireowl_ws/fireowl_sim_drive/install/carla_ackermann_msgs/include/carla_ackermann_msgs/carla_ackermann_msgs/msg/detail/ego_vehicle_control_current__rosidl_typesupport_introspection_c.h
[5.685s] -- Symlinking: /home/fireowl/fireowl_ws/fireowl_sim_drive/install/carla_ackermann_msgs/include/carla_ackermann_msgs/carla_ackermann_msgs/msg/detail/ego_vehicle_control_info__rosidl_typesupport_introspection_c.h
[5.689s] -- Symlinking: /home/fireowl/fireowl_ws/fireowl_sim_drive/install/carla_ackermann_msgs/include/carla_ackermann_msgs/carla_ackermann_msgs/msg/detail/ego_vehicle_control_maxima__rosidl_typesupport_introspection_c.h
[5.693s] -- Symlinking: /home/fireowl/fireowl_ws/fireowl_sim_drive/install/carla_ackermann_msgs/include/carla_ackermann_msgs/carla_ackermann_msgs/msg/detail/ego_vehicle_control_status__rosidl_typesupport_introspection_c.h
[5.697s] -- Symlinking: /home/fireowl/fireowl_ws/fireowl_sim_drive/install/carla_ackermann_msgs/include/carla_ackermann_msgs/carla_ackermann_msgs/msg/detail/ego_vehicle_control_target__rosidl_typesupport_introspection_c.h
[5.700s] -- Symlinking: /home/fireowl/fireowl_ws/fireowl_sim_drive/install/carla_ackermann_msgs/include/carla_ackermann_msgs/carla_ackermann_msgs/msg/rosidl_typesupport_introspection_c__visibility_control.h
[5.704s] -- Symlinking: /home/fireowl/fireowl_ws/fireowl_sim_drive/install/carla_ackermann_msgs/include/carla_ackermann_msgs/carla_ackermann_msgs/msg/detail/ego_vehicle_control_current__rosidl_typesupport_introspection_cpp.hpp
[5.708s] -- Symlinking: /home/fireowl/fireowl_ws/fireowl_sim_drive/install/carla_ackermann_msgs/include/carla_ackermann_msgs/carla_ackermann_msgs/msg/detail/ego_vehicle_control_info__rosidl_typesupport_introspection_cpp.hpp
[5.712s] -- Symlinking: /home/fireowl/fireowl_ws/fireowl_sim_drive/install/carla_ackermann_msgs/include/carla_ackermann_msgs/carla_ackermann_msgs/msg/detail/ego_vehicle_control_maxima__rosidl_typesupport_introspection_cpp.hpp
[5.716s] -- Symlinking: /home/fireowl/fireowl_ws/fireowl_sim_drive/install/carla_ackermann_msgs/include/carla_ackermann_msgs/carla_ackermann_msgs/msg/detail/ego_vehicle_control_status__rosidl_typesupport_introspection_cpp.hpp
[5.719s] -- Symlinking: /home/fireowl/fireowl_ws/fireowl_sim_drive/install/carla_ackermann_msgs/include/carla_ackermann_msgs/carla_ackermann_msgs/msg/detail/ego_vehicle_control_target__rosidl_typesupport_introspection_cpp.hpp
[5.723s] -- Symlinking: /home/fireowl/fireowl_ws/fireowl_sim_drive/install/carla_ackermann_msgs/share/carla_ackermann_msgs/environment/pythonpath.sh
[5.726s] -- Symlinking: /home/fireowl/fireowl_ws/fireowl_sim_drive/install/carla_ackermann_msgs/share/carla_ackermann_msgs/environment/pythonpath.dsv
[5.731s] -- Symlinking: /home/fireowl/fireowl_ws/fireowl_sim_drive/install/carla_ackermann_msgs/local/lib/python3.10/dist-packages/carla_ackermann_msgs-1.0.0-py3.10.egg-info/PKG-INFO
[5.735s] -- Symlinking: /home/fireowl/fireowl_ws/fireowl_sim_drive/install/carla_ackermann_msgs/local/lib/python3.10/dist-packages/carla_ackermann_msgs-1.0.0-py3.10.egg-info/SOURCES.txt
[5.738s] -- Symlinking: /home/fireowl/fireowl_ws/fireowl_sim_drive/install/carla_ackermann_msgs/local/lib/python3.10/dist-packages/carla_ackermann_msgs-1.0.0-py3.10.egg-info/dependency_links.txt
[5.742s] -- Symlinking: /home/fireowl/fireowl_ws/fireowl_sim_drive/install/carla_ackermann_msgs/local/lib/python3.10/dist-packages/carla_ackermann_msgs-1.0.0-py3.10.egg-info/top_level.txt
[5.746s] -- Symlinking: /home/fireowl/fireowl_ws/fireowl_sim_drive/install/carla_ackermann_msgs/local/lib/python3.10/dist-packages/carla_ackermann_msgs/__init__.py
[5.751s] -- Symlinking: /home/fireowl/fireowl_ws/fireowl_sim_drive/install/carla_ackermann_msgs/local/lib/python3.10/dist-packages/carla_ackermann_msgs/_carla_ackermann_msgs_s.ep.rosidl_typesupport_c.c
[5.755s] -- Symlinking: /home/fireowl/fireowl_ws/fireowl_sim_drive/install/carla_ackermann_msgs/local/lib/python3.10/dist-packages/carla_ackermann_msgs/_carla_ackermann_msgs_s.ep.rosidl_typesupport_fastrtps_c.c
[5.762s] -- Symlinking: /home/fireowl/fireowl_ws/fireowl_sim_drive/install/carla_ackermann_msgs/local/lib/python3.10/dist-packages/carla_ackermann_msgs/_carla_ackermann_msgs_s.ep.rosidl_typesupport_introspection_c.c
[5.766s] -- Symlinking: /home/fireowl/fireowl_ws/fireowl_sim_drive/install/carla_ackermann_msgs/local/lib/python3.10/dist-packages/carla_ackermann_msgs/carla_ackermann_msgs_s__rosidl_typesupport_c.cpython-310-x86_64-linux-gnu.so
[5.770s] -- Symlinking: /home/fireowl/fireowl_ws/fireowl_sim_drive/install/carla_ackermann_msgs/local/lib/python3.10/dist-packages/carla_ackermann_msgs/carla_ackermann_msgs_s__rosidl_typesupport_fastrtps_c.cpython-310-x86_64-linux-gnu.so
[5.774s] -- Symlinking: /home/fireowl/fireowl_ws/fireowl_sim_drive/install/carla_ackermann_msgs/local/lib/python3.10/dist-packages/carla_ackermann_msgs/carla_ackermann_msgs_s__rosidl_typesupport_introspection_c.cpython-310-x86_64-linux-gnu.so
[5.778s] -- Symlinking: /home/fireowl/fireowl_ws/fireowl_sim_drive/install/carla_ackermann_msgs/local/lib/python3.10/dist-packages/carla_ackermann_msgs/libcarla_ackermann_msgs__rosidl_generator_py.so
[5.783s] -- Symlinking: /home/fireowl/fireowl_ws/fireowl_sim_drive/install/carla_ackermann_msgs/local/lib/python3.10/dist-packages/carla_ackermann_msgs/msg/__init__.py
[5.786s] -- Symlinking: /home/fireowl/fireowl_ws/fireowl_sim_drive/install/carla_ackermann_msgs/local/lib/python3.10/dist-packages/carla_ackermann_msgs/msg/_ego_vehicle_control_current.py
[5.790s] -- Symlinking: /home/fireowl/fireowl_ws/fireowl_sim_drive/install/carla_ackermann_msgs/local/lib/python3.10/dist-packages/carla_ackermann_msgs/msg/_ego_vehicle_control_current_s.c
[5.794s] -- Symlinking: /home/fireowl/fireowl_ws/fireowl_sim_drive/install/carla_ackermann_msgs/local/lib/python3.10/dist-packages/carla_ackermann_msgs/msg/_ego_vehicle_control_info.py
[5.798s] -- Symlinking: /home/fireowl/fireowl_ws/fireowl_sim_drive/install/carla_ackermann_msgs/local/lib/python3.10/dist-packages/carla_ackermann_msgs/msg/_ego_vehicle_control_info_s.c
[5.802s] -- Symlinking: /home/fireowl/fireowl_ws/fireowl_sim_drive/install/carla_ackermann_msgs/local/lib/python3.10/dist-packages/carla_ackermann_msgs/msg/_ego_vehicle_control_maxima.py
[5.806s] -- Symlinking: /home/fireowl/fireowl_ws/fireowl_sim_drive/install/carla_ackermann_msgs/local/lib/python3.10/dist-packages/carla_ackermann_msgs/msg/_ego_vehicle_control_maxima_s.c
[5.810s] -- Symlinking: /home/fireowl/fireowl_ws/fireowl_sim_drive/install/carla_ackermann_msgs/local/lib/python3.10/dist-packages/carla_ackermann_msgs/msg/_ego_vehicle_control_status.py
[5.815s] -- Symlinking: /home/fireowl/fireowl_ws/fireowl_sim_drive/install/carla_ackermann_msgs/local/lib/python3.10/dist-packages/carla_ackermann_msgs/msg/_ego_vehicle_control_status_s.c
[5.819s] -- Symlinking: /home/fireowl/fireowl_ws/fireowl_sim_drive/install/carla_ackermann_msgs/local/lib/python3.10/dist-packages/carla_ackermann_msgs/msg/_ego_vehicle_control_target.py
[5.823s] -- Symlinking: /home/fireowl/fireowl_ws/fireowl_sim_drive/install/carla_ackermann_msgs/local/lib/python3.10/dist-packages/carla_ackermann_msgs/msg/_ego_vehicle_control_target_s.c
[5.827s] -- Up-to-date symlink: /home/fireowl/fireowl_ws/fireowl_sim_drive/install/carla_ackermann_msgs/local/lib/python3.10/dist-packages/carla_ackermann_msgs/carla_ackermann_msgs_s__rosidl_typesupport_fastrtps_c.cpython-310-x86_64-linux-gnu.so
[5.827s] -- Up-to-date symlink: /home/fireowl/fireowl_ws/fireowl_sim_drive/install/carla_ackermann_msgs/local/lib/python3.10/dist-packages/carla_ackermann_msgs/carla_ackermann_msgs_s__rosidl_typesupport_introspection_c.cpython-310-x86_64-linux-gnu.so
[5.827s] -- Up-to-date symlink: /home/fireowl/fireowl_ws/fireowl_sim_drive/install/carla_ackermann_msgs/local/lib/python3.10/dist-packages/carla_ackermann_msgs/carla_ackermann_msgs_s__rosidl_typesupport_c.cpython-310-x86_64-linux-gnu.so
[5.828s] -- Symlinking: /home/fireowl/fireowl_ws/fireowl_sim_drive/install/carla_ackermann_msgs/share/carla_ackermann_msgs/msg/EgoVehicleControlInfo.idl
[5.832s] -- Symlinking: /home/fireowl/fireowl_ws/fireowl_sim_drive/install/carla_ackermann_msgs/share/carla_ackermann_msgs/msg/EgoVehicleControlCurrent.idl
[5.835s] -- Symlinking: /home/fireowl/fireowl_ws/fireowl_sim_drive/install/carla_ackermann_msgs/share/carla_ackermann_msgs/msg/EgoVehicleControlMaxima.idl
[5.839s] -- Symlinking: /home/fireowl/fireowl_ws/fireowl_sim_drive/install/carla_ackermann_msgs/share/carla_ackermann_msgs/msg/EgoVehicleControlStatus.idl
[5.843s] -- Symlinking: /home/fireowl/fireowl_ws/fireowl_sim_drive/install/carla_ackermann_msgs/share/carla_ackermann_msgs/msg/EgoVehicleControlTarget.idl
[5.846s] -- Symlinking: /home/fireowl/fireowl_ws/fireowl_sim_drive/install/carla_ackermann_msgs/share/carla_ackermann_msgs/msg/EgoVehicleControlInfo.msg
[5.850s] -- Symlinking: /home/fireowl/fireowl_ws/fireowl_sim_drive/install/carla_ackermann_msgs/share/carla_ackermann_msgs/msg/EgoVehicleControlCurrent.msg
[5.854s] -- Symlinking: /home/fireowl/fireowl_ws/fireowl_sim_drive/install/carla_ackermann_msgs/share/carla_ackermann_msgs/msg/EgoVehicleControlMaxima.msg
[5.858s] -- Symlinking: /home/fireowl/fireowl_ws/fireowl_sim_drive/install/carla_ackermann_msgs/share/carla_ackermann_msgs/msg/EgoVehicleControlStatus.msg
[5.862s] -- Symlinking: /home/fireowl/fireowl_ws/fireowl_sim_drive/install/carla_ackermann_msgs/share/carla_ackermann_msgs/msg/EgoVehicleControlTarget.msg
[5.866s] -- Symlinking: /home/fireowl/fireowl_ws/fireowl_sim_drive/install/carla_ackermann_msgs/share/ament_index/resource_index/package_run_dependencies/carla_ackermann_msgs
[5.870s] -- Symlinking: /home/fireowl/fireowl_ws/fireowl_sim_drive/install/carla_ackermann_msgs/share/ament_index/resource_index/parent_prefix_path/carla_ackermann_msgs
[5.874s] -- Symlinking: /home/fireowl/fireowl_ws/fireowl_sim_drive/install/carla_ackermann_msgs/share/carla_ackermann_msgs/environment/ament_prefix_path.sh
[5.878s] -- Symlinking: /home/fireowl/fireowl_ws/fireowl_sim_drive/install/carla_ackermann_msgs/share/carla_ackermann_msgs/environment/ament_prefix_path.dsv
[5.881s] -- Symlinking: /home/fireowl/fireowl_ws/fireowl_sim_drive/install/carla_ackermann_msgs/share/carla_ackermann_msgs/environment/path.sh
[5.885s] -- Symlinking: /home/fireowl/fireowl_ws/fireowl_sim_drive/install/carla_ackermann_msgs/share/carla_ackermann_msgs/environment/path.dsv
[5.888s] -- Symlinking: /home/fireowl/fireowl_ws/fireowl_sim_drive/install/carla_ackermann_msgs/share/carla_ackermann_msgs/local_setup.bash
[5.893s] -- Symlinking: /home/fireowl/fireowl_ws/fireowl_sim_drive/install/carla_ackermann_msgs/share/carla_ackermann_msgs/local_setup.sh
[5.896s] -- Symlinking: /home/fireowl/fireowl_ws/fireowl_sim_drive/install/carla_ackermann_msgs/share/carla_ackermann_msgs/local_setup.zsh
[5.900s] -- Symlinking: /home/fireowl/fireowl_ws/fireowl_sim_drive/install/carla_ackermann_msgs/share/carla_ackermann_msgs/local_setup.dsv
[5.903s] -- Symlinking: /home/fireowl/fireowl_ws/fireowl_sim_drive/install/carla_ackermann_msgs/share/carla_ackermann_msgs/package.dsv
[5.907s] -- Symlinking: /home/fireowl/fireowl_ws/fireowl_sim_drive/install/carla_ackermann_msgs/share/ament_index/resource_index/packages/carla_ackermann_msgs
[5.911s] -- Symlinking: /home/fireowl/fireowl_ws/fireowl_sim_drive/install/carla_ackermann_msgs/share/carla_ackermann_msgs/cmake/rosidl_cmake-extras.cmake
[5.915s] -- Symlinking: /home/fireowl/fireowl_ws/fireowl_sim_drive/install/carla_ackermann_msgs/share/carla_ackermann_msgs/cmake/ament_cmake_export_dependencies-extras.cmake
[5.918s] -- Symlinking: /home/fireowl/fireowl_ws/fireowl_sim_drive/install/carla_ackermann_msgs/share/carla_ackermann_msgs/cmake/ament_cmake_export_include_directories-extras.cmake
[5.922s] -- Symlinking: /home/fireowl/fireowl_ws/fireowl_sim_drive/install/carla_ackermann_msgs/share/carla_ackermann_msgs/cmake/ament_cmake_export_libraries-extras.cmake
[5.927s] -- Symlinking: /home/fireowl/fireowl_ws/fireowl_sim_drive/install/carla_ackermann_msgs/share/carla_ackermann_msgs/cmake/ament_cmake_export_targets-extras.cmake
[5.931s] -- Symlinking: /home/fireowl/fireowl_ws/fireowl_sim_drive/install/carla_ackermann_msgs/share/carla_ackermann_msgs/cmake/rosidl_cmake_export_typesupport_targets-extras.cmake
[5.935s] -- Symlinking: /home/fireowl/fireowl_ws/fireowl_sim_drive/install/carla_ackermann_msgs/share/carla_ackermann_msgs/cmake/rosidl_cmake_export_typesupport_libraries-extras.cmake
[5.938s] -- Symlinking: /home/fireowl/fireowl_ws/fireowl_sim_drive/install/carla_ackermann_msgs/share/carla_ackermann_msgs/cmake/carla_ackermann_msgsConfig.cmake
[5.942s] -- Symlinking: /home/fireowl/fireowl_ws/fireowl_sim_drive/install/carla_ackermann_msgs/share/carla_ackermann_msgs/cmake/carla_ackermann_msgsConfig-version.cmake
[5.946s] -- Symlinking: /home/fireowl/fireowl_ws/fireowl_sim_drive/install/carla_ackermann_msgs/share/carla_ackermann_msgs/package.xml
[5.949s] -- Installing: /home/fireowl/fireowl_ws/fireowl_sim_drive/install/carla_ackermann_msgs/lib/libcarla_ackermann_msgs__rosidl_generator_c.so
[5.950s] -- Set runtime path of "/home/fireowl/fireowl_ws/fireowl_sim_drive/install/carla_ackermann_msgs/lib/libcarla_ackermann_msgs__rosidl_generator_c.so" to ""
[5.950s] -- Installing: /home/fireowl/fireowl_ws/fireowl_sim_drive/install/carla_ackermann_msgs/lib/libcarla_ackermann_msgs__rosidl_typesupport_fastrtps_c.so
[5.950s] -- Set runtime path of "/home/fireowl/fireowl_ws/fireowl_sim_drive/install/carla_ackermann_msgs/lib/libcarla_ackermann_msgs__rosidl_typesupport_fastrtps_c.so" to ""
[5.950s] -- Installing: /home/fireowl/fireowl_ws/fireowl_sim_drive/install/carla_ackermann_msgs/lib/libcarla_ackermann_msgs__rosidl_typesupport_fastrtps_cpp.so
[5.950s] -- Set runtime path of "/home/fireowl/fireowl_ws/fireowl_sim_drive/install/carla_ackermann_msgs/lib/libcarla_ackermann_msgs__rosidl_typesupport_fastrtps_cpp.so" to ""
[5.951s] -- Installing: /home/fireowl/fireowl_ws/fireowl_sim_drive/install/carla_ackermann_msgs/lib/libcarla_ackermann_msgs__rosidl_typesupport_introspection_c.so
[5.951s] -- Set runtime path of "/home/fireowl/fireowl_ws/fireowl_sim_drive/install/carla_ackermann_msgs/lib/libcarla_ackermann_msgs__rosidl_typesupport_introspection_c.so" to ""
[5.951s] -- Installing: /home/fireowl/fireowl_ws/fireowl_sim_drive/install/carla_ackermann_msgs/lib/libcarla_ackermann_msgs__rosidl_typesupport_c.so
[5.951s] -- Set runtime path of "/home/fireowl/fireowl_ws/fireowl_sim_drive/install/carla_ackermann_msgs/lib/libcarla_ackermann_msgs__rosidl_typesupport_c.so" to ""
[5.951s] -- Installing: /home/fireowl/fireowl_ws/fireowl_sim_drive/install/carla_ackermann_msgs/lib/libcarla_ackermann_msgs__rosidl_typesupport_introspection_cpp.so
[5.951s] -- Set runtime path of "/home/fireowl/fireowl_ws/fireowl_sim_drive/install/carla_ackermann_msgs/lib/libcarla_ackermann_msgs__rosidl_typesupport_introspection_cpp.so" to ""
[5.952s] -- Installing: /home/fireowl/fireowl_ws/fireowl_sim_drive/install/carla_ackermann_msgs/lib/libcarla_ackermann_msgs__rosidl_typesupport_cpp.so
[5.952s] -- Set runtime path of "/home/fireowl/fireowl_ws/fireowl_sim_drive/install/carla_ackermann_msgs/lib/libcarla_ackermann_msgs__rosidl_typesupport_cpp.so" to ""
[5.973s] Listing '/home/fireowl/fireowl_ws/fireowl_sim_drive/install/carla_ackermann_msgs/local/lib/python3.10/dist-packages/carla_ackermann_msgs'...
[5.973s] Compiling '/home/fireowl/fireowl_ws/fireowl_sim_drive/install/carla_ackermann_msgs/local/lib/python3.10/dist-packages/carla_ackermann_msgs/__init__.py'...
[5.973s] Listing '/home/fireowl/fireowl_ws/fireowl_sim_drive/install/carla_ackermann_msgs/local/lib/python3.10/dist-packages/carla_ackermann_msgs/msg'...
[5.973s] Compiling '/home/fireowl/fireowl_ws/fireowl_sim_drive/install/carla_ackermann_msgs/local/lib/python3.10/dist-packages/carla_ackermann_msgs/msg/__init__.py'...
[5.973s] Compiling '/home/fireowl/fireowl_ws/fireowl_sim_drive/install/carla_ackermann_msgs/local/lib/python3.10/dist-packages/carla_ackermann_msgs/msg/_ego_vehicle_control_current.py'...
[5.973s] Compiling '/home/fireowl/fireowl_ws/fireowl_sim_drive/install/carla_ackermann_msgs/local/lib/python3.10/dist-packages/carla_ackermann_msgs/msg/_ego_vehicle_control_info.py'...
[5.973s] Compiling '/home/fireowl/fireowl_ws/fireowl_sim_drive/install/carla_ackermann_msgs/local/lib/python3.10/dist-packages/carla_ackermann_msgs/msg/_ego_vehicle_control_maxima.py'...
[5.973s] Compiling '/home/fireowl/fireowl_ws/fireowl_sim_drive/install/carla_ackermann_msgs/local/lib/python3.10/dist-packages/carla_ackermann_msgs/msg/_ego_vehicle_control_status.py'...
[5.973s] Compiling '/home/fireowl/fireowl_ws/fireowl_sim_drive/install/carla_ackermann_msgs/local/lib/python3.10/dist-packages/carla_ackermann_msgs/msg/_ego_vehicle_control_target.py'...
[5.975s] -- Installing: /home/fireowl/fireowl_ws/fireowl_sim_drive/install/carla_ackermann_msgs/lib/libcarla_ackermann_msgs__rosidl_generator_py.so
[5.976s] -- Set runtime path of "/home/fireowl/fireowl_ws/fireowl_sim_drive/install/carla_ackermann_msgs/lib/libcarla_ackermann_msgs__rosidl_generator_py.so" to ""
[5.976s] -- Installing: /home/fireowl/fireowl_ws/fireowl_sim_drive/install/carla_ackermann_msgs/share/carla_ackermann_msgs/cmake/export_carla_ackermann_msgs__rosidl_generator_cExport.cmake
[5.976s] -- Installing: /home/fireowl/fireowl_ws/fireowl_sim_drive/install/carla_ackermann_msgs/share/carla_ackermann_msgs/cmake/export_carla_ackermann_msgs__rosidl_generator_cExport-noconfig.cmake
[5.976s] -- Installing: /home/fireowl/fireowl_ws/fireowl_sim_drive/install/carla_ackermann_msgs/share/carla_ackermann_msgs/cmake/export_carla_ackermann_msgs__rosidl_typesupport_fastrtps_cExport.cmake
[5.976s] -- Installing: /home/fireowl/fireowl_ws/fireowl_sim_drive/install/carla_ackermann_msgs/share/carla_ackermann_msgs/cmake/export_carla_ackermann_msgs__rosidl_typesupport_fastrtps_cExport-noconfig.cmake
[5.976s] -- Installing: /home/fireowl/fireowl_ws/fireowl_sim_drive/install/carla_ackermann_msgs/share/carla_ackermann_msgs/cmake/export_carla_ackermann_msgs__rosidl_generator_cppExport.cmake
[5.976s] -- Installing: /home/fireowl/fireowl_ws/fireowl_sim_drive/install/carla_ackermann_msgs/share/carla_ackermann_msgs/cmake/export_carla_ackermann_msgs__rosidl_typesupport_fastrtps_cppExport.cmake
[5.977s] -- Installing: /home/fireowl/fireowl_ws/fireowl_sim_drive/install/carla_ackermann_msgs/share/carla_ackermann_msgs/cmake/export_carla_ackermann_msgs__rosidl_typesupport_fastrtps_cppExport-noconfig.cmake
[5.977s] -- Installing: /home/fireowl/fireowl_ws/fireowl_sim_drive/install/carla_ackermann_msgs/share/carla_ackermann_msgs/cmake/carla_ackermann_msgs__rosidl_typesupport_introspection_cExport.cmake
[5.977s] -- Installing: /home/fireowl/fireowl_ws/fireowl_sim_drive/install/carla_ackermann_msgs/share/carla_ackermann_msgs/cmake/carla_ackermann_msgs__rosidl_typesupport_introspection_cExport-noconfig.cmake
[5.977s] -- Installing: /home/fireowl/fireowl_ws/fireowl_sim_drive/install/carla_ackermann_msgs/share/carla_ackermann_msgs/cmake/carla_ackermann_msgs__rosidl_typesupport_cExport.cmake
[5.977s] -- Installing: /home/fireowl/fireowl_ws/fireowl_sim_drive/install/carla_ackermann_msgs/share/carla_ackermann_msgs/cmake/carla_ackermann_msgs__rosidl_typesupport_cExport-noconfig.cmake
[5.977s] -- Installing: /home/fireowl/fireowl_ws/fireowl_sim_drive/install/carla_ackermann_msgs/share/carla_ackermann_msgs/cmake/carla_ackermann_msgs__rosidl_typesupport_introspection_cppExport.cmake
[5.978s] -- Installing: /home/fireowl/fireowl_ws/fireowl_sim_drive/install/carla_ackermann_msgs/share/carla_ackermann_msgs/cmake/carla_ackermann_msgs__rosidl_typesupport_introspection_cppExport-noconfig.cmake
[5.978s] -- Installing: /home/fireowl/fireowl_ws/fireowl_sim_drive/install/carla_ackermann_msgs/share/carla_ackermann_msgs/cmake/carla_ackermann_msgs__rosidl_typesupport_cppExport.cmake
[5.978s] -- Installing: /home/fireowl/fireowl_ws/fireowl_sim_drive/install/carla_ackermann_msgs/share/carla_ackermann_msgs/cmake/carla_ackermann_msgs__rosidl_typesupport_cppExport-noconfig.cmake
[5.978s] -- Installing: /home/fireowl/fireowl_ws/fireowl_sim_drive/install/carla_ackermann_msgs/share/carla_ackermann_msgs/cmake/export_carla_ackermann_msgs__rosidl_generator_pyExport.cmake
[5.978s] -- Installing: /home/fireowl/fireowl_ws/fireowl_sim_drive/install/carla_ackermann_msgs/share/carla_ackermann_msgs/cmake/export_carla_ackermann_msgs__rosidl_generator_pyExport-noconfig.cmake
[5.981s] Invoked command in '/home/fireowl/fireowl_ws/fireowl_sim_drive/build/carla_ackermann_msgs' returned '0': AMENT_PREFIX_PATH=/home/fireowl/fireowl_ws/fireowl_sim_drive/install/carla_msgs:${AMENT_PREFIX_PATH} CMAKE_PREFIX_PATH=/home/fireowl/fireowl_ws/fireowl_sim_drive/install/carla_msgs:/opt/ros/humble LD_LIBRARY_PATH=/home/fireowl/fireowl_ws/fireowl_sim_drive/install/carla_msgs/lib:${LD_LIBRARY_PATH} PYTHONPATH=/home/fireowl/fireowl_ws/fireowl_sim_drive/install/carla_msgs/local/lib/python3.10/dist-packages:${PYTHONPATH} /usr/bin/cmake --install /home/fireowl/fireowl_ws/fireowl_sim_drive/build/carla_ackermann_msgs
