[1.603s] Invoking command in '/home/fireowl/fireowl_ws/fireowl_sim_drive/build/carla_waypoint_publisher': AMENT_PREFIX_PATH=/home/fireowl/fireowl_ws/fireowl_sim_drive/install/ros_compatibility:/home/fireowl/fireowl_ws/fireowl_sim_drive/install/carla_waypoint_types:${AMENT_PREFIX_PATH} CMAKE_PREFIX_PATH=/home/fireowl/fireowl_ws/fireowl_sim_drive/install/carla_waypoint_types LD_LIBRARY_PATH=/home/fireowl/fireowl_ws/fireowl_sim_drive/install/carla_waypoint_types/lib:${LD_LIBRARY_PATH} PYTHONPATH=/home/fireowl/fireowl_ws/fireowl_sim_drive/build/carla_waypoint_publisher/prefix_override:/usr/lib/python3/dist-packages/colcon_core/task/python/colcon_distutils_commands:/home/fireowl/fireowl_ws/fireowl_sim_drive/install/carla_waypoint_publisher/lib/python3.10/site-packages:/home/fireowl/fireowl_ws/fireowl_sim_drive/build/ros_compatibility/src:/home/fireowl/fireowl_ws/fireowl_sim_drive/install/ros_compatibility/lib/python3.10/site-packages:/home/fireowl/fireowl_ws/fireowl_sim_drive/install/carla_waypoint_types/local/lib/python3.10/dist-packages:${PYTHONPATH} /usr/bin/python3 -W ignore:setup.py install is deprecated -W ignore:easy_install command is deprecated setup.py develop --editable --build-directory /home/fireowl/fireowl_ws/fireowl_sim_drive/build/carla_waypoint_publisher/build --no-deps symlink_data
[1.714s] running develop
[1.782s] running egg_info
[1.782s] creating src/carla_waypoint_publisher.egg-info
[1.782s] writing src/carla_waypoint_publisher.egg-info/PKG-INFO
[1.783s] writing dependency_links to src/carla_waypoint_publisher.egg-info/dependency_links.txt
[1.783s] writing entry points to src/carla_waypoint_publisher.egg-info/entry_points.txt
[1.783s] writing requirements to src/carla_waypoint_publisher.egg-info/requires.txt
[1.783s] writing top-level names to src/carla_waypoint_publisher.egg-info/top_level.txt
[1.783s] writing manifest file 'src/carla_waypoint_publisher.egg-info/SOURCES.txt'
[1.784s] reading manifest file 'src/carla_waypoint_publisher.egg-info/SOURCES.txt'
[1.785s] writing manifest file 'src/carla_waypoint_publisher.egg-info/SOURCES.txt'
[1.786s] running build_ext
[1.786s] Creating /home/fireowl/fireowl_ws/fireowl_sim_drive/install/carla_waypoint_publisher/lib/python3.10/site-packages/carla-waypoint-publisher.egg-link (link to src)
[1.786s] Installing carla_waypoint_publisher script to /home/fireowl/fireowl_ws/fireowl_sim_drive/install/carla_waypoint_publisher/lib/carla_waypoint_publisher
[1.787s] 
[1.787s] Installed /home/fireowl/fireowl_ws/fireowl_sim_drive/build/carla_waypoint_publisher/src
[1.787s] running symlink_data
[1.787s] creating /home/fireowl/fireowl_ws/fireowl_sim_drive/install/carla_waypoint_publisher/share/ament_index
[1.787s] creating /home/fireowl/fireowl_ws/fireowl_sim_drive/install/carla_waypoint_publisher/share/ament_index/resource_index
[1.788s] creating /home/fireowl/fireowl_ws/fireowl_sim_drive/install/carla_waypoint_publisher/share/ament_index/resource_index/packages
[1.788s] symbolically linking /home/fireowl/fireowl_ws/fireowl_sim_drive/build/carla_waypoint_publisher/resource/carla_waypoint_publisher -> /home/fireowl/fireowl_ws/fireowl_sim_drive/install/carla_waypoint_publisher/share/ament_index/resource_index/packages
[1.788s] symbolically linking /home/fireowl/fireowl_ws/fireowl_sim_drive/build/carla_waypoint_publisher/package.xml -> /home/fireowl/fireowl_ws/fireowl_sim_drive/install/carla_waypoint_publisher/share/carla_waypoint_publisher
[1.788s] symbolically linking /home/fireowl/fireowl_ws/fireowl_sim_drive/build/carla_waypoint_publisher/launch/carla_waypoint_publisher.launch.py -> /home/fireowl/fireowl_ws/fireowl_sim_drive/install/carla_waypoint_publisher/share/carla_waypoint_publisher
[1.804s] Invoked command in '/home/fireowl/fireowl_ws/fireowl_sim_drive/build/carla_waypoint_publisher' returned '0': AMENT_PREFIX_PATH=/home/fireowl/fireowl_ws/fireowl_sim_drive/install/ros_compatibility:/home/fireowl/fireowl_ws/fireowl_sim_drive/install/carla_waypoint_types:${AMENT_PREFIX_PATH} CMAKE_PREFIX_PATH=/home/fireowl/fireowl_ws/fireowl_sim_drive/install/carla_waypoint_types LD_LIBRARY_PATH=/home/fireowl/fireowl_ws/fireowl_sim_drive/install/carla_waypoint_types/lib:${LD_LIBRARY_PATH} PYTHONPATH=/home/fireowl/fireowl_ws/fireowl_sim_drive/build/carla_waypoint_publisher/prefix_override:/usr/lib/python3/dist-packages/colcon_core/task/python/colcon_distutils_commands:/home/fireowl/fireowl_ws/fireowl_sim_drive/install/carla_waypoint_publisher/lib/python3.10/site-packages:/home/fireowl/fireowl_ws/fireowl_sim_drive/build/ros_compatibility/src:/home/fireowl/fireowl_ws/fireowl_sim_drive/install/ros_compatibility/lib/python3.10/site-packages:/home/fireowl/fireowl_ws/fireowl_sim_drive/install/carla_waypoint_types/local/lib/python3.10/dist-packages:${PYTHONPATH} /usr/bin/python3 -W ignore:setup.py install is deprecated -W ignore:easy_install command is deprecated setup.py develop --editable --build-directory /home/fireowl/fireowl_ws/fireowl_sim_drive/build/carla_waypoint_publisher/build --no-deps symlink_data
