[1.139s] Invoking command in '/home/fireowl/fireowl_ws/fireowl_sim_drive/build/pcl_recorder': AMENT_PREFIX_PATH=/home/fireowl/fireowl_ws/fireowl_sim_drive/install/carla_ros_bridge:/home/fireowl/fireowl_ws/fireowl_sim_drive/install/carla_spawn_objects:/home/fireowl/fireowl_ws/fireowl_sim_drive/install/carla_manual_control:/home/fireowl/fireowl_ws/fireowl_sim_drive/install/ros_compatibility:/home/fireowl/fireowl_ws/fireowl_sim_drive/install/carla_msgs:/home/fireowl/fireowl_ws/fireowl_sim_drive/install/carla_common:${AMENT_PREFIX_PATH} CMAKE_PREFIX_PATH=/home/fireowl/fireowl_ws/fireowl_sim_drive/install/carla_msgs:/opt/ros/humble LD_LIBRARY_PATH=/home/fireowl/fireowl_ws/fireowl_sim_drive/install/carla_msgs/lib:${LD_LIBRARY_PATH} PYTHONPATH=/home/fireowl/fireowl_ws/fireowl_sim_drive/build/carla_ros_bridge/src:/home/fireowl/fireowl_ws/fireowl_sim_drive/install/carla_ros_bridge/lib/python3.10/site-packages:/home/fireowl/fireowl_ws/fireowl_sim_drive/build/carla_spawn_objects:/home/fireowl/fireowl_ws/fireowl_sim_drive/install/carla_spawn_objects/lib/python3.10/site-packages:/home/fireowl/fireowl_ws/fireowl_sim_drive/build/carla_manual_control/src:/home/fireowl/fireowl_ws/fireowl_sim_drive/install/carla_manual_control/lib/python3.10/site-packages:/home/fireowl/fireowl_ws/fireowl_sim_drive/build/ros_compatibility/src:/home/fireowl/fireowl_ws/fireowl_sim_drive/install/ros_compatibility/lib/python3.10/site-packages:/home/fireowl/fireowl_ws/fireowl_sim_drive/install/carla_msgs/local/lib/python3.10/dist-packages:/home/fireowl/fireowl_ws/fireowl_sim_drive/build/carla_common/src:/home/fireowl/fireowl_ws/fireowl_sim_drive/install/carla_common/lib/python3.10/site-packages:${PYTHONPATH} /usr/bin/cmake /home/fireowl/fireowl_ws/fireowl_sim_drive/src/pcl_recorder -DAMENT_CMAKE_SYMLINK_INSTALL=1 -DCMAKE_INSTALL_PREFIX=/home/fireowl/fireowl_ws/fireowl_sim_drive/install/pcl_recorder
[1.246s] -- The C compiler identification is GNU 11.4.0
[1.647s] -- The CXX compiler identification is GNU 11.4.0
[1.991s] -- Detecting C compiler ABI info
[2.106s] -- Detecting C compiler ABI info - done
[2.109s] -- Check for working C compiler: /usr/bin/cc - skipped
[2.109s] -- Detecting C compile features
[2.109s] -- Detecting C compile features - done
[2.111s] -- Detecting CXX compiler ABI info
[2.250s] -- Detecting CXX compiler ABI info - done
[2.253s] -- Check for working CXX compiler: /usr/bin/c++ - skipped
[2.254s] -- Detecting CXX compile features
[2.254s] -- Detecting CXX compile features - done
[2.255s] -- Found ros_environment: 3.2.2 (/opt/ros/humble/share/ros_environment/cmake)
[2.256s] -- Found ament_cmake: 1.3.12 (/opt/ros/humble/share/ament_cmake/cmake)
[2.361s] -- Found Python3: /usr/bin/python3 (found version "3.10.12") found components: Interpreter 
[2.398s] -- Override CMake install command with custom implementation using symlinks instead of copying resources
[2.411s] -- Found rclcpp: 16.0.16 (/opt/ros/humble/share/rclcpp/cmake)
[2.542s] -- Found rosidl_generator_c: 3.1.7 (/opt/ros/humble/share/rosidl_generator_c/cmake)
[2.543s] -- Found rosidl_adapter: 3.1.7 (/opt/ros/humble/share/rosidl_adapter/cmake)
[2.548s] -- Found rosidl_generator_cpp: 3.1.7 (/opt/ros/humble/share/rosidl_generator_cpp/cmake)
[2.554s] -- Using all available rosidl_typesupport_c: rosidl_typesupport_fastrtps_c;rosidl_typesupport_introspection_c
[2.561s] -- Using all available rosidl_typesupport_cpp: rosidl_typesupport_fastrtps_cpp;rosidl_typesupport_introspection_cpp
[2.581s] -- Found rmw_implementation_cmake: 6.1.2 (/opt/ros/humble/share/rmw_implementation_cmake/cmake)
[2.582s] -- Found rmw_fastrtps_cpp: 6.2.9 (/opt/ros/humble/share/rmw_fastrtps_cpp/cmake)
[3.660s] -- Found OpenSSL: /usr/lib/x86_64-linux-gnu/libcrypto.so (found version "3.0.2")  
[4.895s] -- Found FastRTPS: /opt/ros/humble/include  
[7.070s] -- Using RMW implementation 'rmw_fastrtps_cpp' as default
[7.076s] -- Looking for pthread.h
[7.201s] -- Looking for pthread.h - found
[7.201s] -- Performing Test CMAKE_HAVE_LIBC_PTHREAD
[7.320s] -- Performing Test CMAKE_HAVE_LIBC_PTHREAD - Success
[7.321s] -- Found Threads: TRUE  
[7.350s] -- Found rclcpp_components: 16.0.16 (/opt/ros/humble/share/rclcpp_components/cmake)
[7.372s] -- Found sensor_msgs: 4.9.0 (/opt/ros/humble/share/sensor_msgs/cmake)
[7.385s] -- Found tf2: 0.25.17 (/opt/ros/humble/share/tf2/cmake)
[7.387s] -- Found tf2_eigen: 0.25.18 (/opt/ros/humble/share/tf2_eigen/cmake)
[7.446s] -- Found tf2_geometry_msgs: 0.25.17 (/opt/ros/humble/share/tf2_geometry_msgs/cmake)
[7.491s] -- Found eigen3_cmake_module: 0.1.1 (/opt/ros/humble/share/eigen3_cmake_module/cmake)
[7.492s] -- Found Eigen3: TRUE (found version "3.4.0") 
[7.492s] -- Ensuring Eigen3 include directory is part of orocos-kdl CMake target
[7.494s] -- Found pcl_conversions: 2.4.5 (/opt/ros/humble/share/pcl_conversions/cmake)
[7.510s] -- Checking for module 'eigen3'
[7.516s] --   Found eigen3, version 3.4.0
[7.532s] -- Found Eigen: /usr/include/eigen3 (Required is at least version "3.1") 
[7.532s] -- Eigen found (include: /usr/include/eigen3, version: 3.4.0)
[8.680s] -- Checking for module 'flann'
[8.688s] --   Found flann, version 1.9.1
[9.076s] -- Found FLANN: /usr/lib/x86_64-linux-gnu/libflann_cpp.so  
[9.076s] -- FLANN found (include: /usr/include, lib: /usr/lib/x86_64-linux-gnu/libflann_cpp.so)
[13.719s] -- Checking for module 'libusb-1.0'
[13.727s] --   Found libusb-1.0, version 1.0.25
[13.826s] -- Found libusb: /usr/lib/x86_64-linux-gnu/libusb-1.0.so  
[13.827s] -- OpenNI found (version: 1.5.4.0, include: /usr/include/ni, lib: /usr/lib/libOpenNI.so;libusb::libusb)
[14.014s] -- OpenNI2 found (version: 2.2.0.33, include: /usr/include/openni2, lib: /usr/lib/x86_64-linux-gnu/libOpenNI2.so;libusb::libusb)
[15.982s] -- Eigen found (include: /usr/include/eigen3, version: 3.4.0)
[15.985s] -- OpenNI found (version: 1.5.4.0, include: /usr/include/ni, lib: /usr/lib/libOpenNI.so;libusb::libusb)
[15.988s] -- OpenNI2 found (version: 2.2.0.33, include: /usr/include/openni2, lib: /usr/lib/x86_64-linux-gnu/libOpenNI2.so;libusb::libusb)
[17.965s] -- Found Qhull version 8.0.2
[20.143s] -- OpenNI found (version: 1.5.4.0, include: /usr/include/ni, lib: /usr/lib/libOpenNI.so;libusb::libusb)
[22.202s] -- Found PCL_COMMON: /usr/lib/x86_64-linux-gnu/libpcl_common.so  
[22.203s] -- Found PCL_KDTREE: /usr/lib/x86_64-linux-gnu/libpcl_kdtree.so  
[22.203s] -- Found PCL_OCTREE: /usr/lib/x86_64-linux-gnu/libpcl_octree.so  
[22.203s] -- Found PCL_SEARCH: /usr/lib/x86_64-linux-gnu/libpcl_search.so  
[22.204s] -- Found PCL_SAMPLE_CONSENSUS: /usr/lib/x86_64-linux-gnu/libpcl_sample_consensus.so  
[22.204s] -- Found PCL_FILTERS: /usr/lib/x86_64-linux-gnu/libpcl_filters.so  
[22.204s] -- Found PCL_2D: /usr/include/pcl-1.12  
[22.205s] -- Found PCL_GEOMETRY: /usr/include/pcl-1.12  
[22.205s] -- Found PCL_IO: /usr/lib/x86_64-linux-gnu/libpcl_io.so  
[22.205s] -- Found PCL_FEATURES: /usr/lib/x86_64-linux-gnu/libpcl_features.so  
[22.206s] -- Found PCL_ML: /usr/lib/x86_64-linux-gnu/libpcl_ml.so  
[22.206s] -- Found PCL_SEGMENTATION: /usr/lib/x86_64-linux-gnu/libpcl_segmentation.so  
[22.207s] -- Found PCL_VISUALIZATION: /usr/lib/x86_64-linux-gnu/libpcl_visualization.so  
[22.207s] -- Found PCL_SURFACE: /usr/lib/x86_64-linux-gnu/libpcl_surface.so  
[22.208s] -- Found PCL_REGISTRATION: /usr/lib/x86_64-linux-gnu/libpcl_registration.so  
[22.208s] -- Found PCL_KEYPOINTS: /usr/lib/x86_64-linux-gnu/libpcl_keypoints.so  
[22.208s] -- Found PCL_TRACKING: /usr/lib/x86_64-linux-gnu/libpcl_tracking.so  
[22.209s] -- Found PCL_RECOGNITION: /usr/lib/x86_64-linux-gnu/libpcl_recognition.so  
[22.209s] -- Found PCL_STEREO: /usr/lib/x86_64-linux-gnu/libpcl_stereo.so  
[22.210s] -- Found PCL_APPS: /usr/lib/x86_64-linux-gnu/libpcl_apps.so  
[22.210s] -- Found PCL_IN_HAND_SCANNER: /usr/include/pcl-1.12  
[22.210s] -- Found PCL_MODELER: /usr/include/pcl-1.12  
[22.210s] -- Found PCL_POINT_CLOUD_EDITOR: /usr/include/pcl-1.12  
[22.211s] -- Found PCL_OUTOFCORE: /usr/lib/x86_64-linux-gnu/libpcl_outofcore.so  
[22.211s] -- Found PCL_PEOPLE: /usr/lib/x86_64-linux-gnu/libpcl_people.so  
[22.214s] -- Found Boost: /usr/lib/x86_64-linux-gnu/cmake/Boost-1.74.0/BoostConfig.cmake (found version "1.74.0") found components: system 
[22.259s] -- Configuring done
[22.275s] -- Generating done
[22.280s] -- Build files have been written to: /home/fireowl/fireowl_ws/fireowl_sim_drive/build/pcl_recorder
[22.292s] Invoked command in '/home/fireowl/fireowl_ws/fireowl_sim_drive/build/pcl_recorder' returned '0': AMENT_PREFIX_PATH=/home/fireowl/fireowl_ws/fireowl_sim_drive/install/carla_ros_bridge:/home/fireowl/fireowl_ws/fireowl_sim_drive/install/carla_spawn_objects:/home/fireowl/fireowl_ws/fireowl_sim_drive/install/carla_manual_control:/home/fireowl/fireowl_ws/fireowl_sim_drive/install/ros_compatibility:/home/fireowl/fireowl_ws/fireowl_sim_drive/install/carla_msgs:/home/fireowl/fireowl_ws/fireowl_sim_drive/install/carla_common:${AMENT_PREFIX_PATH} CMAKE_PREFIX_PATH=/home/fireowl/fireowl_ws/fireowl_sim_drive/install/carla_msgs:/opt/ros/humble LD_LIBRARY_PATH=/home/fireowl/fireowl_ws/fireowl_sim_drive/install/carla_msgs/lib:${LD_LIBRARY_PATH} PYTHONPATH=/home/fireowl/fireowl_ws/fireowl_sim_drive/build/carla_ros_bridge/src:/home/fireowl/fireowl_ws/fireowl_sim_drive/install/carla_ros_bridge/lib/python3.10/site-packages:/home/fireowl/fireowl_ws/fireowl_sim_drive/build/carla_spawn_objects:/home/fireowl/fireowl_ws/fireowl_sim_drive/install/carla_spawn_objects/lib/python3.10/site-packages:/home/fireowl/fireowl_ws/fireowl_sim_drive/build/carla_manual_control/src:/home/fireowl/fireowl_ws/fireowl_sim_drive/install/carla_manual_control/lib/python3.10/site-packages:/home/fireowl/fireowl_ws/fireowl_sim_drive/build/ros_compatibility/src:/home/fireowl/fireowl_ws/fireowl_sim_drive/install/ros_compatibility/lib/python3.10/site-packages:/home/fireowl/fireowl_ws/fireowl_sim_drive/install/carla_msgs/local/lib/python3.10/dist-packages:/home/fireowl/fireowl_ws/fireowl_sim_drive/build/carla_common/src:/home/fireowl/fireowl_ws/fireowl_sim_drive/install/carla_common/lib/python3.10/site-packages:${PYTHONPATH} /usr/bin/cmake /home/fireowl/fireowl_ws/fireowl_sim_drive/src/pcl_recorder -DAMENT_CMAKE_SYMLINK_INSTALL=1 -DCMAKE_INSTALL_PREFIX=/home/fireowl/fireowl_ws/fireowl_sim_drive/install/pcl_recorder
[22.293s] Invoking command in '/home/fireowl/fireowl_ws/fireowl_sim_drive/build/pcl_recorder': AMENT_PREFIX_PATH=/home/fireowl/fireowl_ws/fireowl_sim_drive/install/carla_ros_bridge:/home/fireowl/fireowl_ws/fireowl_sim_drive/install/carla_spawn_objects:/home/fireowl/fireowl_ws/fireowl_sim_drive/install/carla_manual_control:/home/fireowl/fireowl_ws/fireowl_sim_drive/install/ros_compatibility:/home/fireowl/fireowl_ws/fireowl_sim_drive/install/carla_msgs:/home/fireowl/fireowl_ws/fireowl_sim_drive/install/carla_common:${AMENT_PREFIX_PATH} CMAKE_PREFIX_PATH=/home/fireowl/fireowl_ws/fireowl_sim_drive/install/carla_msgs:/opt/ros/humble LD_LIBRARY_PATH=/home/fireowl/fireowl_ws/fireowl_sim_drive/install/carla_msgs/lib:${LD_LIBRARY_PATH} PYTHONPATH=/home/fireowl/fireowl_ws/fireowl_sim_drive/build/carla_ros_bridge/src:/home/fireowl/fireowl_ws/fireowl_sim_drive/install/carla_ros_bridge/lib/python3.10/site-packages:/home/fireowl/fireowl_ws/fireowl_sim_drive/build/carla_spawn_objects:/home/fireowl/fireowl_ws/fireowl_sim_drive/install/carla_spawn_objects/lib/python3.10/site-packages:/home/fireowl/fireowl_ws/fireowl_sim_drive/build/carla_manual_control/src:/home/fireowl/fireowl_ws/fireowl_sim_drive/install/carla_manual_control/lib/python3.10/site-packages:/home/fireowl/fireowl_ws/fireowl_sim_drive/build/ros_compatibility/src:/home/fireowl/fireowl_ws/fireowl_sim_drive/install/ros_compatibility/lib/python3.10/site-packages:/home/fireowl/fireowl_ws/fireowl_sim_drive/install/carla_msgs/local/lib/python3.10/dist-packages:/home/fireowl/fireowl_ws/fireowl_sim_drive/build/carla_common/src:/home/fireowl/fireowl_ws/fireowl_sim_drive/install/carla_common/lib/python3.10/site-packages:${PYTHONPATH} /usr/bin/cmake --build /home/fireowl/fireowl_ws/fireowl_sim_drive/build/pcl_recorder -- -j12 -l12
[22.321s] [ 66%] [32mBuilding CXX object CMakeFiles/pcl_recorder_node.dir/src/PclRecorderROS2.cpp.o[0m
[22.321s] [ 66%] [32mBuilding CXX object CMakeFiles/pcl_recorder_node.dir/src/mainROS2.cpp.o[0m
[29.749s] [100%] [32m[1mLinking CXX executable pcl_recorder_node[0m
[30.199s] [100%] Built target pcl_recorder_node
[30.205s] Invoked command in '/home/fireowl/fireowl_ws/fireowl_sim_drive/build/pcl_recorder' returned '0': AMENT_PREFIX_PATH=/home/fireowl/fireowl_ws/fireowl_sim_drive/install/carla_ros_bridge:/home/fireowl/fireowl_ws/fireowl_sim_drive/install/carla_spawn_objects:/home/fireowl/fireowl_ws/fireowl_sim_drive/install/carla_manual_control:/home/fireowl/fireowl_ws/fireowl_sim_drive/install/ros_compatibility:/home/fireowl/fireowl_ws/fireowl_sim_drive/install/carla_msgs:/home/fireowl/fireowl_ws/fireowl_sim_drive/install/carla_common:${AMENT_PREFIX_PATH} CMAKE_PREFIX_PATH=/home/fireowl/fireowl_ws/fireowl_sim_drive/install/carla_msgs:/opt/ros/humble LD_LIBRARY_PATH=/home/fireowl/fireowl_ws/fireowl_sim_drive/install/carla_msgs/lib:${LD_LIBRARY_PATH} PYTHONPATH=/home/fireowl/fireowl_ws/fireowl_sim_drive/build/carla_ros_bridge/src:/home/fireowl/fireowl_ws/fireowl_sim_drive/install/carla_ros_bridge/lib/python3.10/site-packages:/home/fireowl/fireowl_ws/fireowl_sim_drive/build/carla_spawn_objects:/home/fireowl/fireowl_ws/fireowl_sim_drive/install/carla_spawn_objects/lib/python3.10/site-packages:/home/fireowl/fireowl_ws/fireowl_sim_drive/build/carla_manual_control/src:/home/fireowl/fireowl_ws/fireowl_sim_drive/install/carla_manual_control/lib/python3.10/site-packages:/home/fireowl/fireowl_ws/fireowl_sim_drive/build/ros_compatibility/src:/home/fireowl/fireowl_ws/fireowl_sim_drive/install/ros_compatibility/lib/python3.10/site-packages:/home/fireowl/fireowl_ws/fireowl_sim_drive/install/carla_msgs/local/lib/python3.10/dist-packages:/home/fireowl/fireowl_ws/fireowl_sim_drive/build/carla_common/src:/home/fireowl/fireowl_ws/fireowl_sim_drive/install/carla_common/lib/python3.10/site-packages:${PYTHONPATH} /usr/bin/cmake --build /home/fireowl/fireowl_ws/fireowl_sim_drive/build/pcl_recorder -- -j12 -l12
[30.206s] Invoking command in '/home/fireowl/fireowl_ws/fireowl_sim_drive/build/pcl_recorder': AMENT_PREFIX_PATH=/home/fireowl/fireowl_ws/fireowl_sim_drive/install/carla_ros_bridge:/home/fireowl/fireowl_ws/fireowl_sim_drive/install/carla_spawn_objects:/home/fireowl/fireowl_ws/fireowl_sim_drive/install/carla_manual_control:/home/fireowl/fireowl_ws/fireowl_sim_drive/install/ros_compatibility:/home/fireowl/fireowl_ws/fireowl_sim_drive/install/carla_msgs:/home/fireowl/fireowl_ws/fireowl_sim_drive/install/carla_common:${AMENT_PREFIX_PATH} CMAKE_PREFIX_PATH=/home/fireowl/fireowl_ws/fireowl_sim_drive/install/carla_msgs:/opt/ros/humble LD_LIBRARY_PATH=/home/fireowl/fireowl_ws/fireowl_sim_drive/install/carla_msgs/lib:${LD_LIBRARY_PATH} PYTHONPATH=/home/fireowl/fireowl_ws/fireowl_sim_drive/build/carla_ros_bridge/src:/home/fireowl/fireowl_ws/fireowl_sim_drive/install/carla_ros_bridge/lib/python3.10/site-packages:/home/fireowl/fireowl_ws/fireowl_sim_drive/build/carla_spawn_objects:/home/fireowl/fireowl_ws/fireowl_sim_drive/install/carla_spawn_objects/lib/python3.10/site-packages:/home/fireowl/fireowl_ws/fireowl_sim_drive/build/carla_manual_control/src:/home/fireowl/fireowl_ws/fireowl_sim_drive/install/carla_manual_control/lib/python3.10/site-packages:/home/fireowl/fireowl_ws/fireowl_sim_drive/build/ros_compatibility/src:/home/fireowl/fireowl_ws/fireowl_sim_drive/install/ros_compatibility/lib/python3.10/site-packages:/home/fireowl/fireowl_ws/fireowl_sim_drive/install/carla_msgs/local/lib/python3.10/dist-packages:/home/fireowl/fireowl_ws/fireowl_sim_drive/build/carla_common/src:/home/fireowl/fireowl_ws/fireowl_sim_drive/install/carla_common/lib/python3.10/site-packages:${PYTHONPATH} /usr/bin/cmake --install /home/fireowl/fireowl_ws/fireowl_sim_drive/build/pcl_recorder
[30.210s] -- Install configuration: ""
[30.210s] -- Execute custom install script
[30.211s] -- Symlinking: /home/fireowl/fireowl_ws/fireowl_sim_drive/install/pcl_recorder/lib/pcl_recorder/pcl_recorder_node
[30.215s] -- Symlinking: /home/fireowl/fireowl_ws/fireowl_sim_drive/install/pcl_recorder/share/pcl_recorder//pcl_recorder.launch
[30.219s] -- Symlinking: /home/fireowl/fireowl_ws/fireowl_sim_drive/install/pcl_recorder/share/pcl_recorder//pcl_recorder.launch.py
[30.223s] -- Symlinking: /home/fireowl/fireowl_ws/fireowl_sim_drive/install/pcl_recorder/share/ament_index/resource_index/package_run_dependencies/pcl_recorder
[30.227s] -- Symlinking: /home/fireowl/fireowl_ws/fireowl_sim_drive/install/pcl_recorder/share/ament_index/resource_index/parent_prefix_path/pcl_recorder
[30.230s] -- Symlinking: /home/fireowl/fireowl_ws/fireowl_sim_drive/install/pcl_recorder/share/pcl_recorder/environment/ament_prefix_path.sh
[30.234s] -- Symlinking: /home/fireowl/fireowl_ws/fireowl_sim_drive/install/pcl_recorder/share/pcl_recorder/environment/ament_prefix_path.dsv
[30.237s] -- Symlinking: /home/fireowl/fireowl_ws/fireowl_sim_drive/install/pcl_recorder/share/pcl_recorder/environment/path.sh
[30.241s] -- Symlinking: /home/fireowl/fireowl_ws/fireowl_sim_drive/install/pcl_recorder/share/pcl_recorder/environment/path.dsv
[30.244s] -- Symlinking: /home/fireowl/fireowl_ws/fireowl_sim_drive/install/pcl_recorder/share/pcl_recorder/local_setup.bash
[30.248s] -- Symlinking: /home/fireowl/fireowl_ws/fireowl_sim_drive/install/pcl_recorder/share/pcl_recorder/local_setup.sh
[30.251s] -- Symlinking: /home/fireowl/fireowl_ws/fireowl_sim_drive/install/pcl_recorder/share/pcl_recorder/local_setup.zsh
[30.255s] -- Symlinking: /home/fireowl/fireowl_ws/fireowl_sim_drive/install/pcl_recorder/share/pcl_recorder/local_setup.dsv
[30.258s] -- Symlinking: /home/fireowl/fireowl_ws/fireowl_sim_drive/install/pcl_recorder/share/pcl_recorder/package.dsv
[30.262s] -- Symlinking: /home/fireowl/fireowl_ws/fireowl_sim_drive/install/pcl_recorder/share/ament_index/resource_index/packages/pcl_recorder
[30.266s] -- Symlinking: /home/fireowl/fireowl_ws/fireowl_sim_drive/install/pcl_recorder/share/pcl_recorder/cmake/pcl_recorderConfig.cmake
[30.269s] -- Symlinking: /home/fireowl/fireowl_ws/fireowl_sim_drive/install/pcl_recorder/share/pcl_recorder/cmake/pcl_recorderConfig-version.cmake
[30.273s] -- Symlinking: /home/fireowl/fireowl_ws/fireowl_sim_drive/install/pcl_recorder/share/pcl_recorder/package.xml
[30.277s] Invoked command in '/home/fireowl/fireowl_ws/fireowl_sim_drive/build/pcl_recorder' returned '0': AMENT_PREFIX_PATH=/home/fireowl/fireowl_ws/fireowl_sim_drive/install/carla_ros_bridge:/home/fireowl/fireowl_ws/fireowl_sim_drive/install/carla_spawn_objects:/home/fireowl/fireowl_ws/fireowl_sim_drive/install/carla_manual_control:/home/fireowl/fireowl_ws/fireowl_sim_drive/install/ros_compatibility:/home/fireowl/fireowl_ws/fireowl_sim_drive/install/carla_msgs:/home/fireowl/fireowl_ws/fireowl_sim_drive/install/carla_common:${AMENT_PREFIX_PATH} CMAKE_PREFIX_PATH=/home/fireowl/fireowl_ws/fireowl_sim_drive/install/carla_msgs:/opt/ros/humble LD_LIBRARY_PATH=/home/fireowl/fireowl_ws/fireowl_sim_drive/install/carla_msgs/lib:${LD_LIBRARY_PATH} PYTHONPATH=/home/fireowl/fireowl_ws/fireowl_sim_drive/build/carla_ros_bridge/src:/home/fireowl/fireowl_ws/fireowl_sim_drive/install/carla_ros_bridge/lib/python3.10/site-packages:/home/fireowl/fireowl_ws/fireowl_sim_drive/build/carla_spawn_objects:/home/fireowl/fireowl_ws/fireowl_sim_drive/install/carla_spawn_objects/lib/python3.10/site-packages:/home/fireowl/fireowl_ws/fireowl_sim_drive/build/carla_manual_control/src:/home/fireowl/fireowl_ws/fireowl_sim_drive/install/carla_manual_control/lib/python3.10/site-packages:/home/fireowl/fireowl_ws/fireowl_sim_drive/build/ros_compatibility/src:/home/fireowl/fireowl_ws/fireowl_sim_drive/install/ros_compatibility/lib/python3.10/site-packages:/home/fireowl/fireowl_ws/fireowl_sim_drive/install/carla_msgs/local/lib/python3.10/dist-packages:/home/fireowl/fireowl_ws/fireowl_sim_drive/build/carla_common/src:/home/fireowl/fireowl_ws/fireowl_sim_drive/install/carla_common/lib/python3.10/site-packages:${PYTHONPATH} /usr/bin/cmake --install /home/fireowl/fireowl_ws/fireowl_sim_drive/build/pcl_recorder
