[0.762s] Invoking command in '/home/fireowl/fireowl_ws/fireowl_sim_drive/src/carla_common': PYTHONPATH=/home/fireowl/fireowl_ws/fireowl_sim_drive/build/carla_common/prefix_override:/usr/lib/python3/dist-packages/colcon_core/task/python/colcon_distutils_commands:/home/fireowl/fireowl_ws/fireowl_sim_drive/install/carla_common/lib/python3.10/site-packages:${PYTHONPATH} /usr/bin/python3 -W ignore:setup.py install is deprecated -W ignore:easy_install command is deprecated setup.py egg_info --egg-base ../../../build/carla_common build --build-base /home/fireowl/fireowl_ws/fireowl_sim_drive/build/carla_common/build install --record /home/fireowl/fireowl_ws/fireowl_sim_drive/build/carla_common/install.log --single-version-externally-managed install_data
[0.916s] running egg_info
[0.917s] creating ../../../build/carla_common/carla_common.egg-info
[0.917s] writing ../../../build/carla_common/carla_common.egg-info/PKG-INFO
[0.917s] writing dependency_links to ../../../build/carla_common/carla_common.egg-info/dependency_links.txt
[0.917s] writing requirements to ../../../build/carla_common/carla_common.egg-info/requires.txt
[0.918s] writing top-level names to ../../../build/carla_common/carla_common.egg-info/top_level.txt
[0.918s] writing manifest file '../../../build/carla_common/carla_common.egg-info/SOURCES.txt'
[0.919s] reading manifest file '../../../build/carla_common/carla_common.egg-info/SOURCES.txt'
[0.920s] writing manifest file '../../../build/carla_common/carla_common.egg-info/SOURCES.txt'
[0.920s] running build
[0.920s] running build_py
[0.920s] creating /home/fireowl/fireowl_ws/fireowl_sim_drive/build/carla_common/build
[0.921s] creating /home/fireowl/fireowl_ws/fireowl_sim_drive/build/carla_common/build/lib
[0.921s] creating /home/fireowl/fireowl_ws/fireowl_sim_drive/build/carla_common/build/lib/carla_common
[0.921s] copying src/carla_common/transforms.py -> /home/fireowl/fireowl_ws/fireowl_sim_drive/build/carla_common/build/lib/carla_common
[0.921s] copying src/carla_common/__init__.py -> /home/fireowl/fireowl_ws/fireowl_sim_drive/build/carla_common/build/lib/carla_common
[0.921s] running install
[0.922s] running install_lib
[0.922s] creating /home/fireowl/fireowl_ws/fireowl_sim_drive/install/carla_common/lib/python3.10/site-packages/carla_common
[0.922s] copying /home/fireowl/fireowl_ws/fireowl_sim_drive/build/carla_common/build/lib/carla_common/transforms.py -> /home/fireowl/fireowl_ws/fireowl_sim_drive/install/carla_common/lib/python3.10/site-packages/carla_common
[0.923s] copying /home/fireowl/fireowl_ws/fireowl_sim_drive/build/carla_common/build/lib/carla_common/__init__.py -> /home/fireowl/fireowl_ws/fireowl_sim_drive/install/carla_common/lib/python3.10/site-packages/carla_common
[0.923s] byte-compiling /home/fireowl/fireowl_ws/fireowl_sim_drive/install/carla_common/lib/python3.10/site-packages/carla_common/transforms.py to transforms.cpython-310.pyc
[0.926s] byte-compiling /home/fireowl/fireowl_ws/fireowl_sim_drive/install/carla_common/lib/python3.10/site-packages/carla_common/__init__.py to __init__.cpython-310.pyc
[0.926s] running install_data
[0.926s] running install_egg_info
[0.927s] Copying ../../../build/carla_common/carla_common.egg-info to /home/fireowl/fireowl_ws/fireowl_sim_drive/install/carla_common/lib/python3.10/site-packages/carla_common-0.0.0-py3.10.egg-info
[0.927s] running install_scripts
[0.944s] writing list of installed files to '/home/fireowl/fireowl_ws/fireowl_sim_drive/build/carla_common/install.log'
[0.969s] Invoked command in '/home/fireowl/fireowl_ws/fireowl_sim_drive/src/carla_common' returned '0': PYTHONPATH=/home/fireowl/fireowl_ws/fireowl_sim_drive/build/carla_common/prefix_override:/usr/lib/python3/dist-packages/colcon_core/task/python/colcon_distutils_commands:/home/fireowl/fireowl_ws/fireowl_sim_drive/install/carla_common/lib/python3.10/site-packages:${PYTHONPATH} /usr/bin/python3 -W ignore:setup.py install is deprecated -W ignore:easy_install command is deprecated setup.py egg_info --egg-base ../../../build/carla_common build --build-base /home/fireowl/fireowl_ws/fireowl_sim_drive/build/carla_common/build install --record /home/fireowl/fireowl_ws/fireowl_sim_drive/build/carla_common/install.log --single-version-externally-managed install_data
