[1.236s] Invoking command in '/home/fireowl/fireowl_ws/fireowl_sim_drive/src/carla_ros_scenario_runner': AMENT_PREFIX_PATH=/home/fireowl/fireowl_ws/fireowl_sim_drive/install/carla_ros_scenario_runner_types:/home/fireowl/fireowl_ws/fireowl_sim_drive/install/carla_msgs:/home/fireowl/fireowl_ws/fireowl_sim_drive/install/carla_common:${AMENT_PREFIX_PATH} CMAKE_PREFIX_PATH=/home/fireowl/fireowl_ws/fireowl_sim_drive/install/carla_ros_scenario_runner_types:/home/fireowl/fireowl_ws/fireowl_sim_drive/install/carla_msgs LD_LIBRARY_PATH=/home/fireowl/fireowl_ws/fireowl_sim_drive/install/carla_ros_scenario_runner_types/lib:/home/fireowl/fireowl_ws/fireowl_sim_drive/install/carla_msgs/lib:${LD_LIBRARY_PATH} PYTHONPATH=/home/fireowl/fireowl_ws/fireowl_sim_drive/build/carla_ros_scenario_runner/prefix_override:/usr/lib/python3/dist-packages/colcon_core/task/python/colcon_distutils_commands:/home/fireowl/fireowl_ws/fireowl_sim_drive/install/carla_ros_scenario_runner/lib/python3.10/site-packages:/home/fireowl/fireowl_ws/fireowl_sim_drive/install/carla_ros_scenario_runner_types/local/lib/python3.10/dist-packages:/home/fireowl/fireowl_ws/fireowl_sim_drive/install/carla_msgs/local/lib/python3.10/dist-packages:/home/fireowl/fireowl_ws/fireowl_sim_drive/install/carla_common/lib/python3.10/site-packages:${PYTHONPATH} /usr/bin/python3 -W ignore:setup.py install is deprecated -W ignore:easy_install command is deprecated setup.py egg_info --egg-base ../../../build/carla_ros_scenario_runner build --build-base /home/fireowl/fireowl_ws/fireowl_sim_drive/build/carla_ros_scenario_runner/build install --record /home/fireowl/fireowl_ws/fireowl_sim_drive/build/carla_ros_scenario_runner/install.log --single-version-externally-managed install_data
[1.360s] running egg_info
[1.360s] creating ../../../build/carla_ros_scenario_runner/carla_ros_scenario_runner.egg-info
[1.360s] writing ../../../build/carla_ros_scenario_runner/carla_ros_scenario_runner.egg-info/PKG-INFO
[1.361s] writing dependency_links to ../../../build/carla_ros_scenario_runner/carla_ros_scenario_runner.egg-info/dependency_links.txt
[1.361s] writing entry points to ../../../build/carla_ros_scenario_runner/carla_ros_scenario_runner.egg-info/entry_points.txt
[1.361s] writing requirements to ../../../build/carla_ros_scenario_runner/carla_ros_scenario_runner.egg-info/requires.txt
[1.361s] writing top-level names to ../../../build/carla_ros_scenario_runner/carla_ros_scenario_runner.egg-info/top_level.txt
[1.361s] writing manifest file '../../../build/carla_ros_scenario_runner/carla_ros_scenario_runner.egg-info/SOURCES.txt'
[1.362s] reading manifest file '../../../build/carla_ros_scenario_runner/carla_ros_scenario_runner.egg-info/SOURCES.txt'
[1.362s] writing manifest file '../../../build/carla_ros_scenario_runner/carla_ros_scenario_runner.egg-info/SOURCES.txt'
[1.363s] running build
[1.363s] running build_py
[1.363s] creating /home/fireowl/fireowl_ws/fireowl_sim_drive/build/carla_ros_scenario_runner/build
[1.363s] creating /home/fireowl/fireowl_ws/fireowl_sim_drive/build/carla_ros_scenario_runner/build/lib
[1.363s] creating /home/fireowl/fireowl_ws/fireowl_sim_drive/build/carla_ros_scenario_runner/build/lib/carla_ros_scenario_runner
[1.363s] copying src/carla_ros_scenario_runner/ros_vehicle_control.py -> /home/fireowl/fireowl_ws/fireowl_sim_drive/build/carla_ros_scenario_runner/build/lib/carla_ros_scenario_runner
[1.364s] copying src/carla_ros_scenario_runner/carla_ros_scenario_runner_node.py -> /home/fireowl/fireowl_ws/fireowl_sim_drive/build/carla_ros_scenario_runner/build/lib/carla_ros_scenario_runner
[1.364s] copying src/carla_ros_scenario_runner/__init__.py -> /home/fireowl/fireowl_ws/fireowl_sim_drive/build/carla_ros_scenario_runner/build/lib/carla_ros_scenario_runner
[1.364s] copying src/carla_ros_scenario_runner/application_runner.py -> /home/fireowl/fireowl_ws/fireowl_sim_drive/build/carla_ros_scenario_runner/build/lib/carla_ros_scenario_runner
[1.364s] copying src/carla_ros_scenario_runner/scenario_runner_runner.py -> /home/fireowl/fireowl_ws/fireowl_sim_drive/build/carla_ros_scenario_runner/build/lib/carla_ros_scenario_runner
[1.364s] running install
[1.364s] running install_lib
[1.365s] creating /home/fireowl/fireowl_ws/fireowl_sim_drive/install/carla_ros_scenario_runner/lib/python3.10/site-packages/carla_ros_scenario_runner
[1.365s] copying /home/fireowl/fireowl_ws/fireowl_sim_drive/build/carla_ros_scenario_runner/build/lib/carla_ros_scenario_runner/ros_vehicle_control.py -> /home/fireowl/fireowl_ws/fireowl_sim_drive/install/carla_ros_scenario_runner/lib/python3.10/site-packages/carla_ros_scenario_runner
[1.365s] copying /home/fireowl/fireowl_ws/fireowl_sim_drive/build/carla_ros_scenario_runner/build/lib/carla_ros_scenario_runner/carla_ros_scenario_runner_node.py -> /home/fireowl/fireowl_ws/fireowl_sim_drive/install/carla_ros_scenario_runner/lib/python3.10/site-packages/carla_ros_scenario_runner
[1.365s] copying /home/fireowl/fireowl_ws/fireowl_sim_drive/build/carla_ros_scenario_runner/build/lib/carla_ros_scenario_runner/__init__.py -> /home/fireowl/fireowl_ws/fireowl_sim_drive/install/carla_ros_scenario_runner/lib/python3.10/site-packages/carla_ros_scenario_runner
[1.366s] copying /home/fireowl/fireowl_ws/fireowl_sim_drive/build/carla_ros_scenario_runner/build/lib/carla_ros_scenario_runner/application_runner.py -> /home/fireowl/fireowl_ws/fireowl_sim_drive/install/carla_ros_scenario_runner/lib/python3.10/site-packages/carla_ros_scenario_runner
[1.366s] copying /home/fireowl/fireowl_ws/fireowl_sim_drive/build/carla_ros_scenario_runner/build/lib/carla_ros_scenario_runner/scenario_runner_runner.py -> /home/fireowl/fireowl_ws/fireowl_sim_drive/install/carla_ros_scenario_runner/lib/python3.10/site-packages/carla_ros_scenario_runner
[1.366s] byte-compiling /home/fireowl/fireowl_ws/fireowl_sim_drive/install/carla_ros_scenario_runner/lib/python3.10/site-packages/carla_ros_scenario_runner/ros_vehicle_control.py to ros_vehicle_control.cpython-310.pyc
[1.367s] byte-compiling /home/fireowl/fireowl_ws/fireowl_sim_drive/install/carla_ros_scenario_runner/lib/python3.10/site-packages/carla_ros_scenario_runner/carla_ros_scenario_runner_node.py to carla_ros_scenario_runner_node.cpython-310.pyc
[1.367s] byte-compiling /home/fireowl/fireowl_ws/fireowl_sim_drive/install/carla_ros_scenario_runner/lib/python3.10/site-packages/carla_ros_scenario_runner/__init__.py to __init__.cpython-310.pyc
[1.368s] byte-compiling /home/fireowl/fireowl_ws/fireowl_sim_drive/install/carla_ros_scenario_runner/lib/python3.10/site-packages/carla_ros_scenario_runner/application_runner.py to application_runner.cpython-310.pyc
[1.368s] byte-compiling /home/fireowl/fireowl_ws/fireowl_sim_drive/install/carla_ros_scenario_runner/lib/python3.10/site-packages/carla_ros_scenario_runner/scenario_runner_runner.py to scenario_runner_runner.cpython-310.pyc
[1.368s] running install_data
[1.368s] running install_egg_info
[1.370s] Copying ../../../build/carla_ros_scenario_runner/carla_ros_scenario_runner.egg-info to /home/fireowl/fireowl_ws/fireowl_sim_drive/install/carla_ros_scenario_runner/lib/python3.10/site-packages/carla_ros_scenario_runner-0.0.0-py3.10.egg-info
[1.371s] running install_scripts
[1.382s] Installing carla_ros_scenario_runner script to /home/fireowl/fireowl_ws/fireowl_sim_drive/install/carla_ros_scenario_runner/lib/carla_ros_scenario_runner
[1.382s] writing list of installed files to '/home/fireowl/fireowl_ws/fireowl_sim_drive/build/carla_ros_scenario_runner/install.log'
[1.399s] Invoked command in '/home/fireowl/fireowl_ws/fireowl_sim_drive/src/carla_ros_scenario_runner' returned '0': AMENT_PREFIX_PATH=/home/fireowl/fireowl_ws/fireowl_sim_drive/install/carla_ros_scenario_runner_types:/home/fireowl/fireowl_ws/fireowl_sim_drive/install/carla_msgs:/home/fireowl/fireowl_ws/fireowl_sim_drive/install/carla_common:${AMENT_PREFIX_PATH} CMAKE_PREFIX_PATH=/home/fireowl/fireowl_ws/fireowl_sim_drive/install/carla_ros_scenario_runner_types:/home/fireowl/fireowl_ws/fireowl_sim_drive/install/carla_msgs LD_LIBRARY_PATH=/home/fireowl/fireowl_ws/fireowl_sim_drive/install/carla_ros_scenario_runner_types/lib:/home/fireowl/fireowl_ws/fireowl_sim_drive/install/carla_msgs/lib:${LD_LIBRARY_PATH} PYTHONPATH=/home/fireowl/fireowl_ws/fireowl_sim_drive/build/carla_ros_scenario_runner/prefix_override:/usr/lib/python3/dist-packages/colcon_core/task/python/colcon_distutils_commands:/home/fireowl/fireowl_ws/fireowl_sim_drive/install/carla_ros_scenario_runner/lib/python3.10/site-packages:/home/fireowl/fireowl_ws/fireowl_sim_drive/install/carla_ros_scenario_runner_types/local/lib/python3.10/dist-packages:/home/fireowl/fireowl_ws/fireowl_sim_drive/install/carla_msgs/local/lib/python3.10/dist-packages:/home/fireowl/fireowl_ws/fireowl_sim_drive/install/carla_common/lib/python3.10/site-packages:${PYTHONPATH} /usr/bin/python3 -W ignore:setup.py install is deprecated -W ignore:easy_install command is deprecated setup.py egg_info --egg-base ../../../build/carla_ros_scenario_runner build --build-base /home/fireowl/fireowl_ws/fireowl_sim_drive/build/carla_ros_scenario_runner/build install --record /home/fireowl/fireowl_ws/fireowl_sim_drive/build/carla_ros_scenario_runner/install.log --single-version-externally-managed install_data
