[1.603s] Invoking command in '/home/fireowl/fireowl_ws/fireowl_sim_drive/build/carla_ackermann_control': AMENT_PREFIX_PATH=/home/fireowl/fireowl_ws/fireowl_sim_drive/install/carla_ros_bridge:/home/fireowl/fireowl_ws/fireowl_sim_drive/install/carla_spawn_objects:/home/fireowl/fireowl_ws/fireowl_sim_drive/install/carla_manual_control:/home/fireowl/fireowl_ws/fireowl_sim_drive/install/carla_ackermann_msgs:/home/fireowl/fireowl_ws/fireowl_sim_drive/install/ros_compatibility:/home/fireowl/fireowl_ws/fireowl_sim_drive/install/carla_msgs:/home/fireowl/fireowl_ws/fireowl_sim_drive/install/carla_common:${AMENT_PREFIX_PATH} CMAKE_PREFIX_PATH=/home/fireowl/fireowl_ws/fireowl_sim_drive/install/carla_ackermann_msgs:/home/fireowl/fireowl_ws/fireowl_sim_drive/install/carla_msgs LD_LIBRARY_PATH=/home/fireowl/fireowl_ws/fireowl_sim_drive/install/carla_ackermann_msgs/lib:/home/fireowl/fireowl_ws/fireowl_sim_drive/install/carla_msgs/lib:${LD_LIBRARY_PATH} PYTHONPATH=/home/fireowl/fireowl_ws/fireowl_sim_drive/build/carla_ackermann_control/prefix_override:/usr/lib/python3/dist-packages/colcon_core/task/python/colcon_distutils_commands:/home/fireowl/fireowl_ws/fireowl_sim_drive/install/carla_ackermann_control/lib/python3.10/site-packages:/home/fireowl/fireowl_ws/fireowl_sim_drive/build/carla_ros_bridge/src:/home/fireowl/fireowl_ws/fireowl_sim_drive/install/carla_ros_bridge/lib/python3.10/site-packages:/home/fireowl/fireowl_ws/fireowl_sim_drive/build/carla_spawn_objects:/home/fireowl/fireowl_ws/fireowl_sim_drive/install/carla_spawn_objects/lib/python3.10/site-packages:/home/fireowl/fireowl_ws/fireowl_sim_drive/build/carla_manual_control/src:/home/fireowl/fireowl_ws/fireowl_sim_drive/install/carla_manual_control/lib/python3.10/site-packages:/home/fireowl/fireowl_ws/fireowl_sim_drive/install/carla_ackermann_msgs/local/lib/python3.10/dist-packages:/home/fireowl/fireowl_ws/fireowl_sim_drive/build/ros_compatibility/src:/home/fireowl/fireowl_ws/fireowl_sim_drive/install/ros_compatibility/lib/python3.10/site-packages:/home/fireowl/fireowl_ws/fireowl_sim_drive/install/carla_msgs/local/lib/python3.10/dist-packages:/home/fireowl/fireowl_ws/fireowl_sim_drive/build/carla_common/src:/home/fireowl/fireowl_ws/fireowl_sim_drive/install/carla_common/lib/python3.10/site-packages:${PYTHONPATH} /usr/bin/python3 -W ignore:setup.py install is deprecated -W ignore:easy_install command is deprecated setup.py develop --editable --build-directory /home/fireowl/fireowl_ws/fireowl_sim_drive/build/carla_ackermann_control/build --no-deps symlink_data
[1.744s] running develop
[1.823s] running egg_info
[1.823s] creating src/carla_ackermann_control.egg-info
[1.823s] writing src/carla_ackermann_control.egg-info/PKG-INFO
[1.824s] writing dependency_links to src/carla_ackermann_control.egg-info/dependency_links.txt
[1.824s] writing entry points to src/carla_ackermann_control.egg-info/entry_points.txt
[1.824s] writing requirements to src/carla_ackermann_control.egg-info/requires.txt
[1.824s] writing top-level names to src/carla_ackermann_control.egg-info/top_level.txt
[1.824s] writing manifest file 'src/carla_ackermann_control.egg-info/SOURCES.txt'
[1.825s] reading manifest file 'src/carla_ackermann_control.egg-info/SOURCES.txt'
[1.826s] writing manifest file 'src/carla_ackermann_control.egg-info/SOURCES.txt'
[1.827s] running build_ext
[1.827s] Creating /home/fireowl/fireowl_ws/fireowl_sim_drive/install/carla_ackermann_control/lib/python3.10/site-packages/carla-ackermann-control.egg-link (link to src)
[1.827s] Installing carla_ackermann_control_node script to /home/fireowl/fireowl_ws/fireowl_sim_drive/install/carla_ackermann_control/lib/carla_ackermann_control
[1.828s] 
[1.828s] Installed /home/fireowl/fireowl_ws/fireowl_sim_drive/build/carla_ackermann_control/src
[1.828s] running symlink_data
[1.828s] creating /home/fireowl/fireowl_ws/fireowl_sim_drive/install/carla_ackermann_control/share/ament_index
[1.828s] creating /home/fireowl/fireowl_ws/fireowl_sim_drive/install/carla_ackermann_control/share/ament_index/resource_index
[1.828s] creating /home/fireowl/fireowl_ws/fireowl_sim_drive/install/carla_ackermann_control/share/ament_index/resource_index/packages
[1.829s] symbolically linking /home/fireowl/fireowl_ws/fireowl_sim_drive/build/carla_ackermann_control/resource/carla_ackermann_control -> /home/fireowl/fireowl_ws/fireowl_sim_drive/install/carla_ackermann_control/share/ament_index/resource_index/packages
[1.829s] symbolically linking /home/fireowl/fireowl_ws/fireowl_sim_drive/build/carla_ackermann_control/package.xml -> /home/fireowl/fireowl_ws/fireowl_sim_drive/install/carla_ackermann_control/share/carla_ackermann_control
[1.829s] symbolically linking /home/fireowl/fireowl_ws/fireowl_sim_drive/build/carla_ackermann_control/launch/carla_ackermann_control.launch.py -> /home/fireowl/fireowl_ws/fireowl_sim_drive/install/carla_ackermann_control/share/carla_ackermann_control
[1.829s] symbolically linking /home/fireowl/fireowl_ws/fireowl_sim_drive/build/carla_ackermann_control/launch/carla_ros_bridge_with_ackermann_control.launch.py -> /home/fireowl/fireowl_ws/fireowl_sim_drive/install/carla_ackermann_control/share/carla_ackermann_control
[1.830s] symbolically linking /home/fireowl/fireowl_ws/fireowl_sim_drive/build/carla_ackermann_control/config/settings.yaml -> /home/fireowl/fireowl_ws/fireowl_sim_drive/install/carla_ackermann_control/share/carla_ackermann_control
[1.848s] Invoked command in '/home/fireowl/fireowl_ws/fireowl_sim_drive/build/carla_ackermann_control' returned '0': AMENT_PREFIX_PATH=/home/fireowl/fireowl_ws/fireowl_sim_drive/install/carla_ros_bridge:/home/fireowl/fireowl_ws/fireowl_sim_drive/install/carla_spawn_objects:/home/fireowl/fireowl_ws/fireowl_sim_drive/install/carla_manual_control:/home/fireowl/fireowl_ws/fireowl_sim_drive/install/carla_ackermann_msgs:/home/fireowl/fireowl_ws/fireowl_sim_drive/install/ros_compatibility:/home/fireowl/fireowl_ws/fireowl_sim_drive/install/carla_msgs:/home/fireowl/fireowl_ws/fireowl_sim_drive/install/carla_common:${AMENT_PREFIX_PATH} CMAKE_PREFIX_PATH=/home/fireowl/fireowl_ws/fireowl_sim_drive/install/carla_ackermann_msgs:/home/fireowl/fireowl_ws/fireowl_sim_drive/install/carla_msgs LD_LIBRARY_PATH=/home/fireowl/fireowl_ws/fireowl_sim_drive/install/carla_ackermann_msgs/lib:/home/fireowl/fireowl_ws/fireowl_sim_drive/install/carla_msgs/lib:${LD_LIBRARY_PATH} PYTHONPATH=/home/fireowl/fireowl_ws/fireowl_sim_drive/build/carla_ackermann_control/prefix_override:/usr/lib/python3/dist-packages/colcon_core/task/python/colcon_distutils_commands:/home/fireowl/fireowl_ws/fireowl_sim_drive/install/carla_ackermann_control/lib/python3.10/site-packages:/home/fireowl/fireowl_ws/fireowl_sim_drive/build/carla_ros_bridge/src:/home/fireowl/fireowl_ws/fireowl_sim_drive/install/carla_ros_bridge/lib/python3.10/site-packages:/home/fireowl/fireowl_ws/fireowl_sim_drive/build/carla_spawn_objects:/home/fireowl/fireowl_ws/fireowl_sim_drive/install/carla_spawn_objects/lib/python3.10/site-packages:/home/fireowl/fireowl_ws/fireowl_sim_drive/build/carla_manual_control/src:/home/fireowl/fireowl_ws/fireowl_sim_drive/install/carla_manual_control/lib/python3.10/site-packages:/home/fireowl/fireowl_ws/fireowl_sim_drive/install/carla_ackermann_msgs/local/lib/python3.10/dist-packages:/home/fireowl/fireowl_ws/fireowl_sim_drive/build/ros_compatibility/src:/home/fireowl/fireowl_ws/fireowl_sim_drive/install/ros_compatibility/lib/python3.10/site-packages:/home/fireowl/fireowl_ws/fireowl_sim_drive/install/carla_msgs/local/lib/python3.10/dist-packages:/home/fireowl/fireowl_ws/fireowl_sim_drive/build/carla_common/src:/home/fireowl/fireowl_ws/fireowl_sim_drive/install/carla_common/lib/python3.10/site-packages:${PYTHONPATH} /usr/bin/python3 -W ignore:setup.py install is deprecated -W ignore:easy_install command is deprecated setup.py develop --editable --build-directory /home/fireowl/fireowl_ws/fireowl_sim_drive/build/carla_ackermann_control/build --no-deps symlink_data
