[0.833s] Invoking command in '/home/fireowl/fireowl_ws/fireowl_sim_drive/build/ros_compatibility': PYTHONPATH=/home/fireowl/fireowl_ws/fireowl_sim_drive/build/ros_compatibility/prefix_override:/usr/lib/python3/dist-packages/colcon_core/task/python/colcon_distutils_commands:/home/fireowl/fireowl_ws/fireowl_sim_drive/install/ros_compatibility/lib/python3.10/site-packages:${PYTHONPATH} /usr/bin/python3 -W ignore:setup.py install is deprecated -W ignore:easy_install command is deprecated setup.py develop --editable --build-directory /home/fireowl/fireowl_ws/fireowl_sim_drive/build/ros_compatibility/build --no-deps symlink_data
[1.000s] running develop
[1.114s] running egg_info
[1.114s] creating src/ros_compatibility.egg-info
[1.115s] writing src/ros_compatibility.egg-info/PKG-INFO
[1.115s] writing dependency_links to src/ros_compatibility.egg-info/dependency_links.txt
[1.115s] writing requirements to src/ros_compatibility.egg-info/requires.txt
[1.115s] writing top-level names to src/ros_compatibility.egg-info/top_level.txt
[1.115s] writing manifest file 'src/ros_compatibility.egg-info/SOURCES.txt'
[1.117s] reading manifest file 'src/ros_compatibility.egg-info/SOURCES.txt'
[1.117s] writing manifest file 'src/ros_compatibility.egg-info/SOURCES.txt'
[1.118s] running build_ext
[1.119s] Creating /home/fireowl/fireowl_ws/fireowl_sim_drive/install/ros_compatibility/lib/python3.10/site-packages/ros-compatibility.egg-link (link to src)
[1.119s] 
[1.120s] Installed /home/fireowl/fireowl_ws/fireowl_sim_drive/build/ros_compatibility/src
[1.120s] running symlink_data
[1.120s] creating /home/fireowl/fireowl_ws/fireowl_sim_drive/install/ros_compatibility/share/ament_index
[1.120s] creating /home/fireowl/fireowl_ws/fireowl_sim_drive/install/ros_compatibility/share/ament_index/resource_index
[1.120s] creating /home/fireowl/fireowl_ws/fireowl_sim_drive/install/ros_compatibility/share/ament_index/resource_index/packages
[1.120s] symbolically linking /home/fireowl/fireowl_ws/fireowl_sim_drive/build/ros_compatibility/resource/ros_compatibility -> /home/fireowl/fireowl_ws/fireowl_sim_drive/install/ros_compatibility/share/ament_index/resource_index/packages
[1.120s] symbolically linking /home/fireowl/fireowl_ws/fireowl_sim_drive/build/ros_compatibility/package.xml -> /home/fireowl/fireowl_ws/fireowl_sim_drive/install/ros_compatibility/share/ros_compatibility
[1.140s] Invoked command in '/home/fireowl/fireowl_ws/fireowl_sim_drive/build/ros_compatibility' returned '0': PYTHONPATH=/home/fireowl/fireowl_ws/fireowl_sim_drive/build/ros_compatibility/prefix_override:/usr/lib/python3/dist-packages/colcon_core/task/python/colcon_distutils_commands:/home/fireowl/fireowl_ws/fireowl_sim_drive/install/ros_compatibility/lib/python3.10/site-packages:${PYTHONPATH} /usr/bin/python3 -W ignore:setup.py install is deprecated -W ignore:easy_install command is deprecated setup.py develop --editable --build-directory /home/fireowl/fireowl_ws/fireowl_sim_drive/build/ros_compatibility/build --no-deps symlink_data
