[1.221s] Invoking command in '/home/fireowl/fireowl_ws/fireowl_sim_drive/build/carla_spawn_objects': AMENT_PREFIX_PATH=/home/fireowl/fireowl_ws/fireowl_sim_drive/install/ros_compatibility:/home/fireowl/fireowl_ws/fireowl_sim_drive/install/carla_msgs:${AMENT_PREFIX_PATH} CMAKE_PREFIX_PATH=/home/fireowl/fireowl_ws/fireowl_sim_drive/install/carla_msgs LD_LIBRARY_PATH=/home/fireowl/fireowl_ws/fireowl_sim_drive/install/carla_msgs/lib:${LD_LIBRARY_PATH} PYTHONPATH=/home/fireowl/fireowl_ws/fireowl_sim_drive/build/carla_spawn_objects/prefix_override:/usr/lib/python3/dist-packages/colcon_core/task/python/colcon_distutils_commands:/home/fireowl/fireowl_ws/fireowl_sim_drive/install/carla_spawn_objects/lib/python3.10/site-packages:/home/fireowl/fireowl_ws/fireowl_sim_drive/install/ros_compatibility/lib/python3.10/site-packages:/home/fireowl/fireowl_ws/fireowl_sim_drive/install/carla_msgs/local/lib/python3.10/dist-packages:${PYTHONPATH} /usr/bin/python3 -W ignore:setup.py install is deprecated -W ignore:easy_install command is deprecated setup.py develop --uninstall --editable --build-directory /home/fireowl/fireowl_ws/fireowl_sim_drive/build/carla_spawn_objects/build
[1.440s] running develop
[1.574s] Removing /home/fireowl/fireowl_ws/fireowl_sim_drive/install/carla_spawn_objects/lib/python3.10/site-packages/carla-spawn-objects.egg-link (link to .)
[1.596s] Invoked command in '/home/fireowl/fireowl_ws/fireowl_sim_drive/build/carla_spawn_objects' returned '0': AMENT_PREFIX_PATH=/home/fireowl/fireowl_ws/fireowl_sim_drive/install/ros_compatibility:/home/fireowl/fireowl_ws/fireowl_sim_drive/install/carla_msgs:${AMENT_PREFIX_PATH} CMAKE_PREFIX_PATH=/home/fireowl/fireowl_ws/fireowl_sim_drive/install/carla_msgs LD_LIBRARY_PATH=/home/fireowl/fireowl_ws/fireowl_sim_drive/install/carla_msgs/lib:${LD_LIBRARY_PATH} PYTHONPATH=/home/fireowl/fireowl_ws/fireowl_sim_drive/build/carla_spawn_objects/prefix_override:/usr/lib/python3/dist-packages/colcon_core/task/python/colcon_distutils_commands:/home/fireowl/fireowl_ws/fireowl_sim_drive/install/carla_spawn_objects/lib/python3.10/site-packages:/home/fireowl/fireowl_ws/fireowl_sim_drive/install/ros_compatibility/lib/python3.10/site-packages:/home/fireowl/fireowl_ws/fireowl_sim_drive/install/carla_msgs/local/lib/python3.10/dist-packages:${PYTHONPATH} /usr/bin/python3 -W ignore:setup.py install is deprecated -W ignore:easy_install command is deprecated setup.py develop --uninstall --editable --build-directory /home/fireowl/fireowl_ws/fireowl_sim_drive/build/carla_spawn_objects/build
[1.598s] Invoking command in '/home/fireowl/fireowl_ws/fireowl_sim_drive/src/carla_spawn_objects': AMENT_PREFIX_PATH=/home/fireowl/fireowl_ws/fireowl_sim_drive/install/ros_compatibility:/home/fireowl/fireowl_ws/fireowl_sim_drive/install/carla_msgs:${AMENT_PREFIX_PATH} CMAKE_PREFIX_PATH=/home/fireowl/fireowl_ws/fireowl_sim_drive/install/carla_msgs LD_LIBRARY_PATH=/home/fireowl/fireowl_ws/fireowl_sim_drive/install/carla_msgs/lib:${LD_LIBRARY_PATH} PYTHONPATH=/home/fireowl/fireowl_ws/fireowl_sim_drive/build/carla_spawn_objects/prefix_override:/usr/lib/python3/dist-packages/colcon_core/task/python/colcon_distutils_commands:/home/fireowl/fireowl_ws/fireowl_sim_drive/install/carla_spawn_objects/lib/python3.10/site-packages:/home/fireowl/fireowl_ws/fireowl_sim_drive/install/ros_compatibility/lib/python3.10/site-packages:/home/fireowl/fireowl_ws/fireowl_sim_drive/install/carla_msgs/local/lib/python3.10/dist-packages:${PYTHONPATH} /usr/bin/python3 -W ignore:setup.py install is deprecated -W ignore:easy_install command is deprecated setup.py egg_info --egg-base ../../../build/carla_spawn_objects build --build-base /home/fireowl/fireowl_ws/fireowl_sim_drive/build/carla_spawn_objects/build install --record /home/fireowl/fireowl_ws/fireowl_sim_drive/build/carla_spawn_objects/install.log --single-version-externally-managed install_data --force
[1.765s] running egg_info
[1.766s] writing ../../../build/carla_spawn_objects/carla_spawn_objects.egg-info/PKG-INFO
[1.766s] writing dependency_links to ../../../build/carla_spawn_objects/carla_spawn_objects.egg-info/dependency_links.txt
[1.767s] writing entry points to ../../../build/carla_spawn_objects/carla_spawn_objects.egg-info/entry_points.txt
[1.767s] writing requirements to ../../../build/carla_spawn_objects/carla_spawn_objects.egg-info/requires.txt
[1.767s] writing top-level names to ../../../build/carla_spawn_objects/carla_spawn_objects.egg-info/top_level.txt
[1.768s] reading manifest file '../../../build/carla_spawn_objects/carla_spawn_objects.egg-info/SOURCES.txt'
[1.769s] writing manifest file '../../../build/carla_spawn_objects/carla_spawn_objects.egg-info/SOURCES.txt'
[1.769s] running build
[1.769s] running build_py
[1.769s] creating /home/fireowl/fireowl_ws/fireowl_sim_drive/build/carla_spawn_objects/build
[1.770s] creating /home/fireowl/fireowl_ws/fireowl_sim_drive/build/carla_spawn_objects/build/lib
[1.770s] creating /home/fireowl/fireowl_ws/fireowl_sim_drive/build/carla_spawn_objects/build/lib/src
[1.770s] creating /home/fireowl/fireowl_ws/fireowl_sim_drive/build/carla_spawn_objects/build/lib/src/carla_spawn_objects
[1.770s] copying src/carla_spawn_objects/set_initial_pose.py -> /home/fireowl/fireowl_ws/fireowl_sim_drive/build/carla_spawn_objects/build/lib/src/carla_spawn_objects
[1.770s] copying src/carla_spawn_objects/carla_spawn_objects.py -> /home/fireowl/fireowl_ws/fireowl_sim_drive/build/carla_spawn_objects/build/lib/src/carla_spawn_objects
[1.771s] copying src/carla_spawn_objects/__init__.py -> /home/fireowl/fireowl_ws/fireowl_sim_drive/build/carla_spawn_objects/build/lib/src/carla_spawn_objects
[1.771s] running install
[1.771s] running install_lib
[1.772s] creating /home/fireowl/fireowl_ws/fireowl_sim_drive/install/carla_spawn_objects/lib/python3.10/site-packages/src
[1.772s] creating /home/fireowl/fireowl_ws/fireowl_sim_drive/install/carla_spawn_objects/lib/python3.10/site-packages/src/carla_spawn_objects
[1.772s] copying /home/fireowl/fireowl_ws/fireowl_sim_drive/build/carla_spawn_objects/build/lib/src/carla_spawn_objects/set_initial_pose.py -> /home/fireowl/fireowl_ws/fireowl_sim_drive/install/carla_spawn_objects/lib/python3.10/site-packages/src/carla_spawn_objects
[1.772s] copying /home/fireowl/fireowl_ws/fireowl_sim_drive/build/carla_spawn_objects/build/lib/src/carla_spawn_objects/carla_spawn_objects.py -> /home/fireowl/fireowl_ws/fireowl_sim_drive/install/carla_spawn_objects/lib/python3.10/site-packages/src/carla_spawn_objects
[1.773s] copying /home/fireowl/fireowl_ws/fireowl_sim_drive/build/carla_spawn_objects/build/lib/src/carla_spawn_objects/__init__.py -> /home/fireowl/fireowl_ws/fireowl_sim_drive/install/carla_spawn_objects/lib/python3.10/site-packages/src/carla_spawn_objects
[1.773s] byte-compiling /home/fireowl/fireowl_ws/fireowl_sim_drive/install/carla_spawn_objects/lib/python3.10/site-packages/src/carla_spawn_objects/set_initial_pose.py to set_initial_pose.cpython-310.pyc
[1.774s] byte-compiling /home/fireowl/fireowl_ws/fireowl_sim_drive/install/carla_spawn_objects/lib/python3.10/site-packages/src/carla_spawn_objects/carla_spawn_objects.py to carla_spawn_objects.cpython-310.pyc
[1.776s] byte-compiling /home/fireowl/fireowl_ws/fireowl_sim_drive/install/carla_spawn_objects/lib/python3.10/site-packages/src/carla_spawn_objects/__init__.py to __init__.cpython-310.pyc
[1.776s] running install_data
[1.776s] copying resource/carla_spawn_objects -> /home/fireowl/fireowl_ws/fireowl_sim_drive/install/carla_spawn_objects/share/ament_index/resource_index/packages
[1.777s] copying package.xml -> /home/fireowl/fireowl_ws/fireowl_sim_drive/install/carla_spawn_objects/share/carla_spawn_objects
[1.777s] copying config/objects.json -> /home/fireowl/fireowl_ws/fireowl_sim_drive/install/carla_spawn_objects/share/carla_spawn_objects/config
[1.777s] copying launch/carla_spawn_objects.launch.py -> /home/fireowl/fireowl_ws/fireowl_sim_drive/install/carla_spawn_objects/share/carla_spawn_objects
[1.777s] copying launch/carla_example_ego_vehicle.launch.py -> /home/fireowl/fireowl_ws/fireowl_sim_drive/install/carla_spawn_objects/share/carla_spawn_objects
[1.777s] copying launch/set_initial_pose.launch.py -> /home/fireowl/fireowl_ws/fireowl_sim_drive/install/carla_spawn_objects/share/carla_spawn_objects
[1.778s] running install_egg_info
[1.780s] Copying ../../../build/carla_spawn_objects/carla_spawn_objects.egg-info to /home/fireowl/fireowl_ws/fireowl_sim_drive/install/carla_spawn_objects/lib/python3.10/site-packages/carla_spawn_objects-0.0.0-py3.10.egg-info
[1.781s] running install_scripts
[1.794s] Installing carla_spawn_objects script to /home/fireowl/fireowl_ws/fireowl_sim_drive/install/carla_spawn_objects/lib/carla_spawn_objects
[1.795s] Installing set_initial_pose script to /home/fireowl/fireowl_ws/fireowl_sim_drive/install/carla_spawn_objects/lib/carla_spawn_objects
[1.795s] writing list of installed files to '/home/fireowl/fireowl_ws/fireowl_sim_drive/build/carla_spawn_objects/install.log'
[1.817s] Invoked command in '/home/fireowl/fireowl_ws/fireowl_sim_drive/src/carla_spawn_objects' returned '0': AMENT_PREFIX_PATH=/home/fireowl/fireowl_ws/fireowl_sim_drive/install/ros_compatibility:/home/fireowl/fireowl_ws/fireowl_sim_drive/install/carla_msgs:${AMENT_PREFIX_PATH} CMAKE_PREFIX_PATH=/home/fireowl/fireowl_ws/fireowl_sim_drive/install/carla_msgs LD_LIBRARY_PATH=/home/fireowl/fireowl_ws/fireowl_sim_drive/install/carla_msgs/lib:${LD_LIBRARY_PATH} PYTHONPATH=/home/fireowl/fireowl_ws/fireowl_sim_drive/build/carla_spawn_objects/prefix_override:/usr/lib/python3/dist-packages/colcon_core/task/python/colcon_distutils_commands:/home/fireowl/fireowl_ws/fireowl_sim_drive/install/carla_spawn_objects/lib/python3.10/site-packages:/home/fireowl/fireowl_ws/fireowl_sim_drive/install/ros_compatibility/lib/python3.10/site-packages:/home/fireowl/fireowl_ws/fireowl_sim_drive/install/carla_msgs/local/lib/python3.10/dist-packages:${PYTHONPATH} /usr/bin/python3 -W ignore:setup.py install is deprecated -W ignore:easy_install command is deprecated setup.py egg_info --egg-base ../../../build/carla_spawn_objects build --build-base /home/fireowl/fireowl_ws/fireowl_sim_drive/build/carla_spawn_objects/build install --record /home/fireowl/fireowl_ws/fireowl_sim_drive/build/carla_spawn_objects/install.log --single-version-externally-managed install_data --force
