[0.756s] Invoking command in '/home/fireowl/fireowl_ws/fireowl_sim_drive/src/ros-bridge/rqt_carla_control': PYTHONPATH=/home/fireowl/fireowl_ws/fireowl_sim_drive/build/rqt_carla_control/prefix_override:/usr/lib/python3/dist-packages/colcon_core/task/python/colcon_distutils_commands:/home/fireowl/fireowl_ws/fireowl_sim_drive/install/rqt_carla_control/lib/python3.10/site-packages:${PYTHONPATH} /usr/bin/python3 -W ignore:setup.py install is deprecated -W ignore:easy_install command is deprecated setup.py egg_info --egg-base ../../../build/rqt_carla_control build --build-base /home/fireowl/fireowl_ws/fireowl_sim_drive/build/rqt_carla_control/build install --record /home/fireowl/fireowl_ws/fireowl_sim_drive/build/rqt_carla_control/install.log --single-version-externally-managed install_data
[0.908s] running egg_info
[0.908s] creating ../../../build/rqt_carla_control/rqt_carla_control.egg-info
[0.909s] writing ../../../build/rqt_carla_control/rqt_carla_control.egg-info/PKG-INFO
[0.909s] writing dependency_links to ../../../build/rqt_carla_control/rqt_carla_control.egg-info/dependency_links.txt
[0.909s] writing requirements to ../../../build/rqt_carla_control/rqt_carla_control.egg-info/requires.txt
[0.910s] writing top-level names to ../../../build/rqt_carla_control/rqt_carla_control.egg-info/top_level.txt
[0.910s] writing manifest file '../../../build/rqt_carla_control/rqt_carla_control.egg-info/SOURCES.txt'
[0.911s] reading manifest file '../../../build/rqt_carla_control/rqt_carla_control.egg-info/SOURCES.txt'
[0.912s] writing manifest file '../../../build/rqt_carla_control/rqt_carla_control.egg-info/SOURCES.txt'
[0.912s] running build
[0.912s] running build_py
[0.912s] creating /home/fireowl/fireowl_ws/fireowl_sim_drive/build/rqt_carla_control/build
[0.912s] creating /home/fireowl/fireowl_ws/fireowl_sim_drive/build/rqt_carla_control/build/lib
[0.912s] creating /home/fireowl/fireowl_ws/fireowl_sim_drive/build/rqt_carla_control/build/lib/rqt_carla_control
[0.912s] copying src/rqt_carla_control/__init__.py -> /home/fireowl/fireowl_ws/fireowl_sim_drive/build/rqt_carla_control/build/lib/rqt_carla_control
[0.913s] copying src/rqt_carla_control/rqt_carla_control.py -> /home/fireowl/fireowl_ws/fireowl_sim_drive/build/rqt_carla_control/build/lib/rqt_carla_control
[0.914s] running build_scripts
[0.914s] creating /home/fireowl/fireowl_ws/fireowl_sim_drive/build/rqt_carla_control/build/scripts-3.10
[0.914s] copying and adjusting scripts/rqt_carla_control -> /home/fireowl/fireowl_ws/fireowl_sim_drive/build/rqt_carla_control/build/scripts-3.10
[0.914s] changing mode of /home/fireowl/fireowl_ws/fireowl_sim_drive/build/rqt_carla_control/build/scripts-3.10/rqt_carla_control from 644 to 755
[0.914s] running install
[0.914s] running install_lib
[0.915s] creating /home/fireowl/fireowl_ws/fireowl_sim_drive/install/rqt_carla_control/lib/python3.10/site-packages/rqt_carla_control
[0.915s] copying /home/fireowl/fireowl_ws/fireowl_sim_drive/build/rqt_carla_control/build/lib/rqt_carla_control/__init__.py -> /home/fireowl/fireowl_ws/fireowl_sim_drive/install/rqt_carla_control/lib/python3.10/site-packages/rqt_carla_control
[0.915s] copying /home/fireowl/fireowl_ws/fireowl_sim_drive/build/rqt_carla_control/build/lib/rqt_carla_control/rqt_carla_control.py -> /home/fireowl/fireowl_ws/fireowl_sim_drive/install/rqt_carla_control/lib/python3.10/site-packages/rqt_carla_control
[0.915s] byte-compiling /home/fireowl/fireowl_ws/fireowl_sim_drive/install/rqt_carla_control/lib/python3.10/site-packages/rqt_carla_control/__init__.py to __init__.cpython-310.pyc
[0.915s] byte-compiling /home/fireowl/fireowl_ws/fireowl_sim_drive/install/rqt_carla_control/lib/python3.10/site-packages/rqt_carla_control/rqt_carla_control.py to rqt_carla_control.cpython-310.pyc
[0.915s] running install_data
[0.915s] running install_egg_info
[0.918s] Copying ../../../build/rqt_carla_control/rqt_carla_control.egg-info to /home/fireowl/fireowl_ws/fireowl_sim_drive/install/rqt_carla_control/lib/python3.10/site-packages/rqt_carla_control-0.0.0-py3.10.egg-info
[0.920s] running install_scripts
[0.937s] copying /home/fireowl/fireowl_ws/fireowl_sim_drive/build/rqt_carla_control/build/scripts-3.10/rqt_carla_control -> /home/fireowl/fireowl_ws/fireowl_sim_drive/install/rqt_carla_control/lib/rqt_carla_control
[0.937s] changing mode of /home/fireowl/fireowl_ws/fireowl_sim_drive/install/rqt_carla_control/lib/rqt_carla_control/rqt_carla_control to 755
[0.938s] writing list of installed files to '/home/fireowl/fireowl_ws/fireowl_sim_drive/build/rqt_carla_control/install.log'
[0.967s] Invoked command in '/home/fireowl/fireowl_ws/fireowl_sim_drive/src/ros-bridge/rqt_carla_control' returned '0': PYTHONPATH=/home/fireowl/fireowl_ws/fireowl_sim_drive/build/rqt_carla_control/prefix_override:/usr/lib/python3/dist-packages/colcon_core/task/python/colcon_distutils_commands:/home/fireowl/fireowl_ws/fireowl_sim_drive/install/rqt_carla_control/lib/python3.10/site-packages:${PYTHONPATH} /usr/bin/python3 -W ignore:setup.py install is deprecated -W ignore:easy_install command is deprecated setup.py egg_info --egg-base ../../../build/rqt_carla_control build --build-base /home/fireowl/fireowl_ws/fireowl_sim_drive/build/rqt_carla_control/build install --record /home/fireowl/fireowl_ws/fireowl_sim_drive/build/rqt_carla_control/install.log --single-version-externally-managed install_data
