[0.242s] Invoking command in '/home/fireowl/fireowl_ws/fireowl_sim_drive/build/carla_waypoint_types': CMAKE_PREFIX_PATH=/opt/ros/humble /usr/bin/cmake /home/fireowl/fireowl_ws/fireowl_sim_drive/src/carla_waypoint_types -DAMENT_CMAKE_SYMLINK_INSTALL=1 -DCMAKE_INSTALL_PREFIX=/home/fireowl/fireowl_ws/fireowl_sim_drive/install/carla_waypoint_types
[0.373s] -- The C compiler identification is GNU 11.4.0
[0.756s] -- The CXX compiler identification is GNU 11.4.0
[0.912s] -- Detecting C compiler ABI info
[1.047s] -- Detecting C compiler ABI info - done
[1.053s] -- Check for working C compiler: /usr/bin/cc - skipped
[1.053s] -- Detecting C compile features
[1.053s] -- Detecting C compile features - done
[1.055s] -- Detecting CXX compiler ABI info
[1.200s] -- Detecting CXX compiler ABI info - done
[1.204s] -- Check for working CXX compiler: /usr/bin/c++ - skipped
[1.204s] -- Detecting CXX compile features
[1.205s] -- Detecting CXX compile features - done
[1.206s] -- Found ros_environment: 3.2.2 (/opt/ros/humble/share/ros_environment/cmake)
[1.206s] -- Found ament_cmake: 1.3.12 (/opt/ros/humble/share/ament_cmake/cmake)
[1.285s] -- Found Python3: /usr/bin/python3 (found version "3.10.12") found components: Interpreter 
[1.317s] -- Override CMake install command with custom implementation using symlinks instead of copying resources
[1.329s] -- Found nav_msgs: 4.9.0 (/opt/ros/humble/share/nav_msgs/cmake)
[1.465s] -- Found rosidl_generator_c: 3.1.7 (/opt/ros/humble/share/rosidl_generator_c/cmake)
[1.467s] -- Found rosidl_adapter: 3.1.7 (/opt/ros/humble/share/rosidl_adapter/cmake)
[1.470s] -- Found rosidl_generator_cpp: 3.1.7 (/opt/ros/humble/share/rosidl_generator_cpp/cmake)
[1.475s] -- Using all available rosidl_typesupport_c: rosidl_typesupport_fastrtps_c;rosidl_typesupport_introspection_c
[1.484s] -- Using all available rosidl_typesupport_cpp: rosidl_typesupport_fastrtps_cpp;rosidl_typesupport_introspection_cpp
[1.514s] -- Found rosidl_default_generators: 1.2.0 (/opt/ros/humble/share/rosidl_default_generators/cmake)
[1.678s] -- Found ament_cmake_cppcheck: 0.12.14 (/opt/ros/humble/share/ament_cmake_cppcheck/cmake)
[1.680s] -- Found ament_cmake_cpplint: 0.12.14 (/opt/ros/humble/share/ament_cmake_cpplint/cmake)
[1.682s] -- Found ament_cmake_uncrustify: 0.12.14 (/opt/ros/humble/share/ament_cmake_uncrustify/cmake)
[1.685s] -- Found ament_cmake_ros: 0.10.0 (/opt/ros/humble/share/ament_cmake_ros/cmake)
[1.929s] -- Using all available rosidl_typesupport_c: rosidl_typesupport_fastrtps_c;rosidl_typesupport_introspection_c
[2.029s] -- Using all available rosidl_typesupport_cpp: rosidl_typesupport_fastrtps_cpp;rosidl_typesupport_introspection_cpp
[2.152s] -- Found PythonInterp: /usr/bin/python3 (found suitable version "3.10.12", minimum required is "3.6") 
[2.153s] -- Found python_cmake_module: 0.10.0 (/opt/ros/humble/share/python_cmake_module/cmake)
[2.552s] -- Found PythonLibs: /usr/lib/x86_64-linux-gnu/libpython3.10.so (found suitable version "3.10.12", minimum required is "3.5") 
[2.552s] -- Using PYTHON_EXECUTABLE: /usr/bin/python3
[2.552s] -- Using PYTHON_INCLUDE_DIRS: /usr/include/python3.10
[2.552s] -- Using PYTHON_LIBRARIES: /usr/lib/x86_64-linux-gnu/libpython3.10.so
[2.562s] -- Found PythonExtra: .so  
[2.647s] -- Found ament_cmake_flake8: 0.12.14 (/opt/ros/humble/share/ament_cmake_flake8/cmake)
[2.649s] -- Found ament_cmake_pep257: 0.12.14 (/opt/ros/humble/share/ament_cmake_pep257/cmake)
[2.651s] -- Found ament_lint_auto: 0.12.14 (/opt/ros/humble/share/ament_lint_auto/cmake)
[2.671s] -- Added test 'copyright' to check source files copyright and LICENSE
[2.671s] -- Added test 'lint_cmake' to check CMake code style
[2.672s] -- Added test 'xmllint' to check XML markup files
[2.674s] -- Configuring done
[2.699s] -- Generating done
[2.706s] -- Build files have been written to: /home/fireowl/fireowl_ws/fireowl_sim_drive/build/carla_waypoint_types
[2.714s] Invoked command in '/home/fireowl/fireowl_ws/fireowl_sim_drive/build/carla_waypoint_types' returned '0': CMAKE_PREFIX_PATH=/opt/ros/humble /usr/bin/cmake /home/fireowl/fireowl_ws/fireowl_sim_drive/src/carla_waypoint_types -DAMENT_CMAKE_SYMLINK_INSTALL=1 -DCMAKE_INSTALL_PREFIX=/home/fireowl/fireowl_ws/fireowl_sim_drive/install/carla_waypoint_types
[2.716s] Invoking command in '/home/fireowl/fireowl_ws/fireowl_sim_drive/build/carla_waypoint_types': CMAKE_PREFIX_PATH=/opt/ros/humble /usr/bin/cmake --build /home/fireowl/fireowl_ws/fireowl_sim_drive/build/carla_waypoint_types -- -j12 -l12
[2.738s] [  2%] [34m[1mGenerating C code for ROS interfaces[0m
[2.742s] [  4%] [34m[1mGenerating C++ code for ROS interfaces[0m
[2.751s] [  4%] Built target ament_cmake_python_symlink_carla_waypoint_types
[2.936s] running egg_info
[2.936s] creating carla_waypoint_types.egg-info
[2.937s] writing carla_waypoint_types.egg-info/PKG-INFO
[2.937s] writing dependency_links to carla_waypoint_types.egg-info/dependency_links.txt
[2.937s] writing top-level names to carla_waypoint_types.egg-info/top_level.txt
[2.937s] writing manifest file 'carla_waypoint_types.egg-info/SOURCES.txt'
[2.938s] reading manifest file 'carla_waypoint_types.egg-info/SOURCES.txt'
[2.939s] writing manifest file 'carla_waypoint_types.egg-info/SOURCES.txt'
[2.960s] [  4%] Built target ament_cmake_python_build_carla_waypoint_types_egg
[3.052s] [  4%] Built target carla_waypoint_types__cpp
[3.060s] [  6%] [34m[1mGenerating C++ type support for eProsima Fast-RTPS[0m
[3.061s] [  8%] [34m[1mGenerating C++ type support dispatch for ROS interfaces[0m
[3.062s] [ 10%] [34m[1mGenerating C++ introspection for ROS interfaces[0m
[3.068s] [ 14%] [32mBuilding C object CMakeFiles/carla_waypoint_types__rosidl_generator_c.dir/rosidl_generator_c/carla_waypoint_types/msg/detail/carla_waypoint__functions.c.o[0m
[3.068s] [ 14%] [32mBuilding C object CMakeFiles/carla_waypoint_types__rosidl_generator_c.dir/rosidl_generator_c/carla_waypoint_types/srv/detail/get_actor_waypoint__functions.c.o[0m
[3.069s] [ 17%] [32mBuilding C object CMakeFiles/carla_waypoint_types__rosidl_generator_c.dir/rosidl_generator_c/carla_waypoint_types/srv/detail/get_waypoint__functions.c.o[0m
[3.132s] [ 19%] [32m[1mLinking C shared library libcarla_waypoint_types__rosidl_generator_c.so[0m
[3.300s] [ 19%] Built target carla_waypoint_types__rosidl_generator_c
[3.310s] [ 21%] [34m[1mGenerating C type support dispatch for ROS interfaces[0m
[3.310s] [ 23%] [34m[1mGenerating C introspection for ROS interfaces[0m
[3.313s] [ 25%] [34m[1mGenerating C type support for eProsima Fast-RTPS[0m
[3.331s] [ 27%] [32mBuilding CXX object CMakeFiles/carla_waypoint_types__rosidl_typesupport_cpp.dir/rosidl_typesupport_cpp/carla_waypoint_types/srv/get_waypoint__type_support.cpp.o[0m
[3.333s] [ 29%] [32mBuilding CXX object CMakeFiles/carla_waypoint_types__rosidl_typesupport_cpp.dir/rosidl_typesupport_cpp/carla_waypoint_types/msg/carla_waypoint__type_support.cpp.o[0m
[3.334s] [ 31%] [32mBuilding CXX object CMakeFiles/carla_waypoint_types__rosidl_typesupport_cpp.dir/rosidl_typesupport_cpp/carla_waypoint_types/srv/get_actor_waypoint__type_support.cpp.o[0m
[3.367s] [ 34%] [32mBuilding CXX object CMakeFiles/carla_waypoint_types__rosidl_typesupport_introspection_cpp.dir/rosidl_typesupport_introspection_cpp/carla_waypoint_types/srv/detail/get_actor_waypoint__type_support.cpp.o[0m
[3.372s] [ 36%] [32mBuilding CXX object CMakeFiles/carla_waypoint_types__rosidl_typesupport_introspection_cpp.dir/rosidl_typesupport_introspection_cpp/carla_waypoint_types/msg/detail/carla_waypoint__type_support.cpp.o[0m
[3.376s] [ 38%] [32mBuilding CXX object CMakeFiles/carla_waypoint_types__rosidl_typesupport_introspection_cpp.dir/rosidl_typesupport_introspection_cpp/carla_waypoint_types/srv/detail/get_waypoint__type_support.cpp.o[0m
[3.409s] [ 40%] [32mBuilding CXX object CMakeFiles/carla_waypoint_types__rosidl_typesupport_fastrtps_cpp.dir/rosidl_typesupport_fastrtps_cpp/carla_waypoint_types/msg/detail/dds_fastrtps/carla_waypoint__type_support.cpp.o[0m
[3.415s] [ 42%] [32mBuilding CXX object CMakeFiles/carla_waypoint_types__rosidl_typesupport_fastrtps_cpp.dir/rosidl_typesupport_fastrtps_cpp/carla_waypoint_types/srv/detail/dds_fastrtps/get_waypoint__type_support.cpp.o[0m
[3.416s] [ 44%] [32mBuilding CXX object CMakeFiles/carla_waypoint_types__rosidl_typesupport_fastrtps_cpp.dir/rosidl_typesupport_fastrtps_cpp/carla_waypoint_types/srv/detail/dds_fastrtps/get_actor_waypoint__type_support.cpp.o[0m
[3.694s] [ 46%] [32mBuilding CXX object CMakeFiles/carla_waypoint_types__rosidl_typesupport_c.dir/rosidl_typesupport_c/carla_waypoint_types/msg/carla_waypoint__type_support.cpp.o[0m
[3.785s] [ 48%] [32mBuilding CXX object CMakeFiles/carla_waypoint_types__rosidl_typesupport_c.dir/rosidl_typesupport_c/carla_waypoint_types/srv/get_waypoint__type_support.cpp.o[0m
[3.804s] [ 51%] [32mBuilding CXX object CMakeFiles/carla_waypoint_types__rosidl_typesupport_c.dir/rosidl_typesupport_c/carla_waypoint_types/srv/get_actor_waypoint__type_support.cpp.o[0m
[3.870s] [ 53%] [32m[1mLinking CXX shared library libcarla_waypoint_types__rosidl_typesupport_c.so[0m
[3.906s] [ 55%] [32mBuilding CXX object CMakeFiles/carla_waypoint_types__rosidl_typesupport_fastrtps_c.dir/rosidl_typesupport_fastrtps_c/carla_waypoint_types/msg/detail/carla_waypoint__type_support_c.cpp.o[0m
[3.910s] [ 57%] [32mBuilding CXX object CMakeFiles/carla_waypoint_types__rosidl_typesupport_fastrtps_c.dir/rosidl_typesupport_fastrtps_c/carla_waypoint_types/srv/detail/get_waypoint__type_support_c.cpp.o[0m
[3.911s] [ 59%] [32m[1mLinking CXX shared library libcarla_waypoint_types__rosidl_typesupport_cpp.so[0m
[3.923s] [ 61%] [32mBuilding CXX object CMakeFiles/carla_waypoint_types__rosidl_typesupport_fastrtps_c.dir/rosidl_typesupport_fastrtps_c/carla_waypoint_types/srv/detail/get_actor_waypoint__type_support_c.cpp.o[0m
[3.954s] [ 63%] [32mBuilding C object CMakeFiles/carla_waypoint_types__rosidl_typesupport_introspection_c.dir/rosidl_typesupport_introspection_c/carla_waypoint_types/msg/detail/carla_waypoint__type_support.c.o[0m
[4.024s] [ 65%] [32mBuilding C object CMakeFiles/carla_waypoint_types__rosidl_typesupport_introspection_c.dir/rosidl_typesupport_introspection_c/carla_waypoint_types/srv/detail/get_waypoint__type_support.c.o[0m
[4.032s] [ 68%] [32mBuilding C object CMakeFiles/carla_waypoint_types__rosidl_typesupport_introspection_c.dir/rosidl_typesupport_introspection_c/carla_waypoint_types/srv/detail/get_actor_waypoint__type_support.c.o[0m
[4.089s] [ 70%] [32m[1mLinking CXX shared library libcarla_waypoint_types__rosidl_typesupport_introspection_cpp.so[0m
[4.121s] [ 72%] [32m[1mLinking C shared library libcarla_waypoint_types__rosidl_typesupport_introspection_c.so[0m
[4.261s] [ 74%] [32m[1mLinking CXX shared library libcarla_waypoint_types__rosidl_typesupport_fastrtps_cpp.so[0m
[4.440s] [ 74%] Built target carla_waypoint_types__rosidl_typesupport_c
[4.444s] [ 76%] [32m[1mLinking CXX shared library libcarla_waypoint_types__rosidl_typesupport_fastrtps_c.so[0m
[4.470s] [ 76%] Built target carla_waypoint_types__rosidl_typesupport_cpp
[4.511s] [ 76%] Built target carla_waypoint_types__rosidl_typesupport_introspection_c
[4.531s] [ 76%] Built target carla_waypoint_types__rosidl_typesupport_introspection_cpp
[4.552s] [ 76%] Built target carla_waypoint_types__rosidl_typesupport_fastrtps_cpp
[4.755s] [ 76%] Built target carla_waypoint_types__rosidl_typesupport_fastrtps_c
[4.781s] [ 76%] Built target carla_waypoint_types
[4.807s] [ 78%] [34m[1mGenerating Python code for ROS interfaces[0m
[5.279s] [ 78%] Built target carla_waypoint_types__py
[5.294s] [ 80%] [32mBuilding C object CMakeFiles/carla_waypoint_types__rosidl_generator_py.dir/rosidl_generator_py/carla_waypoint_types/msg/_carla_waypoint_s.c.o[0m
[5.295s] [ 82%] [32mBuilding C object CMakeFiles/carla_waypoint_types__rosidl_generator_py.dir/rosidl_generator_py/carla_waypoint_types/srv/_get_actor_waypoint_s.c.o[0m
[5.295s] [ 85%] [32mBuilding C object CMakeFiles/carla_waypoint_types__rosidl_generator_py.dir/rosidl_generator_py/carla_waypoint_types/srv/_get_waypoint_s.c.o[0m
[5.422s] [ 87%] [32m[1mLinking C shared library rosidl_generator_py/carla_waypoint_types/libcarla_waypoint_types__rosidl_generator_py.so[0m
[5.557s] [ 87%] Built target carla_waypoint_types__rosidl_generator_py
[5.576s] [ 89%] [32mBuilding C object CMakeFiles/carla_waypoint_types__rosidl_typesupport_fastrtps_c__pyext.dir/rosidl_generator_py/carla_waypoint_types/_carla_waypoint_types_s.ep.rosidl_typesupport_fastrtps_c.c.o[0m
[5.577s] [ 91%] [32mBuilding C object CMakeFiles/carla_waypoint_types__rosidl_typesupport_introspection_c__pyext.dir/rosidl_generator_py/carla_waypoint_types/_carla_waypoint_types_s.ep.rosidl_typesupport_introspection_c.c.o[0m
[5.586s] [ 93%] [32mBuilding C object CMakeFiles/carla_waypoint_types__rosidl_typesupport_c__pyext.dir/rosidl_generator_py/carla_waypoint_types/_carla_waypoint_types_s.ep.rosidl_typesupport_c.c.o[0m
[5.669s] [ 95%] [32m[1mLinking C shared library rosidl_generator_py/carla_waypoint_types/carla_waypoint_types_s__rosidl_typesupport_fastrtps_c.cpython-310-x86_64-linux-gnu.so[0m
[5.671s] [ 97%] [32m[1mLinking C shared library rosidl_generator_py/carla_waypoint_types/carla_waypoint_types_s__rosidl_typesupport_introspection_c.cpython-310-x86_64-linux-gnu.so[0m
[5.689s] [100%] [32m[1mLinking C shared library rosidl_generator_py/carla_waypoint_types/carla_waypoint_types_s__rosidl_typesupport_c.cpython-310-x86_64-linux-gnu.so[0m
[5.989s] [100%] Built target carla_waypoint_types__rosidl_typesupport_fastrtps_c__pyext
[6.039s] [100%] Built target carla_waypoint_types__rosidl_typesupport_c__pyext
[6.039s] [100%] Built target carla_waypoint_types__rosidl_typesupport_introspection_c__pyext
[6.059s] Invoked command in '/home/fireowl/fireowl_ws/fireowl_sim_drive/build/carla_waypoint_types' returned '0': CMAKE_PREFIX_PATH=/opt/ros/humble /usr/bin/cmake --build /home/fireowl/fireowl_ws/fireowl_sim_drive/build/carla_waypoint_types -- -j12 -l12
[6.065s] Invoking command in '/home/fireowl/fireowl_ws/fireowl_sim_drive/build/carla_waypoint_types': CMAKE_PREFIX_PATH=/opt/ros/humble /usr/bin/cmake --install /home/fireowl/fireowl_ws/fireowl_sim_drive/build/carla_waypoint_types
[6.081s] -- Install configuration: ""
[6.082s] -- Execute custom install script
[6.088s] -- Symlinking: /home/fireowl/fireowl_ws/fireowl_sim_drive/install/carla_waypoint_types/share/ament_index/resource_index/rosidl_interfaces/carla_waypoint_types
[6.110s] -- Symlinking: /home/fireowl/fireowl_ws/fireowl_sim_drive/install/carla_waypoint_types/include/carla_waypoint_types/carla_waypoint_types/msg/carla_waypoint.h
[6.110s] -- Symlinking: /home/fireowl/fireowl_ws/fireowl_sim_drive/install/carla_waypoint_types/include/carla_waypoint_types/carla_waypoint_types/msg/detail/carla_waypoint__functions.h
[6.118s] -- Symlinking: /home/fireowl/fireowl_ws/fireowl_sim_drive/install/carla_waypoint_types/include/carla_waypoint_types/carla_waypoint_types/msg/detail/carla_waypoint__struct.h
[6.120s] -- Symlinking: /home/fireowl/fireowl_ws/fireowl_sim_drive/install/carla_waypoint_types/include/carla_waypoint_types/carla_waypoint_types/msg/detail/carla_waypoint__type_support.h
[6.127s] -- Symlinking: /home/fireowl/fireowl_ws/fireowl_sim_drive/install/carla_waypoint_types/include/carla_waypoint_types/carla_waypoint_types/msg/rosidl_generator_c__visibility_control.h
[6.146s] -- Symlinking: /home/fireowl/fireowl_ws/fireowl_sim_drive/install/carla_waypoint_types/include/carla_waypoint_types/carla_waypoint_types/srv/detail/get_actor_waypoint__functions.h
[6.156s] -- Symlinking: /home/fireowl/fireowl_ws/fireowl_sim_drive/install/carla_waypoint_types/include/carla_waypoint_types/carla_waypoint_types/srv/detail/get_actor_waypoint__struct.h
[6.163s] -- Symlinking: /home/fireowl/fireowl_ws/fireowl_sim_drive/install/carla_waypoint_types/include/carla_waypoint_types/carla_waypoint_types/srv/detail/get_actor_waypoint__type_support.h
[6.172s] -- Symlinking: /home/fireowl/fireowl_ws/fireowl_sim_drive/install/carla_waypoint_types/include/carla_waypoint_types/carla_waypoint_types/srv/detail/get_waypoint__functions.h
[6.179s] -- Symlinking: /home/fireowl/fireowl_ws/fireowl_sim_drive/install/carla_waypoint_types/include/carla_waypoint_types/carla_waypoint_types/srv/detail/get_waypoint__struct.h
[6.188s] -- Symlinking: /home/fireowl/fireowl_ws/fireowl_sim_drive/install/carla_waypoint_types/include/carla_waypoint_types/carla_waypoint_types/srv/detail/get_waypoint__type_support.h
[6.200s] -- Symlinking: /home/fireowl/fireowl_ws/fireowl_sim_drive/install/carla_waypoint_types/include/carla_waypoint_types/carla_waypoint_types/srv/get_actor_waypoint.h
[6.207s] -- Symlinking: /home/fireowl/fireowl_ws/fireowl_sim_drive/install/carla_waypoint_types/include/carla_waypoint_types/carla_waypoint_types/srv/get_waypoint.h
[6.219s] -- Symlinking: /home/fireowl/fireowl_ws/fireowl_sim_drive/install/carla_waypoint_types/share/carla_waypoint_types/environment/library_path.sh
[6.230s] -- Symlinking: /home/fireowl/fireowl_ws/fireowl_sim_drive/install/carla_waypoint_types/share/carla_waypoint_types/environment/library_path.dsv
[6.234s] -- Symlinking: /home/fireowl/fireowl_ws/fireowl_sim_drive/install/carla_waypoint_types/include/carla_waypoint_types/carla_waypoint_types/msg/detail/carla_waypoint__rosidl_typesupport_fastrtps_c.h
[6.240s] -- Symlinking: /home/fireowl/fireowl_ws/fireowl_sim_drive/install/carla_waypoint_types/include/carla_waypoint_types/carla_waypoint_types/msg/rosidl_typesupport_fastrtps_c__visibility_control.h
[6.246s] -- Symlinking: /home/fireowl/fireowl_ws/fireowl_sim_drive/install/carla_waypoint_types/include/carla_waypoint_types/carla_waypoint_types/srv/detail/get_actor_waypoint__rosidl_typesupport_fastrtps_c.h
[6.260s] -- Symlinking: /home/fireowl/fireowl_ws/fireowl_sim_drive/install/carla_waypoint_types/include/carla_waypoint_types/carla_waypoint_types/srv/detail/get_waypoint__rosidl_typesupport_fastrtps_c.h
[6.269s] -- Symlinking: /home/fireowl/fireowl_ws/fireowl_sim_drive/install/carla_waypoint_types/include/carla_waypoint_types/carla_waypoint_types/msg/carla_waypoint.hpp
[6.281s] -- Symlinking: /home/fireowl/fireowl_ws/fireowl_sim_drive/install/carla_waypoint_types/include/carla_waypoint_types/carla_waypoint_types/msg/detail/carla_waypoint__builder.hpp
[6.293s] -- Symlinking: /home/fireowl/fireowl_ws/fireowl_sim_drive/install/carla_waypoint_types/include/carla_waypoint_types/carla_waypoint_types/msg/detail/carla_waypoint__struct.hpp
[6.304s] -- Symlinking: /home/fireowl/fireowl_ws/fireowl_sim_drive/install/carla_waypoint_types/include/carla_waypoint_types/carla_waypoint_types/msg/detail/carla_waypoint__traits.hpp
[6.318s] -- Symlinking: /home/fireowl/fireowl_ws/fireowl_sim_drive/install/carla_waypoint_types/include/carla_waypoint_types/carla_waypoint_types/msg/detail/carla_waypoint__type_support.hpp
[6.333s] -- Symlinking: /home/fireowl/fireowl_ws/fireowl_sim_drive/install/carla_waypoint_types/include/carla_waypoint_types/carla_waypoint_types/msg/rosidl_generator_cpp__visibility_control.hpp
[6.344s] -- Symlinking: /home/fireowl/fireowl_ws/fireowl_sim_drive/install/carla_waypoint_types/include/carla_waypoint_types/carla_waypoint_types/srv/detail/get_actor_waypoint__builder.hpp
[6.362s] -- Symlinking: /home/fireowl/fireowl_ws/fireowl_sim_drive/install/carla_waypoint_types/include/carla_waypoint_types/carla_waypoint_types/srv/detail/get_actor_waypoint__struct.hpp
[6.378s] -- Symlinking: /home/fireowl/fireowl_ws/fireowl_sim_drive/install/carla_waypoint_types/include/carla_waypoint_types/carla_waypoint_types/srv/detail/get_actor_waypoint__traits.hpp
[6.385s] -- Symlinking: /home/fireowl/fireowl_ws/fireowl_sim_drive/install/carla_waypoint_types/include/carla_waypoint_types/carla_waypoint_types/srv/detail/get_actor_waypoint__type_support.hpp
[6.396s] -- Symlinking: /home/fireowl/fireowl_ws/fireowl_sim_drive/install/carla_waypoint_types/include/carla_waypoint_types/carla_waypoint_types/srv/detail/get_waypoint__builder.hpp
[6.405s] -- Symlinking: /home/fireowl/fireowl_ws/fireowl_sim_drive/install/carla_waypoint_types/include/carla_waypoint_types/carla_waypoint_types/srv/detail/get_waypoint__struct.hpp
[6.412s] -- Symlinking: /home/fireowl/fireowl_ws/fireowl_sim_drive/install/carla_waypoint_types/include/carla_waypoint_types/carla_waypoint_types/srv/detail/get_waypoint__traits.hpp
[6.422s] -- Symlinking: /home/fireowl/fireowl_ws/fireowl_sim_drive/install/carla_waypoint_types/include/carla_waypoint_types/carla_waypoint_types/srv/detail/get_waypoint__type_support.hpp
[6.437s] -- Symlinking: /home/fireowl/fireowl_ws/fireowl_sim_drive/install/carla_waypoint_types/include/carla_waypoint_types/carla_waypoint_types/srv/get_actor_waypoint.hpp
[6.451s] -- Symlinking: /home/fireowl/fireowl_ws/fireowl_sim_drive/install/carla_waypoint_types/include/carla_waypoint_types/carla_waypoint_types/srv/get_waypoint.hpp
[6.466s] -- Symlinking: /home/fireowl/fireowl_ws/fireowl_sim_drive/install/carla_waypoint_types/include/carla_waypoint_types/carla_waypoint_types/msg/detail/carla_waypoint__rosidl_typesupport_fastrtps_cpp.hpp
[6.478s] -- Symlinking: /home/fireowl/fireowl_ws/fireowl_sim_drive/install/carla_waypoint_types/include/carla_waypoint_types/carla_waypoint_types/msg/rosidl_typesupport_fastrtps_cpp__visibility_control.h
[6.494s] -- Symlinking: /home/fireowl/fireowl_ws/fireowl_sim_drive/install/carla_waypoint_types/include/carla_waypoint_types/carla_waypoint_types/srv/detail/get_actor_waypoint__rosidl_typesupport_fastrtps_cpp.hpp
[6.506s] -- Symlinking: /home/fireowl/fireowl_ws/fireowl_sim_drive/install/carla_waypoint_types/include/carla_waypoint_types/carla_waypoint_types/srv/detail/get_waypoint__rosidl_typesupport_fastrtps_cpp.hpp
[6.515s] -- Symlinking: /home/fireowl/fireowl_ws/fireowl_sim_drive/install/carla_waypoint_types/include/carla_waypoint_types/carla_waypoint_types/msg/detail/carla_waypoint__rosidl_typesupport_introspection_c.h
[6.525s] -- Symlinking: /home/fireowl/fireowl_ws/fireowl_sim_drive/install/carla_waypoint_types/include/carla_waypoint_types/carla_waypoint_types/msg/rosidl_typesupport_introspection_c__visibility_control.h
[6.533s] -- Symlinking: /home/fireowl/fireowl_ws/fireowl_sim_drive/install/carla_waypoint_types/include/carla_waypoint_types/carla_waypoint_types/srv/detail/get_actor_waypoint__rosidl_typesupport_introspection_c.h
[6.543s] -- Symlinking: /home/fireowl/fireowl_ws/fireowl_sim_drive/install/carla_waypoint_types/include/carla_waypoint_types/carla_waypoint_types/srv/detail/get_waypoint__rosidl_typesupport_introspection_c.h
[6.550s] -- Symlinking: /home/fireowl/fireowl_ws/fireowl_sim_drive/install/carla_waypoint_types/include/carla_waypoint_types/carla_waypoint_types/msg/detail/carla_waypoint__rosidl_typesupport_introspection_cpp.hpp
[6.558s] -- Symlinking: /home/fireowl/fireowl_ws/fireowl_sim_drive/install/carla_waypoint_types/include/carla_waypoint_types/carla_waypoint_types/srv/detail/get_actor_waypoint__rosidl_typesupport_introspection_cpp.hpp
[6.569s] -- Symlinking: /home/fireowl/fireowl_ws/fireowl_sim_drive/install/carla_waypoint_types/include/carla_waypoint_types/carla_waypoint_types/srv/detail/get_waypoint__rosidl_typesupport_introspection_cpp.hpp
[6.580s] -- Symlinking: /home/fireowl/fireowl_ws/fireowl_sim_drive/install/carla_waypoint_types/share/carla_waypoint_types/environment/pythonpath.sh
[6.591s] -- Symlinking: /home/fireowl/fireowl_ws/fireowl_sim_drive/install/carla_waypoint_types/share/carla_waypoint_types/environment/pythonpath.dsv
[6.614s] -- Symlinking: /home/fireowl/fireowl_ws/fireowl_sim_drive/install/carla_waypoint_types/local/lib/python3.10/dist-packages/carla_waypoint_types-0.1.0-py3.10.egg-info/PKG-INFO
[6.638s] -- Symlinking: /home/fireowl/fireowl_ws/fireowl_sim_drive/install/carla_waypoint_types/local/lib/python3.10/dist-packages/carla_waypoint_types-0.1.0-py3.10.egg-info/SOURCES.txt
[6.658s] -- Symlinking: /home/fireowl/fireowl_ws/fireowl_sim_drive/install/carla_waypoint_types/local/lib/python3.10/dist-packages/carla_waypoint_types-0.1.0-py3.10.egg-info/dependency_links.txt
[6.666s] -- Symlinking: /home/fireowl/fireowl_ws/fireowl_sim_drive/install/carla_waypoint_types/local/lib/python3.10/dist-packages/carla_waypoint_types-0.1.0-py3.10.egg-info/top_level.txt
[6.673s] -- Symlinking: /home/fireowl/fireowl_ws/fireowl_sim_drive/install/carla_waypoint_types/local/lib/python3.10/dist-packages/carla_waypoint_types/__init__.py
[6.681s] -- Symlinking: /home/fireowl/fireowl_ws/fireowl_sim_drive/install/carla_waypoint_types/local/lib/python3.10/dist-packages/carla_waypoint_types/_carla_waypoint_types_s.ep.rosidl_typesupport_c.c
[6.693s] -- Symlinking: /home/fireowl/fireowl_ws/fireowl_sim_drive/install/carla_waypoint_types/local/lib/python3.10/dist-packages/carla_waypoint_types/_carla_waypoint_types_s.ep.rosidl_typesupport_fastrtps_c.c
[6.712s] -- Symlinking: /home/fireowl/fireowl_ws/fireowl_sim_drive/install/carla_waypoint_types/local/lib/python3.10/dist-packages/carla_waypoint_types/_carla_waypoint_types_s.ep.rosidl_typesupport_introspection_c.c
[6.715s] -- Symlinking: /home/fireowl/fireowl_ws/fireowl_sim_drive/install/carla_waypoint_types/local/lib/python3.10/dist-packages/carla_waypoint_types/carla_waypoint_types_s__rosidl_typesupport_c.cpython-310-x86_64-linux-gnu.so
[6.732s] -- Symlinking: /home/fireowl/fireowl_ws/fireowl_sim_drive/install/carla_waypoint_types/local/lib/python3.10/dist-packages/carla_waypoint_types/carla_waypoint_types_s__rosidl_typesupport_fastrtps_c.cpython-310-x86_64-linux-gnu.so
[6.748s] -- Symlinking: /home/fireowl/fireowl_ws/fireowl_sim_drive/install/carla_waypoint_types/local/lib/python3.10/dist-packages/carla_waypoint_types/carla_waypoint_types_s__rosidl_typesupport_introspection_c.cpython-310-x86_64-linux-gnu.so
[6.758s] -- Symlinking: /home/fireowl/fireowl_ws/fireowl_sim_drive/install/carla_waypoint_types/local/lib/python3.10/dist-packages/carla_waypoint_types/libcarla_waypoint_types__rosidl_generator_py.so
[6.767s] -- Symlinking: /home/fireowl/fireowl_ws/fireowl_sim_drive/install/carla_waypoint_types/local/lib/python3.10/dist-packages/carla_waypoint_types/msg/__init__.py
[6.772s] -- Symlinking: /home/fireowl/fireowl_ws/fireowl_sim_drive/install/carla_waypoint_types/local/lib/python3.10/dist-packages/carla_waypoint_types/msg/_carla_waypoint.py
[6.780s] -- Symlinking: /home/fireowl/fireowl_ws/fireowl_sim_drive/install/carla_waypoint_types/local/lib/python3.10/dist-packages/carla_waypoint_types/msg/_carla_waypoint_s.c
[6.790s] -- Symlinking: /home/fireowl/fireowl_ws/fireowl_sim_drive/install/carla_waypoint_types/local/lib/python3.10/dist-packages/carla_waypoint_types/srv/__init__.py
[6.800s] -- Symlinking: /home/fireowl/fireowl_ws/fireowl_sim_drive/install/carla_waypoint_types/local/lib/python3.10/dist-packages/carla_waypoint_types/srv/_get_actor_waypoint.py
[6.818s] -- Symlinking: /home/fireowl/fireowl_ws/fireowl_sim_drive/install/carla_waypoint_types/local/lib/python3.10/dist-packages/carla_waypoint_types/srv/_get_actor_waypoint_s.c
[6.826s] -- Symlinking: /home/fireowl/fireowl_ws/fireowl_sim_drive/install/carla_waypoint_types/local/lib/python3.10/dist-packages/carla_waypoint_types/srv/_get_waypoint.py
[6.836s] -- Symlinking: /home/fireowl/fireowl_ws/fireowl_sim_drive/install/carla_waypoint_types/local/lib/python3.10/dist-packages/carla_waypoint_types/srv/_get_waypoint_s.c
[6.843s] -- Up-to-date symlink: /home/fireowl/fireowl_ws/fireowl_sim_drive/install/carla_waypoint_types/local/lib/python3.10/dist-packages/carla_waypoint_types/carla_waypoint_types_s__rosidl_typesupport_fastrtps_c.cpython-310-x86_64-linux-gnu.so
[6.843s] -- Up-to-date symlink: /home/fireowl/fireowl_ws/fireowl_sim_drive/install/carla_waypoint_types/local/lib/python3.10/dist-packages/carla_waypoint_types/carla_waypoint_types_s__rosidl_typesupport_introspection_c.cpython-310-x86_64-linux-gnu.so
[6.843s] -- Up-to-date symlink: /home/fireowl/fireowl_ws/fireowl_sim_drive/install/carla_waypoint_types/local/lib/python3.10/dist-packages/carla_waypoint_types/carla_waypoint_types_s__rosidl_typesupport_c.cpython-310-x86_64-linux-gnu.so
[6.843s] -- Symlinking: /home/fireowl/fireowl_ws/fireowl_sim_drive/install/carla_waypoint_types/share/carla_waypoint_types/msg/CarlaWaypoint.idl
[6.850s] -- Symlinking: /home/fireowl/fireowl_ws/fireowl_sim_drive/install/carla_waypoint_types/share/carla_waypoint_types/srv/GetWaypoint.idl
[6.862s] -- Symlinking: /home/fireowl/fireowl_ws/fireowl_sim_drive/install/carla_waypoint_types/share/carla_waypoint_types/srv/GetActorWaypoint.idl
[6.880s] -- Symlinking: /home/fireowl/fireowl_ws/fireowl_sim_drive/install/carla_waypoint_types/share/carla_waypoint_types/msg/CarlaWaypoint.msg
[6.897s] -- Symlinking: /home/fireowl/fireowl_ws/fireowl_sim_drive/install/carla_waypoint_types/share/carla_waypoint_types/srv/GetWaypoint.srv
[6.908s] -- Symlinking: /home/fireowl/fireowl_ws/fireowl_sim_drive/install/carla_waypoint_types/share/carla_waypoint_types/srv/GetWaypoint_Request.msg
[6.916s] -- Symlinking: /home/fireowl/fireowl_ws/fireowl_sim_drive/install/carla_waypoint_types/share/carla_waypoint_types/srv/GetWaypoint_Response.msg
[6.925s] -- Symlinking: /home/fireowl/fireowl_ws/fireowl_sim_drive/install/carla_waypoint_types/share/carla_waypoint_types/srv/GetActorWaypoint.srv
[6.932s] -- Symlinking: /home/fireowl/fireowl_ws/fireowl_sim_drive/install/carla_waypoint_types/share/carla_waypoint_types/srv/GetActorWaypoint_Request.msg
[6.945s] -- Symlinking: /home/fireowl/fireowl_ws/fireowl_sim_drive/install/carla_waypoint_types/share/carla_waypoint_types/srv/GetActorWaypoint_Response.msg
[6.953s] -- Symlinking: /home/fireowl/fireowl_ws/fireowl_sim_drive/install/carla_waypoint_types/share/ament_index/resource_index/package_run_dependencies/carla_waypoint_types
[6.966s] -- Symlinking: /home/fireowl/fireowl_ws/fireowl_sim_drive/install/carla_waypoint_types/share/ament_index/resource_index/parent_prefix_path/carla_waypoint_types
[6.984s] -- Symlinking: /home/fireowl/fireowl_ws/fireowl_sim_drive/install/carla_waypoint_types/share/carla_waypoint_types/environment/ament_prefix_path.sh
[6.992s] -- Symlinking: /home/fireowl/fireowl_ws/fireowl_sim_drive/install/carla_waypoint_types/share/carla_waypoint_types/environment/ament_prefix_path.dsv
[7.004s] -- Symlinking: /home/fireowl/fireowl_ws/fireowl_sim_drive/install/carla_waypoint_types/share/carla_waypoint_types/environment/path.sh
[7.019s] -- Symlinking: /home/fireowl/fireowl_ws/fireowl_sim_drive/install/carla_waypoint_types/share/carla_waypoint_types/environment/path.dsv
[7.034s] -- Symlinking: /home/fireowl/fireowl_ws/fireowl_sim_drive/install/carla_waypoint_types/share/carla_waypoint_types/local_setup.bash
[7.045s] -- Symlinking: /home/fireowl/fireowl_ws/fireowl_sim_drive/install/carla_waypoint_types/share/carla_waypoint_types/local_setup.sh
[7.049s] -- Symlinking: /home/fireowl/fireowl_ws/fireowl_sim_drive/install/carla_waypoint_types/share/carla_waypoint_types/local_setup.zsh
[7.068s] -- Symlinking: /home/fireowl/fireowl_ws/fireowl_sim_drive/install/carla_waypoint_types/share/carla_waypoint_types/local_setup.dsv
[7.075s] -- Symlinking: /home/fireowl/fireowl_ws/fireowl_sim_drive/install/carla_waypoint_types/share/carla_waypoint_types/package.dsv
[7.083s] -- Symlinking: /home/fireowl/fireowl_ws/fireowl_sim_drive/install/carla_waypoint_types/share/ament_index/resource_index/packages/carla_waypoint_types
[7.092s] -- Symlinking: /home/fireowl/fireowl_ws/fireowl_sim_drive/install/carla_waypoint_types/share/carla_waypoint_types/cmake/rosidl_cmake-extras.cmake
[7.099s] -- Symlinking: /home/fireowl/fireowl_ws/fireowl_sim_drive/install/carla_waypoint_types/share/carla_waypoint_types/cmake/ament_cmake_export_dependencies-extras.cmake
[7.109s] -- Symlinking: /home/fireowl/fireowl_ws/fireowl_sim_drive/install/carla_waypoint_types/share/carla_waypoint_types/cmake/ament_cmake_export_include_directories-extras.cmake
[7.119s] -- Symlinking: /home/fireowl/fireowl_ws/fireowl_sim_drive/install/carla_waypoint_types/share/carla_waypoint_types/cmake/ament_cmake_export_libraries-extras.cmake
[7.128s] -- Symlinking: /home/fireowl/fireowl_ws/fireowl_sim_drive/install/carla_waypoint_types/share/carla_waypoint_types/cmake/ament_cmake_export_targets-extras.cmake
[7.136s] -- Symlinking: /home/fireowl/fireowl_ws/fireowl_sim_drive/install/carla_waypoint_types/share/carla_waypoint_types/cmake/rosidl_cmake_export_typesupport_targets-extras.cmake
[7.149s] -- Symlinking: /home/fireowl/fireowl_ws/fireowl_sim_drive/install/carla_waypoint_types/share/carla_waypoint_types/cmake/rosidl_cmake_export_typesupport_libraries-extras.cmake
[7.161s] -- Symlinking: /home/fireowl/fireowl_ws/fireowl_sim_drive/install/carla_waypoint_types/share/carla_waypoint_types/cmake/carla_waypoint_typesConfig.cmake
[7.169s] -- Symlinking: /home/fireowl/fireowl_ws/fireowl_sim_drive/install/carla_waypoint_types/share/carla_waypoint_types/cmake/carla_waypoint_typesConfig-version.cmake
[7.185s] -- Symlinking: /home/fireowl/fireowl_ws/fireowl_sim_drive/install/carla_waypoint_types/share/carla_waypoint_types/package.xml
[7.192s] -- Installing: /home/fireowl/fireowl_ws/fireowl_sim_drive/install/carla_waypoint_types/lib/libcarla_waypoint_types__rosidl_generator_c.so
[7.193s] -- Set runtime path of "/home/fireowl/fireowl_ws/fireowl_sim_drive/install/carla_waypoint_types/lib/libcarla_waypoint_types__rosidl_generator_c.so" to ""
[7.193s] -- Installing: /home/fireowl/fireowl_ws/fireowl_sim_drive/install/carla_waypoint_types/lib/libcarla_waypoint_types__rosidl_typesupport_fastrtps_c.so
[7.193s] -- Set runtime path of "/home/fireowl/fireowl_ws/fireowl_sim_drive/install/carla_waypoint_types/lib/libcarla_waypoint_types__rosidl_typesupport_fastrtps_c.so" to ""
[7.193s] -- Installing: /home/fireowl/fireowl_ws/fireowl_sim_drive/install/carla_waypoint_types/lib/libcarla_waypoint_types__rosidl_typesupport_fastrtps_cpp.so
[7.194s] -- Set runtime path of "/home/fireowl/fireowl_ws/fireowl_sim_drive/install/carla_waypoint_types/lib/libcarla_waypoint_types__rosidl_typesupport_fastrtps_cpp.so" to ""
[7.194s] -- Installing: /home/fireowl/fireowl_ws/fireowl_sim_drive/install/carla_waypoint_types/lib/libcarla_waypoint_types__rosidl_typesupport_introspection_c.so
[7.194s] -- Set runtime path of "/home/fireowl/fireowl_ws/fireowl_sim_drive/install/carla_waypoint_types/lib/libcarla_waypoint_types__rosidl_typesupport_introspection_c.so" to ""
[7.194s] -- Installing: /home/fireowl/fireowl_ws/fireowl_sim_drive/install/carla_waypoint_types/lib/libcarla_waypoint_types__rosidl_typesupport_c.so
[7.196s] -- Set runtime path of "/home/fireowl/fireowl_ws/fireowl_sim_drive/install/carla_waypoint_types/lib/libcarla_waypoint_types__rosidl_typesupport_c.so" to ""
[7.196s] -- Installing: /home/fireowl/fireowl_ws/fireowl_sim_drive/install/carla_waypoint_types/lib/libcarla_waypoint_types__rosidl_typesupport_introspection_cpp.so
[7.196s] -- Set runtime path of "/home/fireowl/fireowl_ws/fireowl_sim_drive/install/carla_waypoint_types/lib/libcarla_waypoint_types__rosidl_typesupport_introspection_cpp.so" to ""
[7.196s] -- Installing: /home/fireowl/fireowl_ws/fireowl_sim_drive/install/carla_waypoint_types/lib/libcarla_waypoint_types__rosidl_typesupport_cpp.so
[7.196s] -- Set runtime path of "/home/fireowl/fireowl_ws/fireowl_sim_drive/install/carla_waypoint_types/lib/libcarla_waypoint_types__rosidl_typesupport_cpp.so" to ""
[7.242s] Listing '/home/fireowl/fireowl_ws/fireowl_sim_drive/install/carla_waypoint_types/local/lib/python3.10/dist-packages/carla_waypoint_types'...
[7.242s] Compiling '/home/fireowl/fireowl_ws/fireowl_sim_drive/install/carla_waypoint_types/local/lib/python3.10/dist-packages/carla_waypoint_types/__init__.py'...
[7.242s] Listing '/home/fireowl/fireowl_ws/fireowl_sim_drive/install/carla_waypoint_types/local/lib/python3.10/dist-packages/carla_waypoint_types/msg'...
[7.242s] Compiling '/home/fireowl/fireowl_ws/fireowl_sim_drive/install/carla_waypoint_types/local/lib/python3.10/dist-packages/carla_waypoint_types/msg/__init__.py'...
[7.242s] Compiling '/home/fireowl/fireowl_ws/fireowl_sim_drive/install/carla_waypoint_types/local/lib/python3.10/dist-packages/carla_waypoint_types/msg/_carla_waypoint.py'...
[7.242s] Listing '/home/fireowl/fireowl_ws/fireowl_sim_drive/install/carla_waypoint_types/local/lib/python3.10/dist-packages/carla_waypoint_types/srv'...
[7.242s] Compiling '/home/fireowl/fireowl_ws/fireowl_sim_drive/install/carla_waypoint_types/local/lib/python3.10/dist-packages/carla_waypoint_types/srv/__init__.py'...
[7.242s] Compiling '/home/fireowl/fireowl_ws/fireowl_sim_drive/install/carla_waypoint_types/local/lib/python3.10/dist-packages/carla_waypoint_types/srv/_get_actor_waypoint.py'...
[7.242s] Compiling '/home/fireowl/fireowl_ws/fireowl_sim_drive/install/carla_waypoint_types/local/lib/python3.10/dist-packages/carla_waypoint_types/srv/_get_waypoint.py'...
[7.249s] -- Installing: /home/fireowl/fireowl_ws/fireowl_sim_drive/install/carla_waypoint_types/lib/libcarla_waypoint_types__rosidl_generator_py.so
[7.249s] -- Set runtime path of "/home/fireowl/fireowl_ws/fireowl_sim_drive/install/carla_waypoint_types/lib/libcarla_waypoint_types__rosidl_generator_py.so" to ""
[7.249s] -- Installing: /home/fireowl/fireowl_ws/fireowl_sim_drive/install/carla_waypoint_types/share/carla_waypoint_types/cmake/export_carla_waypoint_types__rosidl_generator_cExport.cmake
[7.249s] -- Installing: /home/fireowl/fireowl_ws/fireowl_sim_drive/install/carla_waypoint_types/share/carla_waypoint_types/cmake/export_carla_waypoint_types__rosidl_generator_cExport-noconfig.cmake
[7.249s] -- Installing: /home/fireowl/fireowl_ws/fireowl_sim_drive/install/carla_waypoint_types/share/carla_waypoint_types/cmake/export_carla_waypoint_types__rosidl_typesupport_fastrtps_cExport.cmake
[7.254s] -- Installing: /home/fireowl/fireowl_ws/fireowl_sim_drive/install/carla_waypoint_types/share/carla_waypoint_types/cmake/export_carla_waypoint_types__rosidl_typesupport_fastrtps_cExport-noconfig.cmake
[7.254s] -- Installing: /home/fireowl/fireowl_ws/fireowl_sim_drive/install/carla_waypoint_types/share/carla_waypoint_types/cmake/export_carla_waypoint_types__rosidl_generator_cppExport.cmake
[7.254s] -- Installing: /home/fireowl/fireowl_ws/fireowl_sim_drive/install/carla_waypoint_types/share/carla_waypoint_types/cmake/export_carla_waypoint_types__rosidl_typesupport_fastrtps_cppExport.cmake
[7.254s] -- Installing: /home/fireowl/fireowl_ws/fireowl_sim_drive/install/carla_waypoint_types/share/carla_waypoint_types/cmake/export_carla_waypoint_types__rosidl_typesupport_fastrtps_cppExport-noconfig.cmake
[7.254s] -- Installing: /home/fireowl/fireowl_ws/fireowl_sim_drive/install/carla_waypoint_types/share/carla_waypoint_types/cmake/carla_waypoint_types__rosidl_typesupport_introspection_cExport.cmake
[7.254s] -- Installing: /home/fireowl/fireowl_ws/fireowl_sim_drive/install/carla_waypoint_types/share/carla_waypoint_types/cmake/carla_waypoint_types__rosidl_typesupport_introspection_cExport-noconfig.cmake
[7.254s] -- Installing: /home/fireowl/fireowl_ws/fireowl_sim_drive/install/carla_waypoint_types/share/carla_waypoint_types/cmake/carla_waypoint_types__rosidl_typesupport_cExport.cmake
[7.254s] -- Installing: /home/fireowl/fireowl_ws/fireowl_sim_drive/install/carla_waypoint_types/share/carla_waypoint_types/cmake/carla_waypoint_types__rosidl_typesupport_cExport-noconfig.cmake
[7.254s] -- Installing: /home/fireowl/fireowl_ws/fireowl_sim_drive/install/carla_waypoint_types/share/carla_waypoint_types/cmake/carla_waypoint_types__rosidl_typesupport_introspection_cppExport.cmake
[7.254s] -- Installing: /home/fireowl/fireowl_ws/fireowl_sim_drive/install/carla_waypoint_types/share/carla_waypoint_types/cmake/carla_waypoint_types__rosidl_typesupport_introspection_cppExport-noconfig.cmake
[7.254s] -- Installing: /home/fireowl/fireowl_ws/fireowl_sim_drive/install/carla_waypoint_types/share/carla_waypoint_types/cmake/carla_waypoint_types__rosidl_typesupport_cppExport.cmake
[7.254s] -- Installing: /home/fireowl/fireowl_ws/fireowl_sim_drive/install/carla_waypoint_types/share/carla_waypoint_types/cmake/carla_waypoint_types__rosidl_typesupport_cppExport-noconfig.cmake
[7.254s] -- Installing: /home/fireowl/fireowl_ws/fireowl_sim_drive/install/carla_waypoint_types/share/carla_waypoint_types/cmake/export_carla_waypoint_types__rosidl_generator_pyExport.cmake
[7.254s] -- Installing: /home/fireowl/fireowl_ws/fireowl_sim_drive/install/carla_waypoint_types/share/carla_waypoint_types/cmake/export_carla_waypoint_types__rosidl_generator_pyExport-noconfig.cmake
[7.258s] Invoked command in '/home/fireowl/fireowl_ws/fireowl_sim_drive/build/carla_waypoint_types' returned '0': CMAKE_PREFIX_PATH=/opt/ros/humble /usr/bin/cmake --install /home/fireowl/fireowl_ws/fireowl_sim_drive/build/carla_waypoint_types
